<html>
<head>
<title>TestNG:  Default test</title>
<link href="../testng.css" rel="stylesheet" type="text/css" />
<link href="../my-testng.css" rel="stylesheet" type="text/css" />

<style type="text/css">
.log { display: none;} 
.stack-trace { display: none;} 
</style>
<script type="text/javascript">
<!--
function flip(e) {
  current = e.style.display;
  if (current == 'block') {
    e.style.display = 'none';
    return 0;
  }
  else {
    e.style.display = 'block';
    return 1;
  }
}

function toggleBox(szDivId, elem, msg1, msg2)
{
  var res = -1;  if (document.getElementById) {
    res = flip(document.getElementById(szDivId));
  }
  else if (document.all) {
    // this is the way old msie versions work
    res = flip(document.all[szDivId]);
  }
  if(elem) {
    if(res == 0) elem.innerHTML = msg1; else elem.innerHTML = msg2;
  }

}

function toggleAllBoxes() {
  if (document.getElementsByTagName) {
    d = document.getElementsByTagName('div');
    for (i = 0; i < d.length; i++) {
      if (d[i].className == 'log') {
        flip(d[i]);
      }
    }
  }
}

// -->
</script>

</head>
<body>
<h2 align='center'>Default test</h2><table border='1' align="center">
<tr>
<td>Tests passed/Failed/Skipped:</td><td>42/26/1</td>
</tr><tr>
<td>Started on:</td><td>Thu Oct 04 09:43:55 CDT 2018</td>
</tr>
<tr><td>Total time:</td><td>23 seconds (23044 ms)</td>
</tr><tr>
<td>Included groups:</td><td></td>
</tr><tr>
<td>Excluded groups:</td><td></td>
</tr>
</table><p/>
<small><i>(Hover the method name to see the test class name)</i></small><p/>
<table width='100%' border='1' class='invocation-failed'>
<tr><td colspan='4' align='center'><b>FAILED TESTS</b></td></tr>
<tr><td><b>Test method</b></td>
<td width="30%"><b>Exception</b></td>
<td width="10%"><b>Time (seconds)</b></td>
<td><b>Instance</b></td>
</tr>
<tr>
<td title='TestNG.CMAC.CreateCredentialsForProject()'><b>CreateCredentialsForProject</b><br>Test class: TestNG.CMAC<br>Parameters: https://cmac-dev.app.wtcdev2.paas.fedex.com/cmac/v3/projects/, fdx_login=ssoxdev1.91c8.5b9e1292</td>
<td><div><pre>java.lang.AssertionError: 
Expected: (a string containing &quot;transactionId&quot; and a string containing &quot;output&quot; and a string containing &quot;projectid&quot; and a string containing &quot;creationtime&quot; and a string containing &quot;expirationdate&quot;)
     but: a string containing &quot;output&quot; was &quot;{&quot;transactionId&quot;:&quot;b6212a18-7169-40df-bb83-a26c1850d359&quot;,&quot;errors&quot;:[{&quot;code&quot;:&quot;SYSTEM.UNEXPECTED.ERROR&quot;,&quot;message&quot;:&quot;GENERIC.ERROR&quot;}]}&quot;
	at org.hamcrest.MatcherAssert.assertThat(MatcherAssert.java:20)
	at org.junit.Assert.assertThat(Assert.java:956)
	at org.junit.Assert.assertThat(Assert.java:923)
	at TestNG.CMAC.CreateCredentialsForProject(CMAC.java:402)
	at sun.reflect.NativeMethodAccessorImpl.invoke0(Native Method)
	at sun.reflect.NativeMethodAccessorImpl.invoke(Unknown Source)
	at sun.reflect.DelegatingMethodAccessorImpl.invoke(Unknown Source)
	at java.lang.reflect.Method.invoke(Unknown Source)
	at org.testng.internal.MethodInvocationHelper.invokeMethod(MethodInvocationHelper.java:124)
	at org.testng.internal.Invoker.invokeMethod(Invoker.java:580)
	at org.testng.internal.Invoker.invokeTestMethod(Invoker.java:716)
	at org.testng.internal.TestMethodWithDataProviderMethodWorker.call(TestMethodWithDataProviderMethodWorker.java:71)
	at org.testng.internal.TestMethodWithDataProviderMethodWorker.call(TestMethodWithDataProviderMethodWorker.java:14)
	at java.util.concurrent.FutureTask.run(Unknown Source)
	at java.util.concurrent.Executors$RunnableAdapter.call(Unknown Source)
	at java.util.concurrent.FutureTask.run(Unknown Source)
	at java.util.concurrent.ThreadPoolExecutor.runWorker(Unknown Source)
	at java.util.concurrent.ThreadPoolExecutor$Worker.run(Unknown Source)
	at java.lang.Thread.run(Unknown Source)
</pre></div><a href='#' onClick='toggleBox("stack-trace75385765", this, "Click to show all stack frames", "Click to hide stack frames")'>Click to show all stack frames</a>
<div class='stack-trace' id='stack-trace75385765'><pre>java.lang.AssertionError: 
Expected: (a string containing &quot;transactionId&quot; and a string containing &quot;output&quot; and a string containing &quot;projectid&quot; and a string containing &quot;creationtime&quot; and a string containing &quot;expirationdate&quot;)
     but: a string containing &quot;output&quot; was &quot;{&quot;transactionId&quot;:&quot;b6212a18-7169-40df-bb83-a26c1850d359&quot;,&quot;errors&quot;:[{&quot;code&quot;:&quot;SYSTEM.UNEXPECTED.ERROR&quot;,&quot;message&quot;:&quot;GENERIC.ERROR&quot;}]}&quot;
	at org.hamcrest.MatcherAssert.assertThat(MatcherAssert.java:20)
	at org.junit.Assert.assertThat(Assert.java:956)
	at org.junit.Assert.assertThat(Assert.java:923)
	at TestNG.CMAC.CreateCredentialsForProject(CMAC.java:402)
	at sun.reflect.NativeMethodAccessorImpl.invoke0(Native Method)
	at sun.reflect.NativeMethodAccessorImpl.invoke(Unknown Source)
	at sun.reflect.DelegatingMethodAccessorImpl.invoke(Unknown Source)
	at java.lang.reflect.Method.invoke(Unknown Source)
	at org.testng.internal.MethodInvocationHelper.invokeMethod(MethodInvocationHelper.java:124)
	at org.testng.internal.Invoker.invokeMethod(Invoker.java:580)
	at org.testng.internal.Invoker.invokeTestMethod(Invoker.java:716)
	at org.testng.internal.TestMethodWithDataProviderMethodWorker.call(TestMethodWithDataProviderMethodWorker.java:71)
	at org.testng.internal.TestMethodWithDataProviderMethodWorker.call(TestMethodWithDataProviderMethodWorker.java:14)
	at java.util.concurrent.FutureTask.run(Unknown Source)
	at java.util.concurrent.Executors$RunnableAdapter.call(Unknown Source)
	at java.util.concurrent.FutureTask.run(Unknown Source)
	at java.util.concurrent.ThreadPoolExecutor.runWorker(Unknown Source)
	at java.util.concurrent.ThreadPoolExecutor$Worker.run(Unknown Source)
	at java.lang.Thread.run(Unknown Source)
</pre></div></td>
<td>0</td>
<td>TestNG.CMAC@2344fc66</td></tr>
<tr>
<td title='TestNG.CMAC.CreateCredentialsForProject()'><b>CreateCredentialsForProject</b><br>Test class: TestNG.CMAC<br>Parameters: https://cmac-dev.app.wtcdev2.paas.fedex.com/cmac/v3/projects/, fdx_login=ssoxdev1.8340.188de2cd</td>
<td><div><pre>java.lang.AssertionError: 
Expected: (a string containing &quot;transactionId&quot; and a string containing &quot;output&quot; and a string containing &quot;projectid&quot; and a string containing &quot;creationtime&quot; and a string containing &quot;expirationdate&quot;)
     but: a string containing &quot;output&quot; was &quot;{&quot;transactionId&quot;:&quot;d4382556-d8cf-41fa-bd3b-7b6c903ea79e&quot;,&quot;errors&quot;:[{&quot;code&quot;:&quot;SYSTEM.UNEXPECTED.ERROR&quot;,&quot;message&quot;:&quot;GENERIC.ERROR&quot;}]}&quot;
	at org.hamcrest.MatcherAssert.assertThat(MatcherAssert.java:20)
	at org.junit.Assert.assertThat(Assert.java:956)
	at org.junit.Assert.assertThat(Assert.java:923)
	at TestNG.CMAC.CreateCredentialsForProject(CMAC.java:402)
	at sun.reflect.NativeMethodAccessorImpl.invoke0(Native Method)
	at sun.reflect.NativeMethodAccessorImpl.invoke(Unknown Source)
	at sun.reflect.DelegatingMethodAccessorImpl.invoke(Unknown Source)
	at java.lang.reflect.Method.invoke(Unknown Source)
	at org.testng.internal.MethodInvocationHelper.invokeMethod(MethodInvocationHelper.java:124)
	at org.testng.internal.Invoker.invokeMethod(Invoker.java:580)
	at org.testng.internal.Invoker.invokeTestMethod(Invoker.java:716)
	at org.testng.internal.TestMethodWithDataProviderMethodWorker.call(TestMethodWithDataProviderMethodWorker.java:71)
	at org.testng.internal.TestMethodWithDataProviderMethodWorker.call(TestMethodWithDataProviderMethodWorker.java:14)
	at java.util.concurrent.FutureTask.run(Unknown Source)
	at java.util.concurrent.Executors$RunnableAdapter.call(Unknown Source)
	at java.util.concurrent.FutureTask.run(Unknown Source)
	at java.util.concurrent.ThreadPoolExecutor.runWorker(Unknown Source)
	at java.util.concurrent.ThreadPoolExecutor$Worker.run(Unknown Source)
	at java.lang.Thread.run(Unknown Source)
</pre></div><a href='#' onClick='toggleBox("stack-trace1843409861", this, "Click to show all stack frames", "Click to hide stack frames")'>Click to show all stack frames</a>
<div class='stack-trace' id='stack-trace1843409861'><pre>java.lang.AssertionError: 
Expected: (a string containing &quot;transactionId&quot; and a string containing &quot;output&quot; and a string containing &quot;projectid&quot; and a string containing &quot;creationtime&quot; and a string containing &quot;expirationdate&quot;)
     but: a string containing &quot;output&quot; was &quot;{&quot;transactionId&quot;:&quot;d4382556-d8cf-41fa-bd3b-7b6c903ea79e&quot;,&quot;errors&quot;:[{&quot;code&quot;:&quot;SYSTEM.UNEXPECTED.ERROR&quot;,&quot;message&quot;:&quot;GENERIC.ERROR&quot;}]}&quot;
	at org.hamcrest.MatcherAssert.assertThat(MatcherAssert.java:20)
	at org.junit.Assert.assertThat(Assert.java:956)
	at org.junit.Assert.assertThat(Assert.java:923)
	at TestNG.CMAC.CreateCredentialsForProject(CMAC.java:402)
	at sun.reflect.NativeMethodAccessorImpl.invoke0(Native Method)
	at sun.reflect.NativeMethodAccessorImpl.invoke(Unknown Source)
	at sun.reflect.DelegatingMethodAccessorImpl.invoke(Unknown Source)
	at java.lang.reflect.Method.invoke(Unknown Source)
	at org.testng.internal.MethodInvocationHelper.invokeMethod(MethodInvocationHelper.java:124)
	at org.testng.internal.Invoker.invokeMethod(Invoker.java:580)
	at org.testng.internal.Invoker.invokeTestMethod(Invoker.java:716)
	at org.testng.internal.TestMethodWithDataProviderMethodWorker.call(TestMethodWithDataProviderMethodWorker.java:71)
	at org.testng.internal.TestMethodWithDataProviderMethodWorker.call(TestMethodWithDataProviderMethodWorker.java:14)
	at java.util.concurrent.FutureTask.run(Unknown Source)
	at java.util.concurrent.Executors$RunnableAdapter.call(Unknown Source)
	at java.util.concurrent.FutureTask.run(Unknown Source)
	at java.util.concurrent.ThreadPoolExecutor.runWorker(Unknown Source)
	at java.util.concurrent.ThreadPoolExecutor$Worker.run(Unknown Source)
	at java.lang.Thread.run(Unknown Source)
</pre></div></td>
<td>1</td>
<td>TestNG.CMAC@2344fc66</td></tr>
<tr>
<td title='TestNG.CMAC.CreateCredentialsForProject()'><b>CreateCredentialsForProject</b><br>Test class: TestNG.CMAC<br>Parameters: https://cmac-dev.app.wtcdev2.paas.fedex.com/cmac/v3/projects/, fdx_login=ssoxdev1.c984.49b35863</td>
<td><div><pre>java.lang.AssertionError: 
Expected: (a string containing &quot;transactionId&quot; and a string containing &quot;output&quot; and a string containing &quot;projectid&quot; and a string containing &quot;creationtime&quot; and a string containing &quot;expirationdate&quot;)
     but: a string containing &quot;output&quot; was &quot;{&quot;transactionId&quot;:&quot;9fa78996-92f9-4562-81d1-366ce6f5b6e3&quot;,&quot;errors&quot;:[{&quot;code&quot;:&quot;SYSTEM.UNEXPECTED.ERROR&quot;,&quot;message&quot;:&quot;GENERIC.ERROR&quot;}]}&quot;
	at org.hamcrest.MatcherAssert.assertThat(MatcherAssert.java:20)
	at org.junit.Assert.assertThat(Assert.java:956)
	at org.junit.Assert.assertThat(Assert.java:923)
	at TestNG.CMAC.CreateCredentialsForProject(CMAC.java:402)
	at sun.reflect.NativeMethodAccessorImpl.invoke0(Native Method)
	at sun.reflect.NativeMethodAccessorImpl.invoke(Unknown Source)
	at sun.reflect.DelegatingMethodAccessorImpl.invoke(Unknown Source)
	at java.lang.reflect.Method.invoke(Unknown Source)
	at org.testng.internal.MethodInvocationHelper.invokeMethod(MethodInvocationHelper.java:124)
	at org.testng.internal.Invoker.invokeMethod(Invoker.java:580)
	at org.testng.internal.Invoker.invokeTestMethod(Invoker.java:716)
	at org.testng.internal.TestMethodWithDataProviderMethodWorker.call(TestMethodWithDataProviderMethodWorker.java:71)
	at org.testng.internal.TestMethodWithDataProviderMethodWorker.call(TestMethodWithDataProviderMethodWorker.java:14)
	at java.util.concurrent.FutureTask.run(Unknown Source)
	at java.util.concurrent.Executors$RunnableAdapter.call(Unknown Source)
	at java.util.concurrent.FutureTask.run(Unknown Source)
	at java.util.concurrent.ThreadPoolExecutor.runWorker(Unknown Source)
	at java.util.concurrent.ThreadPoolExecutor$Worker.run(Unknown Source)
	at java.lang.Thread.run(Unknown Source)
</pre></div><a href='#' onClick='toggleBox("stack-trace1845258240", this, "Click to show all stack frames", "Click to hide stack frames")'>Click to show all stack frames</a>
<div class='stack-trace' id='stack-trace1845258240'><pre>java.lang.AssertionError: 
Expected: (a string containing &quot;transactionId&quot; and a string containing &quot;output&quot; and a string containing &quot;projectid&quot; and a string containing &quot;creationtime&quot; and a string containing &quot;expirationdate&quot;)
     but: a string containing &quot;output&quot; was &quot;{&quot;transactionId&quot;:&quot;9fa78996-92f9-4562-81d1-366ce6f5b6e3&quot;,&quot;errors&quot;:[{&quot;code&quot;:&quot;SYSTEM.UNEXPECTED.ERROR&quot;,&quot;message&quot;:&quot;GENERIC.ERROR&quot;}]}&quot;
	at org.hamcrest.MatcherAssert.assertThat(MatcherAssert.java:20)
	at org.junit.Assert.assertThat(Assert.java:956)
	at org.junit.Assert.assertThat(Assert.java:923)
	at TestNG.CMAC.CreateCredentialsForProject(CMAC.java:402)
	at sun.reflect.NativeMethodAccessorImpl.invoke0(Native Method)
	at sun.reflect.NativeMethodAccessorImpl.invoke(Unknown Source)
	at sun.reflect.DelegatingMethodAccessorImpl.invoke(Unknown Source)
	at java.lang.reflect.Method.invoke(Unknown Source)
	at org.testng.internal.MethodInvocationHelper.invokeMethod(MethodInvocationHelper.java:124)
	at org.testng.internal.Invoker.invokeMethod(Invoker.java:580)
	at org.testng.internal.Invoker.invokeTestMethod(Invoker.java:716)
	at org.testng.internal.TestMethodWithDataProviderMethodWorker.call(TestMethodWithDataProviderMethodWorker.java:71)
	at org.testng.internal.TestMethodWithDataProviderMethodWorker.call(TestMethodWithDataProviderMethodWorker.java:14)
	at java.util.concurrent.FutureTask.run(Unknown Source)
	at java.util.concurrent.Executors$RunnableAdapter.call(Unknown Source)
	at java.util.concurrent.FutureTask.run(Unknown Source)
	at java.util.concurrent.ThreadPoolExecutor.runWorker(Unknown Source)
	at java.util.concurrent.ThreadPoolExecutor$Worker.run(Unknown Source)
	at java.lang.Thread.run(Unknown Source)
</pre></div></td>
<td>1</td>
<td>TestNG.CMAC@2344fc66</td></tr>
<tr>
<td title='TestNG.CMAC.CreateCredentialsForProject()'><b>CreateCredentialsForProject</b><br>Test class: TestNG.CMAC<br>Parameters: https://cmac-dev.app.wtcdev2.paas.fedex.com/cmac/v3/projects/, fdx_login=ssoxdev1.e10d.22868f76</td>
<td><div><pre>java.lang.AssertionError: 
Expected: (a string containing &quot;transactionId&quot; and a string containing &quot;output&quot; and a string containing &quot;projectid&quot; and a string containing &quot;creationtime&quot; and a string containing &quot;expirationdate&quot;)
     but: a string containing &quot;output&quot; was &quot;{&quot;transactionId&quot;:&quot;010ff2a0-8346-45fc-9681-d3d271de268c&quot;,&quot;errors&quot;:[{&quot;code&quot;:&quot;SYSTEM.UNEXPECTED.ERROR&quot;,&quot;message&quot;:&quot;GENERIC.ERROR&quot;}]}&quot;
	at org.hamcrest.MatcherAssert.assertThat(MatcherAssert.java:20)
	at org.junit.Assert.assertThat(Assert.java:956)
	at org.junit.Assert.assertThat(Assert.java:923)
	at TestNG.CMAC.CreateCredentialsForProject(CMAC.java:402)
	at sun.reflect.NativeMethodAccessorImpl.invoke0(Native Method)
	at sun.reflect.NativeMethodAccessorImpl.invoke(Unknown Source)
	at sun.reflect.DelegatingMethodAccessorImpl.invoke(Unknown Source)
	at java.lang.reflect.Method.invoke(Unknown Source)
	at org.testng.internal.MethodInvocationHelper.invokeMethod(MethodInvocationHelper.java:124)
	at org.testng.internal.Invoker.invokeMethod(Invoker.java:580)
	at org.testng.internal.Invoker.invokeTestMethod(Invoker.java:716)
	at org.testng.internal.TestMethodWithDataProviderMethodWorker.call(TestMethodWithDataProviderMethodWorker.java:71)
	at org.testng.internal.TestMethodWithDataProviderMethodWorker.call(TestMethodWithDataProviderMethodWorker.java:14)
	at java.util.concurrent.FutureTask.run(Unknown Source)
	at java.util.concurrent.Executors$RunnableAdapter.call(Unknown Source)
	at java.util.concurrent.FutureTask.run(Unknown Source)
	at java.util.concurrent.ThreadPoolExecutor.runWorker(Unknown Source)
	at java.util.concurrent.ThreadPoolExecutor$Worker.run(Unknown Source)
	at java.lang.Thread.run(Unknown Source)
</pre></div><a href='#' onClick='toggleBox("stack-trace1967077825", this, "Click to show all stack frames", "Click to hide stack frames")'>Click to show all stack frames</a>
<div class='stack-trace' id='stack-trace1967077825'><pre>java.lang.AssertionError: 
Expected: (a string containing &quot;transactionId&quot; and a string containing &quot;output&quot; and a string containing &quot;projectid&quot; and a string containing &quot;creationtime&quot; and a string containing &quot;expirationdate&quot;)
     but: a string containing &quot;output&quot; was &quot;{&quot;transactionId&quot;:&quot;010ff2a0-8346-45fc-9681-d3d271de268c&quot;,&quot;errors&quot;:[{&quot;code&quot;:&quot;SYSTEM.UNEXPECTED.ERROR&quot;,&quot;message&quot;:&quot;GENERIC.ERROR&quot;}]}&quot;
	at org.hamcrest.MatcherAssert.assertThat(MatcherAssert.java:20)
	at org.junit.Assert.assertThat(Assert.java:956)
	at org.junit.Assert.assertThat(Assert.java:923)
	at TestNG.CMAC.CreateCredentialsForProject(CMAC.java:402)
	at sun.reflect.NativeMethodAccessorImpl.invoke0(Native Method)
	at sun.reflect.NativeMethodAccessorImpl.invoke(Unknown Source)
	at sun.reflect.DelegatingMethodAccessorImpl.invoke(Unknown Source)
	at java.lang.reflect.Method.invoke(Unknown Source)
	at org.testng.internal.MethodInvocationHelper.invokeMethod(MethodInvocationHelper.java:124)
	at org.testng.internal.Invoker.invokeMethod(Invoker.java:580)
	at org.testng.internal.Invoker.invokeTestMethod(Invoker.java:716)
	at org.testng.internal.TestMethodWithDataProviderMethodWorker.call(TestMethodWithDataProviderMethodWorker.java:71)
	at org.testng.internal.TestMethodWithDataProviderMethodWorker.call(TestMethodWithDataProviderMethodWorker.java:14)
	at java.util.concurrent.FutureTask.run(Unknown Source)
	at java.util.concurrent.Executors$RunnableAdapter.call(Unknown Source)
	at java.util.concurrent.FutureTask.run(Unknown Source)
	at java.util.concurrent.ThreadPoolExecutor.runWorker(Unknown Source)
	at java.util.concurrent.ThreadPoolExecutor$Worker.run(Unknown Source)
	at java.lang.Thread.run(Unknown Source)
</pre></div></td>
<td>1</td>
<td>TestNG.CMAC@2344fc66</td></tr>
<tr>
<td title='TestNG.CMAC.CreateCredentialsForProject()'><b>CreateCredentialsForProject</b><br>Test class: TestNG.CMAC<br>Parameters: https://cmac-dev.app.wtcdev2.paas.fedex.com/cmac/v3/projects/, fdx_login=ssoxdev1.8409.4eea83d5</td>
<td><div><pre>java.lang.AssertionError: 
Expected: (a string containing &quot;transactionId&quot; and a string containing &quot;output&quot; and a string containing &quot;projectid&quot; and a string containing &quot;creationtime&quot; and a string containing &quot;expirationdate&quot;)
     but: a string containing &quot;output&quot; was &quot;{&quot;transactionId&quot;:&quot;c34ba8ae-dcb1-403b-bfa8-d2167b089d35&quot;,&quot;errors&quot;:[{&quot;code&quot;:&quot;SYSTEM.UNEXPECTED.ERROR&quot;,&quot;message&quot;:&quot;GENERIC.ERROR&quot;}]}&quot;
	at org.hamcrest.MatcherAssert.assertThat(MatcherAssert.java:20)
	at org.junit.Assert.assertThat(Assert.java:956)
	at org.junit.Assert.assertThat(Assert.java:923)
	at TestNG.CMAC.CreateCredentialsForProject(CMAC.java:402)
	at sun.reflect.NativeMethodAccessorImpl.invoke0(Native Method)
	at sun.reflect.NativeMethodAccessorImpl.invoke(Unknown Source)
	at sun.reflect.DelegatingMethodAccessorImpl.invoke(Unknown Source)
	at java.lang.reflect.Method.invoke(Unknown Source)
	at org.testng.internal.MethodInvocationHelper.invokeMethod(MethodInvocationHelper.java:124)
	at org.testng.internal.Invoker.invokeMethod(Invoker.java:580)
	at org.testng.internal.Invoker.invokeTestMethod(Invoker.java:716)
	at org.testng.internal.TestMethodWithDataProviderMethodWorker.call(TestMethodWithDataProviderMethodWorker.java:71)
	at org.testng.internal.TestMethodWithDataProviderMethodWorker.call(TestMethodWithDataProviderMethodWorker.java:14)
	at java.util.concurrent.FutureTask.run(Unknown Source)
	at java.util.concurrent.Executors$RunnableAdapter.call(Unknown Source)
	at java.util.concurrent.FutureTask.run(Unknown Source)
	at java.util.concurrent.ThreadPoolExecutor.runWorker(Unknown Source)
	at java.util.concurrent.ThreadPoolExecutor$Worker.run(Unknown Source)
	at java.lang.Thread.run(Unknown Source)
</pre></div><a href='#' onClick='toggleBox("stack-trace866032081", this, "Click to show all stack frames", "Click to hide stack frames")'>Click to show all stack frames</a>
<div class='stack-trace' id='stack-trace866032081'><pre>java.lang.AssertionError: 
Expected: (a string containing &quot;transactionId&quot; and a string containing &quot;output&quot; and a string containing &quot;projectid&quot; and a string containing &quot;creationtime&quot; and a string containing &quot;expirationdate&quot;)
     but: a string containing &quot;output&quot; was &quot;{&quot;transactionId&quot;:&quot;c34ba8ae-dcb1-403b-bfa8-d2167b089d35&quot;,&quot;errors&quot;:[{&quot;code&quot;:&quot;SYSTEM.UNEXPECTED.ERROR&quot;,&quot;message&quot;:&quot;GENERIC.ERROR&quot;}]}&quot;
	at org.hamcrest.MatcherAssert.assertThat(MatcherAssert.java:20)
	at org.junit.Assert.assertThat(Assert.java:956)
	at org.junit.Assert.assertThat(Assert.java:923)
	at TestNG.CMAC.CreateCredentialsForProject(CMAC.java:402)
	at sun.reflect.NativeMethodAccessorImpl.invoke0(Native Method)
	at sun.reflect.NativeMethodAccessorImpl.invoke(Unknown Source)
	at sun.reflect.DelegatingMethodAccessorImpl.invoke(Unknown Source)
	at java.lang.reflect.Method.invoke(Unknown Source)
	at org.testng.internal.MethodInvocationHelper.invokeMethod(MethodInvocationHelper.java:124)
	at org.testng.internal.Invoker.invokeMethod(Invoker.java:580)
	at org.testng.internal.Invoker.invokeTestMethod(Invoker.java:716)
	at org.testng.internal.TestMethodWithDataProviderMethodWorker.call(TestMethodWithDataProviderMethodWorker.java:71)
	at org.testng.internal.TestMethodWithDataProviderMethodWorker.call(TestMethodWithDataProviderMethodWorker.java:14)
	at java.util.concurrent.FutureTask.run(Unknown Source)
	at java.util.concurrent.Executors$RunnableAdapter.call(Unknown Source)
	at java.util.concurrent.FutureTask.run(Unknown Source)
	at java.util.concurrent.ThreadPoolExecutor.runWorker(Unknown Source)
	at java.util.concurrent.ThreadPoolExecutor$Worker.run(Unknown Source)
	at java.lang.Thread.run(Unknown Source)
</pre></div></td>
<td>1</td>
<td>TestNG.CMAC@2344fc66</td></tr>
<tr>
<td title='TestNG.CMAC.CreateCredentialsForProject()'><b>CreateCredentialsForProject</b><br>Test class: TestNG.CMAC<br>Parameters: https://cmac-dev.app.wtcdev2.paas.fedex.com/cmac/v3/projects/, fdx_login=ssoxdev1.9aab.78b29a35</td>
<td><div><pre>java.lang.AssertionError: 
Expected: (a string containing &quot;transactionId&quot; and a string containing &quot;output&quot; and a string containing &quot;projectid&quot; and a string containing &quot;creationtime&quot; and a string containing &quot;expirationdate&quot;)
     but: a string containing &quot;output&quot; was &quot;{&quot;transactionId&quot;:&quot;3de07376-b157-4c9b-873f-24d95ef36b03&quot;,&quot;errors&quot;:[{&quot;code&quot;:&quot;SYSTEM.UNEXPECTED.ERROR&quot;,&quot;message&quot;:&quot;GENERIC.ERROR&quot;}]}&quot;
	at org.hamcrest.MatcherAssert.assertThat(MatcherAssert.java:20)
	at org.junit.Assert.assertThat(Assert.java:956)
	at org.junit.Assert.assertThat(Assert.java:923)
	at TestNG.CMAC.CreateCredentialsForProject(CMAC.java:402)
	at sun.reflect.NativeMethodAccessorImpl.invoke0(Native Method)
	at sun.reflect.NativeMethodAccessorImpl.invoke(Unknown Source)
	at sun.reflect.DelegatingMethodAccessorImpl.invoke(Unknown Source)
	at java.lang.reflect.Method.invoke(Unknown Source)
	at org.testng.internal.MethodInvocationHelper.invokeMethod(MethodInvocationHelper.java:124)
	at org.testng.internal.Invoker.invokeMethod(Invoker.java:580)
	at org.testng.internal.Invoker.invokeTestMethod(Invoker.java:716)
	at org.testng.internal.TestMethodWithDataProviderMethodWorker.call(TestMethodWithDataProviderMethodWorker.java:71)
	at org.testng.internal.TestMethodWithDataProviderMethodWorker.call(TestMethodWithDataProviderMethodWorker.java:14)
	at java.util.concurrent.FutureTask.run(Unknown Source)
	at java.util.concurrent.Executors$RunnableAdapter.call(Unknown Source)
	at java.util.concurrent.FutureTask.run(Unknown Source)
	at java.util.concurrent.ThreadPoolExecutor.runWorker(Unknown Source)
	at java.util.concurrent.ThreadPoolExecutor$Worker.run(Unknown Source)
	at java.lang.Thread.run(Unknown Source)
</pre></div><a href='#' onClick='toggleBox("stack-trace1437420099", this, "Click to show all stack frames", "Click to hide stack frames")'>Click to show all stack frames</a>
<div class='stack-trace' id='stack-trace1437420099'><pre>java.lang.AssertionError: 
Expected: (a string containing &quot;transactionId&quot; and a string containing &quot;output&quot; and a string containing &quot;projectid&quot; and a string containing &quot;creationtime&quot; and a string containing &quot;expirationdate&quot;)
     but: a string containing &quot;output&quot; was &quot;{&quot;transactionId&quot;:&quot;3de07376-b157-4c9b-873f-24d95ef36b03&quot;,&quot;errors&quot;:[{&quot;code&quot;:&quot;SYSTEM.UNEXPECTED.ERROR&quot;,&quot;message&quot;:&quot;GENERIC.ERROR&quot;}]}&quot;
	at org.hamcrest.MatcherAssert.assertThat(MatcherAssert.java:20)
	at org.junit.Assert.assertThat(Assert.java:956)
	at org.junit.Assert.assertThat(Assert.java:923)
	at TestNG.CMAC.CreateCredentialsForProject(CMAC.java:402)
	at sun.reflect.NativeMethodAccessorImpl.invoke0(Native Method)
	at sun.reflect.NativeMethodAccessorImpl.invoke(Unknown Source)
	at sun.reflect.DelegatingMethodAccessorImpl.invoke(Unknown Source)
	at java.lang.reflect.Method.invoke(Unknown Source)
	at org.testng.internal.MethodInvocationHelper.invokeMethod(MethodInvocationHelper.java:124)
	at org.testng.internal.Invoker.invokeMethod(Invoker.java:580)
	at org.testng.internal.Invoker.invokeTestMethod(Invoker.java:716)
	at org.testng.internal.TestMethodWithDataProviderMethodWorker.call(TestMethodWithDataProviderMethodWorker.java:71)
	at org.testng.internal.TestMethodWithDataProviderMethodWorker.call(TestMethodWithDataProviderMethodWorker.java:14)
	at java.util.concurrent.FutureTask.run(Unknown Source)
	at java.util.concurrent.Executors$RunnableAdapter.call(Unknown Source)
	at java.util.concurrent.FutureTask.run(Unknown Source)
	at java.util.concurrent.ThreadPoolExecutor.runWorker(Unknown Source)
	at java.util.concurrent.ThreadPoolExecutor$Worker.run(Unknown Source)
	at java.lang.Thread.run(Unknown Source)
</pre></div></td>
<td>2</td>
<td>TestNG.CMAC@2344fc66</td></tr>
<tr>
<td title='TestNG.CMAC.CreateCredentialsForProject()'><b>CreateCredentialsForProject</b><br>Test class: TestNG.CMAC<br>Parameters: https://cmac-dev.app.wtcdev2.paas.fedex.com/cmac/v3/projects/, fdx_login=ssoxdev1.8d9f.29298c12</td>
<td><div><pre>java.lang.AssertionError: 
Expected: (a string containing &quot;transactionId&quot; and a string containing &quot;output&quot; and a string containing &quot;projectid&quot; and a string containing &quot;creationtime&quot; and a string containing &quot;expirationdate&quot;)
     but: a string containing &quot;output&quot; was &quot;{&quot;transactionId&quot;:&quot;dea07676-d1ef-483b-9526-474276864f28&quot;,&quot;errors&quot;:[{&quot;code&quot;:&quot;SYSTEM.UNEXPECTED.ERROR&quot;,&quot;message&quot;:&quot;GENERIC.ERROR&quot;}]}&quot;
	at org.hamcrest.MatcherAssert.assertThat(MatcherAssert.java:20)
	at org.junit.Assert.assertThat(Assert.java:956)
	at org.junit.Assert.assertThat(Assert.java:923)
	at TestNG.CMAC.CreateCredentialsForProject(CMAC.java:402)
	at sun.reflect.NativeMethodAccessorImpl.invoke0(Native Method)
	at sun.reflect.NativeMethodAccessorImpl.invoke(Unknown Source)
	at sun.reflect.DelegatingMethodAccessorImpl.invoke(Unknown Source)
	at java.lang.reflect.Method.invoke(Unknown Source)
	at org.testng.internal.MethodInvocationHelper.invokeMethod(MethodInvocationHelper.java:124)
	at org.testng.internal.Invoker.invokeMethod(Invoker.java:580)
	at org.testng.internal.Invoker.invokeTestMethod(Invoker.java:716)
	at org.testng.internal.TestMethodWithDataProviderMethodWorker.call(TestMethodWithDataProviderMethodWorker.java:71)
	at org.testng.internal.TestMethodWithDataProviderMethodWorker.call(TestMethodWithDataProviderMethodWorker.java:14)
	at java.util.concurrent.FutureTask.run(Unknown Source)
	at java.util.concurrent.Executors$RunnableAdapter.call(Unknown Source)
	at java.util.concurrent.FutureTask.run(Unknown Source)
	at java.util.concurrent.ThreadPoolExecutor.runWorker(Unknown Source)
	at java.util.concurrent.ThreadPoolExecutor$Worker.run(Unknown Source)
	at java.lang.Thread.run(Unknown Source)
</pre></div><a href='#' onClick='toggleBox("stack-trace1077846550", this, "Click to show all stack frames", "Click to hide stack frames")'>Click to show all stack frames</a>
<div class='stack-trace' id='stack-trace1077846550'><pre>java.lang.AssertionError: 
Expected: (a string containing &quot;transactionId&quot; and a string containing &quot;output&quot; and a string containing &quot;projectid&quot; and a string containing &quot;creationtime&quot; and a string containing &quot;expirationdate&quot;)
     but: a string containing &quot;output&quot; was &quot;{&quot;transactionId&quot;:&quot;dea07676-d1ef-483b-9526-474276864f28&quot;,&quot;errors&quot;:[{&quot;code&quot;:&quot;SYSTEM.UNEXPECTED.ERROR&quot;,&quot;message&quot;:&quot;GENERIC.ERROR&quot;}]}&quot;
	at org.hamcrest.MatcherAssert.assertThat(MatcherAssert.java:20)
	at org.junit.Assert.assertThat(Assert.java:956)
	at org.junit.Assert.assertThat(Assert.java:923)
	at TestNG.CMAC.CreateCredentialsForProject(CMAC.java:402)
	at sun.reflect.NativeMethodAccessorImpl.invoke0(Native Method)
	at sun.reflect.NativeMethodAccessorImpl.invoke(Unknown Source)
	at sun.reflect.DelegatingMethodAccessorImpl.invoke(Unknown Source)
	at java.lang.reflect.Method.invoke(Unknown Source)
	at org.testng.internal.MethodInvocationHelper.invokeMethod(MethodInvocationHelper.java:124)
	at org.testng.internal.Invoker.invokeMethod(Invoker.java:580)
	at org.testng.internal.Invoker.invokeTestMethod(Invoker.java:716)
	at org.testng.internal.TestMethodWithDataProviderMethodWorker.call(TestMethodWithDataProviderMethodWorker.java:71)
	at org.testng.internal.TestMethodWithDataProviderMethodWorker.call(TestMethodWithDataProviderMethodWorker.java:14)
	at java.util.concurrent.FutureTask.run(Unknown Source)
	at java.util.concurrent.Executors$RunnableAdapter.call(Unknown Source)
	at java.util.concurrent.FutureTask.run(Unknown Source)
	at java.util.concurrent.ThreadPoolExecutor.runWorker(Unknown Source)
	at java.util.concurrent.ThreadPoolExecutor$Worker.run(Unknown Source)
	at java.lang.Thread.run(Unknown Source)
</pre></div></td>
<td>3</td>
<td>TestNG.CMAC@2344fc66</td></tr>
<tr>
<td title='TestNG.CMAC.CreateProject()'><b>CreateProject</b><br>Test class: TestNG.CMAC<br>Parameters: https://cmac-dev.app.wtcdev2.paas.fedex.com/cmac/v3/projects, fdx_login=ssoxdev1.8d9f.29298c12, Proj_DEL1 100418T094405, [Ljava.lang.String;@1cd37328</td>
<td><div><pre>java.lang.AssertionError: 
Expected: a string containing &quot;pid&quot;
     but: was &quot;{&quot;transactionId&quot;:&quot;244667a9-a8f9-4fe4-a56b-047d503a34e1&quot;,&quot;errors&quot;:[{&quot;code&quot;:&quot;SYSTEM.UNEXPECTED.ERROR&quot;,&quot;message&quot;:&quot;GENERIC.ERROR&quot;}]}&quot;
	at org.hamcrest.MatcherAssert.assertThat(MatcherAssert.java:20)
	at org.junit.Assert.assertThat(Assert.java:956)
	at org.junit.Assert.assertThat(Assert.java:923)
	at TestNG.CMAC.CreateProject(CMAC.java:206)
	at sun.reflect.NativeMethodAccessorImpl.invoke0(Native Method)
	at sun.reflect.NativeMethodAccessorImpl.invoke(Unknown Source)
	at sun.reflect.DelegatingMethodAccessorImpl.invoke(Unknown Source)
	at java.lang.reflect.Method.invoke(Unknown Source)
	at org.testng.internal.MethodInvocationHelper.invokeMethod(MethodInvocationHelper.java:124)
	at org.testng.internal.Invoker.invokeMethod(Invoker.java:580)
	at org.testng.internal.Invoker.invokeTestMethod(Invoker.java:716)
	at org.testng.internal.TestMethodWithDataProviderMethodWorker.call(TestMethodWithDataProviderMethodWorker.java:71)
	at org.testng.internal.TestMethodWithDataProviderMethodWorker.call(TestMethodWithDataProviderMethodWorker.java:14)
	at java.util.concurrent.FutureTask.run(Unknown Source)
	at java.util.concurrent.Executors$RunnableAdapter.call(Unknown Source)
	at java.util.concurrent.FutureTask.run(Unknown Source)
	at java.util.concurrent.ThreadPoolExecutor.runWorker(Unknown Source)
	at java.util.concurrent.ThreadPoolExecutor$Worker.run(Unknown Source)
	at java.lang.Thread.run(Unknown Source)
</pre></div><a href='#' onClick='toggleBox("stack-trace1506932342", this, "Click to show all stack frames", "Click to hide stack frames")'>Click to show all stack frames</a>
<div class='stack-trace' id='stack-trace1506932342'><pre>java.lang.AssertionError: 
Expected: a string containing &quot;pid&quot;
     but: was &quot;{&quot;transactionId&quot;:&quot;244667a9-a8f9-4fe4-a56b-047d503a34e1&quot;,&quot;errors&quot;:[{&quot;code&quot;:&quot;SYSTEM.UNEXPECTED.ERROR&quot;,&quot;message&quot;:&quot;GENERIC.ERROR&quot;}]}&quot;
	at org.hamcrest.MatcherAssert.assertThat(MatcherAssert.java:20)
	at org.junit.Assert.assertThat(Assert.java:956)
	at org.junit.Assert.assertThat(Assert.java:923)
	at TestNG.CMAC.CreateProject(CMAC.java:206)
	at sun.reflect.NativeMethodAccessorImpl.invoke0(Native Method)
	at sun.reflect.NativeMethodAccessorImpl.invoke(Unknown Source)
	at sun.reflect.DelegatingMethodAccessorImpl.invoke(Unknown Source)
	at java.lang.reflect.Method.invoke(Unknown Source)
	at org.testng.internal.MethodInvocationHelper.invokeMethod(MethodInvocationHelper.java:124)
	at org.testng.internal.Invoker.invokeMethod(Invoker.java:580)
	at org.testng.internal.Invoker.invokeTestMethod(Invoker.java:716)
	at org.testng.internal.TestMethodWithDataProviderMethodWorker.call(TestMethodWithDataProviderMethodWorker.java:71)
	at org.testng.internal.TestMethodWithDataProviderMethodWorker.call(TestMethodWithDataProviderMethodWorker.java:14)
	at java.util.concurrent.FutureTask.run(Unknown Source)
	at java.util.concurrent.Executors$RunnableAdapter.call(Unknown Source)
	at java.util.concurrent.FutureTask.run(Unknown Source)
	at java.util.concurrent.ThreadPoolExecutor.runWorker(Unknown Source)
	at java.util.concurrent.ThreadPoolExecutor$Worker.run(Unknown Source)
	at java.lang.Thread.run(Unknown Source)
</pre></div></td>
<td>0</td>
<td>TestNG.CMAC@2344fc66</td></tr>
<tr>
<td title='TestNG.CMAC.CreateProject()'><b>CreateProject</b><br>Test class: TestNG.CMAC<br>Parameters: https://cmac-dev.app.wtcdev2.paas.fedex.com/cmac/v3/projects, fdx_login=ssoxdev1.9aab.78b29a35, Proj_DEL2 100418T094405, [Ljava.lang.String;@34bccdde</td>
<td><div><pre>java.lang.AssertionError: 
Expected: a string containing &quot;pid&quot;
     but: was &quot;{&quot;transactionId&quot;:&quot;e69856fb-fee1-4705-8d90-6fb05618fab5&quot;,&quot;errors&quot;:[{&quot;code&quot;:&quot;SYSTEM.UNEXPECTED.ERROR&quot;,&quot;message&quot;:&quot;GENERIC.ERROR&quot;}]}&quot;
	at org.hamcrest.MatcherAssert.assertThat(MatcherAssert.java:20)
	at org.junit.Assert.assertThat(Assert.java:956)
	at org.junit.Assert.assertThat(Assert.java:923)
	at TestNG.CMAC.CreateProject(CMAC.java:206)
	at sun.reflect.NativeMethodAccessorImpl.invoke0(Native Method)
	at sun.reflect.NativeMethodAccessorImpl.invoke(Unknown Source)
	at sun.reflect.DelegatingMethodAccessorImpl.invoke(Unknown Source)
	at java.lang.reflect.Method.invoke(Unknown Source)
	at org.testng.internal.MethodInvocationHelper.invokeMethod(MethodInvocationHelper.java:124)
	at org.testng.internal.Invoker.invokeMethod(Invoker.java:580)
	at org.testng.internal.Invoker.invokeTestMethod(Invoker.java:716)
	at org.testng.internal.TestMethodWithDataProviderMethodWorker.call(TestMethodWithDataProviderMethodWorker.java:71)
	at org.testng.internal.TestMethodWithDataProviderMethodWorker.call(TestMethodWithDataProviderMethodWorker.java:14)
	at java.util.concurrent.FutureTask.run(Unknown Source)
	at java.util.concurrent.Executors$RunnableAdapter.call(Unknown Source)
	at java.util.concurrent.FutureTask.run(Unknown Source)
	at java.util.concurrent.ThreadPoolExecutor.runWorker(Unknown Source)
	at java.util.concurrent.ThreadPoolExecutor$Worker.run(Unknown Source)
	at java.lang.Thread.run(Unknown Source)
</pre></div><a href='#' onClick='toggleBox("stack-trace1908297101", this, "Click to show all stack frames", "Click to hide stack frames")'>Click to show all stack frames</a>
<div class='stack-trace' id='stack-trace1908297101'><pre>java.lang.AssertionError: 
Expected: a string containing &quot;pid&quot;
     but: was &quot;{&quot;transactionId&quot;:&quot;e69856fb-fee1-4705-8d90-6fb05618fab5&quot;,&quot;errors&quot;:[{&quot;code&quot;:&quot;SYSTEM.UNEXPECTED.ERROR&quot;,&quot;message&quot;:&quot;GENERIC.ERROR&quot;}]}&quot;
	at org.hamcrest.MatcherAssert.assertThat(MatcherAssert.java:20)
	at org.junit.Assert.assertThat(Assert.java:956)
	at org.junit.Assert.assertThat(Assert.java:923)
	at TestNG.CMAC.CreateProject(CMAC.java:206)
	at sun.reflect.NativeMethodAccessorImpl.invoke0(Native Method)
	at sun.reflect.NativeMethodAccessorImpl.invoke(Unknown Source)
	at sun.reflect.DelegatingMethodAccessorImpl.invoke(Unknown Source)
	at java.lang.reflect.Method.invoke(Unknown Source)
	at org.testng.internal.MethodInvocationHelper.invokeMethod(MethodInvocationHelper.java:124)
	at org.testng.internal.Invoker.invokeMethod(Invoker.java:580)
	at org.testng.internal.Invoker.invokeTestMethod(Invoker.java:716)
	at org.testng.internal.TestMethodWithDataProviderMethodWorker.call(TestMethodWithDataProviderMethodWorker.java:71)
	at org.testng.internal.TestMethodWithDataProviderMethodWorker.call(TestMethodWithDataProviderMethodWorker.java:14)
	at java.util.concurrent.FutureTask.run(Unknown Source)
	at java.util.concurrent.Executors$RunnableAdapter.call(Unknown Source)
	at java.util.concurrent.FutureTask.run(Unknown Source)
	at java.util.concurrent.ThreadPoolExecutor.runWorker(Unknown Source)
	at java.util.concurrent.ThreadPoolExecutor$Worker.run(Unknown Source)
	at java.lang.Thread.run(Unknown Source)
</pre></div></td>
<td>1</td>
<td>TestNG.CMAC@2344fc66</td></tr>
<tr>
<td title='TestNG.CMAC.CreateProject()'><b>CreateProject</b><br>Test class: TestNG.CMAC<br>Parameters: https://cmac-dev.app.wtcdev2.paas.fedex.com/cmac/v3/projects, fdx_login=ssoxdev1.e10d.22868f76, Proj_DEL6 100418T094405, [Ljava.lang.String;@1224a58a</td>
<td><div><pre>java.lang.AssertionError: 
Expected: a string containing &quot;pid&quot;
     but: was &quot;{&quot;transactionId&quot;:&quot;9c848af7-caf9-42a8-91d2-790f05b4caeb&quot;,&quot;errors&quot;:[{&quot;code&quot;:&quot;SYSTEM.UNEXPECTED.ERROR&quot;,&quot;message&quot;:&quot;GENERIC.ERROR&quot;}]}&quot;
	at org.hamcrest.MatcherAssert.assertThat(MatcherAssert.java:20)
	at org.junit.Assert.assertThat(Assert.java:956)
	at org.junit.Assert.assertThat(Assert.java:923)
	at TestNG.CMAC.CreateProject(CMAC.java:206)
	at sun.reflect.NativeMethodAccessorImpl.invoke0(Native Method)
	at sun.reflect.NativeMethodAccessorImpl.invoke(Unknown Source)
	at sun.reflect.DelegatingMethodAccessorImpl.invoke(Unknown Source)
	at java.lang.reflect.Method.invoke(Unknown Source)
	at org.testng.internal.MethodInvocationHelper.invokeMethod(MethodInvocationHelper.java:124)
	at org.testng.internal.Invoker.invokeMethod(Invoker.java:580)
	at org.testng.internal.Invoker.invokeTestMethod(Invoker.java:716)
	at org.testng.internal.TestMethodWithDataProviderMethodWorker.call(TestMethodWithDataProviderMethodWorker.java:71)
	at org.testng.internal.TestMethodWithDataProviderMethodWorker.call(TestMethodWithDataProviderMethodWorker.java:14)
	at java.util.concurrent.FutureTask.run(Unknown Source)
	at java.util.concurrent.Executors$RunnableAdapter.call(Unknown Source)
	at java.util.concurrent.FutureTask.run(Unknown Source)
	at java.util.concurrent.ThreadPoolExecutor.runWorker(Unknown Source)
	at java.util.concurrent.ThreadPoolExecutor$Worker.run(Unknown Source)
	at java.lang.Thread.run(Unknown Source)
</pre></div><a href='#' onClick='toggleBox("stack-trace1462116618", this, "Click to show all stack frames", "Click to hide stack frames")'>Click to show all stack frames</a>
<div class='stack-trace' id='stack-trace1462116618'><pre>java.lang.AssertionError: 
Expected: a string containing &quot;pid&quot;
     but: was &quot;{&quot;transactionId&quot;:&quot;9c848af7-caf9-42a8-91d2-790f05b4caeb&quot;,&quot;errors&quot;:[{&quot;code&quot;:&quot;SYSTEM.UNEXPECTED.ERROR&quot;,&quot;message&quot;:&quot;GENERIC.ERROR&quot;}]}&quot;
	at org.hamcrest.MatcherAssert.assertThat(MatcherAssert.java:20)
	at org.junit.Assert.assertThat(Assert.java:956)
	at org.junit.Assert.assertThat(Assert.java:923)
	at TestNG.CMAC.CreateProject(CMAC.java:206)
	at sun.reflect.NativeMethodAccessorImpl.invoke0(Native Method)
	at sun.reflect.NativeMethodAccessorImpl.invoke(Unknown Source)
	at sun.reflect.DelegatingMethodAccessorImpl.invoke(Unknown Source)
	at java.lang.reflect.Method.invoke(Unknown Source)
	at org.testng.internal.MethodInvocationHelper.invokeMethod(MethodInvocationHelper.java:124)
	at org.testng.internal.Invoker.invokeMethod(Invoker.java:580)
	at org.testng.internal.Invoker.invokeTestMethod(Invoker.java:716)
	at org.testng.internal.TestMethodWithDataProviderMethodWorker.call(TestMethodWithDataProviderMethodWorker.java:71)
	at org.testng.internal.TestMethodWithDataProviderMethodWorker.call(TestMethodWithDataProviderMethodWorker.java:14)
	at java.util.concurrent.FutureTask.run(Unknown Source)
	at java.util.concurrent.Executors$RunnableAdapter.call(Unknown Source)
	at java.util.concurrent.FutureTask.run(Unknown Source)
	at java.util.concurrent.ThreadPoolExecutor.runWorker(Unknown Source)
	at java.util.concurrent.ThreadPoolExecutor$Worker.run(Unknown Source)
	at java.lang.Thread.run(Unknown Source)
</pre></div></td>
<td>1</td>
<td>TestNG.CMAC@2344fc66</td></tr>
<tr>
<td title='TestNG.CMAC.CreateProject()'><b>CreateProject</b><br>Test class: TestNG.CMAC<br>Parameters: https://cmac-dev.app.wtcdev2.paas.fedex.com/cmac/v3/projects, fdx_login=ssoxdev1.c984.49b35863, Proj_DEL4 100418T094405, [Ljava.lang.String;@7638d19f</td>
<td><div><pre>java.lang.AssertionError: 
Expected: a string containing &quot;pid&quot;
     but: was &quot;{&quot;transactionId&quot;:&quot;fd09b7f9-9fbe-4787-beab-70de0a70b8bc&quot;,&quot;errors&quot;:[{&quot;code&quot;:&quot;SYSTEM.UNEXPECTED.ERROR&quot;,&quot;message&quot;:&quot;GENERIC.ERROR&quot;}]}&quot;
	at org.hamcrest.MatcherAssert.assertThat(MatcherAssert.java:20)
	at org.junit.Assert.assertThat(Assert.java:956)
	at org.junit.Assert.assertThat(Assert.java:923)
	at TestNG.CMAC.CreateProject(CMAC.java:206)
	at sun.reflect.NativeMethodAccessorImpl.invoke0(Native Method)
	at sun.reflect.NativeMethodAccessorImpl.invoke(Unknown Source)
	at sun.reflect.DelegatingMethodAccessorImpl.invoke(Unknown Source)
	at java.lang.reflect.Method.invoke(Unknown Source)
	at org.testng.internal.MethodInvocationHelper.invokeMethod(MethodInvocationHelper.java:124)
	at org.testng.internal.Invoker.invokeMethod(Invoker.java:580)
	at org.testng.internal.Invoker.invokeTestMethod(Invoker.java:716)
	at org.testng.internal.TestMethodWithDataProviderMethodWorker.call(TestMethodWithDataProviderMethodWorker.java:71)
	at org.testng.internal.TestMethodWithDataProviderMethodWorker.call(TestMethodWithDataProviderMethodWorker.java:14)
	at java.util.concurrent.FutureTask.run(Unknown Source)
	at java.util.concurrent.Executors$RunnableAdapter.call(Unknown Source)
	at java.util.concurrent.FutureTask.run(Unknown Source)
	at java.util.concurrent.ThreadPoolExecutor.runWorker(Unknown Source)
	at java.util.concurrent.ThreadPoolExecutor$Worker.run(Unknown Source)
	at java.lang.Thread.run(Unknown Source)
</pre></div><a href='#' onClick='toggleBox("stack-trace859457948", this, "Click to show all stack frames", "Click to hide stack frames")'>Click to show all stack frames</a>
<div class='stack-trace' id='stack-trace859457948'><pre>java.lang.AssertionError: 
Expected: a string containing &quot;pid&quot;
     but: was &quot;{&quot;transactionId&quot;:&quot;fd09b7f9-9fbe-4787-beab-70de0a70b8bc&quot;,&quot;errors&quot;:[{&quot;code&quot;:&quot;SYSTEM.UNEXPECTED.ERROR&quot;,&quot;message&quot;:&quot;GENERIC.ERROR&quot;}]}&quot;
	at org.hamcrest.MatcherAssert.assertThat(MatcherAssert.java:20)
	at org.junit.Assert.assertThat(Assert.java:956)
	at org.junit.Assert.assertThat(Assert.java:923)
	at TestNG.CMAC.CreateProject(CMAC.java:206)
	at sun.reflect.NativeMethodAccessorImpl.invoke0(Native Method)
	at sun.reflect.NativeMethodAccessorImpl.invoke(Unknown Source)
	at sun.reflect.DelegatingMethodAccessorImpl.invoke(Unknown Source)
	at java.lang.reflect.Method.invoke(Unknown Source)
	at org.testng.internal.MethodInvocationHelper.invokeMethod(MethodInvocationHelper.java:124)
	at org.testng.internal.Invoker.invokeMethod(Invoker.java:580)
	at org.testng.internal.Invoker.invokeTestMethod(Invoker.java:716)
	at org.testng.internal.TestMethodWithDataProviderMethodWorker.call(TestMethodWithDataProviderMethodWorker.java:71)
	at org.testng.internal.TestMethodWithDataProviderMethodWorker.call(TestMethodWithDataProviderMethodWorker.java:14)
	at java.util.concurrent.FutureTask.run(Unknown Source)
	at java.util.concurrent.Executors$RunnableAdapter.call(Unknown Source)
	at java.util.concurrent.FutureTask.run(Unknown Source)
	at java.util.concurrent.ThreadPoolExecutor.runWorker(Unknown Source)
	at java.util.concurrent.ThreadPoolExecutor$Worker.run(Unknown Source)
	at java.lang.Thread.run(Unknown Source)
</pre></div></td>
<td>2</td>
<td>TestNG.CMAC@2344fc66</td></tr>
<tr>
<td title='TestNG.CMAC.CreateProject()'><b>CreateProject</b><br>Test class: TestNG.CMAC<br>Parameters: https://cmac-dev.app.wtcdev2.paas.fedex.com/cmac/v3/projects, fdx_login=ssoxdev1.8340.188de2cd, Proj_DEL5 100418T094405, [Ljava.lang.String;@1ed94c18</td>
<td><div><pre>java.lang.AssertionError: 
Expected: a string containing &quot;pid&quot;
     but: was &quot;{&quot;transactionId&quot;:&quot;8e5576db-91fb-4b90-82c4-3b7696261db4&quot;,&quot;errors&quot;:[{&quot;code&quot;:&quot;SYSTEM.UNEXPECTED.ERROR&quot;,&quot;message&quot;:&quot;GENERIC.ERROR&quot;}]}&quot;
	at org.hamcrest.MatcherAssert.assertThat(MatcherAssert.java:20)
	at org.junit.Assert.assertThat(Assert.java:956)
	at org.junit.Assert.assertThat(Assert.java:923)
	at TestNG.CMAC.CreateProject(CMAC.java:206)
	at sun.reflect.NativeMethodAccessorImpl.invoke0(Native Method)
	at sun.reflect.NativeMethodAccessorImpl.invoke(Unknown Source)
	at sun.reflect.DelegatingMethodAccessorImpl.invoke(Unknown Source)
	at java.lang.reflect.Method.invoke(Unknown Source)
	at org.testng.internal.MethodInvocationHelper.invokeMethod(MethodInvocationHelper.java:124)
	at org.testng.internal.Invoker.invokeMethod(Invoker.java:580)
	at org.testng.internal.Invoker.invokeTestMethod(Invoker.java:716)
	at org.testng.internal.TestMethodWithDataProviderMethodWorker.call(TestMethodWithDataProviderMethodWorker.java:71)
	at org.testng.internal.TestMethodWithDataProviderMethodWorker.call(TestMethodWithDataProviderMethodWorker.java:14)
	at java.util.concurrent.FutureTask.run(Unknown Source)
	at java.util.concurrent.Executors$RunnableAdapter.call(Unknown Source)
	at java.util.concurrent.FutureTask.run(Unknown Source)
	at java.util.concurrent.ThreadPoolExecutor.runWorker(Unknown Source)
	at java.util.concurrent.ThreadPoolExecutor$Worker.run(Unknown Source)
	at java.lang.Thread.run(Unknown Source)
</pre></div><a href='#' onClick='toggleBox("stack-trace1541134599", this, "Click to show all stack frames", "Click to hide stack frames")'>Click to show all stack frames</a>
<div class='stack-trace' id='stack-trace1541134599'><pre>java.lang.AssertionError: 
Expected: a string containing &quot;pid&quot;
     but: was &quot;{&quot;transactionId&quot;:&quot;8e5576db-91fb-4b90-82c4-3b7696261db4&quot;,&quot;errors&quot;:[{&quot;code&quot;:&quot;SYSTEM.UNEXPECTED.ERROR&quot;,&quot;message&quot;:&quot;GENERIC.ERROR&quot;}]}&quot;
	at org.hamcrest.MatcherAssert.assertThat(MatcherAssert.java:20)
	at org.junit.Assert.assertThat(Assert.java:956)
	at org.junit.Assert.assertThat(Assert.java:923)
	at TestNG.CMAC.CreateProject(CMAC.java:206)
	at sun.reflect.NativeMethodAccessorImpl.invoke0(Native Method)
	at sun.reflect.NativeMethodAccessorImpl.invoke(Unknown Source)
	at sun.reflect.DelegatingMethodAccessorImpl.invoke(Unknown Source)
	at java.lang.reflect.Method.invoke(Unknown Source)
	at org.testng.internal.MethodInvocationHelper.invokeMethod(MethodInvocationHelper.java:124)
	at org.testng.internal.Invoker.invokeMethod(Invoker.java:580)
	at org.testng.internal.Invoker.invokeTestMethod(Invoker.java:716)
	at org.testng.internal.TestMethodWithDataProviderMethodWorker.call(TestMethodWithDataProviderMethodWorker.java:71)
	at org.testng.internal.TestMethodWithDataProviderMethodWorker.call(TestMethodWithDataProviderMethodWorker.java:14)
	at java.util.concurrent.FutureTask.run(Unknown Source)
	at java.util.concurrent.Executors$RunnableAdapter.call(Unknown Source)
	at java.util.concurrent.FutureTask.run(Unknown Source)
	at java.util.concurrent.ThreadPoolExecutor.runWorker(Unknown Source)
	at java.util.concurrent.ThreadPoolExecutor$Worker.run(Unknown Source)
	at java.lang.Thread.run(Unknown Source)
</pre></div></td>
<td>3</td>
<td>TestNG.CMAC@2344fc66</td></tr>
<tr>
<td title='TestNG.CMAC.CreateProject()'><b>CreateProject</b><br>Test class: TestNG.CMAC<br>Parameters: https://cmac-dev.app.wtcdev2.paas.fedex.com/cmac/v3/projects, fdx_login=ssoxdev1.8409.4eea83d5, Proj_DEL3 100418T094405, [Ljava.lang.String;@7294dce0</td>
<td><div><pre>java.lang.AssertionError: 
Expected: a string containing &quot;pid&quot;
     but: was &quot;{&quot;transactionId&quot;:&quot;8981c7bc-cf5f-43c9-a667-2a7d4b48b407&quot;,&quot;errors&quot;:[{&quot;code&quot;:&quot;SYSTEM.UNEXPECTED.ERROR&quot;,&quot;message&quot;:&quot;GENERIC.ERROR&quot;}]}&quot;
	at org.hamcrest.MatcherAssert.assertThat(MatcherAssert.java:20)
	at org.junit.Assert.assertThat(Assert.java:956)
	at org.junit.Assert.assertThat(Assert.java:923)
	at TestNG.CMAC.CreateProject(CMAC.java:206)
	at sun.reflect.NativeMethodAccessorImpl.invoke0(Native Method)
	at sun.reflect.NativeMethodAccessorImpl.invoke(Unknown Source)
	at sun.reflect.DelegatingMethodAccessorImpl.invoke(Unknown Source)
	at java.lang.reflect.Method.invoke(Unknown Source)
	at org.testng.internal.MethodInvocationHelper.invokeMethod(MethodInvocationHelper.java:124)
	at org.testng.internal.Invoker.invokeMethod(Invoker.java:580)
	at org.testng.internal.Invoker.invokeTestMethod(Invoker.java:716)
	at org.testng.internal.TestMethodWithDataProviderMethodWorker.call(TestMethodWithDataProviderMethodWorker.java:71)
	at org.testng.internal.TestMethodWithDataProviderMethodWorker.call(TestMethodWithDataProviderMethodWorker.java:14)
	at java.util.concurrent.FutureTask.run(Unknown Source)
	at java.util.concurrent.Executors$RunnableAdapter.call(Unknown Source)
	at java.util.concurrent.FutureTask.run(Unknown Source)
	at java.util.concurrent.ThreadPoolExecutor.runWorker(Unknown Source)
	at java.util.concurrent.ThreadPoolExecutor$Worker.run(Unknown Source)
	at java.lang.Thread.run(Unknown Source)
</pre></div><a href='#' onClick='toggleBox("stack-trace932594806", this, "Click to show all stack frames", "Click to hide stack frames")'>Click to show all stack frames</a>
<div class='stack-trace' id='stack-trace932594806'><pre>java.lang.AssertionError: 
Expected: a string containing &quot;pid&quot;
     but: was &quot;{&quot;transactionId&quot;:&quot;8981c7bc-cf5f-43c9-a667-2a7d4b48b407&quot;,&quot;errors&quot;:[{&quot;code&quot;:&quot;SYSTEM.UNEXPECTED.ERROR&quot;,&quot;message&quot;:&quot;GENERIC.ERROR&quot;}]}&quot;
	at org.hamcrest.MatcherAssert.assertThat(MatcherAssert.java:20)
	at org.junit.Assert.assertThat(Assert.java:956)
	at org.junit.Assert.assertThat(Assert.java:923)
	at TestNG.CMAC.CreateProject(CMAC.java:206)
	at sun.reflect.NativeMethodAccessorImpl.invoke0(Native Method)
	at sun.reflect.NativeMethodAccessorImpl.invoke(Unknown Source)
	at sun.reflect.DelegatingMethodAccessorImpl.invoke(Unknown Source)
	at java.lang.reflect.Method.invoke(Unknown Source)
	at org.testng.internal.MethodInvocationHelper.invokeMethod(MethodInvocationHelper.java:124)
	at org.testng.internal.Invoker.invokeMethod(Invoker.java:580)
	at org.testng.internal.Invoker.invokeTestMethod(Invoker.java:716)
	at org.testng.internal.TestMethodWithDataProviderMethodWorker.call(TestMethodWithDataProviderMethodWorker.java:71)
	at org.testng.internal.TestMethodWithDataProviderMethodWorker.call(TestMethodWithDataProviderMethodWorker.java:14)
	at java.util.concurrent.FutureTask.run(Unknown Source)
	at java.util.concurrent.Executors$RunnableAdapter.call(Unknown Source)
	at java.util.concurrent.FutureTask.run(Unknown Source)
	at java.util.concurrent.ThreadPoolExecutor.runWorker(Unknown Source)
	at java.util.concurrent.ThreadPoolExecutor$Worker.run(Unknown Source)
	at java.lang.Thread.run(Unknown Source)
</pre></div></td>
<td>3</td>
<td>TestNG.CMAC@2344fc66</td></tr>
<tr>
<td title='TestNG.CMAC.CreateProject()'><b>CreateProject</b><br>Test class: TestNG.CMAC<br>Parameters: https://cmac-dev.app.wtcdev2.paas.fedex.com/cmac/v3/projects, fdx_login=ssoxdev1.91c8.5b9e1292, Proj_DEL7 100418T094405, [Ljava.lang.String;@71a83033</td>
<td><div><pre>java.lang.AssertionError: 
Expected: a string containing &quot;pid&quot;
     but: was &quot;{&quot;transactionId&quot;:&quot;02ea7344-b1fe-4422-96f0-47370c062b61&quot;,&quot;errors&quot;:[{&quot;code&quot;:&quot;SYSTEM.UNEXPECTED.ERROR&quot;,&quot;message&quot;:&quot;GENERIC.ERROR&quot;}]}&quot;
	at org.hamcrest.MatcherAssert.assertThat(MatcherAssert.java:20)
	at org.junit.Assert.assertThat(Assert.java:956)
	at org.junit.Assert.assertThat(Assert.java:923)
	at TestNG.CMAC.CreateProject(CMAC.java:206)
	at sun.reflect.NativeMethodAccessorImpl.invoke0(Native Method)
	at sun.reflect.NativeMethodAccessorImpl.invoke(Unknown Source)
	at sun.reflect.DelegatingMethodAccessorImpl.invoke(Unknown Source)
	at java.lang.reflect.Method.invoke(Unknown Source)
	at org.testng.internal.MethodInvocationHelper.invokeMethod(MethodInvocationHelper.java:124)
	at org.testng.internal.Invoker.invokeMethod(Invoker.java:580)
	at org.testng.internal.Invoker.invokeTestMethod(Invoker.java:716)
	at org.testng.internal.TestMethodWithDataProviderMethodWorker.call(TestMethodWithDataProviderMethodWorker.java:71)
	at org.testng.internal.TestMethodWithDataProviderMethodWorker.call(TestMethodWithDataProviderMethodWorker.java:14)
	at java.util.concurrent.FutureTask.run(Unknown Source)
	at java.util.concurrent.Executors$RunnableAdapter.call(Unknown Source)
	at java.util.concurrent.FutureTask.run(Unknown Source)
	at java.util.concurrent.ThreadPoolExecutor.runWorker(Unknown Source)
	at java.util.concurrent.ThreadPoolExecutor$Worker.run(Unknown Source)
	at java.lang.Thread.run(Unknown Source)
</pre></div><a href='#' onClick='toggleBox("stack-trace883599554", this, "Click to show all stack frames", "Click to hide stack frames")'>Click to show all stack frames</a>
<div class='stack-trace' id='stack-trace883599554'><pre>java.lang.AssertionError: 
Expected: a string containing &quot;pid&quot;
     but: was &quot;{&quot;transactionId&quot;:&quot;02ea7344-b1fe-4422-96f0-47370c062b61&quot;,&quot;errors&quot;:[{&quot;code&quot;:&quot;SYSTEM.UNEXPECTED.ERROR&quot;,&quot;message&quot;:&quot;GENERIC.ERROR&quot;}]}&quot;
	at org.hamcrest.MatcherAssert.assertThat(MatcherAssert.java:20)
	at org.junit.Assert.assertThat(Assert.java:956)
	at org.junit.Assert.assertThat(Assert.java:923)
	at TestNG.CMAC.CreateProject(CMAC.java:206)
	at sun.reflect.NativeMethodAccessorImpl.invoke0(Native Method)
	at sun.reflect.NativeMethodAccessorImpl.invoke(Unknown Source)
	at sun.reflect.DelegatingMethodAccessorImpl.invoke(Unknown Source)
	at java.lang.reflect.Method.invoke(Unknown Source)
	at org.testng.internal.MethodInvocationHelper.invokeMethod(MethodInvocationHelper.java:124)
	at org.testng.internal.Invoker.invokeMethod(Invoker.java:580)
	at org.testng.internal.Invoker.invokeTestMethod(Invoker.java:716)
	at org.testng.internal.TestMethodWithDataProviderMethodWorker.call(TestMethodWithDataProviderMethodWorker.java:71)
	at org.testng.internal.TestMethodWithDataProviderMethodWorker.call(TestMethodWithDataProviderMethodWorker.java:14)
	at java.util.concurrent.FutureTask.run(Unknown Source)
	at java.util.concurrent.Executors$RunnableAdapter.call(Unknown Source)
	at java.util.concurrent.FutureTask.run(Unknown Source)
	at java.util.concurrent.ThreadPoolExecutor.runWorker(Unknown Source)
	at java.util.concurrent.ThreadPoolExecutor$Worker.run(Unknown Source)
	at java.lang.Thread.run(Unknown Source)
</pre></div></td>
<td>4</td>
<td>TestNG.CMAC@2344fc66</td></tr>
<tr>
<td title='TestNG.CMAC.CreateProject()'><b>CreateProject</b><br>Test class: TestNG.CMAC<br>Parameters: https://cmac-dev.app.wtcdev2.paas.fedex.com/cmac/v3/projects, fdx_login=ssoxdev1.d495.141328ac, Proj_DEL8 100418T094405, [Ljava.lang.String;@47206646</td>
<td><div><pre>java.lang.AssertionError: 
Expected: a string containing &quot;cid&quot;
     but: was &quot;{&quot;transactionId&quot;:&quot;8f3eab3f-6fb8-49f0-9d3d-e169df21c841&quot;,&quot;output&quot;:{&quot;pid&quot;:10371,&quot;projectname&quot;:&quot;Proj_DEL8 100418T094405&quot;,&quot;accountnumber&quot;:&quot;784795640&quot;,&quot;creationtime&quot;:&quot;2018.10.02.15.47.06&quot;,&quot;expirationdate&quot;:&quot;2018.11.02.15.47.06&quot;,&quot;resources&quot;:[&quot;Track Service 0&quot;,&quot;Track Service 1&quot;,&quot;Track Service 2&quot;,&quot;Track Service 3&quot;,&quot;Track Service 4&quot;,&quot;Track Service 5&quot;,&quot;Track Service 6&quot;,&quot;Track Service 7&quot;],&quot;key&quot;:&quot;54IB8WJH9A&quot;}}&quot;
	at org.hamcrest.MatcherAssert.assertThat(MatcherAssert.java:20)
	at org.junit.Assert.assertThat(Assert.java:956)
	at org.junit.Assert.assertThat(Assert.java:923)
	at TestNG.CMAC.CreateProject(CMAC.java:206)
	at sun.reflect.NativeMethodAccessorImpl.invoke0(Native Method)
	at sun.reflect.NativeMethodAccessorImpl.invoke(Unknown Source)
	at sun.reflect.DelegatingMethodAccessorImpl.invoke(Unknown Source)
	at java.lang.reflect.Method.invoke(Unknown Source)
	at org.testng.internal.MethodInvocationHelper.invokeMethod(MethodInvocationHelper.java:124)
	at org.testng.internal.Invoker.invokeMethod(Invoker.java:580)
	at org.testng.internal.Invoker.invokeTestMethod(Invoker.java:716)
	at org.testng.internal.TestMethodWithDataProviderMethodWorker.call(TestMethodWithDataProviderMethodWorker.java:71)
	at org.testng.internal.TestMethodWithDataProviderMethodWorker.call(TestMethodWithDataProviderMethodWorker.java:14)
	at java.util.concurrent.FutureTask.run(Unknown Source)
	at java.util.concurrent.Executors$RunnableAdapter.call(Unknown Source)
	at java.util.concurrent.FutureTask.run(Unknown Source)
	at java.util.concurrent.ThreadPoolExecutor.runWorker(Unknown Source)
	at java.util.concurrent.ThreadPoolExecutor$Worker.run(Unknown Source)
	at java.lang.Thread.run(Unknown Source)
</pre></div><a href='#' onClick='toggleBox("stack-trace172585261", this, "Click to show all stack frames", "Click to hide stack frames")'>Click to show all stack frames</a>
<div class='stack-trace' id='stack-trace172585261'><pre>java.lang.AssertionError: 
Expected: a string containing &quot;cid&quot;
     but: was &quot;{&quot;transactionId&quot;:&quot;8f3eab3f-6fb8-49f0-9d3d-e169df21c841&quot;,&quot;output&quot;:{&quot;pid&quot;:10371,&quot;projectname&quot;:&quot;Proj_DEL8 100418T094405&quot;,&quot;accountnumber&quot;:&quot;784795640&quot;,&quot;creationtime&quot;:&quot;2018.10.02.15.47.06&quot;,&quot;expirationdate&quot;:&quot;2018.11.02.15.47.06&quot;,&quot;resources&quot;:[&quot;Track Service 0&quot;,&quot;Track Service 1&quot;,&quot;Track Service 2&quot;,&quot;Track Service 3&quot;,&quot;Track Service 4&quot;,&quot;Track Service 5&quot;,&quot;Track Service 6&quot;,&quot;Track Service 7&quot;],&quot;key&quot;:&quot;54IB8WJH9A&quot;}}&quot;
	at org.hamcrest.MatcherAssert.assertThat(MatcherAssert.java:20)
	at org.junit.Assert.assertThat(Assert.java:956)
	at org.junit.Assert.assertThat(Assert.java:923)
	at TestNG.CMAC.CreateProject(CMAC.java:206)
	at sun.reflect.NativeMethodAccessorImpl.invoke0(Native Method)
	at sun.reflect.NativeMethodAccessorImpl.invoke(Unknown Source)
	at sun.reflect.DelegatingMethodAccessorImpl.invoke(Unknown Source)
	at java.lang.reflect.Method.invoke(Unknown Source)
	at org.testng.internal.MethodInvocationHelper.invokeMethod(MethodInvocationHelper.java:124)
	at org.testng.internal.Invoker.invokeMethod(Invoker.java:580)
	at org.testng.internal.Invoker.invokeTestMethod(Invoker.java:716)
	at org.testng.internal.TestMethodWithDataProviderMethodWorker.call(TestMethodWithDataProviderMethodWorker.java:71)
	at org.testng.internal.TestMethodWithDataProviderMethodWorker.call(TestMethodWithDataProviderMethodWorker.java:14)
	at java.util.concurrent.FutureTask.run(Unknown Source)
	at java.util.concurrent.Executors$RunnableAdapter.call(Unknown Source)
	at java.util.concurrent.FutureTask.run(Unknown Source)
	at java.util.concurrent.ThreadPoolExecutor.runWorker(Unknown Source)
	at java.util.concurrent.ThreadPoolExecutor$Worker.run(Unknown Source)
	at java.lang.Thread.run(Unknown Source)
</pre></div></td>
<td>5</td>
<td>TestNG.CMAC@2344fc66</td></tr>
<tr>
<td title='TestNG.CMAC.CreateProjectForTest()'><b>CreateProjectForTest</b><br>Test class: TestNG.CMAC<br>Parameters: https://cmac-dev.app.wtcdev2.paas.fedex.com/cmac/v3/projects, fdx_login=ssoxdev1.8d9f.29298c12, Proj L2USCC051118T114912, [Ljava.lang.String;@1cd37328</td>
<td><div><pre>java.lang.AssertionError: 
Expected: (a string containing &quot;transactionId&quot; and a string containing &quot;pid&quot; and a string containing &quot;projectname&quot; and a string containing &quot;cid&quot; and a string containing &quot;accountNumber&quot; and a string containing &quot;creationtime&quot;)
     but: a string containing &quot;pid&quot; was &quot;{&quot;transactionId&quot;:&quot;63827132-9f83-4747-9114-51135ae1c455&quot;,&quot;errors&quot;:[{&quot;code&quot;:&quot;SYSTEM.UNEXPECTED.ERROR&quot;,&quot;message&quot;:&quot;GENERIC.ERROR&quot;}]}&quot;
	at org.hamcrest.MatcherAssert.assertThat(MatcherAssert.java:20)
	at org.junit.Assert.assertThat(Assert.java:956)
	at org.junit.Assert.assertThat(Assert.java:923)
	at TestNG.CMAC.CreateProjectForTest(CMAC.java:507)
	at sun.reflect.NativeMethodAccessorImpl.invoke0(Native Method)
	at sun.reflect.NativeMethodAccessorImpl.invoke(Unknown Source)
	at sun.reflect.DelegatingMethodAccessorImpl.invoke(Unknown Source)
	at java.lang.reflect.Method.invoke(Unknown Source)
	at org.testng.internal.MethodInvocationHelper.invokeMethod(MethodInvocationHelper.java:124)
	at org.testng.internal.Invoker.invokeMethod(Invoker.java:580)
	at org.testng.internal.Invoker.invokeTestMethod(Invoker.java:716)
	at org.testng.internal.TestMethodWithDataProviderMethodWorker.call(TestMethodWithDataProviderMethodWorker.java:71)
	at org.testng.internal.TestMethodWithDataProviderMethodWorker.call(TestMethodWithDataProviderMethodWorker.java:14)
	at java.util.concurrent.FutureTask.run(Unknown Source)
	at java.util.concurrent.Executors$RunnableAdapter.call(Unknown Source)
	at java.util.concurrent.FutureTask.run(Unknown Source)
	at java.util.concurrent.ThreadPoolExecutor.runWorker(Unknown Source)
	at java.util.concurrent.ThreadPoolExecutor$Worker.run(Unknown Source)
	at java.lang.Thread.run(Unknown Source)
</pre></div><a href='#' onClick='toggleBox("stack-trace1764831507", this, "Click to show all stack frames", "Click to hide stack frames")'>Click to show all stack frames</a>
<div class='stack-trace' id='stack-trace1764831507'><pre>java.lang.AssertionError: 
Expected: (a string containing &quot;transactionId&quot; and a string containing &quot;pid&quot; and a string containing &quot;projectname&quot; and a string containing &quot;cid&quot; and a string containing &quot;accountNumber&quot; and a string containing &quot;creationtime&quot;)
     but: a string containing &quot;pid&quot; was &quot;{&quot;transactionId&quot;:&quot;63827132-9f83-4747-9114-51135ae1c455&quot;,&quot;errors&quot;:[{&quot;code&quot;:&quot;SYSTEM.UNEXPECTED.ERROR&quot;,&quot;message&quot;:&quot;GENERIC.ERROR&quot;}]}&quot;
	at org.hamcrest.MatcherAssert.assertThat(MatcherAssert.java:20)
	at org.junit.Assert.assertThat(Assert.java:956)
	at org.junit.Assert.assertThat(Assert.java:923)
	at TestNG.CMAC.CreateProjectForTest(CMAC.java:507)
	at sun.reflect.NativeMethodAccessorImpl.invoke0(Native Method)
	at sun.reflect.NativeMethodAccessorImpl.invoke(Unknown Source)
	at sun.reflect.DelegatingMethodAccessorImpl.invoke(Unknown Source)
	at java.lang.reflect.Method.invoke(Unknown Source)
	at org.testng.internal.MethodInvocationHelper.invokeMethod(MethodInvocationHelper.java:124)
	at org.testng.internal.Invoker.invokeMethod(Invoker.java:580)
	at org.testng.internal.Invoker.invokeTestMethod(Invoker.java:716)
	at org.testng.internal.TestMethodWithDataProviderMethodWorker.call(TestMethodWithDataProviderMethodWorker.java:71)
	at org.testng.internal.TestMethodWithDataProviderMethodWorker.call(TestMethodWithDataProviderMethodWorker.java:14)
	at java.util.concurrent.FutureTask.run(Unknown Source)
	at java.util.concurrent.Executors$RunnableAdapter.call(Unknown Source)
	at java.util.concurrent.FutureTask.run(Unknown Source)
	at java.util.concurrent.ThreadPoolExecutor.runWorker(Unknown Source)
	at java.util.concurrent.ThreadPoolExecutor$Worker.run(Unknown Source)
	at java.lang.Thread.run(Unknown Source)
</pre></div></td>
<td>0</td>
<td>TestNG.CMAC@2344fc66</td></tr>
<tr>
<td title='TestNG.CMAC.CreateProjectForTest()'><b>CreateProjectForTest</b><br>Test class: TestNG.CMAC<br>Parameters: https://cmac-dev.app.wtcdev2.paas.fedex.com/cmac/v3/projects, fdx_login=ssoxdev1.9aab.78b29a35, Proj L2USCC072418T142910, [Ljava.lang.String;@34bccdde</td>
<td><div><pre>java.lang.AssertionError: 
Expected: (a string containing &quot;transactionId&quot; and a string containing &quot;pid&quot; and a string containing &quot;projectname&quot; and a string containing &quot;cid&quot; and a string containing &quot;accountNumber&quot; and a string containing &quot;creationtime&quot;)
     but: a string containing &quot;pid&quot; was &quot;{&quot;transactionId&quot;:&quot;935d76d2-d37b-4699-a730-4a0b36e250fc&quot;,&quot;errors&quot;:[{&quot;code&quot;:&quot;SYSTEM.UNEXPECTED.ERROR&quot;,&quot;message&quot;:&quot;GENERIC.ERROR&quot;}]}&quot;
	at org.hamcrest.MatcherAssert.assertThat(MatcherAssert.java:20)
	at org.junit.Assert.assertThat(Assert.java:956)
	at org.junit.Assert.assertThat(Assert.java:923)
	at TestNG.CMAC.CreateProjectForTest(CMAC.java:507)
	at sun.reflect.NativeMethodAccessorImpl.invoke0(Native Method)
	at sun.reflect.NativeMethodAccessorImpl.invoke(Unknown Source)
	at sun.reflect.DelegatingMethodAccessorImpl.invoke(Unknown Source)
	at java.lang.reflect.Method.invoke(Unknown Source)
	at org.testng.internal.MethodInvocationHelper.invokeMethod(MethodInvocationHelper.java:124)
	at org.testng.internal.Invoker.invokeMethod(Invoker.java:580)
	at org.testng.internal.Invoker.invokeTestMethod(Invoker.java:716)
	at org.testng.internal.TestMethodWithDataProviderMethodWorker.call(TestMethodWithDataProviderMethodWorker.java:71)
	at org.testng.internal.TestMethodWithDataProviderMethodWorker.call(TestMethodWithDataProviderMethodWorker.java:14)
	at java.util.concurrent.FutureTask.run(Unknown Source)
	at java.util.concurrent.Executors$RunnableAdapter.call(Unknown Source)
	at java.util.concurrent.FutureTask.run(Unknown Source)
	at java.util.concurrent.ThreadPoolExecutor.runWorker(Unknown Source)
	at java.util.concurrent.ThreadPoolExecutor$Worker.run(Unknown Source)
	at java.lang.Thread.run(Unknown Source)
</pre></div><a href='#' onClick='toggleBox("stack-trace1503779374", this, "Click to show all stack frames", "Click to hide stack frames")'>Click to show all stack frames</a>
<div class='stack-trace' id='stack-trace1503779374'><pre>java.lang.AssertionError: 
Expected: (a string containing &quot;transactionId&quot; and a string containing &quot;pid&quot; and a string containing &quot;projectname&quot; and a string containing &quot;cid&quot; and a string containing &quot;accountNumber&quot; and a string containing &quot;creationtime&quot;)
     but: a string containing &quot;pid&quot; was &quot;{&quot;transactionId&quot;:&quot;935d76d2-d37b-4699-a730-4a0b36e250fc&quot;,&quot;errors&quot;:[{&quot;code&quot;:&quot;SYSTEM.UNEXPECTED.ERROR&quot;,&quot;message&quot;:&quot;GENERIC.ERROR&quot;}]}&quot;
	at org.hamcrest.MatcherAssert.assertThat(MatcherAssert.java:20)
	at org.junit.Assert.assertThat(Assert.java:956)
	at org.junit.Assert.assertThat(Assert.java:923)
	at TestNG.CMAC.CreateProjectForTest(CMAC.java:507)
	at sun.reflect.NativeMethodAccessorImpl.invoke0(Native Method)
	at sun.reflect.NativeMethodAccessorImpl.invoke(Unknown Source)
	at sun.reflect.DelegatingMethodAccessorImpl.invoke(Unknown Source)
	at java.lang.reflect.Method.invoke(Unknown Source)
	at org.testng.internal.MethodInvocationHelper.invokeMethod(MethodInvocationHelper.java:124)
	at org.testng.internal.Invoker.invokeMethod(Invoker.java:580)
	at org.testng.internal.Invoker.invokeTestMethod(Invoker.java:716)
	at org.testng.internal.TestMethodWithDataProviderMethodWorker.call(TestMethodWithDataProviderMethodWorker.java:71)
	at org.testng.internal.TestMethodWithDataProviderMethodWorker.call(TestMethodWithDataProviderMethodWorker.java:14)
	at java.util.concurrent.FutureTask.run(Unknown Source)
	at java.util.concurrent.Executors$RunnableAdapter.call(Unknown Source)
	at java.util.concurrent.FutureTask.run(Unknown Source)
	at java.util.concurrent.ThreadPoolExecutor.runWorker(Unknown Source)
	at java.util.concurrent.ThreadPoolExecutor$Worker.run(Unknown Source)
	at java.lang.Thread.run(Unknown Source)
</pre></div></td>
<td>1</td>
<td>TestNG.CMAC@2344fc66</td></tr>
<tr>
<td title='TestNG.CMAC.CreateProjectForTest()'><b>CreateProjectForTest</b><br>Test class: TestNG.CMAC<br>Parameters: https://cmac-dev.app.wtcdev2.paas.fedex.com/cmac/v3/projects, fdx_login=ssoxdev1.8340.188de2cd, Proj EMEAGRP140, [Ljava.lang.String;@1ed94c18</td>
<td><div><pre>java.lang.AssertionError: 
Expected: (a string containing &quot;transactionId&quot; and a string containing &quot;pid&quot; and a string containing &quot;projectname&quot; and a string containing &quot;cid&quot; and a string containing &quot;accountNumber&quot; and a string containing &quot;creationtime&quot;)
     but: a string containing &quot;pid&quot; was &quot;{&quot;transactionId&quot;:&quot;4d912a11-d40b-4b5b-832b-5102683a4038&quot;,&quot;errors&quot;:[{&quot;code&quot;:&quot;SYSTEM.UNEXPECTED.ERROR&quot;,&quot;message&quot;:&quot;GENERIC.ERROR&quot;}]}&quot;
	at org.hamcrest.MatcherAssert.assertThat(MatcherAssert.java:20)
	at org.junit.Assert.assertThat(Assert.java:956)
	at org.junit.Assert.assertThat(Assert.java:923)
	at TestNG.CMAC.CreateProjectForTest(CMAC.java:507)
	at sun.reflect.NativeMethodAccessorImpl.invoke0(Native Method)
	at sun.reflect.NativeMethodAccessorImpl.invoke(Unknown Source)
	at sun.reflect.DelegatingMethodAccessorImpl.invoke(Unknown Source)
	at java.lang.reflect.Method.invoke(Unknown Source)
	at org.testng.internal.MethodInvocationHelper.invokeMethod(MethodInvocationHelper.java:124)
	at org.testng.internal.Invoker.invokeMethod(Invoker.java:580)
	at org.testng.internal.Invoker.invokeTestMethod(Invoker.java:716)
	at org.testng.internal.TestMethodWithDataProviderMethodWorker.call(TestMethodWithDataProviderMethodWorker.java:71)
	at org.testng.internal.TestMethodWithDataProviderMethodWorker.call(TestMethodWithDataProviderMethodWorker.java:14)
	at java.util.concurrent.FutureTask.run(Unknown Source)
	at java.util.concurrent.Executors$RunnableAdapter.call(Unknown Source)
	at java.util.concurrent.FutureTask.run(Unknown Source)
	at java.util.concurrent.ThreadPoolExecutor.runWorker(Unknown Source)
	at java.util.concurrent.ThreadPoolExecutor$Worker.run(Unknown Source)
	at java.lang.Thread.run(Unknown Source)
</pre></div><a href='#' onClick='toggleBox("stack-trace945201663", this, "Click to show all stack frames", "Click to hide stack frames")'>Click to show all stack frames</a>
<div class='stack-trace' id='stack-trace945201663'><pre>java.lang.AssertionError: 
Expected: (a string containing &quot;transactionId&quot; and a string containing &quot;pid&quot; and a string containing &quot;projectname&quot; and a string containing &quot;cid&quot; and a string containing &quot;accountNumber&quot; and a string containing &quot;creationtime&quot;)
     but: a string containing &quot;pid&quot; was &quot;{&quot;transactionId&quot;:&quot;4d912a11-d40b-4b5b-832b-5102683a4038&quot;,&quot;errors&quot;:[{&quot;code&quot;:&quot;SYSTEM.UNEXPECTED.ERROR&quot;,&quot;message&quot;:&quot;GENERIC.ERROR&quot;}]}&quot;
	at org.hamcrest.MatcherAssert.assertThat(MatcherAssert.java:20)
	at org.junit.Assert.assertThat(Assert.java:956)
	at org.junit.Assert.assertThat(Assert.java:923)
	at TestNG.CMAC.CreateProjectForTest(CMAC.java:507)
	at sun.reflect.NativeMethodAccessorImpl.invoke0(Native Method)
	at sun.reflect.NativeMethodAccessorImpl.invoke(Unknown Source)
	at sun.reflect.DelegatingMethodAccessorImpl.invoke(Unknown Source)
	at java.lang.reflect.Method.invoke(Unknown Source)
	at org.testng.internal.MethodInvocationHelper.invokeMethod(MethodInvocationHelper.java:124)
	at org.testng.internal.Invoker.invokeMethod(Invoker.java:580)
	at org.testng.internal.Invoker.invokeTestMethod(Invoker.java:716)
	at org.testng.internal.TestMethodWithDataProviderMethodWorker.call(TestMethodWithDataProviderMethodWorker.java:71)
	at org.testng.internal.TestMethodWithDataProviderMethodWorker.call(TestMethodWithDataProviderMethodWorker.java:14)
	at java.util.concurrent.FutureTask.run(Unknown Source)
	at java.util.concurrent.Executors$RunnableAdapter.call(Unknown Source)
	at java.util.concurrent.FutureTask.run(Unknown Source)
	at java.util.concurrent.ThreadPoolExecutor.runWorker(Unknown Source)
	at java.util.concurrent.ThreadPoolExecutor$Worker.run(Unknown Source)
	at java.lang.Thread.run(Unknown Source)
</pre></div></td>
<td>1</td>
<td>TestNG.CMAC@2344fc66</td></tr>
<tr>
<td title='TestNG.CMAC.CreateProjectForTest()'><b>CreateProjectForTest</b><br>Test class: TestNG.CMAC<br>Parameters: https://cmac-dev.app.wtcdev2.paas.fedex.com/cmac/v3/projects, fdx_login=ssoxdev1.91c8.5b9e1292, Proj APACCOMY2, [Ljava.lang.String;@71a83033</td>
<td><div><pre>java.lang.AssertionError: 
Expected: (a string containing &quot;transactionId&quot; and a string containing &quot;pid&quot; and a string containing &quot;projectname&quot; and a string containing &quot;cid&quot; and a string containing &quot;accountNumber&quot; and a string containing &quot;creationtime&quot;)
     but: a string containing &quot;pid&quot; was &quot;{&quot;transactionId&quot;:&quot;cb1c0e21-66df-49a8-85fd-dc3998b9a82d&quot;,&quot;errors&quot;:[{&quot;code&quot;:&quot;SYSTEM.UNEXPECTED.ERROR&quot;,&quot;message&quot;:&quot;GENERIC.ERROR&quot;}]}&quot;
	at org.hamcrest.MatcherAssert.assertThat(MatcherAssert.java:20)
	at org.junit.Assert.assertThat(Assert.java:956)
	at org.junit.Assert.assertThat(Assert.java:923)
	at TestNG.CMAC.CreateProjectForTest(CMAC.java:507)
	at sun.reflect.NativeMethodAccessorImpl.invoke0(Native Method)
	at sun.reflect.NativeMethodAccessorImpl.invoke(Unknown Source)
	at sun.reflect.DelegatingMethodAccessorImpl.invoke(Unknown Source)
	at java.lang.reflect.Method.invoke(Unknown Source)
	at org.testng.internal.MethodInvocationHelper.invokeMethod(MethodInvocationHelper.java:124)
	at org.testng.internal.Invoker.invokeMethod(Invoker.java:580)
	at org.testng.internal.Invoker.invokeTestMethod(Invoker.java:716)
	at org.testng.internal.TestMethodWithDataProviderMethodWorker.call(TestMethodWithDataProviderMethodWorker.java:71)
	at org.testng.internal.TestMethodWithDataProviderMethodWorker.call(TestMethodWithDataProviderMethodWorker.java:14)
	at java.util.concurrent.FutureTask.run(Unknown Source)
	at java.util.concurrent.Executors$RunnableAdapter.call(Unknown Source)
	at java.util.concurrent.FutureTask.run(Unknown Source)
	at java.util.concurrent.ThreadPoolExecutor.runWorker(Unknown Source)
	at java.util.concurrent.ThreadPoolExecutor$Worker.run(Unknown Source)
	at java.lang.Thread.run(Unknown Source)
</pre></div><a href='#' onClick='toggleBox("stack-trace936281986", this, "Click to show all stack frames", "Click to hide stack frames")'>Click to show all stack frames</a>
<div class='stack-trace' id='stack-trace936281986'><pre>java.lang.AssertionError: 
Expected: (a string containing &quot;transactionId&quot; and a string containing &quot;pid&quot; and a string containing &quot;projectname&quot; and a string containing &quot;cid&quot; and a string containing &quot;accountNumber&quot; and a string containing &quot;creationtime&quot;)
     but: a string containing &quot;pid&quot; was &quot;{&quot;transactionId&quot;:&quot;cb1c0e21-66df-49a8-85fd-dc3998b9a82d&quot;,&quot;errors&quot;:[{&quot;code&quot;:&quot;SYSTEM.UNEXPECTED.ERROR&quot;,&quot;message&quot;:&quot;GENERIC.ERROR&quot;}]}&quot;
	at org.hamcrest.MatcherAssert.assertThat(MatcherAssert.java:20)
	at org.junit.Assert.assertThat(Assert.java:956)
	at org.junit.Assert.assertThat(Assert.java:923)
	at TestNG.CMAC.CreateProjectForTest(CMAC.java:507)
	at sun.reflect.NativeMethodAccessorImpl.invoke0(Native Method)
	at sun.reflect.NativeMethodAccessorImpl.invoke(Unknown Source)
	at sun.reflect.DelegatingMethodAccessorImpl.invoke(Unknown Source)
	at java.lang.reflect.Method.invoke(Unknown Source)
	at org.testng.internal.MethodInvocationHelper.invokeMethod(MethodInvocationHelper.java:124)
	at org.testng.internal.Invoker.invokeMethod(Invoker.java:580)
	at org.testng.internal.Invoker.invokeTestMethod(Invoker.java:716)
	at org.testng.internal.TestMethodWithDataProviderMethodWorker.call(TestMethodWithDataProviderMethodWorker.java:71)
	at org.testng.internal.TestMethodWithDataProviderMethodWorker.call(TestMethodWithDataProviderMethodWorker.java:14)
	at java.util.concurrent.FutureTask.run(Unknown Source)
	at java.util.concurrent.Executors$RunnableAdapter.call(Unknown Source)
	at java.util.concurrent.FutureTask.run(Unknown Source)
	at java.util.concurrent.ThreadPoolExecutor.runWorker(Unknown Source)
	at java.util.concurrent.ThreadPoolExecutor$Worker.run(Unknown Source)
	at java.lang.Thread.run(Unknown Source)
</pre></div></td>
<td>2</td>
<td>TestNG.CMAC@2344fc66</td></tr>
<tr>
<td title='TestNG.CMAC.CreateProjectForTest()'><b>CreateProjectForTest</b><br>Test class: TestNG.CMAC<br>Parameters: https://cmac-dev.app.wtcdev2.paas.fedex.com/cmac/v3/projects, fdx_login=ssoxdev1.e10d.22868f76, Proj L2AdminBR605083560, [Ljava.lang.String;@1224a58a</td>
<td><div><pre>java.lang.AssertionError: 
Expected: (a string containing &quot;transactionId&quot; and a string containing &quot;pid&quot; and a string containing &quot;projectname&quot; and a string containing &quot;cid&quot; and a string containing &quot;accountNumber&quot; and a string containing &quot;creationtime&quot;)
     but: a string containing &quot;pid&quot; was &quot;{&quot;transactionId&quot;:&quot;d017dcf5-1197-49ff-8bae-1e93404b4ce6&quot;,&quot;errors&quot;:[{&quot;code&quot;:&quot;SYSTEM.UNEXPECTED.ERROR&quot;,&quot;message&quot;:&quot;GENERIC.ERROR&quot;}]}&quot;
	at org.hamcrest.MatcherAssert.assertThat(MatcherAssert.java:20)
	at org.junit.Assert.assertThat(Assert.java:956)
	at org.junit.Assert.assertThat(Assert.java:923)
	at TestNG.CMAC.CreateProjectForTest(CMAC.java:507)
	at sun.reflect.NativeMethodAccessorImpl.invoke0(Native Method)
	at sun.reflect.NativeMethodAccessorImpl.invoke(Unknown Source)
	at sun.reflect.DelegatingMethodAccessorImpl.invoke(Unknown Source)
	at java.lang.reflect.Method.invoke(Unknown Source)
	at org.testng.internal.MethodInvocationHelper.invokeMethod(MethodInvocationHelper.java:124)
	at org.testng.internal.Invoker.invokeMethod(Invoker.java:580)
	at org.testng.internal.Invoker.invokeTestMethod(Invoker.java:716)
	at org.testng.internal.TestMethodWithDataProviderMethodWorker.call(TestMethodWithDataProviderMethodWorker.java:71)
	at org.testng.internal.TestMethodWithDataProviderMethodWorker.call(TestMethodWithDataProviderMethodWorker.java:14)
	at java.util.concurrent.FutureTask.run(Unknown Source)
	at java.util.concurrent.Executors$RunnableAdapter.call(Unknown Source)
	at java.util.concurrent.FutureTask.run(Unknown Source)
	at java.util.concurrent.ThreadPoolExecutor.runWorker(Unknown Source)
	at java.util.concurrent.ThreadPoolExecutor$Worker.run(Unknown Source)
	at java.lang.Thread.run(Unknown Source)
</pre></div><a href='#' onClick='toggleBox("stack-trace755033271", this, "Click to show all stack frames", "Click to hide stack frames")'>Click to show all stack frames</a>
<div class='stack-trace' id='stack-trace755033271'><pre>java.lang.AssertionError: 
Expected: (a string containing &quot;transactionId&quot; and a string containing &quot;pid&quot; and a string containing &quot;projectname&quot; and a string containing &quot;cid&quot; and a string containing &quot;accountNumber&quot; and a string containing &quot;creationtime&quot;)
     but: a string containing &quot;pid&quot; was &quot;{&quot;transactionId&quot;:&quot;d017dcf5-1197-49ff-8bae-1e93404b4ce6&quot;,&quot;errors&quot;:[{&quot;code&quot;:&quot;SYSTEM.UNEXPECTED.ERROR&quot;,&quot;message&quot;:&quot;GENERIC.ERROR&quot;}]}&quot;
	at org.hamcrest.MatcherAssert.assertThat(MatcherAssert.java:20)
	at org.junit.Assert.assertThat(Assert.java:956)
	at org.junit.Assert.assertThat(Assert.java:923)
	at TestNG.CMAC.CreateProjectForTest(CMAC.java:507)
	at sun.reflect.NativeMethodAccessorImpl.invoke0(Native Method)
	at sun.reflect.NativeMethodAccessorImpl.invoke(Unknown Source)
	at sun.reflect.DelegatingMethodAccessorImpl.invoke(Unknown Source)
	at java.lang.reflect.Method.invoke(Unknown Source)
	at org.testng.internal.MethodInvocationHelper.invokeMethod(MethodInvocationHelper.java:124)
	at org.testng.internal.Invoker.invokeMethod(Invoker.java:580)
	at org.testng.internal.Invoker.invokeTestMethod(Invoker.java:716)
	at org.testng.internal.TestMethodWithDataProviderMethodWorker.call(TestMethodWithDataProviderMethodWorker.java:71)
	at org.testng.internal.TestMethodWithDataProviderMethodWorker.call(TestMethodWithDataProviderMethodWorker.java:14)
	at java.util.concurrent.FutureTask.run(Unknown Source)
	at java.util.concurrent.Executors$RunnableAdapter.call(Unknown Source)
	at java.util.concurrent.FutureTask.run(Unknown Source)
	at java.util.concurrent.ThreadPoolExecutor.runWorker(Unknown Source)
	at java.util.concurrent.ThreadPoolExecutor$Worker.run(Unknown Source)
	at java.lang.Thread.run(Unknown Source)
</pre></div></td>
<td>2</td>
<td>TestNG.CMAC@2344fc66</td></tr>
<tr>
<td title='TestNG.CMAC.CreateProjectForTest()'><b>CreateProjectForTest</b><br>Test class: TestNG.CMAC<br>Parameters: https://cmac-dev.app.wtcdev2.paas.fedex.com/cmac/v3/projects, fdx_login=ssoxdev1.c984.49b35863, Proj CASTDC60, [Ljava.lang.String;@7638d19f</td>
<td><div><pre>java.lang.AssertionError: 
Expected: (a string containing &quot;transactionId&quot; and a string containing &quot;pid&quot; and a string containing &quot;projectname&quot; and a string containing &quot;cid&quot; and a string containing &quot;accountNumber&quot; and a string containing &quot;creationtime&quot;)
     but: a string containing &quot;pid&quot; was &quot;{&quot;transactionId&quot;:&quot;331ac2fe-ff87-41e1-b093-59fc22b40333&quot;,&quot;errors&quot;:[{&quot;code&quot;:&quot;SYSTEM.UNEXPECTED.ERROR&quot;,&quot;message&quot;:&quot;GENERIC.ERROR&quot;}]}&quot;
	at org.hamcrest.MatcherAssert.assertThat(MatcherAssert.java:20)
	at org.junit.Assert.assertThat(Assert.java:956)
	at org.junit.Assert.assertThat(Assert.java:923)
	at TestNG.CMAC.CreateProjectForTest(CMAC.java:507)
	at sun.reflect.NativeMethodAccessorImpl.invoke0(Native Method)
	at sun.reflect.NativeMethodAccessorImpl.invoke(Unknown Source)
	at sun.reflect.DelegatingMethodAccessorImpl.invoke(Unknown Source)
	at java.lang.reflect.Method.invoke(Unknown Source)
	at org.testng.internal.MethodInvocationHelper.invokeMethod(MethodInvocationHelper.java:124)
	at org.testng.internal.Invoker.invokeMethod(Invoker.java:580)
	at org.testng.internal.Invoker.invokeTestMethod(Invoker.java:716)
	at org.testng.internal.TestMethodWithDataProviderMethodWorker.call(TestMethodWithDataProviderMethodWorker.java:71)
	at org.testng.internal.TestMethodWithDataProviderMethodWorker.call(TestMethodWithDataProviderMethodWorker.java:14)
	at java.util.concurrent.FutureTask.run(Unknown Source)
	at java.util.concurrent.Executors$RunnableAdapter.call(Unknown Source)
	at java.util.concurrent.FutureTask.run(Unknown Source)
	at java.util.concurrent.ThreadPoolExecutor.runWorker(Unknown Source)
	at java.util.concurrent.ThreadPoolExecutor$Worker.run(Unknown Source)
	at java.lang.Thread.run(Unknown Source)
</pre></div><a href='#' onClick='toggleBox("stack-trace145120610", this, "Click to show all stack frames", "Click to hide stack frames")'>Click to show all stack frames</a>
<div class='stack-trace' id='stack-trace145120610'><pre>java.lang.AssertionError: 
Expected: (a string containing &quot;transactionId&quot; and a string containing &quot;pid&quot; and a string containing &quot;projectname&quot; and a string containing &quot;cid&quot; and a string containing &quot;accountNumber&quot; and a string containing &quot;creationtime&quot;)
     but: a string containing &quot;pid&quot; was &quot;{&quot;transactionId&quot;:&quot;331ac2fe-ff87-41e1-b093-59fc22b40333&quot;,&quot;errors&quot;:[{&quot;code&quot;:&quot;SYSTEM.UNEXPECTED.ERROR&quot;,&quot;message&quot;:&quot;GENERIC.ERROR&quot;}]}&quot;
	at org.hamcrest.MatcherAssert.assertThat(MatcherAssert.java:20)
	at org.junit.Assert.assertThat(Assert.java:956)
	at org.junit.Assert.assertThat(Assert.java:923)
	at TestNG.CMAC.CreateProjectForTest(CMAC.java:507)
	at sun.reflect.NativeMethodAccessorImpl.invoke0(Native Method)
	at sun.reflect.NativeMethodAccessorImpl.invoke(Unknown Source)
	at sun.reflect.DelegatingMethodAccessorImpl.invoke(Unknown Source)
	at java.lang.reflect.Method.invoke(Unknown Source)
	at org.testng.internal.MethodInvocationHelper.invokeMethod(MethodInvocationHelper.java:124)
	at org.testng.internal.Invoker.invokeMethod(Invoker.java:580)
	at org.testng.internal.Invoker.invokeTestMethod(Invoker.java:716)
	at org.testng.internal.TestMethodWithDataProviderMethodWorker.call(TestMethodWithDataProviderMethodWorker.java:71)
	at org.testng.internal.TestMethodWithDataProviderMethodWorker.call(TestMethodWithDataProviderMethodWorker.java:14)
	at java.util.concurrent.FutureTask.run(Unknown Source)
	at java.util.concurrent.Executors$RunnableAdapter.call(Unknown Source)
	at java.util.concurrent.FutureTask.run(Unknown Source)
	at java.util.concurrent.ThreadPoolExecutor.runWorker(Unknown Source)
	at java.util.concurrent.ThreadPoolExecutor$Worker.run(Unknown Source)
	at java.lang.Thread.run(Unknown Source)
</pre></div></td>
<td>3</td>
<td>TestNG.CMAC@2344fc66</td></tr>
<tr>
<td title='TestNG.CMAC.CreateProjectForTest()'><b>CreateProjectForTest</b><br>Test class: TestNG.CMAC<br>Parameters: https://cmac-dev.app.wtcdev2.paas.fedex.com/cmac/v3/projects, fdx_login=ssoxdev1.8409.4eea83d5, Proj L3TWNoRs, [Ljava.lang.String;@7294dce0</td>
<td><div><pre>java.lang.AssertionError: 
Expected: (a string containing &quot;transactionId&quot; and a string containing &quot;pid&quot; and a string containing &quot;projectname&quot; and a string containing &quot;cid&quot; and a string containing &quot;accountNumber&quot; and a string containing &quot;creationtime&quot;)
     but: a string containing &quot;pid&quot; was &quot;{&quot;transactionId&quot;:&quot;1d9942c6-1900-446b-8551-46dc71fae8de&quot;,&quot;errors&quot;:[{&quot;code&quot;:&quot;SYSTEM.UNEXPECTED.ERROR&quot;,&quot;message&quot;:&quot;GENERIC.ERROR&quot;}]}&quot;
	at org.hamcrest.MatcherAssert.assertThat(MatcherAssert.java:20)
	at org.junit.Assert.assertThat(Assert.java:956)
	at org.junit.Assert.assertThat(Assert.java:923)
	at TestNG.CMAC.CreateProjectForTest(CMAC.java:507)
	at sun.reflect.NativeMethodAccessorImpl.invoke0(Native Method)
	at sun.reflect.NativeMethodAccessorImpl.invoke(Unknown Source)
	at sun.reflect.DelegatingMethodAccessorImpl.invoke(Unknown Source)
	at java.lang.reflect.Method.invoke(Unknown Source)
	at org.testng.internal.MethodInvocationHelper.invokeMethod(MethodInvocationHelper.java:124)
	at org.testng.internal.Invoker.invokeMethod(Invoker.java:580)
	at org.testng.internal.Invoker.invokeTestMethod(Invoker.java:716)
	at org.testng.internal.TestMethodWithDataProviderMethodWorker.call(TestMethodWithDataProviderMethodWorker.java:71)
	at org.testng.internal.TestMethodWithDataProviderMethodWorker.call(TestMethodWithDataProviderMethodWorker.java:14)
	at java.util.concurrent.FutureTask.run(Unknown Source)
	at java.util.concurrent.Executors$RunnableAdapter.call(Unknown Source)
	at java.util.concurrent.FutureTask.run(Unknown Source)
	at java.util.concurrent.ThreadPoolExecutor.runWorker(Unknown Source)
	at java.util.concurrent.ThreadPoolExecutor$Worker.run(Unknown Source)
	at java.lang.Thread.run(Unknown Source)
</pre></div><a href='#' onClick='toggleBox("stack-trace1262201709", this, "Click to show all stack frames", "Click to hide stack frames")'>Click to show all stack frames</a>
<div class='stack-trace' id='stack-trace1262201709'><pre>java.lang.AssertionError: 
Expected: (a string containing &quot;transactionId&quot; and a string containing &quot;pid&quot; and a string containing &quot;projectname&quot; and a string containing &quot;cid&quot; and a string containing &quot;accountNumber&quot; and a string containing &quot;creationtime&quot;)
     but: a string containing &quot;pid&quot; was &quot;{&quot;transactionId&quot;:&quot;1d9942c6-1900-446b-8551-46dc71fae8de&quot;,&quot;errors&quot;:[{&quot;code&quot;:&quot;SYSTEM.UNEXPECTED.ERROR&quot;,&quot;message&quot;:&quot;GENERIC.ERROR&quot;}]}&quot;
	at org.hamcrest.MatcherAssert.assertThat(MatcherAssert.java:20)
	at org.junit.Assert.assertThat(Assert.java:956)
	at org.junit.Assert.assertThat(Assert.java:923)
	at TestNG.CMAC.CreateProjectForTest(CMAC.java:507)
	at sun.reflect.NativeMethodAccessorImpl.invoke0(Native Method)
	at sun.reflect.NativeMethodAccessorImpl.invoke(Unknown Source)
	at sun.reflect.DelegatingMethodAccessorImpl.invoke(Unknown Source)
	at java.lang.reflect.Method.invoke(Unknown Source)
	at org.testng.internal.MethodInvocationHelper.invokeMethod(MethodInvocationHelper.java:124)
	at org.testng.internal.Invoker.invokeMethod(Invoker.java:580)
	at org.testng.internal.Invoker.invokeTestMethod(Invoker.java:716)
	at org.testng.internal.TestMethodWithDataProviderMethodWorker.call(TestMethodWithDataProviderMethodWorker.java:71)
	at org.testng.internal.TestMethodWithDataProviderMethodWorker.call(TestMethodWithDataProviderMethodWorker.java:14)
	at java.util.concurrent.FutureTask.run(Unknown Source)
	at java.util.concurrent.Executors$RunnableAdapter.call(Unknown Source)
	at java.util.concurrent.FutureTask.run(Unknown Source)
	at java.util.concurrent.ThreadPoolExecutor.runWorker(Unknown Source)
	at java.util.concurrent.ThreadPoolExecutor$Worker.run(Unknown Source)
	at java.lang.Thread.run(Unknown Source)
</pre></div></td>
<td>4</td>
<td>TestNG.CMAC@2344fc66</td></tr>
<tr>
<td title='TestNG.CMAC.CreateProjectInvalidLength()'><b>CreateProjectInvalidLength</b><br>Test class: TestNG.CMAC<br>Parameters: https://cmac-dev.app.wtcdev2.paas.fedex.com/cmac/v3/projects, fdx_login=ssoxdev1.d495.141328ac, Proj_Invalid Lentgh nkjxsppwkdynxpkbnjuyhzqnnfvahbwatkmicyuzqxjeixjlrjtmxaevhackwoiiqngfolkpehvsnrifsgxcxhsulqvrkbjdfgy, [Ljava.lang.String;@3aedb556</td>
<td><div><pre>java.lang.AssertionError: 
Expected: (a string containing &quot;code&quot; and a string containing &quot;SYSTEM.UNEXPECTED.ERROR&quot; and a string containing &quot;message&quot; and a string containing &quot;GENERIC.ERROR&quot;)
     but: a string containing &quot;code&quot; was &quot;{&quot;timestamp&quot;:1538664251564,&quot;status&quot;:400,&quot;error&quot;:&quot;Bad Request&quot;,&quot;exception&quot;:&quot;org.springframework.http.converter.HttpMessageNotReadableException&quot;,&quot;message&quot;:&quot;JSON parse error: Can not deserialize instance of java.util.ArrayList out of VALUE_STRING token; nested exception is com.fasterxml.jackson.databind.JsonMappingException: Can not deserialize instance of java.util.ArrayList out of VALUE_STRING token\n at [Source: java.io.PushbackInputStream@7376e882; line: 1, column: 19] (through reference chain: com.fedex.cxs.cmac.v3.vo.ProjectProfileInputVO[\&quot;resourcesInput\&quot;])&quot;,&quot;path&quot;:&quot;/cmac/v3/projects&quot;}&quot;
	at org.hamcrest.MatcherAssert.assertThat(MatcherAssert.java:20)
	at org.junit.Assert.assertThat(Assert.java:956)
	at org.junit.Assert.assertThat(Assert.java:923)
	at TestNG.CMAC.CreateProjectInvalidLength(CMAC.java:229)
	at sun.reflect.NativeMethodAccessorImpl.invoke0(Native Method)
	at sun.reflect.NativeMethodAccessorImpl.invoke(Unknown Source)
	at sun.reflect.DelegatingMethodAccessorImpl.invoke(Unknown Source)
	at java.lang.reflect.Method.invoke(Unknown Source)
	at org.testng.internal.MethodInvocationHelper.invokeMethod(MethodInvocationHelper.java:124)
	at org.testng.internal.Invoker.invokeMethod(Invoker.java:580)
	at org.testng.internal.Invoker.invokeTestMethod(Invoker.java:716)
	at org.testng.internal.TestMethodWithDataProviderMethodWorker.call(TestMethodWithDataProviderMethodWorker.java:71)
	at org.testng.internal.TestMethodWithDataProviderMethodWorker.call(TestMethodWithDataProviderMethodWorker.java:14)
	at java.util.concurrent.FutureTask.run(Unknown Source)
	at java.util.concurrent.Executors$RunnableAdapter.call(Unknown Source)
	at java.util.concurrent.FutureTask.run(Unknown Source)
	at java.util.concurrent.ThreadPoolExecutor.runWorker(Unknown Source)
	at java.util.concurrent.ThreadPoolExecutor$Worker.run(Unknown Source)
	at java.lang.Thread.run(Unknown Source)
</pre></div><a href='#' onClick='toggleBox("stack-trace2146383055", this, "Click to show all stack frames", "Click to hide stack frames")'>Click to show all stack frames</a>
<div class='stack-trace' id='stack-trace2146383055'><pre>java.lang.AssertionError: 
Expected: (a string containing &quot;code&quot; and a string containing &quot;SYSTEM.UNEXPECTED.ERROR&quot; and a string containing &quot;message&quot; and a string containing &quot;GENERIC.ERROR&quot;)
     but: a string containing &quot;code&quot; was &quot;{&quot;timestamp&quot;:1538664251564,&quot;status&quot;:400,&quot;error&quot;:&quot;Bad Request&quot;,&quot;exception&quot;:&quot;org.springframework.http.converter.HttpMessageNotReadableException&quot;,&quot;message&quot;:&quot;JSON parse error: Can not deserialize instance of java.util.ArrayList out of VALUE_STRING token; nested exception is com.fasterxml.jackson.databind.JsonMappingException: Can not deserialize instance of java.util.ArrayList out of VALUE_STRING token\n at [Source: java.io.PushbackInputStream@7376e882; line: 1, column: 19] (through reference chain: com.fedex.cxs.cmac.v3.vo.ProjectProfileInputVO[\&quot;resourcesInput\&quot;])&quot;,&quot;path&quot;:&quot;/cmac/v3/projects&quot;}&quot;
	at org.hamcrest.MatcherAssert.assertThat(MatcherAssert.java:20)
	at org.junit.Assert.assertThat(Assert.java:956)
	at org.junit.Assert.assertThat(Assert.java:923)
	at TestNG.CMAC.CreateProjectInvalidLength(CMAC.java:229)
	at sun.reflect.NativeMethodAccessorImpl.invoke0(Native Method)
	at sun.reflect.NativeMethodAccessorImpl.invoke(Unknown Source)
	at sun.reflect.DelegatingMethodAccessorImpl.invoke(Unknown Source)
	at java.lang.reflect.Method.invoke(Unknown Source)
	at org.testng.internal.MethodInvocationHelper.invokeMethod(MethodInvocationHelper.java:124)
	at org.testng.internal.Invoker.invokeMethod(Invoker.java:580)
	at org.testng.internal.Invoker.invokeTestMethod(Invoker.java:716)
	at org.testng.internal.TestMethodWithDataProviderMethodWorker.call(TestMethodWithDataProviderMethodWorker.java:71)
	at org.testng.internal.TestMethodWithDataProviderMethodWorker.call(TestMethodWithDataProviderMethodWorker.java:14)
	at java.util.concurrent.FutureTask.run(Unknown Source)
	at java.util.concurrent.Executors$RunnableAdapter.call(Unknown Source)
	at java.util.concurrent.FutureTask.run(Unknown Source)
	at java.util.concurrent.ThreadPoolExecutor.runWorker(Unknown Source)
	at java.util.concurrent.ThreadPoolExecutor$Worker.run(Unknown Source)
	at java.lang.Thread.run(Unknown Source)
</pre></div></td>
<td>0</td>
<td>TestNG.CMAC@2344fc66</td></tr>
<tr>
<td title='TestNG.CMAC.DeleteCredentials()'><b>DeleteCredentials</b><br>Test class: TestNG.CMAC</td>
<td><div><pre>org.testng.internal.reflect.MethodMatcherException: 
Data provider mismatch
Method: DeleteCredentials([Parameter{index=0, type=java.lang.String, declaredAnnotations=[]}, Parameter{index=1, type=java.lang.String, declaredAnnotations=[]}, Parameter{index=2, type=java.lang.String, declaredAnnotations=[]}, Parameter{index=3, type=java.lang.String, declaredAnnotations=[]}])
Arguments: [(java.lang.String) https://cmac-dev.app.wtcdev2.paas.fedex.com/cmac/v3/credentials/,(java.lang.String) 10371]
	at org.testng.internal.reflect.DataProviderMethodMatcher.getConformingArguments(DataProviderMethodMatcher.java:45)
	at org.testng.internal.Parameters.injectParameters(Parameters.java:796)
	at org.testng.internal.Invoker.invokeTestMethods(Invoker.java:954)
	at org.testng.internal.TestMethodWorker.invokeTestMethods(TestMethodWorker.java:125)
	at org.testng.internal.TestMethodWorker.run(TestMethodWorker.java:109)
	at org.testng.TestRunner.privateRun(TestRunner.java:648)
	at org.testng.TestRunner.run(TestRunner.java:505)
	at org.testng.SuiteRunner.runTest(SuiteRunner.java:455)
	at org.testng.SuiteRunner.runSequentially(SuiteRunner.java:450)
	at org.testng.SuiteRunner.privateRun(SuiteRunner.java:415)
	at org.testng.SuiteRunner.run(SuiteRunner.java:364)
	at org.testng.SuiteRunnerWorker.runSuite(SuiteRunnerWorker.java:52)
	at org.testng.SuiteRunnerWorker.run(SuiteRunnerWorker.java:84)
	at org.testng.TestNG.runSuitesSequentially(TestNG.java:1208)
	at org.testng.TestNG.runSuitesLocally(TestNG.java:1137)
	at org.testng.TestNG.runSuites(TestNG.java:1049)
	at org.testng.TestNG.run(TestNG.java:1017)
	at org.testng.remote.AbstractRemoteTestNG.run(AbstractRemoteTestNG.java:114)
	at org.testng.remote.RemoteTestNG.initAndRun(RemoteTestNG.java:251)
	at org.testng.remote.RemoteTestNG.main(RemoteTestNG.java:77)
</pre></div><a href='#' onClick='toggleBox("stack-trace434610528", this, "Click to show all stack frames", "Click to hide stack frames")'>Click to show all stack frames</a>
<div class='stack-trace' id='stack-trace434610528'><pre>org.testng.internal.reflect.MethodMatcherException: 
Data provider mismatch
Method: DeleteCredentials([Parameter{index=0, type=java.lang.String, declaredAnnotations=[]}, Parameter{index=1, type=java.lang.String, declaredAnnotations=[]}, Parameter{index=2, type=java.lang.String, declaredAnnotations=[]}, Parameter{index=3, type=java.lang.String, declaredAnnotations=[]}])
Arguments: [(java.lang.String) https://cmac-dev.app.wtcdev2.paas.fedex.com/cmac/v3/credentials/,(java.lang.String) 10371]
	at org.testng.internal.reflect.DataProviderMethodMatcher.getConformingArguments(DataProviderMethodMatcher.java:45)
	at org.testng.internal.Parameters.injectParameters(Parameters.java:796)
	at org.testng.internal.Invoker.invokeTestMethods(Invoker.java:954)
	at org.testng.internal.TestMethodWorker.invokeTestMethods(TestMethodWorker.java:125)
	at org.testng.internal.TestMethodWorker.run(TestMethodWorker.java:109)
	at org.testng.TestRunner.privateRun(TestRunner.java:648)
	at org.testng.TestRunner.run(TestRunner.java:505)
	at org.testng.SuiteRunner.runTest(SuiteRunner.java:455)
	at org.testng.SuiteRunner.runSequentially(SuiteRunner.java:450)
	at org.testng.SuiteRunner.privateRun(SuiteRunner.java:415)
	at org.testng.SuiteRunner.run(SuiteRunner.java:364)
	at org.testng.SuiteRunnerWorker.runSuite(SuiteRunnerWorker.java:52)
	at org.testng.SuiteRunnerWorker.run(SuiteRunnerWorker.java:84)
	at org.testng.TestNG.runSuitesSequentially(TestNG.java:1208)
	at org.testng.TestNG.runSuitesLocally(TestNG.java:1137)
	at org.testng.TestNG.runSuites(TestNG.java:1049)
	at org.testng.TestNG.run(TestNG.java:1017)
	at org.testng.remote.AbstractRemoteTestNG.run(AbstractRemoteTestNG.java:114)
	at org.testng.remote.RemoteTestNG.initAndRun(RemoteTestNG.java:251)
	at org.testng.remote.RemoteTestNG.main(RemoteTestNG.java:77)
</pre></div></td>
<td>0</td>
<td>TestNG.CMAC@2344fc66</td></tr>
<tr>
<td title='TestNG.CMAC.DeleteResources()'><b>DeleteResources</b><br>Test class: TestNG.CMAC</td>
<td><div><pre>org.testng.internal.reflect.MethodMatcherException: 
Data provider mismatch
Method: DeleteResources([Parameter{index=0, type=java.lang.String, declaredAnnotations=[]}, Parameter{index=1, type=java.lang.String, declaredAnnotations=[]}, Parameter{index=2, type=java.lang.String, declaredAnnotations=[]}, Parameter{index=3, type=java.lang.String, declaredAnnotations=[]}])
Arguments: [(java.lang.String) https://cmac-dev.app.wtcdev2.paas.fedex.com/cmac/v3/projects/,(java.lang.String) 10371]
	at org.testng.internal.reflect.DataProviderMethodMatcher.getConformingArguments(DataProviderMethodMatcher.java:45)
	at org.testng.internal.Parameters.injectParameters(Parameters.java:796)
	at org.testng.internal.Invoker.invokeTestMethods(Invoker.java:954)
	at org.testng.internal.TestMethodWorker.invokeTestMethods(TestMethodWorker.java:125)
	at org.testng.internal.TestMethodWorker.run(TestMethodWorker.java:109)
	at org.testng.TestRunner.privateRun(TestRunner.java:648)
	at org.testng.TestRunner.run(TestRunner.java:505)
	at org.testng.SuiteRunner.runTest(SuiteRunner.java:455)
	at org.testng.SuiteRunner.runSequentially(SuiteRunner.java:450)
	at org.testng.SuiteRunner.privateRun(SuiteRunner.java:415)
	at org.testng.SuiteRunner.run(SuiteRunner.java:364)
	at org.testng.SuiteRunnerWorker.runSuite(SuiteRunnerWorker.java:52)
	at org.testng.SuiteRunnerWorker.run(SuiteRunnerWorker.java:84)
	at org.testng.TestNG.runSuitesSequentially(TestNG.java:1208)
	at org.testng.TestNG.runSuitesLocally(TestNG.java:1137)
	at org.testng.TestNG.runSuites(TestNG.java:1049)
	at org.testng.TestNG.run(TestNG.java:1017)
	at org.testng.remote.AbstractRemoteTestNG.run(AbstractRemoteTestNG.java:114)
	at org.testng.remote.RemoteTestNG.initAndRun(RemoteTestNG.java:251)
	at org.testng.remote.RemoteTestNG.main(RemoteTestNG.java:77)
</pre></div><a href='#' onClick='toggleBox("stack-trace638169719", this, "Click to show all stack frames", "Click to hide stack frames")'>Click to show all stack frames</a>
<div class='stack-trace' id='stack-trace638169719'><pre>org.testng.internal.reflect.MethodMatcherException: 
Data provider mismatch
Method: DeleteResources([Parameter{index=0, type=java.lang.String, declaredAnnotations=[]}, Parameter{index=1, type=java.lang.String, declaredAnnotations=[]}, Parameter{index=2, type=java.lang.String, declaredAnnotations=[]}, Parameter{index=3, type=java.lang.String, declaredAnnotations=[]}])
Arguments: [(java.lang.String) https://cmac-dev.app.wtcdev2.paas.fedex.com/cmac/v3/projects/,(java.lang.String) 10371]
	at org.testng.internal.reflect.DataProviderMethodMatcher.getConformingArguments(DataProviderMethodMatcher.java:45)
	at org.testng.internal.Parameters.injectParameters(Parameters.java:796)
	at org.testng.internal.Invoker.invokeTestMethods(Invoker.java:954)
	at org.testng.internal.TestMethodWorker.invokeTestMethods(TestMethodWorker.java:125)
	at org.testng.internal.TestMethodWorker.run(TestMethodWorker.java:109)
	at org.testng.TestRunner.privateRun(TestRunner.java:648)
	at org.testng.TestRunner.run(TestRunner.java:505)
	at org.testng.SuiteRunner.runTest(SuiteRunner.java:455)
	at org.testng.SuiteRunner.runSequentially(SuiteRunner.java:450)
	at org.testng.SuiteRunner.privateRun(SuiteRunner.java:415)
	at org.testng.SuiteRunner.run(SuiteRunner.java:364)
	at org.testng.SuiteRunnerWorker.runSuite(SuiteRunnerWorker.java:52)
	at org.testng.SuiteRunnerWorker.run(SuiteRunnerWorker.java:84)
	at org.testng.TestNG.runSuitesSequentially(TestNG.java:1208)
	at org.testng.TestNG.runSuitesLocally(TestNG.java:1137)
	at org.testng.TestNG.runSuites(TestNG.java:1049)
	at org.testng.TestNG.run(TestNG.java:1017)
	at org.testng.remote.AbstractRemoteTestNG.run(AbstractRemoteTestNG.java:114)
	at org.testng.remote.RemoteTestNG.initAndRun(RemoteTestNG.java:251)
	at org.testng.remote.RemoteTestNG.main(RemoteTestNG.java:77)
</pre></div></td>
<td>0</td>
<td>TestNG.CMAC@2344fc66</td></tr>
<tr>
<td title='TestNG.CMAC.UpdateProjectName()'><b>UpdateProjectName</b><br>Test class: TestNG.CMAC</td>
<td><div><pre>org.testng.internal.reflect.MethodMatcherException: 
Data provider mismatch
Method: UpdateProjectName([Parameter{index=0, type=java.lang.String, declaredAnnotations=[]}, Parameter{index=1, type=java.lang.String, declaredAnnotations=[]}, Parameter{index=2, type=java.lang.String, declaredAnnotations=[]}, Parameter{index=3, type=java.lang.String, declaredAnnotations=[]}])
Arguments: [(java.lang.String) https://cmac-dev.app.wtcdev2.paas.fedex.com/cmac/v3/projects/,(java.lang.String) 10371,(java.lang.String) Proj Update 100418T094413]
	at org.testng.internal.reflect.DataProviderMethodMatcher.getConformingArguments(DataProviderMethodMatcher.java:45)
	at org.testng.internal.Parameters.injectParameters(Parameters.java:796)
	at org.testng.internal.Invoker.invokeTestMethods(Invoker.java:954)
	at org.testng.internal.TestMethodWorker.invokeTestMethods(TestMethodWorker.java:125)
	at org.testng.internal.TestMethodWorker.run(TestMethodWorker.java:109)
	at org.testng.TestRunner.privateRun(TestRunner.java:648)
	at org.testng.TestRunner.run(TestRunner.java:505)
	at org.testng.SuiteRunner.runTest(SuiteRunner.java:455)
	at org.testng.SuiteRunner.runSequentially(SuiteRunner.java:450)
	at org.testng.SuiteRunner.privateRun(SuiteRunner.java:415)
	at org.testng.SuiteRunner.run(SuiteRunner.java:364)
	at org.testng.SuiteRunnerWorker.runSuite(SuiteRunnerWorker.java:52)
	at org.testng.SuiteRunnerWorker.run(SuiteRunnerWorker.java:84)
	at org.testng.TestNG.runSuitesSequentially(TestNG.java:1208)
	at org.testng.TestNG.runSuitesLocally(TestNG.java:1137)
	at org.testng.TestNG.runSuites(TestNG.java:1049)
	at org.testng.TestNG.run(TestNG.java:1017)
	at org.testng.remote.AbstractRemoteTestNG.run(AbstractRemoteTestNG.java:114)
	at org.testng.remote.RemoteTestNG.initAndRun(RemoteTestNG.java:251)
	at org.testng.remote.RemoteTestNG.main(RemoteTestNG.java:77)
</pre></div><a href='#' onClick='toggleBox("stack-trace2024415090", this, "Click to show all stack frames", "Click to hide stack frames")'>Click to show all stack frames</a>
<div class='stack-trace' id='stack-trace2024415090'><pre>org.testng.internal.reflect.MethodMatcherException: 
Data provider mismatch
Method: UpdateProjectName([Parameter{index=0, type=java.lang.String, declaredAnnotations=[]}, Parameter{index=1, type=java.lang.String, declaredAnnotations=[]}, Parameter{index=2, type=java.lang.String, declaredAnnotations=[]}, Parameter{index=3, type=java.lang.String, declaredAnnotations=[]}])
Arguments: [(java.lang.String) https://cmac-dev.app.wtcdev2.paas.fedex.com/cmac/v3/projects/,(java.lang.String) 10371,(java.lang.String) Proj Update 100418T094413]
	at org.testng.internal.reflect.DataProviderMethodMatcher.getConformingArguments(DataProviderMethodMatcher.java:45)
	at org.testng.internal.Parameters.injectParameters(Parameters.java:796)
	at org.testng.internal.Invoker.invokeTestMethods(Invoker.java:954)
	at org.testng.internal.TestMethodWorker.invokeTestMethods(TestMethodWorker.java:125)
	at org.testng.internal.TestMethodWorker.run(TestMethodWorker.java:109)
	at org.testng.TestRunner.privateRun(TestRunner.java:648)
	at org.testng.TestRunner.run(TestRunner.java:505)
	at org.testng.SuiteRunner.runTest(SuiteRunner.java:455)
	at org.testng.SuiteRunner.runSequentially(SuiteRunner.java:450)
	at org.testng.SuiteRunner.privateRun(SuiteRunner.java:415)
	at org.testng.SuiteRunner.run(SuiteRunner.java:364)
	at org.testng.SuiteRunnerWorker.runSuite(SuiteRunnerWorker.java:52)
	at org.testng.SuiteRunnerWorker.run(SuiteRunnerWorker.java:84)
	at org.testng.TestNG.runSuitesSequentially(TestNG.java:1208)
	at org.testng.TestNG.runSuitesLocally(TestNG.java:1137)
	at org.testng.TestNG.runSuites(TestNG.java:1049)
	at org.testng.TestNG.run(TestNG.java:1017)
	at org.testng.remote.AbstractRemoteTestNG.run(AbstractRemoteTestNG.java:114)
	at org.testng.remote.RemoteTestNG.initAndRun(RemoteTestNG.java:251)
	at org.testng.remote.RemoteTestNG.main(RemoteTestNG.java:77)
</pre></div></td>
<td>0</td>
<td>TestNG.CMAC@2344fc66</td></tr>
</table><p>
<table width='100%' border='1' class='invocation-passed'>
<tr><td colspan='4' align='center'><b>PASSED TESTS</b></td></tr>
<tr><td><b>Test method</b></td>
<td width="30%"><b>Exception</b></td>
<td width="10%"><b>Time (seconds)</b></td>
<td><b>Instance</b></td>
</tr>
<tr>
<td title='TestNG.CMAC.AddResourcesToProject()'><b>AddResourcesToProject</b><br>Test class: TestNG.CMAC<br>Parameters: https://cmac-dev.app.wtcdev2.paas.fedex.com/cmac/v3/projects/, 10371, [Ljava.lang.String;@1cd37328</td>
<td></td>
<td>0</td>
<td>TestNG.CMAC@2344fc66</td></tr>
<tr>
<td title='TestNG.CMAC.AddResourcesToProject()'><b>AddResourcesToProject</b><br>Test class: TestNG.CMAC<br>Parameters: https://cmac-dev.app.wtcdev2.paas.fedex.com/cmac/v3/projects/, 10371, [Ljava.lang.String;@34bccdde</td>
<td></td>
<td>0</td>
<td>TestNG.CMAC@2344fc66</td></tr>
<tr>
<td title='TestNG.CMAC.AddResourcesToProject()'><b>AddResourcesToProject</b><br>Test class: TestNG.CMAC<br>Parameters: https://cmac-dev.app.wtcdev2.paas.fedex.com/cmac/v3/projects/, 10371, [Ljava.lang.String;@7294dce0</td>
<td></td>
<td>0</td>
<td>TestNG.CMAC@2344fc66</td></tr>
<tr>
<td title='TestNG.CMAC.AddResourcesToProject()'><b>AddResourcesToProject</b><br>Test class: TestNG.CMAC<br>Parameters: https://cmac-dev.app.wtcdev2.paas.fedex.com/cmac/v3/projects/, 10371, [Ljava.lang.String;@1ed94c18</td>
<td></td>
<td>0</td>
<td>TestNG.CMAC@2344fc66</td></tr>
<tr>
<td title='TestNG.CMAC.AddResourcesToProject()'><b>AddResourcesToProject</b><br>Test class: TestNG.CMAC<br>Parameters: https://cmac-dev.app.wtcdev2.paas.fedex.com/cmac/v3/projects/, 10371, [Ljava.lang.String;@7638d19f</td>
<td></td>
<td>0</td>
<td>TestNG.CMAC@2344fc66</td></tr>
<tr>
<td title='TestNG.CMAC.AddResourcesToProject()'><b>AddResourcesToProject</b><br>Test class: TestNG.CMAC<br>Parameters: https://cmac-dev.app.wtcdev2.paas.fedex.com/cmac/v3/projects/, 10371, [Ljava.lang.String;@1224a58a</td>
<td></td>
<td>0</td>
<td>TestNG.CMAC@2344fc66</td></tr>
<tr>
<td title='TestNG.CMAC.AddResourcesToProject()'><b>AddResourcesToProject</b><br>Test class: TestNG.CMAC<br>Parameters: https://cmac-dev.app.wtcdev2.paas.fedex.com/cmac/v3/projects/, 10371, [Ljava.lang.String;@47206646</td>
<td></td>
<td>0</td>
<td>TestNG.CMAC@2344fc66</td></tr>
<tr>
<td title='TestNG.CMAC.AddResourcesToProject()'><b>AddResourcesToProject</b><br>Test class: TestNG.CMAC<br>Parameters: https://cmac-dev.app.wtcdev2.paas.fedex.com/cmac/v3/projects/, 10371, [Ljava.lang.String;@71a83033</td>
<td></td>
<td>0</td>
<td>TestNG.CMAC@2344fc66</td></tr>
<tr>
<td title='TestNG.CMAC.CreateCredentialsForProject()'><b>CreateCredentialsForProject</b><br>Test class: TestNG.CMAC<br>Parameters: https://cmac-dev.app.wtcdev2.paas.fedex.com/cmac/v3/projects/, fdx_login=ssoxdev1.d495.141328ac</td>
<td></td>
<td>3</td>
<td>TestNG.CMAC@2344fc66</td></tr>
<tr>
<td title='TestNG.CMAC.RetrieveProjectDetails()'><b>RetrieveProjectDetails</b><br>Test class: TestNG.CMAC<br>Parameters: https://cmac-dev.app.wtcdev2.paas.fedex.com/cmac/v3/projects/, fdx_login=ssoxdev1.d495.141328ac, 10371</td>
<td></td>
<td>0</td>
<td>TestNG.CMAC@2344fc66</td></tr>
<tr>
<td title='TestNG.CMAC.RetrieveProjectDetails()'><b>RetrieveProjectDetails</b><br>Test class: TestNG.CMAC<br>Parameters: https://cmac-dev.app.wtcdev2.paas.fedex.com/cmac/v3/projects/, fdx_login=ssoxdev1.d495.141328ac, 10386</td>
<td></td>
<td>0</td>
<td>TestNG.CMAC@2344fc66</td></tr>
<tr>
<td title='TestNG.CMAC.RetrieveProjectDetails()'><b>RetrieveProjectDetails</b><br>Test class: TestNG.CMAC<br>Parameters: https://cmac-dev.app.wtcdev2.paas.fedex.com/cmac/v3/projects/, fdx_login=ssoxdev1.8d9f.29298c12, 10439</td>
<td></td>
<td>0</td>
<td>TestNG.CMAC@2344fc66</td></tr>
<tr>
<td title='TestNG.CMAC.RetrieveProjectDetails()'><b>RetrieveProjectDetails</b><br>Test class: TestNG.CMAC<br>Parameters: https://cmac-dev.app.wtcdev2.paas.fedex.com/cmac/v3/projects/, fdx_login=ssoxdev1.d495.141328ac, 10635</td>
<td></td>
<td>0</td>
<td>TestNG.CMAC@2344fc66</td></tr>
<tr>
<td title='TestNG.CMAC.RetrieveProjectDetails()'><b>RetrieveProjectDetails</b><br>Test class: TestNG.CMAC<br>Parameters: https://cmac-dev.app.wtcdev2.paas.fedex.com/cmac/v3/projects/, fdx_login=ssoxdev1.8d9f.29298c12, 10280</td>
<td></td>
<td>0</td>
<td>TestNG.CMAC@2344fc66</td></tr>
<tr>
<td title='TestNG.CMAC.RetrieveProjectDetails()'><b>RetrieveProjectDetails</b><br>Test class: TestNG.CMAC<br>Parameters: https://cmac-dev.app.wtcdev2.paas.fedex.com/cmac/v3/projects/, fdx_login=ssoxdev1.9aab.78b29a35, 10473</td>
<td></td>
<td>0</td>
<td>TestNG.CMAC@2344fc66</td></tr>
<tr>
<td title='TestNG.CMAC.RetrieveProjectDetails()'><b>RetrieveProjectDetails</b><br>Test class: TestNG.CMAC<br>Parameters: https://cmac-dev.app.wtcdev2.paas.fedex.com/cmac/v3/projects/, fdx_login=ssoxdev1.d495.141328ac, 10600</td>
<td></td>
<td>0</td>
<td>TestNG.CMAC@2344fc66</td></tr>
<tr>
<td title='TestNG.CMAC.RetrieveProjectDetails()'><b>RetrieveProjectDetails</b><br>Test class: TestNG.CMAC<br>Parameters: https://cmac-dev.app.wtcdev2.paas.fedex.com/cmac/v3/projects/, fdx_login=ssoxdev1.9aab.78b29a35, 10781</td>
<td></td>
<td>0</td>
<td>TestNG.CMAC@2344fc66</td></tr>
<tr>
<td title='TestNG.CMAC.RetrieveProjectDetails()'><b>RetrieveProjectDetails</b><br>Test class: TestNG.CMAC<br>Parameters: https://cmac-dev.app.wtcdev2.paas.fedex.com/cmac/v3/projects/, fdx_login=ssoxdev1.9aab.78b29a35, 10482</td>
<td></td>
<td>0</td>
<td>TestNG.CMAC@2344fc66</td></tr>
<tr>
<td title='TestNG.CMAC.RetrieveProjectDetails()'><b>RetrieveProjectDetails</b><br>Test class: TestNG.CMAC<br>Parameters: https://cmac-dev.app.wtcdev2.paas.fedex.com/cmac/v3/projects/, fdx_login=ssoxdev1.8d9f.29298c12, 10888</td>
<td></td>
<td>0</td>
<td>TestNG.CMAC@2344fc66</td></tr>
<tr>
<td title='TestNG.CMAC.RetrieveProjectDetails()'><b>RetrieveProjectDetails</b><br>Test class: TestNG.CMAC<br>Parameters: https://cmac-dev.app.wtcdev2.paas.fedex.com/cmac/v3/projects/, fdx_login=ssoxdev1.8409.4eea83d5, 10423</td>
<td></td>
<td>0</td>
<td>TestNG.CMAC@2344fc66</td></tr>
<tr>
<td title='TestNG.CMAC.RetrieveProjectDetails()'><b>RetrieveProjectDetails</b><br>Test class: TestNG.CMAC<br>Parameters: https://cmac-dev.app.wtcdev2.paas.fedex.com/cmac/v3/projects/, fdx_login=ssoxdev1.8409.4eea83d5, 10791</td>
<td></td>
<td>0</td>
<td>TestNG.CMAC@2344fc66</td></tr>
<tr>
<td title='TestNG.CMAC.RetrieveProjectDetails()'><b>RetrieveProjectDetails</b><br>Test class: TestNG.CMAC<br>Parameters: https://cmac-dev.app.wtcdev2.paas.fedex.com/cmac/v3/projects/, fdx_login=ssoxdev1.8409.4eea83d5, 10795</td>
<td></td>
<td>0</td>
<td>TestNG.CMAC@2344fc66</td></tr>
<tr>
<td title='TestNG.CMAC.RetrieveProjectDetails()'><b>RetrieveProjectDetails</b><br>Test class: TestNG.CMAC<br>Parameters: https://cmac-dev.app.wtcdev2.paas.fedex.com/cmac/v3/projects/, fdx_login=ssoxdev1.c984.49b35863, 10315</td>
<td></td>
<td>0</td>
<td>TestNG.CMAC@2344fc66</td></tr>
<tr>
<td title='TestNG.CMAC.RetrieveProjectDetails()'><b>RetrieveProjectDetails</b><br>Test class: TestNG.CMAC<br>Parameters: https://cmac-dev.app.wtcdev2.paas.fedex.com/cmac/v3/projects/, fdx_login=ssoxdev1.c984.49b35863, 10659</td>
<td></td>
<td>0</td>
<td>TestNG.CMAC@2344fc66</td></tr>
<tr>
<td title='TestNG.CMAC.RetrieveProjectDetails()'><b>RetrieveProjectDetails</b><br>Test class: TestNG.CMAC<br>Parameters: https://cmac-dev.app.wtcdev2.paas.fedex.com/cmac/v3/projects/, fdx_login=ssoxdev1.c984.49b35863, 10859</td>
<td></td>
<td>0</td>
<td>TestNG.CMAC@2344fc66</td></tr>
<tr>
<td title='TestNG.CMAC.RetrieveProjectDetails()'><b>RetrieveProjectDetails</b><br>Test class: TestNG.CMAC<br>Parameters: https://cmac-dev.app.wtcdev2.paas.fedex.com/cmac/v3/projects/, fdx_login=ssoxdev1.8340.188de2cd, 10084</td>
<td></td>
<td>0</td>
<td>TestNG.CMAC@2344fc66</td></tr>
<tr>
<td title='TestNG.CMAC.RetrieveProjectDetails()'><b>RetrieveProjectDetails</b><br>Test class: TestNG.CMAC<br>Parameters: https://cmac-dev.app.wtcdev2.paas.fedex.com/cmac/v3/projects/, fdx_login=ssoxdev1.8340.188de2cd, 10404</td>
<td></td>
<td>0</td>
<td>TestNG.CMAC@2344fc66</td></tr>
<tr>
<td title='TestNG.CMAC.RetrieveProjectDetails()'><b>RetrieveProjectDetails</b><br>Test class: TestNG.CMAC<br>Parameters: https://cmac-dev.app.wtcdev2.paas.fedex.com/cmac/v3/projects/, fdx_login=ssoxdev1.8340.188de2cd, 10648</td>
<td></td>
<td>0</td>
<td>TestNG.CMAC@2344fc66</td></tr>
<tr>
<td title='TestNG.CMAC.RetrieveProjectDetails()'><b>RetrieveProjectDetails</b><br>Test class: TestNG.CMAC<br>Parameters: https://cmac-dev.app.wtcdev2.paas.fedex.com/cmac/v3/projects/, fdx_login=ssoxdev1.e10d.22868f76, 10094</td>
<td></td>
<td>0</td>
<td>TestNG.CMAC@2344fc66</td></tr>
<tr>
<td title='TestNG.CMAC.RetrieveProjectDetails()'><b>RetrieveProjectDetails</b><br>Test class: TestNG.CMAC<br>Parameters: https://cmac-dev.app.wtcdev2.paas.fedex.com/cmac/v3/projects/, fdx_login=ssoxdev1.e10d.22868f76, 10432</td>
<td></td>
<td>0</td>
<td>TestNG.CMAC@2344fc66</td></tr>
<tr>
<td title='TestNG.CMAC.RetrieveProjectDetails()'><b>RetrieveProjectDetails</b><br>Test class: TestNG.CMAC<br>Parameters: https://cmac-dev.app.wtcdev2.paas.fedex.com/cmac/v3/projects/, fdx_login=ssoxdev1.e10d.22868f76, 10729</td>
<td></td>
<td>0</td>
<td>TestNG.CMAC@2344fc66</td></tr>
<tr>
<td title='TestNG.CMAC.RetrieveProjectDetails()'><b>RetrieveProjectDetails</b><br>Test class: TestNG.CMAC<br>Parameters: https://cmac-dev.app.wtcdev2.paas.fedex.com/cmac/v3/projects/, fdx_login=ssoxdev1.91c8.5b9e1292, 10007</td>
<td></td>
<td>0</td>
<td>TestNG.CMAC@2344fc66</td></tr>
<tr>
<td title='TestNG.CMAC.RetrieveProjectDetails()'><b>RetrieveProjectDetails</b><br>Test class: TestNG.CMAC<br>Parameters: https://cmac-dev.app.wtcdev2.paas.fedex.com/cmac/v3/projects/, fdx_login=ssoxdev1.91c8.5b9e1292, 10237</td>
<td></td>
<td>0</td>
<td>TestNG.CMAC@2344fc66</td></tr>
<tr>
<td title='TestNG.CMAC.RetrieveProjectDetails()'><b>RetrieveProjectDetails</b><br>Test class: TestNG.CMAC<br>Parameters: https://cmac-dev.app.wtcdev2.paas.fedex.com/cmac/v3/projects/, fdx_login=ssoxdev1.91c8.5b9e1292, 10810</td>
<td></td>
<td>0</td>
<td>TestNG.CMAC@2344fc66</td></tr>
<tr>
<td title='TestNG.CMAC.RetrieveProjectSummary()'><b>RetrieveProjectSummary</b><br>Test class: TestNG.CMAC<br>Parameters: https://cmac-dev.app.wtcdev2.paas.fedex.com/cmac/v3/projects/, fdx_login=ssoxdev1.d495.141328ac</td>
<td></td>
<td>0</td>
<td>TestNG.CMAC@2344fc66</td></tr>
<tr>
<td title='TestNG.CMAC.RetrieveProjectSummary()'><b>RetrieveProjectSummary</b><br>Test class: TestNG.CMAC<br>Parameters: https://cmac-dev.app.wtcdev2.paas.fedex.com/cmac/v3/projects/, fdx_login=ssoxdev1.8d9f.29298c12</td>
<td></td>
<td>0</td>
<td>TestNG.CMAC@2344fc66</td></tr>
<tr>
<td title='TestNG.CMAC.RetrieveProjectSummary()'><b>RetrieveProjectSummary</b><br>Test class: TestNG.CMAC<br>Parameters: https://cmac-dev.app.wtcdev2.paas.fedex.com/cmac/v3/projects/, fdx_login=ssoxdev1.9aab.78b29a35</td>
<td></td>
<td>0</td>
<td>TestNG.CMAC@2344fc66</td></tr>
<tr>
<td title='TestNG.CMAC.RetrieveProjectSummary()'><b>RetrieveProjectSummary</b><br>Test class: TestNG.CMAC<br>Parameters: https://cmac-dev.app.wtcdev2.paas.fedex.com/cmac/v3/projects/, fdx_login=ssoxdev1.8409.4eea83d5</td>
<td></td>
<td>0</td>
<td>TestNG.CMAC@2344fc66</td></tr>
<tr>
<td title='TestNG.CMAC.RetrieveProjectSummary()'><b>RetrieveProjectSummary</b><br>Test class: TestNG.CMAC<br>Parameters: https://cmac-dev.app.wtcdev2.paas.fedex.com/cmac/v3/projects/, fdx_login=ssoxdev1.8340.188de2cd</td>
<td></td>
<td>0</td>
<td>TestNG.CMAC@2344fc66</td></tr>
<tr>
<td title='TestNG.CMAC.RetrieveProjectSummary()'><b>RetrieveProjectSummary</b><br>Test class: TestNG.CMAC<br>Parameters: https://cmac-dev.app.wtcdev2.paas.fedex.com/cmac/v3/projects/, fdx_login=ssoxdev1.c984.49b35863</td>
<td></td>
<td>0</td>
<td>TestNG.CMAC@2344fc66</td></tr>
<tr>
<td title='TestNG.CMAC.RetrieveProjectSummary()'><b>RetrieveProjectSummary</b><br>Test class: TestNG.CMAC<br>Parameters: https://cmac-dev.app.wtcdev2.paas.fedex.com/cmac/v3/projects/, fdx_login=ssoxdev1.e10d.22868f76</td>
<td></td>
<td>0</td>
<td>TestNG.CMAC@2344fc66</td></tr>
<tr>
<td title='TestNG.CMAC.RetrieveProjectSummary()'><b>RetrieveProjectSummary</b><br>Test class: TestNG.CMAC<br>Parameters: https://cmac-dev.app.wtcdev2.paas.fedex.com/cmac/v3/projects/, fdx_login=ssoxdev1.91c8.5b9e1292</td>
<td></td>
<td>0</td>
<td>TestNG.CMAC@2344fc66</td></tr>
</table><p>
<table width='100%' border='1' class='invocation-skipped'>
<tr><td colspan='4' align='center'><b>SKIPPED TESTS</b></td></tr>
<tr><td><b>Test method</b></td>
<td width="30%"><b>Exception</b></td>
<td width="10%"><b>Time (seconds)</b></td>
<td><b>Instance</b></td>
</tr>
<tr>
<td title='TestNG.CMAC.DeleteProject()'><b>DeleteProject</b><br>Test class: TestNG.CMAC</td>
<td><div><pre>java.lang.Throwable: Method CMAC.DeleteProject(java.lang.String, java.lang.String, java.lang.String)[pri:2, instance:TestNG.CMAC@2344fc66] depends on not successfully finished methods
	at org.testng.internal.Invoker.invokeTestMethods(Invoker.java:887)
	at org.testng.internal.TestMethodWorker.invokeTestMethods(TestMethodWorker.java:125)
	at org.testng.internal.TestMethodWorker.run(TestMethodWorker.java:109)
	at org.testng.TestRunner.privateRun(TestRunner.java:648)
	at org.testng.TestRunner.run(TestRunner.java:505)
	at org.testng.SuiteRunner.runTest(SuiteRunner.java:455)
	at org.testng.SuiteRunner.runSequentially(SuiteRunner.java:450)
	at org.testng.SuiteRunner.privateRun(SuiteRunner.java:415)
	at org.testng.SuiteRunner.run(SuiteRunner.java:364)
	at org.testng.SuiteRunnerWorker.runSuite(SuiteRunnerWorker.java:52)
	at org.testng.SuiteRunnerWorker.run(SuiteRunnerWorker.java:84)
	at org.testng.TestNG.runSuitesSequentially(TestNG.java:1208)
	at org.testng.TestNG.runSuitesLocally(TestNG.java:1137)
	at org.testng.TestNG.runSuites(TestNG.java:1049)
	at org.testng.TestNG.run(TestNG.java:1017)
	at org.testng.remote.AbstractRemoteTestNG.run(AbstractRemoteTestNG.java:114)
	at org.testng.remote.RemoteTestNG.initAndRun(RemoteTestNG.java:251)
	at org.testng.remote.RemoteTestNG.main(RemoteTestNG.java:77)
</pre></div><a href='#' onClick='toggleBox("stack-trace872826668", this, "Click to show all stack frames", "Click to hide stack frames")'>Click to show all stack frames</a>
<div class='stack-trace' id='stack-trace872826668'><pre>java.lang.Throwable: Method CMAC.DeleteProject(java.lang.String, java.lang.String, java.lang.String)[pri:2, instance:TestNG.CMAC@2344fc66] depends on not successfully finished methods
	at org.testng.internal.Invoker.invokeTestMethods(Invoker.java:887)
	at org.testng.internal.TestMethodWorker.invokeTestMethods(TestMethodWorker.java:125)
	at org.testng.internal.TestMethodWorker.run(TestMethodWorker.java:109)
	at org.testng.TestRunner.privateRun(TestRunner.java:648)
	at org.testng.TestRunner.run(TestRunner.java:505)
	at org.testng.SuiteRunner.runTest(SuiteRunner.java:455)
	at org.testng.SuiteRunner.runSequentially(SuiteRunner.java:450)
	at org.testng.SuiteRunner.privateRun(SuiteRunner.java:415)
	at org.testng.SuiteRunner.run(SuiteRunner.java:364)
	at org.testng.SuiteRunnerWorker.runSuite(SuiteRunnerWorker.java:52)
	at org.testng.SuiteRunnerWorker.run(SuiteRunnerWorker.java:84)
	at org.testng.TestNG.runSuitesSequentially(TestNG.java:1208)
	at org.testng.TestNG.runSuitesLocally(TestNG.java:1137)
	at org.testng.TestNG.runSuites(TestNG.java:1049)
	at org.testng.TestNG.run(TestNG.java:1017)
	at org.testng.remote.AbstractRemoteTestNG.run(AbstractRemoteTestNG.java:114)
	at org.testng.remote.RemoteTestNG.initAndRun(RemoteTestNG.java:251)
	at org.testng.remote.RemoteTestNG.main(RemoteTestNG.java:77)
</pre></div></td>
<td>0</td>
<td>null</td></tr>
</table><p>
</body>
</html>