<?xml version="1.0" encoding="UTF-8"?>
<!-- Generated by org.testng.reporters.JUnitXMLReporter -->
<testsuite hostname="WTC-5159473-l2" ignored="8" name="SMOKE_Test" tests="45" failures="8" timestamp="19 Oct 2018 01:46:47 GMT" time="604.124" errors="0">
  <testcase name="@AfterClass afterClass" time="0.001" classname="TestNG.WIDM">
    <failure type="java.lang.IndexOutOfBoundsException" message="Index: 0, Size: 0">
      <![CDATA[java.lang.IndexOutOfBoundsException: Index: 0, Size: 0
at java.util.ArrayList.rangeCheck(Unknown Source)
at java.util.ArrayList.get(Unknown Source)
at TestingFunctions.Helper_Functions.Cleanup(Helper_Functions.java:45)
at TestNG.WIDM.afterClass(WIDM.java:168)
at java.util.concurrent.ThreadPoolExecutor.runWorker(Unknown Source)
at java.util.concurrent.ThreadPoolExecutor$Worker.run(Unknown Source)
at java.lang.Thread.run(Unknown Source)
... Removed 11 stack frames]]>
    </failure>
  </testcase> <!-- @AfterClass afterClass -->
  <testcase name="@AfterClass afterClass" time="0.0" classname="TestNG.WFCL">
    <failure type="java.lang.IndexOutOfBoundsException" message="Index: 0, Size: 0">
      <![CDATA[java.lang.IndexOutOfBoundsException: Index: 0, Size: 0
at java.util.ArrayList.rangeCheck(Unknown Source)
at java.util.ArrayList.get(Unknown Source)
at TestingFunctions.Helper_Functions.Cleanup(Helper_Functions.java:45)
at TestNG.WFCL.afterClass(WFCL.java:246)
at java.util.concurrent.ThreadPoolExecutor.runWorker(Unknown Source)
at java.util.concurrent.ThreadPoolExecutor$Worker.run(Unknown Source)
at java.lang.Thread.run(Unknown Source)
... Removed 11 stack frames]]>
    </failure>
  </testcase> <!-- @AfterClass afterClass -->
  <testcase name="WIDM_Registration" time="87.304" classname="TestNG.WIDM">
    <failure type="java.lang.AssertionError" message="Timed out after 30 seconds waiting for text to be &amp;quot;L2WIDMUS101818T203643&amp;quot;. Current text: &amp;quot;null&amp;quot;
Build info: version: &amp;apos;2.53.0&amp;apos;, revision: &amp;apos;35ae25b1534ae328c771e0856c93e187490ca824&amp;apos;, time: &amp;apos;2016-03-15 10:43:46&amp;apos;
System info: host: &amp;apos;WTC-5159473-l2&amp;apos;, ip: &amp;apos;172.27.142.145&amp;apos;, os.name: &amp;apos;Windows 10&amp;apos;, os.arch: &amp;apos;amd64&amp;apos;, os.version: &amp;apos;10.0&amp;apos;, java.version: &amp;apos;1.8.0_181&amp;apos;
Driver info: org.openqa.selenium.chrome.ChromeDriver
Capabilities [{applicationCacheEnabled=false, rotatable=false, mobileEmulationEnabled=false, networkConnectionEnabled=false, chrome={chromedriverVersion=2.37.544315 (730aa6a5fdba159ac9f4c1e8cbc59bf1b5ce12b7), userDataDir=C:\Users\5159473\AppData\Local\Temp\scoped_dir18800_6574}, takesHeapSnapshot=true, pageLoadStrategy=normal, databaseEnabled=false, handlesAlerts=true, hasTouchScreen=false, version=69.0.3497.100, platform=XP, browserConnectionEnabled=false, nativeEvents=true, acceptSslCerts=false, acceptInsecureCerts=false, locationContextEnabled=true, webStorageEnabled=true, browserName=chrome, takesScreenshot=true, javascriptEnabled=true, cssSelectorsEnabled=true, setWindowRect=true, unexpectedAlertBehaviour=}]
Session ID: 34493cc3cc41832845938745d28eee0e">
      <![CDATA[java.lang.AssertionError: Timed out after 30 seconds waiting for text to be "L2WIDMUS101818T203643". Current text: "null"
Build info: version: '2.53.0', revision: '35ae25b1534ae328c771e0856c93e187490ca824', time: '2016-03-15 10:43:46'
System info: host: 'WTC-5159473-l2', ip: '172.27.142.145', os.name: 'Windows 10', os.arch: 'amd64', os.version: '10.0', java.version: '1.8.0_181'
Driver info: org.openqa.selenium.chrome.ChromeDriver
Capabilities [{applicationCacheEnabled=false, rotatable=false, mobileEmulationEnabled=false, networkConnectionEnabled=false, chrome={chromedriverVersion=2.37.544315 (730aa6a5fdba159ac9f4c1e8cbc59bf1b5ce12b7), userDataDir=C:\Users\5159473\AppData\Local\Temp\scoped_dir18800_6574}, takesHeapSnapshot=true, pageLoadStrategy=normal, databaseEnabled=false, handlesAlerts=true, hasTouchScreen=false, version=69.0.3497.100, platform=XP, browserConnectionEnabled=false, nativeEvents=true, acceptSslCerts=false, acceptInsecureCerts=false, locationContextEnabled=true, webStorageEnabled=true, browserName=chrome, takesScreenshot=true, javascriptEnabled=true, cssSelectorsEnabled=true, setWindowRect=true, unexpectedAlertBehaviour=}]
Session ID: 34493cc3cc41832845938745d28eee0e
at TestNG.WIDM.WIDM_Registration(WIDM.java:101)
at java.util.concurrent.FutureTask.run(Unknown Source)
at java.util.concurrent.Executors$RunnableAdapter.call(Unknown Source)
at java.util.concurrent.FutureTask.run(Unknown Source)
at java.util.concurrent.ThreadPoolExecutor.runWorker(Unknown Source)
at java.util.concurrent.ThreadPoolExecutor$Worker.run(Unknown Source)
at java.lang.Thread.run(Unknown Source)
... Removed 10 stack frames]]>
    </failure>
  </testcase> <!-- WIDM_Registration -->
  <testcase name="ResetPasswordWIDM_Email" time="97.09" classname="TestNG.WIDM">
    <failure type="java.lang.AssertionError" message="User not working.">
      <![CDATA[java.lang.AssertionError: User not working.
at TestNG.WIDM.ResetPasswordWIDM_Email(WIDM.java:148)
at java.util.concurrent.FutureTask.run(Unknown Source)
at java.util.concurrent.Executors$RunnableAdapter.call(Unknown Source)
at java.util.concurrent.FutureTask.run(Unknown Source)
at java.util.concurrent.ThreadPoolExecutor.runWorker(Unknown Source)
at java.util.concurrent.ThreadPoolExecutor$Worker.run(Unknown Source)
at java.lang.Thread.run(Unknown Source)
... Removed 10 stack frames]]>
    </failure>
  </testcase> <!-- ResetPasswordWIDM_Email -->
  <testcase name="WFCL_CreditCardRegistrationEnroll" time="136.422" classname="TestNG.WFCL">
    <failure type="java.lang.AssertionError" message="element not visible
  (Session info: chrome=69.0.3497.100)
  (Driver info: chromedriver=2.37.544315 (730aa6a5fdba159ac9f4c1e8cbc59bf1b5ce12b7),platform=Windows NT 10.0.16299 x86_64) (WARNING: The server did not provide any stacktrace information)
Command duration or timeout: 60 milliseconds
Build info: version: &amp;apos;2.53.0&amp;apos;, revision: &amp;apos;35ae25b1534ae328c771e0856c93e187490ca824&amp;apos;, time: &amp;apos;2016-03-15 10:43:46&amp;apos;
System info: host: &amp;apos;WTC-5159473-l2&amp;apos;, ip: &amp;apos;172.27.142.145&amp;apos;, os.name: &amp;apos;Windows 10&amp;apos;, os.arch: &amp;apos;amd64&amp;apos;, os.version: &amp;apos;10.0&amp;apos;, java.version: &amp;apos;1.8.0_181&amp;apos;
Driver info: org.openqa.selenium.chrome.ChromeDriver
Capabilities [{applicationCacheEnabled=false, rotatable=false, mobileEmulationEnabled=false, networkConnectionEnabled=false, chrome={chromedriverVersion=2.37.544315 (730aa6a5fdba159ac9f4c1e8cbc59bf1b5ce12b7), userDataDir=C:\Users\5159473\AppData\Local\Temp\scoped_dir7692_31509}, takesHeapSnapshot=true, pageLoadStrategy=normal, databaseEnabled=false, handlesAlerts=true, hasTouchScreen=false, version=69.0.3497.100, platform=XP, browserConnectionEnabled=false, nativeEvents=true, acceptSslCerts=false, acceptInsecureCerts=false, locationContextEnabled=true, webStorageEnabled=true, browserName=chrome, takesScreenshot=true, javascriptEnabled=true, cssSelectorsEnabled=true, setWindowRect=true, unexpectedAlertBehaviour=}]
Session ID: b7af110da586d34f937a9ada6b7e18bd">
      <![CDATA[java.lang.AssertionError: element not visible
  (Session info: chrome=69.0.3497.100)
  (Driver info: chromedriver=2.37.544315 (730aa6a5fdba159ac9f4c1e8cbc59bf1b5ce12b7),platform=Windows NT 10.0.16299 x86_64) (WARNING: The server did not provide any stacktrace information)
Command duration or timeout: 60 milliseconds
Build info: version: '2.53.0', revision: '35ae25b1534ae328c771e0856c93e187490ca824', time: '2016-03-15 10:43:46'
System info: host: 'WTC-5159473-l2', ip: '172.27.142.145', os.name: 'Windows 10', os.arch: 'amd64', os.version: '10.0', java.version: '1.8.0_181'
Driver info: org.openqa.selenium.chrome.ChromeDriver
Capabilities [{applicationCacheEnabled=false, rotatable=false, mobileEmulationEnabled=false, networkConnectionEnabled=false, chrome={chromedriverVersion=2.37.544315 (730aa6a5fdba159ac9f4c1e8cbc59bf1b5ce12b7), userDataDir=C:\Users\5159473\AppData\Local\Temp\scoped_dir7692_31509}, takesHeapSnapshot=true, pageLoadStrategy=normal, databaseEnabled=false, handlesAlerts=true, hasTouchScreen=false, version=69.0.3497.100, platform=XP, browserConnectionEnabled=false, nativeEvents=true, acceptSslCerts=false, acceptInsecureCerts=false, locationContextEnabled=true, webStorageEnabled=true, browserName=chrome, takesScreenshot=true, javascriptEnabled=true, cssSelectorsEnabled=true, setWindowRect=true, unexpectedAlertBehaviour=}]
Session ID: b7af110da586d34f937a9ada6b7e18bd
at TestNG.WFCL.WFCL_CreditCardRegistrationEnroll(WFCL.java:131)
at java.util.concurrent.FutureTask.run(Unknown Source)
at java.util.concurrent.Executors$RunnableAdapter.call(Unknown Source)
at java.util.concurrent.FutureTask.run(Unknown Source)
at java.util.concurrent.ThreadPoolExecutor.runWorker(Unknown Source)
at java.util.concurrent.ThreadPoolExecutor$Worker.run(Unknown Source)
at java.lang.Thread.run(Unknown Source)
... Removed 10 stack frames]]>
    </failure>
  </testcase> <!-- WFCL_CreditCardRegistrationEnroll -->
  <testcase name="WFCL_AccountRegistration_WDPA" time="161.107" classname="TestNG.WFCL"/>
  <testcase name="WIDM_RegistrationEFWS" time="180.474" classname="TestNG.WIDM">
    <failure type="java.lang.AssertionError" message="Timed out after 30 seconds waiting for text to be &amp;quot;Your registration request is not approved based on the information submitted.&amp;quot;. Current text: &amp;quot;We are unable to process your registration at this time. Please try again later.&amp;quot;
Build info: version: &amp;apos;2.53.0&amp;apos;, revision: &amp;apos;35ae25b1534ae328c771e0856c93e187490ca824&amp;apos;, time: &amp;apos;2016-03-15 10:43:46&amp;apos;
System info: host: &amp;apos;WTC-5159473-l2&amp;apos;, ip: &amp;apos;172.27.142.145&amp;apos;, os.name: &amp;apos;Windows 10&amp;apos;, os.arch: &amp;apos;amd64&amp;apos;, os.version: &amp;apos;10.0&amp;apos;, java.version: &amp;apos;1.8.0_181&amp;apos;
Driver info: org.openqa.selenium.chrome.ChromeDriver
Capabilities [{applicationCacheEnabled=false, rotatable=false, mobileEmulationEnabled=false, networkConnectionEnabled=false, chrome={chromedriverVersion=2.37.544315 (730aa6a5fdba159ac9f4c1e8cbc59bf1b5ce12b7), userDataDir=C:\Users\5159473\AppData\Local\Temp\scoped_dir16716_16987}, takesHeapSnapshot=true, pageLoadStrategy=normal, databaseEnabled=false, handlesAlerts=true, hasTouchScreen=false, version=69.0.3497.100, platform=XP, browserConnectionEnabled=false, nativeEvents=true, acceptSslCerts=false, acceptInsecureCerts=false, locationContextEnabled=true, webStorageEnabled=true, browserName=chrome, takesScreenshot=true, javascriptEnabled=true, cssSelectorsEnabled=true, setWindowRect=true, unexpectedAlertBehaviour=}]
Session ID: 2439029b312ed13adcf9463b86866c96">
      <![CDATA[java.lang.AssertionError: Timed out after 30 seconds waiting for text to be "Your registration request is not approved based on the information submitted.". Current text: "We are unable to process your registration at this time. Please try again later."
Build info: version: '2.53.0', revision: '35ae25b1534ae328c771e0856c93e187490ca824', time: '2016-03-15 10:43:46'
System info: host: 'WTC-5159473-l2', ip: '172.27.142.145', os.name: 'Windows 10', os.arch: 'amd64', os.version: '10.0', java.version: '1.8.0_181'
Driver info: org.openqa.selenium.chrome.ChromeDriver
Capabilities [{applicationCacheEnabled=false, rotatable=false, mobileEmulationEnabled=false, networkConnectionEnabled=false, chrome={chromedriverVersion=2.37.544315 (730aa6a5fdba159ac9f4c1e8cbc59bf1b5ce12b7), userDataDir=C:\Users\5159473\AppData\Local\Temp\scoped_dir16716_16987}, takesHeapSnapshot=true, pageLoadStrategy=normal, databaseEnabled=false, handlesAlerts=true, hasTouchScreen=false, version=69.0.3497.100, platform=XP, browserConnectionEnabled=false, nativeEvents=true, acceptSslCerts=false, acceptInsecureCerts=false, locationContextEnabled=true, webStorageEnabled=true, browserName=chrome, takesScreenshot=true, javascriptEnabled=true, cssSelectorsEnabled=true, setWindowRect=true, unexpectedAlertBehaviour=}]
Session ID: 2439029b312ed13adcf9463b86866c96
at TestNG.WIDM.WIDM_RegistrationEFWS(WIDM.java:115)
at java.util.concurrent.FutureTask.run(Unknown Source)
at java.util.concurrent.Executors$RunnableAdapter.call(Unknown Source)
at java.util.concurrent.FutureTask.run(Unknown Source)
at java.util.concurrent.ThreadPoolExecutor.runWorker(Unknown Source)
at java.util.concurrent.ThreadPoolExecutor$Worker.run(Unknown Source)
at java.lang.Thread.run(Unknown Source)
... Removed 10 stack frames]]>
    </failure>
  </testcase> <!-- WIDM_RegistrationEFWS -->
  <testcase name="WFCL_UserRegistration" time="199.727" classname="TestNG.WFCL"/>
  <testcase name="WRTT_eCRV_Page" time="74.31" classname="WaterfallApplications.WRTT"/>
  <testcase name="WFCL_Forgot_User_Email" time="270.916" classname="TestNG.WFCL"/>
  <testcase name="WIDM_ForgotUserID" time="276.689" classname="TestNG.WIDM"/>
  <testcase name="WRTT_SpalshPage_eCRV" time="132.381" classname="WaterfallApplications.WRTT"/>
  <testcase name="WRTT_Rate_Sheet" time="185.913" classname="WaterfallApplications.WRTT"/>
  <testcase name="WRTT_Rate_Sheet" time="188.021" classname="WaterfallApplications.WRTT"/>
  <testcase name="WRTT_Rate_Sheet" time="200.217" classname="WaterfallApplications.WRTT"/>
  <testcase name="WIDM_Registration_ErrorMessages" time="292.697" classname="TestNG.WIDM"/>
  <testcase name="WIDM_ResetPasswordSecret" time="315.563" classname="TestNG.WIDM">
    <failure type="java.lang.AssertionError" message="Timed out after 30 seconds waiting for text to be &amp;quot;Thank you. Your password has been reset&amp;quot;. Current text: &amp;quot;null&amp;quot;
Build info: version: &amp;apos;2.53.0&amp;apos;, revision: &amp;apos;35ae25b1534ae328c771e0856c93e187490ca824&amp;apos;, time: &amp;apos;2016-03-15 10:43:46&amp;apos;
System info: host: &amp;apos;WTC-5159473-l2&amp;apos;, ip: &amp;apos;172.27.142.145&amp;apos;, os.name: &amp;apos;Windows 10&amp;apos;, os.arch: &amp;apos;amd64&amp;apos;, os.version: &amp;apos;10.0&amp;apos;, java.version: &amp;apos;1.8.0_181&amp;apos;
Driver info: org.openqa.selenium.chrome.ChromeDriver
Capabilities [{applicationCacheEnabled=false, rotatable=false, mobileEmulationEnabled=false, networkConnectionEnabled=false, chrome={chromedriverVersion=2.37.544315 (730aa6a5fdba159ac9f4c1e8cbc59bf1b5ce12b7), userDataDir=C:\Users\5159473\AppData\Local\Temp\scoped_dir2040_2646}, takesHeapSnapshot=true, pageLoadStrategy=normal, databaseEnabled=false, handlesAlerts=true, hasTouchScreen=false, version=69.0.3497.100, platform=XP, browserConnectionEnabled=false, nativeEvents=true, acceptSslCerts=false, acceptInsecureCerts=false, locationContextEnabled=true, webStorageEnabled=true, browserName=chrome, takesScreenshot=true, javascriptEnabled=true, cssSelectorsEnabled=true, setWindowRect=true, unexpectedAlertBehaviour=}]
Session ID: a13dcaf2bdaa05c60df50540951c09bf">
      <![CDATA[java.lang.AssertionError: Timed out after 30 seconds waiting for text to be "Thank you. Your password has been reset". Current text: "null"
Build info: version: '2.53.0', revision: '35ae25b1534ae328c771e0856c93e187490ca824', time: '2016-03-15 10:43:46'
System info: host: 'WTC-5159473-l2', ip: '172.27.142.145', os.name: 'Windows 10', os.arch: 'amd64', os.version: '10.0', java.version: '1.8.0_181'
Driver info: org.openqa.selenium.chrome.ChromeDriver
Capabilities [{applicationCacheEnabled=false, rotatable=false, mobileEmulationEnabled=false, networkConnectionEnabled=false, chrome={chromedriverVersion=2.37.544315 (730aa6a5fdba159ac9f4c1e8cbc59bf1b5ce12b7), userDataDir=C:\Users\5159473\AppData\Local\Temp\scoped_dir2040_2646}, takesHeapSnapshot=true, pageLoadStrategy=normal, databaseEnabled=false, handlesAlerts=true, hasTouchScreen=false, version=69.0.3497.100, platform=XP, browserConnectionEnabled=false, nativeEvents=true, acceptSslCerts=false, acceptInsecureCerts=false, locationContextEnabled=true, webStorageEnabled=true, browserName=chrome, takesScreenshot=true, javascriptEnabled=true, cssSelectorsEnabled=true, setWindowRect=true, unexpectedAlertBehaviour=}]
Session ID: a13dcaf2bdaa05c60df50540951c09bf
at TestNG.WIDM.WIDM_ResetPasswordSecret(WIDM.java:126)
at java.util.concurrent.FutureTask.run(Unknown Source)
at java.util.concurrent.Executors$RunnableAdapter.call(Unknown Source)
at java.util.concurrent.FutureTask.run(Unknown Source)
at java.util.concurrent.ThreadPoolExecutor.runWorker(Unknown Source)
at java.util.concurrent.ThreadPoolExecutor$Worker.run(Unknown Source)
at java.lang.Thread.run(Unknown Source)
... Removed 10 stack frames]]>
    </failure>
  </testcase> <!-- WIDM_ResetPasswordSecret -->
  <testcase name="WCRV_Generate_RateSheet" time="164.229" classname="WaterfallApplications.WCRV">
    <failure type="java.lang.AssertionError" message="Timed out after 30 seconds waiting for presence of element located by: By.id: wcrv-profile
Build info: version: &amp;apos;2.53.0&amp;apos;, revision: &amp;apos;35ae25b1534ae328c771e0856c93e187490ca824&amp;apos;, time: &amp;apos;2016-03-15 10:43:46&amp;apos;
System info: host: &amp;apos;WTC-5159473-l2&amp;apos;, ip: &amp;apos;172.27.142.145&amp;apos;, os.name: &amp;apos;Windows 10&amp;apos;, os.arch: &amp;apos;amd64&amp;apos;, os.version: &amp;apos;10.0&amp;apos;, java.version: &amp;apos;1.8.0_181&amp;apos;
Driver info: org.openqa.selenium.chrome.ChromeDriver
Capabilities [{applicationCacheEnabled=false, rotatable=false, mobileEmulationEnabled=false, networkConnectionEnabled=false, chrome={chromedriverVersion=2.37.544315 (730aa6a5fdba159ac9f4c1e8cbc59bf1b5ce12b7), userDataDir=C:\Users\5159473\AppData\Local\Temp\scoped_dir21140_17716}, takesHeapSnapshot=true, pageLoadStrategy=normal, databaseEnabled=false, handlesAlerts=true, hasTouchScreen=false, version=69.0.3497.100, platform=XP, browserConnectionEnabled=false, nativeEvents=true, acceptSslCerts=false, acceptInsecureCerts=false, locationContextEnabled=true, webStorageEnabled=true, browserName=chrome, takesScreenshot=true, javascriptEnabled=true, cssSelectorsEnabled=true, setWindowRect=true, unexpectedAlertBehaviour=}]
Session ID: 1b33ee1b5b733b8095e4995c3d430efc">
      <![CDATA[java.lang.AssertionError: Timed out after 30 seconds waiting for presence of element located by: By.id: wcrv-profile
Build info: version: '2.53.0', revision: '35ae25b1534ae328c771e0856c93e187490ca824', time: '2016-03-15 10:43:46'
System info: host: 'WTC-5159473-l2', ip: '172.27.142.145', os.name: 'Windows 10', os.arch: 'amd64', os.version: '10.0', java.version: '1.8.0_181'
Driver info: org.openqa.selenium.chrome.ChromeDriver
Capabilities [{applicationCacheEnabled=false, rotatable=false, mobileEmulationEnabled=false, networkConnectionEnabled=false, chrome={chromedriverVersion=2.37.544315 (730aa6a5fdba159ac9f4c1e8cbc59bf1b5ce12b7), userDataDir=C:\Users\5159473\AppData\Local\Temp\scoped_dir21140_17716}, takesHeapSnapshot=true, pageLoadStrategy=normal, databaseEnabled=false, handlesAlerts=true, hasTouchScreen=false, version=69.0.3497.100, platform=XP, browserConnectionEnabled=false, nativeEvents=true, acceptSslCerts=false, acceptInsecureCerts=false, locationContextEnabled=true, webStorageEnabled=true, browserName=chrome, takesScreenshot=true, javascriptEnabled=true, cssSelectorsEnabled=true, setWindowRect=true, unexpectedAlertBehaviour=}]
Session ID: 1b33ee1b5b733b8095e4995c3d430efc
at WaterfallApplications.WCRV.WCRV_Generate_RateSheet(WCRV.java:81)
at java.util.concurrent.FutureTask.run(Unknown Source)
at java.util.concurrent.Executors$RunnableAdapter.call(Unknown Source)
at java.util.concurrent.FutureTask.run(Unknown Source)
at java.util.concurrent.ThreadPoolExecutor.runWorker(Unknown Source)
at java.util.concurrent.ThreadPoolExecutor$Worker.run(Unknown Source)
at java.lang.Thread.run(Unknown Source)
... Removed 10 stack frames]]>
    </failure>
  </testcase> <!-- WCRV_Generate_RateSheet -->
  <testcase name="WCRV_Generate_RateSheet" time="191.404" classname="WaterfallApplications.WCRV">
    <failure type="java.lang.AssertionError" message="Timed out after 30 seconds waiting for presence of element located by: By.id: wcrv-profile
Build info: version: &amp;apos;2.53.0&amp;apos;, revision: &amp;apos;35ae25b1534ae328c771e0856c93e187490ca824&amp;apos;, time: &amp;apos;2016-03-15 10:43:46&amp;apos;
System info: host: &amp;apos;WTC-5159473-l2&amp;apos;, ip: &amp;apos;172.27.142.145&amp;apos;, os.name: &amp;apos;Windows 10&amp;apos;, os.arch: &amp;apos;amd64&amp;apos;, os.version: &amp;apos;10.0&amp;apos;, java.version: &amp;apos;1.8.0_181&amp;apos;
Driver info: org.openqa.selenium.chrome.ChromeDriver
Capabilities [{applicationCacheEnabled=false, rotatable=false, mobileEmulationEnabled=false, networkConnectionEnabled=false, chrome={chromedriverVersion=2.37.544315 (730aa6a5fdba159ac9f4c1e8cbc59bf1b5ce12b7), userDataDir=C:\Users\5159473\AppData\Local\Temp\scoped_dir19660_10165}, takesHeapSnapshot=true, pageLoadStrategy=normal, databaseEnabled=false, handlesAlerts=true, hasTouchScreen=false, version=69.0.3497.100, platform=XP, browserConnectionEnabled=false, nativeEvents=true, acceptSslCerts=false, acceptInsecureCerts=false, locationContextEnabled=true, webStorageEnabled=true, browserName=chrome, takesScreenshot=true, javascriptEnabled=true, cssSelectorsEnabled=true, setWindowRect=true, unexpectedAlertBehaviour=}]
Session ID: 56b0d487892a0be8a708790dd919b8a0">
      <![CDATA[java.lang.AssertionError: Timed out after 30 seconds waiting for presence of element located by: By.id: wcrv-profile
Build info: version: '2.53.0', revision: '35ae25b1534ae328c771e0856c93e187490ca824', time: '2016-03-15 10:43:46'
System info: host: 'WTC-5159473-l2', ip: '172.27.142.145', os.name: 'Windows 10', os.arch: 'amd64', os.version: '10.0', java.version: '1.8.0_181'
Driver info: org.openqa.selenium.chrome.ChromeDriver
Capabilities [{applicationCacheEnabled=false, rotatable=false, mobileEmulationEnabled=false, networkConnectionEnabled=false, chrome={chromedriverVersion=2.37.544315 (730aa6a5fdba159ac9f4c1e8cbc59bf1b5ce12b7), userDataDir=C:\Users\5159473\AppData\Local\Temp\scoped_dir19660_10165}, takesHeapSnapshot=true, pageLoadStrategy=normal, databaseEnabled=false, handlesAlerts=true, hasTouchScreen=false, version=69.0.3497.100, platform=XP, browserConnectionEnabled=false, nativeEvents=true, acceptSslCerts=false, acceptInsecureCerts=false, locationContextEnabled=true, webStorageEnabled=true, browserName=chrome, takesScreenshot=true, javascriptEnabled=true, cssSelectorsEnabled=true, setWindowRect=true, unexpectedAlertBehaviour=}]
Session ID: 56b0d487892a0be8a708790dd919b8a0
at WaterfallApplications.WCRV.WCRV_Generate_RateSheet(WCRV.java:81)
at java.util.concurrent.FutureTask.run(Unknown Source)
at java.util.concurrent.Executors$RunnableAdapter.call(Unknown Source)
at java.util.concurrent.FutureTask.run(Unknown Source)
at java.util.concurrent.ThreadPoolExecutor.runWorker(Unknown Source)
at java.util.concurrent.ThreadPoolExecutor$Worker.run(Unknown Source)
at java.lang.Thread.run(Unknown Source)
... Removed 10 stack frames]]>
    </failure>
  </testcase> <!-- WCRV_Generate_RateSheet -->
  <testcase name="WDPAPickup_LTLFreight_Anonymous" time="280.294" classname="WaterfallApplications.WDPA"/>
  <testcase name="WPRL_Contact_Admin" time="230.832" classname="WaterfallApplications.WPRL"/>
  <testcase name="SetEnvironment" time="0.0" classname="TestNG.WIDM">
    <failure type="org.testng.TestNGException" message="
Parameter &amp;apos;Levels&amp;apos; is required by @Test on method SetEnvironment but has not been marked @Optional or defined
in C:\Users\5159473\eclipse-workspace\TestNG_Automation\src\main\java\XMLExecution\SMOKEtestng.xml">
      <![CDATA[org.testng.TestNGException: 
Parameter 'Levels' is required by @Test on method SetEnvironment but has not been marked @Optional or defined
in C:\Users\5159473\eclipse-workspace\TestNG_Automation\src\main\java\XMLExecution\SMOKEtestng.xml
at java.util.concurrent.ThreadPoolExecutor.runWorker(Unknown Source)
at java.util.concurrent.ThreadPoolExecutor$Worker.run(Unknown Source)
at java.lang.Thread.run(Unknown Source)
... Removed 9 stack frames]]>
    </failure>
  </testcase> <!-- SetEnvironment -->
  <testcase name="WFCL_AccountRegistration_INET" time="72.069" classname="TestNG.WFCL"/>
  <testcase name="IssuePin" time="2.074" classname="TestNG.MFAC"/>
  <testcase name="IssuePin" time="4.079" classname="TestNG.MFAC"/>
  <testcase name="IssuePin" time="9.204" classname="TestNG.MFAC"/>
  <testcase name="IssuePin" time="16.123" classname="TestNG.MFAC"/>
  <testcase name="VerifyPinValid" time="16.264" classname="TestNG.MFAC"/>
  <testcase name="VerifyPinValid" time="17.563" classname="TestNG.MFAC"/>
  <testcase name="VerifyPinValid" time="19.439" classname="TestNG.MFAC"/>
  <testcase name="VerifyPinValid" time="19.533" classname="TestNG.MFAC"/>
  <testcase name="VerifyPinVelocity" time="22.814" classname="TestNG.MFAC"/>
  <testcase name="VerifyPinNoLongerValid" time="24.344" classname="TestNG.MFAC"/>
  <testcase name="VerifyPinNoLongerValid" time="24.484" classname="TestNG.MFAC"/>
  <testcase name="IssuePinVelocity" time="24.656" classname="TestNG.MFAC"/>
  <testcase name="IssuePinVelocity" time="25.937" classname="TestNG.MFAC"/>
  <testcase name="VerifyPinNoLongerValid" time="26.061" classname="TestNG.MFAC"/>
  <testcase name="IssuePinVelocity" time="26.328" classname="TestNG.MFAC"/>
  <testcase name="VerifyPinVelocity" time="26.844" classname="TestNG.MFAC"/>
  <testcase name="VerifyPinNoLongerValid" time="27.188" classname="TestNG.MFAC"/>
  <testcase name="IssuePinVelocity" time="27.499" classname="TestNG.MFAC"/>
  <testcase name="VerifyPinVelocity" time="29.234" classname="TestNG.MFAC"/>
  <testcase name="VerifyPinVelocity" time="29.505" classname="TestNG.MFAC"/>
  <testcase name="AddressVelocity" time="33.44" classname="TestNG.MFAC"/>
  <testcase name="AddressVelocity" time="33.63" classname="TestNG.MFAC"/>
  <testcase name="AddressVelocity" time="34.176" classname="TestNG.MFAC"/>
  <testcase name="AddressVelocity" time="35.267" classname="TestNG.MFAC"/>
  <testcase name="IssuePinExpiration" time="0.0" classname="TestNG.MFAC">
    <ignored/>
  </testcase> <!-- IssuePinExpiration -->
  <testcase name="WFCL_WADM_Invitaiton" time="0.0" classname="TestNG.WFCL">
    <ignored/>
  </testcase> <!-- WFCL_WADM_Invitaiton -->
  <testcase name="AdditionalEnrollmentExpiration" time="0.0" classname="TestNG.MFAC">
    <ignored/>
  </testcase> <!-- AdditionalEnrollmentExpiration -->
  <testcase name="DetermineLockoutTime" time="0.0" classname="TestNG.MFAC">
    <ignored/>
  </testcase> <!-- DetermineLockoutTime -->
  <testcase name="WFCL_AccountRegistration_Admin" time="0.0" classname="TestNG.WFCL">
    <ignored/>
  </testcase> <!-- WFCL_AccountRegistration_Admin -->
  <testcase name="WFCL_TNT_Vat_Validation" time="0.0" classname="TestNG.WFCL">
    <ignored/>
  </testcase> <!-- WFCL_TNT_Vat_Validation -->
  <testcase name="AdditionalEnrollmentExpirationValidate" time="0.0" classname="TestNG.MFAC">
    <ignored/>
  </testcase> <!-- AdditionalEnrollmentExpirationValidate -->
  <testcase name="IssuePinExpirationValidate" time="0.0" classname="TestNG.MFAC">
    <ignored/>
  </testcase> <!-- IssuePinExpirationValidate -->
</testsuite> <!-- SMOKE_Test -->
