<html>
<head>
<title>TestNG:  SMOKE_Test</title>
<link href="../testng.css" rel="stylesheet" type="text/css" />
<link href="../my-testng.css" rel="stylesheet" type="text/css" />

<style type="text/css">
.log { display: none;} 
.stack-trace { display: none;} 
</style>
<script type="text/javascript">
<!--
function flip(e) {
  current = e.style.display;
  if (current == 'block') {
    e.style.display = 'none';
    return 0;
  }
  else {
    e.style.display = 'block';
    return 1;
  }
}

function toggleBox(szDivId, elem, msg1, msg2)
{
  var res = -1;  if (document.getElementById) {
    res = flip(document.getElementById(szDivId));
  }
  else if (document.all) {
    // this is the way old msie versions work
    res = flip(document.all[szDivId]);
  }
  if(elem) {
    if(res == 0) elem.innerHTML = msg1; else elem.innerHTML = msg2;
  }

}

function toggleAllBoxes() {
  if (document.getElementsByTagName) {
    d = document.getElementsByTagName('div');
    for (i = 0; i < d.length; i++) {
      if (d[i].className == 'log') {
        flip(d[i]);
      }
    }
  }
}

// -->
</script>

</head>
<body>
<h2 align='center'>SMOKE_Test</h2><table border='1' align="center">
<tr>
<td>Tests passed/Failed/Skipped:</td><td>37/8/0</td>
</tr><tr>
<td>Started on:</td><td>Thu Oct 18 20:36:43 CDT 2018</td>
</tr>
<tr><td>Total time:</td><td>604 seconds (604124 ms)</td>
</tr><tr>
<td>Included groups:</td><td></td>
</tr><tr>
<td>Excluded groups:</td><td></td>
</tr>
</table><p/>
<small><i>(Hover the method name to see the test class name)</i></small><p/>
<table width='100%' border='1' class='invocation-failed'>
<tr><td colspan='4' align='center'><b>FAILED CONFIGURATIONS</b></td></tr>
<tr><td><b>Test method</b></td>
<td width="30%"><b>Exception</b></td>
<td width="10%"><b>Time (seconds)</b></td>
<td><b>Instance</b></td>
</tr>
<tr>
<td title='TestNG.WIDM.afterClass()'><b>afterClass</b><br>Test class: TestNG.WIDM</td>
<td><div><pre>java.lang.IndexOutOfBoundsException: Index: 0, Size: 0
	at java.util.ArrayList.rangeCheck(Unknown Source)
	at java.util.ArrayList.get(Unknown Source)
	at TestingFunctions.Helper_Functions.Cleanup(Helper_Functions.java:45)
	at TestNG.WIDM.afterClass(WIDM.java:168)
	at java.util.concurrent.ThreadPoolExecutor.runWorker(Unknown Source)
	at java.util.concurrent.ThreadPoolExecutor$Worker.run(Unknown Source)
	at java.lang.Thread.run(Unknown Source)
... Removed 11 stack frames</pre></div><a href='#' onClick='toggleBox("stack-trace1509555233", this, "Click to show all stack frames", "Click to hide stack frames")'>Click to show all stack frames</a>
<div class='stack-trace' id='stack-trace1509555233'><pre>java.lang.IndexOutOfBoundsException: Index: 0, Size: 0
	at java.util.ArrayList.rangeCheck(Unknown Source)
	at java.util.ArrayList.get(Unknown Source)
	at TestingFunctions.Helper_Functions.Cleanup(Helper_Functions.java:45)
	at TestNG.WIDM.afterClass(WIDM.java:168)
	at sun.reflect.NativeMethodAccessorImpl.invoke0(Native Method)
	at sun.reflect.NativeMethodAccessorImpl.invoke(Unknown Source)
	at sun.reflect.DelegatingMethodAccessorImpl.invoke(Unknown Source)
	at java.lang.reflect.Method.invoke(Unknown Source)
	at org.testng.internal.MethodInvocationHelper.invokeMethod(MethodInvocationHelper.java:124)
	at org.testng.internal.MethodInvocationHelper.invokeMethodConsideringTimeout(MethodInvocationHelper.java:59)
	at org.testng.internal.Invoker.invokeConfigurationMethod(Invoker.java:458)
	at org.testng.internal.Invoker.invokeConfigurations(Invoker.java:222)
	at org.testng.internal.Invoker.invokeConfigurations(Invoker.java:142)
	at org.testng.internal.TestMethodWorker.invokeAfterClassMethods(TestMethodWorker.java:214)
	at org.testng.internal.TestMethodWorker.run(TestMethodWorker.java:111)
	at java.util.concurrent.ThreadPoolExecutor.runWorker(Unknown Source)
	at java.util.concurrent.ThreadPoolExecutor$Worker.run(Unknown Source)
	at java.lang.Thread.run(Unknown Source)
</pre></div></td>
<td>0</td>
<td>TestNG.WIDM@1188e820</td></tr>
<tr>
<td title='TestNG.WFCL.afterClass()'><b>afterClass</b><br>Test class: TestNG.WFCL</td>
<td><div><pre>java.lang.IndexOutOfBoundsException: Index: 0, Size: 0
	at java.util.ArrayList.rangeCheck(Unknown Source)
	at java.util.ArrayList.get(Unknown Source)
	at TestingFunctions.Helper_Functions.Cleanup(Helper_Functions.java:45)
	at TestNG.WFCL.afterClass(WFCL.java:246)
	at java.util.concurrent.ThreadPoolExecutor.runWorker(Unknown Source)
	at java.util.concurrent.ThreadPoolExecutor$Worker.run(Unknown Source)
	at java.lang.Thread.run(Unknown Source)
... Removed 11 stack frames</pre></div><a href='#' onClick='toggleBox("stack-trace838624719", this, "Click to show all stack frames", "Click to hide stack frames")'>Click to show all stack frames</a>
<div class='stack-trace' id='stack-trace838624719'><pre>java.lang.IndexOutOfBoundsException: Index: 0, Size: 0
	at java.util.ArrayList.rangeCheck(Unknown Source)
	at java.util.ArrayList.get(Unknown Source)
	at TestingFunctions.Helper_Functions.Cleanup(Helper_Functions.java:45)
	at TestNG.WFCL.afterClass(WFCL.java:246)
	at sun.reflect.NativeMethodAccessorImpl.invoke0(Native Method)
	at sun.reflect.NativeMethodAccessorImpl.invoke(Unknown Source)
	at sun.reflect.DelegatingMethodAccessorImpl.invoke(Unknown Source)
	at java.lang.reflect.Method.invoke(Unknown Source)
	at org.testng.internal.MethodInvocationHelper.invokeMethod(MethodInvocationHelper.java:124)
	at org.testng.internal.MethodInvocationHelper.invokeMethodConsideringTimeout(MethodInvocationHelper.java:59)
	at org.testng.internal.Invoker.invokeConfigurationMethod(Invoker.java:458)
	at org.testng.internal.Invoker.invokeConfigurations(Invoker.java:222)
	at org.testng.internal.Invoker.invokeConfigurations(Invoker.java:142)
	at org.testng.internal.TestMethodWorker.invokeAfterClassMethods(TestMethodWorker.java:214)
	at org.testng.internal.TestMethodWorker.run(TestMethodWorker.java:111)
	at java.util.concurrent.ThreadPoolExecutor.runWorker(Unknown Source)
	at java.util.concurrent.ThreadPoolExecutor$Worker.run(Unknown Source)
	at java.lang.Thread.run(Unknown Source)
</pre></div></td>
<td>0</td>
<td>TestNG.WFCL@130f889</td></tr>
</table><p>
<table width='100%' border='1' class='invocation-failed'>
<tr><td colspan='4' align='center'><b>FAILED TESTS</b></td></tr>
<tr><td><b>Test method</b></td>
<td width="30%"><b>Exception</b></td>
<td width="10%"><b>Time (seconds)</b></td>
<td><b>Instance</b></td>
</tr>
<tr>
<td title='TestNG.WIDM.ResetPasswordWIDM_Email()'><b>ResetPasswordWIDM_Email</b><br>Test class: TestNG.WIDM<br>Parameters: 2, L2EAN071618T143743, Test1234</td>
<td><div><pre>java.lang.AssertionError: User not working.
	at TestNG.WIDM.ResetPasswordWIDM_Email(WIDM.java:148)
	at java.util.concurrent.FutureTask.run(Unknown Source)
	at java.util.concurrent.Executors$RunnableAdapter.call(Unknown Source)
	at java.util.concurrent.FutureTask.run(Unknown Source)
	at java.util.concurrent.ThreadPoolExecutor.runWorker(Unknown Source)
	at java.util.concurrent.ThreadPoolExecutor$Worker.run(Unknown Source)
	at java.lang.Thread.run(Unknown Source)
... Removed 10 stack frames</pre></div><a href='#' onClick='toggleBox("stack-trace237252244", this, "Click to show all stack frames", "Click to hide stack frames")'>Click to show all stack frames</a>
<div class='stack-trace' id='stack-trace237252244'><pre>java.lang.AssertionError: User not working.
	at org.testng.Assert.fail(Assert.java:96)
	at TestNG.WIDM.ResetPasswordWIDM_Email(WIDM.java:148)
	at sun.reflect.NativeMethodAccessorImpl.invoke0(Native Method)
	at sun.reflect.NativeMethodAccessorImpl.invoke(Unknown Source)
	at sun.reflect.DelegatingMethodAccessorImpl.invoke(Unknown Source)
	at java.lang.reflect.Method.invoke(Unknown Source)
	at org.testng.internal.MethodInvocationHelper.invokeMethod(MethodInvocationHelper.java:124)
	at org.testng.internal.Invoker.invokeMethod(Invoker.java:583)
	at org.testng.internal.Invoker.invokeTestMethod(Invoker.java:719)
	at org.testng.internal.TestMethodWithDataProviderMethodWorker.call(TestMethodWithDataProviderMethodWorker.java:71)
	at org.testng.internal.TestMethodWithDataProviderMethodWorker.call(TestMethodWithDataProviderMethodWorker.java:14)
	at java.util.concurrent.FutureTask.run(Unknown Source)
	at java.util.concurrent.Executors$RunnableAdapter.call(Unknown Source)
	at java.util.concurrent.FutureTask.run(Unknown Source)
	at java.util.concurrent.ThreadPoolExecutor.runWorker(Unknown Source)
	at java.util.concurrent.ThreadPoolExecutor$Worker.run(Unknown Source)
	at java.lang.Thread.run(Unknown Source)
</pre></div></td>
<td>97</td>
<td>TestNG.WIDM@1188e820</td></tr>
<tr>
<td title='TestNG.WIDM.SetEnvironment()'><b>SetEnvironment</b><br>Test class: TestNG.WIDM</td>
<td><div><pre>org.testng.TestNGException: 
Parameter &apos;Levels&apos; is required by @Test on method SetEnvironment but has not been marked @Optional or defined
in C:\Users\5159473\eclipse-workspace\TestNG_Automation\src\main\java\XMLExecution\SMOKEtestng.xml
	at java.util.concurrent.ThreadPoolExecutor.runWorker(Unknown Source)
	at java.util.concurrent.ThreadPoolExecutor$Worker.run(Unknown Source)
	at java.lang.Thread.run(Unknown Source)
... Removed 9 stack frames</pre></div><a href='#' onClick='toggleBox("stack-trace1647824511", this, "Click to show all stack frames", "Click to hide stack frames")'>Click to show all stack frames</a>
<div class='stack-trace' id='stack-trace1647824511'><pre>org.testng.TestNGException: 
Parameter &apos;Levels&apos; is required by @Test on method SetEnvironment but has not been marked @Optional or defined
in C:\Users\5159473\eclipse-workspace\TestNG_Automation\src\main\java\XMLExecution\SMOKEtestng.xml
	at org.testng.internal.Parameters.createParams(Parameters.java:290)
	at org.testng.internal.Parameters.createParametersForMethod(Parameters.java:359)
	at org.testng.internal.Parameters.createParameters(Parameters.java:620)
	at org.testng.internal.Parameters.handleParameters(Parameters.java:769)
	at org.testng.internal.ParameterHandler.handleParameters(ParameterHandler.java:49)
	at org.testng.internal.ParameterHandler.createParameters(ParameterHandler.java:37)
	at org.testng.internal.Invoker.invokeTestMethods(Invoker.java:924)
	at org.testng.internal.TestMethodWorker.invokeTestMethods(TestMethodWorker.java:125)
	at org.testng.internal.TestMethodWorker.run(TestMethodWorker.java:109)
	at java.util.concurrent.ThreadPoolExecutor.runWorker(Unknown Source)
	at java.util.concurrent.ThreadPoolExecutor$Worker.run(Unknown Source)
	at java.lang.Thread.run(Unknown Source)
</pre></div></td>
<td>0</td>
<td>TestNG.WIDM@1188e820</td></tr>
<tr>
<td title='WaterfallApplications.WCRV.WCRV_Generate_RateSheet()'><b>WCRV_Generate_RateSheet</b><br>Test class: WaterfallApplications.WCRV<br>Parameters: 3, US, L3WCRVNonPriUSA1, Test1234, intra</td>
<td><div><pre>java.lang.AssertionError: Timed out after 30 seconds waiting for presence of element located by: By.id: wcrv-profile
Build info: version: &apos;2.53.0&apos;, revision: &apos;35ae25b1534ae328c771e0856c93e187490ca824&apos;, time: &apos;2016-03-15 10:43:46&apos;
System info: host: &apos;WTC-5159473-l2&apos;, ip: &apos;172.27.142.145&apos;, os.name: &apos;Windows 10&apos;, os.arch: &apos;amd64&apos;, os.version: &apos;10.0&apos;, java.version: &apos;1.8.0_181&apos;
Driver info: org.openqa.selenium.chrome.ChromeDriver
Capabilities [{applicationCacheEnabled=false, rotatable=false, mobileEmulationEnabled=false, networkConnectionEnabled=false, chrome={chromedriverVersion=2.37.544315 (730aa6a5fdba159ac9f4c1e8cbc59bf1b5ce12b7), userDataDir=C:\Users\5159473\AppData\Local\Temp\scoped_dir21140_17716}, takesHeapSnapshot=true, pageLoadStrategy=normal, databaseEnabled=false, handlesAlerts=true, hasTouchScreen=false, version=69.0.3497.100, platform=XP, browserConnectionEnabled=false, nativeEvents=true, acceptSslCerts=false, acceptInsecureCerts=false, locationContextEnabled=true, webStorageEnabled=true, browserName=chrome, takesScreenshot=true, javascriptEnabled=true, cssSelectorsEnabled=true, setWindowRect=true, unexpectedAlertBehaviour=}]
Session ID: 1b33ee1b5b733b8095e4995c3d430efc
	at WaterfallApplications.WCRV.WCRV_Generate_RateSheet(WCRV.java:81)
	at java.util.concurrent.FutureTask.run(Unknown Source)
	at java.util.concurrent.Executors$RunnableAdapter.call(Unknown Source)
	at java.util.concurrent.FutureTask.run(Unknown Source)
	at java.util.concurrent.ThreadPoolExecutor.runWorker(Unknown Source)
	at java.util.concurrent.ThreadPoolExecutor$Worker.run(Unknown Source)
	at java.lang.Thread.run(Unknown Source)
... Removed 10 stack frames</pre></div><a href='#' onClick='toggleBox("stack-trace1749155246", this, "Click to show all stack frames", "Click to hide stack frames")'>Click to show all stack frames</a>
<div class='stack-trace' id='stack-trace1749155246'><pre>java.lang.AssertionError: Timed out after 30 seconds waiting for presence of element located by: By.id: wcrv-profile
Build info: version: &apos;2.53.0&apos;, revision: &apos;35ae25b1534ae328c771e0856c93e187490ca824&apos;, time: &apos;2016-03-15 10:43:46&apos;
System info: host: &apos;WTC-5159473-l2&apos;, ip: &apos;172.27.142.145&apos;, os.name: &apos;Windows 10&apos;, os.arch: &apos;amd64&apos;, os.version: &apos;10.0&apos;, java.version: &apos;1.8.0_181&apos;
Driver info: org.openqa.selenium.chrome.ChromeDriver
Capabilities [{applicationCacheEnabled=false, rotatable=false, mobileEmulationEnabled=false, networkConnectionEnabled=false, chrome={chromedriverVersion=2.37.544315 (730aa6a5fdba159ac9f4c1e8cbc59bf1b5ce12b7), userDataDir=C:\Users\5159473\AppData\Local\Temp\scoped_dir21140_17716}, takesHeapSnapshot=true, pageLoadStrategy=normal, databaseEnabled=false, handlesAlerts=true, hasTouchScreen=false, version=69.0.3497.100, platform=XP, browserConnectionEnabled=false, nativeEvents=true, acceptSslCerts=false, acceptInsecureCerts=false, locationContextEnabled=true, webStorageEnabled=true, browserName=chrome, takesScreenshot=true, javascriptEnabled=true, cssSelectorsEnabled=true, setWindowRect=true, unexpectedAlertBehaviour=}]
Session ID: 1b33ee1b5b733b8095e4995c3d430efc
	at org.testng.Assert.fail(Assert.java:96)
	at WaterfallApplications.WCRV.WCRV_Generate_RateSheet(WCRV.java:81)
	at sun.reflect.NativeMethodAccessorImpl.invoke0(Native Method)
	at sun.reflect.NativeMethodAccessorImpl.invoke(Unknown Source)
	at sun.reflect.DelegatingMethodAccessorImpl.invoke(Unknown Source)
	at java.lang.reflect.Method.invoke(Unknown Source)
	at org.testng.internal.MethodInvocationHelper.invokeMethod(MethodInvocationHelper.java:124)
	at org.testng.internal.Invoker.invokeMethod(Invoker.java:583)
	at org.testng.internal.Invoker.invokeTestMethod(Invoker.java:719)
	at org.testng.internal.TestMethodWithDataProviderMethodWorker.call(TestMethodWithDataProviderMethodWorker.java:71)
	at org.testng.internal.TestMethodWithDataProviderMethodWorker.call(TestMethodWithDataProviderMethodWorker.java:14)
	at java.util.concurrent.FutureTask.run(Unknown Source)
	at java.util.concurrent.Executors$RunnableAdapter.call(Unknown Source)
	at java.util.concurrent.FutureTask.run(Unknown Source)
	at java.util.concurrent.ThreadPoolExecutor.runWorker(Unknown Source)
	at java.util.concurrent.ThreadPoolExecutor$Worker.run(Unknown Source)
	at java.lang.Thread.run(Unknown Source)
</pre></div></td>
<td>164</td>
<td>WaterfallApplications.WCRV@276438c9</td></tr>
<tr>
<td title='WaterfallApplications.WCRV.WCRV_Generate_RateSheet()'><b>WCRV_Generate_RateSheet</b><br>Test class: WaterfallApplications.WCRV<br>Parameters: 3, US, L3WCRVNonPriUSA1, Test1234, notintra</td>
<td><div><pre>java.lang.AssertionError: Timed out after 30 seconds waiting for presence of element located by: By.id: wcrv-profile
Build info: version: &apos;2.53.0&apos;, revision: &apos;35ae25b1534ae328c771e0856c93e187490ca824&apos;, time: &apos;2016-03-15 10:43:46&apos;
System info: host: &apos;WTC-5159473-l2&apos;, ip: &apos;172.27.142.145&apos;, os.name: &apos;Windows 10&apos;, os.arch: &apos;amd64&apos;, os.version: &apos;10.0&apos;, java.version: &apos;1.8.0_181&apos;
Driver info: org.openqa.selenium.chrome.ChromeDriver
Capabilities [{applicationCacheEnabled=false, rotatable=false, mobileEmulationEnabled=false, networkConnectionEnabled=false, chrome={chromedriverVersion=2.37.544315 (730aa6a5fdba159ac9f4c1e8cbc59bf1b5ce12b7), userDataDir=C:\Users\5159473\AppData\Local\Temp\scoped_dir19660_10165}, takesHeapSnapshot=true, pageLoadStrategy=normal, databaseEnabled=false, handlesAlerts=true, hasTouchScreen=false, version=69.0.3497.100, platform=XP, browserConnectionEnabled=false, nativeEvents=true, acceptSslCerts=false, acceptInsecureCerts=false, locationContextEnabled=true, webStorageEnabled=true, browserName=chrome, takesScreenshot=true, javascriptEnabled=true, cssSelectorsEnabled=true, setWindowRect=true, unexpectedAlertBehaviour=}]
Session ID: 56b0d487892a0be8a708790dd919b8a0
	at WaterfallApplications.WCRV.WCRV_Generate_RateSheet(WCRV.java:81)
	at java.util.concurrent.FutureTask.run(Unknown Source)
	at java.util.concurrent.Executors$RunnableAdapter.call(Unknown Source)
	at java.util.concurrent.FutureTask.run(Unknown Source)
	at java.util.concurrent.ThreadPoolExecutor.runWorker(Unknown Source)
	at java.util.concurrent.ThreadPoolExecutor$Worker.run(Unknown Source)
	at java.lang.Thread.run(Unknown Source)
... Removed 10 stack frames</pre></div><a href='#' onClick='toggleBox("stack-trace1730512547", this, "Click to show all stack frames", "Click to hide stack frames")'>Click to show all stack frames</a>
<div class='stack-trace' id='stack-trace1730512547'><pre>java.lang.AssertionError: Timed out after 30 seconds waiting for presence of element located by: By.id: wcrv-profile
Build info: version: &apos;2.53.0&apos;, revision: &apos;35ae25b1534ae328c771e0856c93e187490ca824&apos;, time: &apos;2016-03-15 10:43:46&apos;
System info: host: &apos;WTC-5159473-l2&apos;, ip: &apos;172.27.142.145&apos;, os.name: &apos;Windows 10&apos;, os.arch: &apos;amd64&apos;, os.version: &apos;10.0&apos;, java.version: &apos;1.8.0_181&apos;
Driver info: org.openqa.selenium.chrome.ChromeDriver
Capabilities [{applicationCacheEnabled=false, rotatable=false, mobileEmulationEnabled=false, networkConnectionEnabled=false, chrome={chromedriverVersion=2.37.544315 (730aa6a5fdba159ac9f4c1e8cbc59bf1b5ce12b7), userDataDir=C:\Users\5159473\AppData\Local\Temp\scoped_dir19660_10165}, takesHeapSnapshot=true, pageLoadStrategy=normal, databaseEnabled=false, handlesAlerts=true, hasTouchScreen=false, version=69.0.3497.100, platform=XP, browserConnectionEnabled=false, nativeEvents=true, acceptSslCerts=false, acceptInsecureCerts=false, locationContextEnabled=true, webStorageEnabled=true, browserName=chrome, takesScreenshot=true, javascriptEnabled=true, cssSelectorsEnabled=true, setWindowRect=true, unexpectedAlertBehaviour=}]
Session ID: 56b0d487892a0be8a708790dd919b8a0
	at org.testng.Assert.fail(Assert.java:96)
	at WaterfallApplications.WCRV.WCRV_Generate_RateSheet(WCRV.java:81)
	at sun.reflect.NativeMethodAccessorImpl.invoke0(Native Method)
	at sun.reflect.NativeMethodAccessorImpl.invoke(Unknown Source)
	at sun.reflect.DelegatingMethodAccessorImpl.invoke(Unknown Source)
	at java.lang.reflect.Method.invoke(Unknown Source)
	at org.testng.internal.MethodInvocationHelper.invokeMethod(MethodInvocationHelper.java:124)
	at org.testng.internal.Invoker.invokeMethod(Invoker.java:583)
	at org.testng.internal.Invoker.invokeTestMethod(Invoker.java:719)
	at org.testng.internal.TestMethodWithDataProviderMethodWorker.call(TestMethodWithDataProviderMethodWorker.java:71)
	at org.testng.internal.TestMethodWithDataProviderMethodWorker.call(TestMethodWithDataProviderMethodWorker.java:14)
	at java.util.concurrent.FutureTask.run(Unknown Source)
	at java.util.concurrent.Executors$RunnableAdapter.call(Unknown Source)
	at java.util.concurrent.FutureTask.run(Unknown Source)
	at java.util.concurrent.ThreadPoolExecutor.runWorker(Unknown Source)
	at java.util.concurrent.ThreadPoolExecutor$Worker.run(Unknown Source)
	at java.lang.Thread.run(Unknown Source)
</pre></div></td>
<td>191</td>
<td>WaterfallApplications.WCRV@276438c9</td></tr>
<tr>
<td title='TestNG.WFCL.WFCL_CreditCardRegistrationEnroll()'><b>WFCL_CreditCardRegistrationEnroll</b><br>Test class: TestNG.WFCL<br>Parameters: 2, ss90705920, US</td>
<td><div><pre>java.lang.AssertionError: element not visible
  (Session info: chrome=69.0.3497.100)
  (Driver info: chromedriver=2.37.544315 (730aa6a5fdba159ac9f4c1e8cbc59bf1b5ce12b7),platform=Windows NT 10.0.16299 x86_64) (WARNING: The server did not provide any stacktrace information)
Command duration or timeout: 60 milliseconds
Build info: version: &apos;2.53.0&apos;, revision: &apos;35ae25b1534ae328c771e0856c93e187490ca824&apos;, time: &apos;2016-03-15 10:43:46&apos;
System info: host: &apos;WTC-5159473-l2&apos;, ip: &apos;172.27.142.145&apos;, os.name: &apos;Windows 10&apos;, os.arch: &apos;amd64&apos;, os.version: &apos;10.0&apos;, java.version: &apos;1.8.0_181&apos;
Driver info: org.openqa.selenium.chrome.ChromeDriver
Capabilities [{applicationCacheEnabled=false, rotatable=false, mobileEmulationEnabled=false, networkConnectionEnabled=false, chrome={chromedriverVersion=2.37.544315 (730aa6a5fdba159ac9f4c1e8cbc59bf1b5ce12b7), userDataDir=C:\Users\5159473\AppData\Local\Temp\scoped_dir7692_31509}, takesHeapSnapshot=true, pageLoadStrategy=normal, databaseEnabled=false, handlesAlerts=true, hasTouchScreen=false, version=69.0.3497.100, platform=XP, browserConnectionEnabled=false, nativeEvents=true, acceptSslCerts=false, acceptInsecureCerts=false, locationContextEnabled=true, webStorageEnabled=true, browserName=chrome, takesScreenshot=true, javascriptEnabled=true, cssSelectorsEnabled=true, setWindowRect=true, unexpectedAlertBehaviour=}]
Session ID: b7af110da586d34f937a9ada6b7e18bd
	at TestNG.WFCL.WFCL_CreditCardRegistrationEnroll(WFCL.java:131)
	at java.util.concurrent.FutureTask.run(Unknown Source)
	at java.util.concurrent.Executors$RunnableAdapter.call(Unknown Source)
	at java.util.concurrent.FutureTask.run(Unknown Source)
	at java.util.concurrent.ThreadPoolExecutor.runWorker(Unknown Source)
	at java.util.concurrent.ThreadPoolExecutor$Worker.run(Unknown Source)
	at java.lang.Thread.run(Unknown Source)
... Removed 10 stack frames</pre></div><a href='#' onClick='toggleBox("stack-trace901880530", this, "Click to show all stack frames", "Click to hide stack frames")'>Click to show all stack frames</a>
<div class='stack-trace' id='stack-trace901880530'><pre>java.lang.AssertionError: element not visible
  (Session info: chrome=69.0.3497.100)
  (Driver info: chromedriver=2.37.544315 (730aa6a5fdba159ac9f4c1e8cbc59bf1b5ce12b7),platform=Windows NT 10.0.16299 x86_64) (WARNING: The server did not provide any stacktrace information)
Command duration or timeout: 60 milliseconds
Build info: version: &apos;2.53.0&apos;, revision: &apos;35ae25b1534ae328c771e0856c93e187490ca824&apos;, time: &apos;2016-03-15 10:43:46&apos;
System info: host: &apos;WTC-5159473-l2&apos;, ip: &apos;172.27.142.145&apos;, os.name: &apos;Windows 10&apos;, os.arch: &apos;amd64&apos;, os.version: &apos;10.0&apos;, java.version: &apos;1.8.0_181&apos;
Driver info: org.openqa.selenium.chrome.ChromeDriver
Capabilities [{applicationCacheEnabled=false, rotatable=false, mobileEmulationEnabled=false, networkConnectionEnabled=false, chrome={chromedriverVersion=2.37.544315 (730aa6a5fdba159ac9f4c1e8cbc59bf1b5ce12b7), userDataDir=C:\Users\5159473\AppData\Local\Temp\scoped_dir7692_31509}, takesHeapSnapshot=true, pageLoadStrategy=normal, databaseEnabled=false, handlesAlerts=true, hasTouchScreen=false, version=69.0.3497.100, platform=XP, browserConnectionEnabled=false, nativeEvents=true, acceptSslCerts=false, acceptInsecureCerts=false, locationContextEnabled=true, webStorageEnabled=true, browserName=chrome, takesScreenshot=true, javascriptEnabled=true, cssSelectorsEnabled=true, setWindowRect=true, unexpectedAlertBehaviour=}]
Session ID: b7af110da586d34f937a9ada6b7e18bd
	at org.testng.Assert.fail(Assert.java:96)
	at TestNG.WFCL.WFCL_CreditCardRegistrationEnroll(WFCL.java:131)
	at sun.reflect.NativeMethodAccessorImpl.invoke0(Native Method)
	at sun.reflect.NativeMethodAccessorImpl.invoke(Unknown Source)
	at sun.reflect.DelegatingMethodAccessorImpl.invoke(Unknown Source)
	at java.lang.reflect.Method.invoke(Unknown Source)
	at org.testng.internal.MethodInvocationHelper.invokeMethod(MethodInvocationHelper.java:124)
	at org.testng.internal.Invoker.invokeMethod(Invoker.java:583)
	at org.testng.internal.Invoker.invokeTestMethod(Invoker.java:719)
	at org.testng.internal.TestMethodWithDataProviderMethodWorker.call(TestMethodWithDataProviderMethodWorker.java:71)
	at org.testng.internal.TestMethodWithDataProviderMethodWorker.call(TestMethodWithDataProviderMethodWorker.java:14)
	at java.util.concurrent.FutureTask.run(Unknown Source)
	at java.util.concurrent.Executors$RunnableAdapter.call(Unknown Source)
	at java.util.concurrent.FutureTask.run(Unknown Source)
	at java.util.concurrent.ThreadPoolExecutor.runWorker(Unknown Source)
	at java.util.concurrent.ThreadPoolExecutor$Worker.run(Unknown Source)
	at java.lang.Thread.run(Unknown Source)
</pre></div></td>
<td>136</td>
<td>TestNG.WFCL@130f889</td></tr>
<tr>
<td title='TestNG.WIDM.WIDM_Registration()'><b>WIDM_Registration</b><br>Test class: TestNG.WIDM<br>Parameters: 2, US</td>
<td><div><pre>java.lang.AssertionError: Timed out after 30 seconds waiting for text to be &quot;L2WIDMUS101818T203643&quot;. Current text: &quot;null&quot;
Build info: version: &apos;2.53.0&apos;, revision: &apos;35ae25b1534ae328c771e0856c93e187490ca824&apos;, time: &apos;2016-03-15 10:43:46&apos;
System info: host: &apos;WTC-5159473-l2&apos;, ip: &apos;172.27.142.145&apos;, os.name: &apos;Windows 10&apos;, os.arch: &apos;amd64&apos;, os.version: &apos;10.0&apos;, java.version: &apos;1.8.0_181&apos;
Driver info: org.openqa.selenium.chrome.ChromeDriver
Capabilities [{applicationCacheEnabled=false, rotatable=false, mobileEmulationEnabled=false, networkConnectionEnabled=false, chrome={chromedriverVersion=2.37.544315 (730aa6a5fdba159ac9f4c1e8cbc59bf1b5ce12b7), userDataDir=C:\Users\5159473\AppData\Local\Temp\scoped_dir18800_6574}, takesHeapSnapshot=true, pageLoadStrategy=normal, databaseEnabled=false, handlesAlerts=true, hasTouchScreen=false, version=69.0.3497.100, platform=XP, browserConnectionEnabled=false, nativeEvents=true, acceptSslCerts=false, acceptInsecureCerts=false, locationContextEnabled=true, webStorageEnabled=true, browserName=chrome, takesScreenshot=true, javascriptEnabled=true, cssSelectorsEnabled=true, setWindowRect=true, unexpectedAlertBehaviour=}]
Session ID: 34493cc3cc41832845938745d28eee0e
	at TestNG.WIDM.WIDM_Registration(WIDM.java:101)
	at java.util.concurrent.FutureTask.run(Unknown Source)
	at java.util.concurrent.Executors$RunnableAdapter.call(Unknown Source)
	at java.util.concurrent.FutureTask.run(Unknown Source)
	at java.util.concurrent.ThreadPoolExecutor.runWorker(Unknown Source)
	at java.util.concurrent.ThreadPoolExecutor$Worker.run(Unknown Source)
	at java.lang.Thread.run(Unknown Source)
... Removed 10 stack frames</pre></div><a href='#' onClick='toggleBox("stack-trace1120887025", this, "Click to show all stack frames", "Click to hide stack frames")'>Click to show all stack frames</a>
<div class='stack-trace' id='stack-trace1120887025'><pre>java.lang.AssertionError: Timed out after 30 seconds waiting for text to be &quot;L2WIDMUS101818T203643&quot;. Current text: &quot;null&quot;
Build info: version: &apos;2.53.0&apos;, revision: &apos;35ae25b1534ae328c771e0856c93e187490ca824&apos;, time: &apos;2016-03-15 10:43:46&apos;
System info: host: &apos;WTC-5159473-l2&apos;, ip: &apos;172.27.142.145&apos;, os.name: &apos;Windows 10&apos;, os.arch: &apos;amd64&apos;, os.version: &apos;10.0&apos;, java.version: &apos;1.8.0_181&apos;
Driver info: org.openqa.selenium.chrome.ChromeDriver
Capabilities [{applicationCacheEnabled=false, rotatable=false, mobileEmulationEnabled=false, networkConnectionEnabled=false, chrome={chromedriverVersion=2.37.544315 (730aa6a5fdba159ac9f4c1e8cbc59bf1b5ce12b7), userDataDir=C:\Users\5159473\AppData\Local\Temp\scoped_dir18800_6574}, takesHeapSnapshot=true, pageLoadStrategy=normal, databaseEnabled=false, handlesAlerts=true, hasTouchScreen=false, version=69.0.3497.100, platform=XP, browserConnectionEnabled=false, nativeEvents=true, acceptSslCerts=false, acceptInsecureCerts=false, locationContextEnabled=true, webStorageEnabled=true, browserName=chrome, takesScreenshot=true, javascriptEnabled=true, cssSelectorsEnabled=true, setWindowRect=true, unexpectedAlertBehaviour=}]
Session ID: 34493cc3cc41832845938745d28eee0e
	at org.testng.Assert.fail(Assert.java:96)
	at TestNG.WIDM.WIDM_Registration(WIDM.java:101)
	at sun.reflect.NativeMethodAccessorImpl.invoke0(Native Method)
	at sun.reflect.NativeMethodAccessorImpl.invoke(Unknown Source)
	at sun.reflect.DelegatingMethodAccessorImpl.invoke(Unknown Source)
	at java.lang.reflect.Method.invoke(Unknown Source)
	at org.testng.internal.MethodInvocationHelper.invokeMethod(MethodInvocationHelper.java:124)
	at org.testng.internal.Invoker.invokeMethod(Invoker.java:583)
	at org.testng.internal.Invoker.invokeTestMethod(Invoker.java:719)
	at org.testng.internal.TestMethodWithDataProviderMethodWorker.call(TestMethodWithDataProviderMethodWorker.java:71)
	at org.testng.internal.TestMethodWithDataProviderMethodWorker.call(TestMethodWithDataProviderMethodWorker.java:14)
	at java.util.concurrent.FutureTask.run(Unknown Source)
	at java.util.concurrent.Executors$RunnableAdapter.call(Unknown Source)
	at java.util.concurrent.FutureTask.run(Unknown Source)
	at java.util.concurrent.ThreadPoolExecutor.runWorker(Unknown Source)
	at java.util.concurrent.ThreadPoolExecutor$Worker.run(Unknown Source)
	at java.lang.Thread.run(Unknown Source)
</pre></div></td>
<td>87</td>
<td>TestNG.WIDM@1188e820</td></tr>
<tr>
<td title='TestNG.WIDM.WIDM_RegistrationEFWS()'><b>WIDM_RegistrationEFWS</b><br>Test class: TestNG.WIDM<br>Parameters: 2, US</td>
<td><div><pre>java.lang.AssertionError: Timed out after 30 seconds waiting for text to be &quot;Your registration request is not approved based on the information submitted.&quot;. Current text: &quot;We are unable to process your registration at this time. Please try again later.&quot;
Build info: version: &apos;2.53.0&apos;, revision: &apos;35ae25b1534ae328c771e0856c93e187490ca824&apos;, time: &apos;2016-03-15 10:43:46&apos;
System info: host: &apos;WTC-5159473-l2&apos;, ip: &apos;172.27.142.145&apos;, os.name: &apos;Windows 10&apos;, os.arch: &apos;amd64&apos;, os.version: &apos;10.0&apos;, java.version: &apos;1.8.0_181&apos;
Driver info: org.openqa.selenium.chrome.ChromeDriver
Capabilities [{applicationCacheEnabled=false, rotatable=false, mobileEmulationEnabled=false, networkConnectionEnabled=false, chrome={chromedriverVersion=2.37.544315 (730aa6a5fdba159ac9f4c1e8cbc59bf1b5ce12b7), userDataDir=C:\Users\5159473\AppData\Local\Temp\scoped_dir16716_16987}, takesHeapSnapshot=true, pageLoadStrategy=normal, databaseEnabled=false, handlesAlerts=true, hasTouchScreen=false, version=69.0.3497.100, platform=XP, browserConnectionEnabled=false, nativeEvents=true, acceptSslCerts=false, acceptInsecureCerts=false, locationContextEnabled=true, webStorageEnabled=true, browserName=chrome, takesScreenshot=true, javascriptEnabled=true, cssSelectorsEnabled=true, setWindowRect=true, unexpectedAlertBehaviour=}]
Session ID: 2439029b312ed13adcf9463b86866c96
	at TestNG.WIDM.WIDM_RegistrationEFWS(WIDM.java:115)
	at java.util.concurrent.FutureTask.run(Unknown Source)
	at java.util.concurrent.Executors$RunnableAdapter.call(Unknown Source)
	at java.util.concurrent.FutureTask.run(Unknown Source)
	at java.util.concurrent.ThreadPoolExecutor.runWorker(Unknown Source)
	at java.util.concurrent.ThreadPoolExecutor$Worker.run(Unknown Source)
	at java.lang.Thread.run(Unknown Source)
... Removed 10 stack frames</pre></div><a href='#' onClick='toggleBox("stack-trace71215921", this, "Click to show all stack frames", "Click to hide stack frames")'>Click to show all stack frames</a>
<div class='stack-trace' id='stack-trace71215921'><pre>java.lang.AssertionError: Timed out after 30 seconds waiting for text to be &quot;Your registration request is not approved based on the information submitted.&quot;. Current text: &quot;We are unable to process your registration at this time. Please try again later.&quot;
Build info: version: &apos;2.53.0&apos;, revision: &apos;35ae25b1534ae328c771e0856c93e187490ca824&apos;, time: &apos;2016-03-15 10:43:46&apos;
System info: host: &apos;WTC-5159473-l2&apos;, ip: &apos;172.27.142.145&apos;, os.name: &apos;Windows 10&apos;, os.arch: &apos;amd64&apos;, os.version: &apos;10.0&apos;, java.version: &apos;1.8.0_181&apos;
Driver info: org.openqa.selenium.chrome.ChromeDriver
Capabilities [{applicationCacheEnabled=false, rotatable=false, mobileEmulationEnabled=false, networkConnectionEnabled=false, chrome={chromedriverVersion=2.37.544315 (730aa6a5fdba159ac9f4c1e8cbc59bf1b5ce12b7), userDataDir=C:\Users\5159473\AppData\Local\Temp\scoped_dir16716_16987}, takesHeapSnapshot=true, pageLoadStrategy=normal, databaseEnabled=false, handlesAlerts=true, hasTouchScreen=false, version=69.0.3497.100, platform=XP, browserConnectionEnabled=false, nativeEvents=true, acceptSslCerts=false, acceptInsecureCerts=false, locationContextEnabled=true, webStorageEnabled=true, browserName=chrome, takesScreenshot=true, javascriptEnabled=true, cssSelectorsEnabled=true, setWindowRect=true, unexpectedAlertBehaviour=}]
Session ID: 2439029b312ed13adcf9463b86866c96
	at org.testng.Assert.fail(Assert.java:96)
	at TestNG.WIDM.WIDM_RegistrationEFWS(WIDM.java:115)
	at sun.reflect.NativeMethodAccessorImpl.invoke0(Native Method)
	at sun.reflect.NativeMethodAccessorImpl.invoke(Unknown Source)
	at sun.reflect.DelegatingMethodAccessorImpl.invoke(Unknown Source)
	at java.lang.reflect.Method.invoke(Unknown Source)
	at org.testng.internal.MethodInvocationHelper.invokeMethod(MethodInvocationHelper.java:124)
	at org.testng.internal.Invoker.invokeMethod(Invoker.java:583)
	at org.testng.internal.Invoker.invokeTestMethod(Invoker.java:719)
	at org.testng.internal.TestMethodWithDataProviderMethodWorker.call(TestMethodWithDataProviderMethodWorker.java:71)
	at org.testng.internal.TestMethodWithDataProviderMethodWorker.call(TestMethodWithDataProviderMethodWorker.java:14)
	at java.util.concurrent.FutureTask.run(Unknown Source)
	at java.util.concurrent.Executors$RunnableAdapter.call(Unknown Source)
	at java.util.concurrent.FutureTask.run(Unknown Source)
	at java.util.concurrent.ThreadPoolExecutor.runWorker(Unknown Source)
	at java.util.concurrent.ThreadPoolExecutor$Worker.run(Unknown Source)
	at java.lang.Thread.run(Unknown Source)
</pre></div></td>
<td>180</td>
<td>TestNG.WIDM@1188e820</td></tr>
<tr>
<td title='TestNG.WIDM.WIDM_ResetPasswordSecret()'><b>WIDM_ResetPasswordSecret</b><br>Test class: TestNG.WIDM<br>Parameters: 2, US, L2EAN071618T143743, Test1234, mom</td>
<td><div><pre>java.lang.AssertionError: Timed out after 30 seconds waiting for text to be &quot;Thank you. Your password has been reset&quot;. Current text: &quot;null&quot;
Build info: version: &apos;2.53.0&apos;, revision: &apos;35ae25b1534ae328c771e0856c93e187490ca824&apos;, time: &apos;2016-03-15 10:43:46&apos;
System info: host: &apos;WTC-5159473-l2&apos;, ip: &apos;172.27.142.145&apos;, os.name: &apos;Windows 10&apos;, os.arch: &apos;amd64&apos;, os.version: &apos;10.0&apos;, java.version: &apos;1.8.0_181&apos;
Driver info: org.openqa.selenium.chrome.ChromeDriver
Capabilities [{applicationCacheEnabled=false, rotatable=false, mobileEmulationEnabled=false, networkConnectionEnabled=false, chrome={chromedriverVersion=2.37.544315 (730aa6a5fdba159ac9f4c1e8cbc59bf1b5ce12b7), userDataDir=C:\Users\5159473\AppData\Local\Temp\scoped_dir2040_2646}, takesHeapSnapshot=true, pageLoadStrategy=normal, databaseEnabled=false, handlesAlerts=true, hasTouchScreen=false, version=69.0.3497.100, platform=XP, browserConnectionEnabled=false, nativeEvents=true, acceptSslCerts=false, acceptInsecureCerts=false, locationContextEnabled=true, webStorageEnabled=true, browserName=chrome, takesScreenshot=true, javascriptEnabled=true, cssSelectorsEnabled=true, setWindowRect=true, unexpectedAlertBehaviour=}]
Session ID: a13dcaf2bdaa05c60df50540951c09bf
	at TestNG.WIDM.WIDM_ResetPasswordSecret(WIDM.java:126)
	at java.util.concurrent.FutureTask.run(Unknown Source)
	at java.util.concurrent.Executors$RunnableAdapter.call(Unknown Source)
	at java.util.concurrent.FutureTask.run(Unknown Source)
	at java.util.concurrent.ThreadPoolExecutor.runWorker(Unknown Source)
	at java.util.concurrent.ThreadPoolExecutor$Worker.run(Unknown Source)
	at java.lang.Thread.run(Unknown Source)
... Removed 10 stack frames</pre></div><a href='#' onClick='toggleBox("stack-trace1354528947", this, "Click to show all stack frames", "Click to hide stack frames")'>Click to show all stack frames</a>
<div class='stack-trace' id='stack-trace1354528947'><pre>java.lang.AssertionError: Timed out after 30 seconds waiting for text to be &quot;Thank you. Your password has been reset&quot;. Current text: &quot;null&quot;
Build info: version: &apos;2.53.0&apos;, revision: &apos;35ae25b1534ae328c771e0856c93e187490ca824&apos;, time: &apos;2016-03-15 10:43:46&apos;
System info: host: &apos;WTC-5159473-l2&apos;, ip: &apos;172.27.142.145&apos;, os.name: &apos;Windows 10&apos;, os.arch: &apos;amd64&apos;, os.version: &apos;10.0&apos;, java.version: &apos;1.8.0_181&apos;
Driver info: org.openqa.selenium.chrome.ChromeDriver
Capabilities [{applicationCacheEnabled=false, rotatable=false, mobileEmulationEnabled=false, networkConnectionEnabled=false, chrome={chromedriverVersion=2.37.544315 (730aa6a5fdba159ac9f4c1e8cbc59bf1b5ce12b7), userDataDir=C:\Users\5159473\AppData\Local\Temp\scoped_dir2040_2646}, takesHeapSnapshot=true, pageLoadStrategy=normal, databaseEnabled=false, handlesAlerts=true, hasTouchScreen=false, version=69.0.3497.100, platform=XP, browserConnectionEnabled=false, nativeEvents=true, acceptSslCerts=false, acceptInsecureCerts=false, locationContextEnabled=true, webStorageEnabled=true, browserName=chrome, takesScreenshot=true, javascriptEnabled=true, cssSelectorsEnabled=true, setWindowRect=true, unexpectedAlertBehaviour=}]
Session ID: a13dcaf2bdaa05c60df50540951c09bf
	at org.testng.Assert.fail(Assert.java:96)
	at TestNG.WIDM.WIDM_ResetPasswordSecret(WIDM.java:126)
	at sun.reflect.NativeMethodAccessorImpl.invoke0(Native Method)
	at sun.reflect.NativeMethodAccessorImpl.invoke(Unknown Source)
	at sun.reflect.DelegatingMethodAccessorImpl.invoke(Unknown Source)
	at java.lang.reflect.Method.invoke(Unknown Source)
	at org.testng.internal.MethodInvocationHelper.invokeMethod(MethodInvocationHelper.java:124)
	at org.testng.internal.Invoker.invokeMethod(Invoker.java:583)
	at org.testng.internal.Invoker.invokeTestMethod(Invoker.java:719)
	at org.testng.internal.TestMethodWithDataProviderMethodWorker.call(TestMethodWithDataProviderMethodWorker.java:71)
	at org.testng.internal.TestMethodWithDataProviderMethodWorker.call(TestMethodWithDataProviderMethodWorker.java:14)
	at java.util.concurrent.FutureTask.run(Unknown Source)
	at java.util.concurrent.Executors$RunnableAdapter.call(Unknown Source)
	at java.util.concurrent.FutureTask.run(Unknown Source)
	at java.util.concurrent.ThreadPoolExecutor.runWorker(Unknown Source)
	at java.util.concurrent.ThreadPoolExecutor$Worker.run(Unknown Source)
	at java.lang.Thread.run(Unknown Source)
</pre></div></td>
<td>315</td>
<td>TestNG.WIDM@1188e820</td></tr>
</table><p>
<table width='100%' border='1' class='invocation-passed'>
<tr><td colspan='4' align='center'><b>PASSED TESTS</b></td></tr>
<tr><td><b>Test method</b></td>
<td width="30%"><b>Exception</b></td>
<td width="10%"><b>Time (seconds)</b></td>
<td><b>Instance</b></td>
</tr>
<tr>
<td title='TestNG.MFAC.AddressVelocity()'><b>AddressVelocity</b><br>Test class: TestNG.MFAC<br>Parameters: FDM-POSTCARD-PIN, 24c827bb-eefb-46ad-bf64-d6ac016f454f, https://apidev.idev.fedex.com:8443/security/v1/addresses/velocitycheck, 10</td>
<td></td>
<td>33</td>
<td>TestNG.MFAC@70a9f84e</td></tr>
<tr>
<td title='TestNG.MFAC.AddressVelocity()'><b>AddressVelocity</b><br>Test class: TestNG.MFAC<br>Parameters: FDM-POSTCARD-PIN, 24c827bb-eefb-46ad-bf64-d6ac016f454f, http://mfacdev-cos-vip.test.cloud.fedex.com:9090/mfac/v3/addressVelocityCheck, 10</td>
<td></td>
<td>33</td>
<td>TestNG.MFAC@70a9f84e</td></tr>
<tr>
<td title='TestNG.MFAC.AddressVelocity()'><b>AddressVelocity</b><br>Test class: TestNG.MFAC<br>Parameters: FDM-PHONE-PIN, 24c827bb-eefb-46ad-bf64-d6ac016f454f, http://mfacdev-cos-vip.test.cloud.fedex.com:9090/mfac/v3/addressVelocityCheck, 10</td>
<td></td>
<td>34</td>
<td>TestNG.MFAC@70a9f84e</td></tr>
<tr>
<td title='TestNG.MFAC.AddressVelocity()'><b>AddressVelocity</b><br>Test class: TestNG.MFAC<br>Parameters: FDM-PHONE-PIN, 24c827bb-eefb-46ad-bf64-d6ac016f454f, https://apidev.idev.fedex.com:8443/security/v1/addresses/velocitycheck, 10</td>
<td></td>
<td>35</td>
<td>TestNG.MFAC@70a9f84e</td></tr>
<tr>
<td title='TestNG.MFAC.IssuePin()'><b>IssuePin</b><br>Test class: TestNG.MFAC<br>Parameters: FDM-POSTCARD-PIN, 24c827bb-eefb-46ad-bf64-d6ac016f454f, http://mfacdev-cos-vip.test.cloud.fedex.com:9090/mfac/v3/issuePIN</td>
<td></td>
<td>2</td>
<td>TestNG.MFAC@70a9f84e</td></tr>
<tr>
<td title='TestNG.MFAC.IssuePin()'><b>IssuePin</b><br>Test class: TestNG.MFAC<br>Parameters: FDM-PHONE-PIN, 24c827bb-eefb-46ad-bf64-d6ac016f454f, https://apidev.idev.fedex.com:8443/security/v1/pin</td>
<td></td>
<td>4</td>
<td>TestNG.MFAC@70a9f84e</td></tr>
<tr>
<td title='TestNG.MFAC.IssuePin()'><b>IssuePin</b><br>Test class: TestNG.MFAC<br>Parameters: FDM-POSTCARD-PIN, 24c827bb-eefb-46ad-bf64-d6ac016f454f, https://apidev.idev.fedex.com:8443/security/v1/pin</td>
<td></td>
<td>9</td>
<td>TestNG.MFAC@70a9f84e</td></tr>
<tr>
<td title='TestNG.MFAC.IssuePin()'><b>IssuePin</b><br>Test class: TestNG.MFAC<br>Parameters: FDM-PHONE-PIN, 24c827bb-eefb-46ad-bf64-d6ac016f454f, http://mfacdev-cos-vip.test.cloud.fedex.com:9090/mfac/v3/issuePIN</td>
<td></td>
<td>16</td>
<td>TestNG.MFAC@70a9f84e</td></tr>
<tr>
<td title='TestNG.MFAC.IssuePinVelocity()'><b>IssuePinVelocity</b><br>Test class: TestNG.MFAC<br>Parameters: FDM-POSTCARD-PIN, 24c827bb-eefb-46ad-bf64-d6ac016f454f, https://apidev.idev.fedex.com:8443/security/v1/pin, 3</td>
<td></td>
<td>24</td>
<td>TestNG.MFAC@70a9f84e</td></tr>
<tr>
<td title='TestNG.MFAC.IssuePinVelocity()'><b>IssuePinVelocity</b><br>Test class: TestNG.MFAC<br>Parameters: FDM-PHONE-PIN, 24c827bb-eefb-46ad-bf64-d6ac016f454f, https://apidev.idev.fedex.com:8443/security/v1/pin, 3</td>
<td></td>
<td>25</td>
<td>TestNG.MFAC@70a9f84e</td></tr>
<tr>
<td title='TestNG.MFAC.IssuePinVelocity()'><b>IssuePinVelocity</b><br>Test class: TestNG.MFAC<br>Parameters: FDM-POSTCARD-PIN, 24c827bb-eefb-46ad-bf64-d6ac016f454f, http://mfacdev-cos-vip.test.cloud.fedex.com:9090/mfac/v3/issuePIN, 3</td>
<td></td>
<td>26</td>
<td>TestNG.MFAC@70a9f84e</td></tr>
<tr>
<td title='TestNG.MFAC.IssuePinVelocity()'><b>IssuePinVelocity</b><br>Test class: TestNG.MFAC<br>Parameters: FDM-PHONE-PIN, 24c827bb-eefb-46ad-bf64-d6ac016f454f, http://mfacdev-cos-vip.test.cloud.fedex.com:9090/mfac/v3/issuePIN, 3</td>
<td></td>
<td>27</td>
<td>TestNG.MFAC@70a9f84e</td></tr>
<tr>
<td title='TestNG.MFAC.VerifyPinNoLongerValid()'><b>VerifyPinNoLongerValid</b><br>Test class: TestNG.MFAC<br>Parameters: FDM-POSTCARD-PIN, 24c827bb-eefb-46ad-bf64-d6ac016f454f, http://mfacdev-cos-vip.test.cloud.fedex.com:9090/mfac/v3/issuePIN, http://mfacdev-cos-vip.test.cloud.fedex.com:9090/mfac/v3/verifyPIN</td>
<td></td>
<td>24</td>
<td>TestNG.MFAC@70a9f84e</td></tr>
<tr>
<td title='TestNG.MFAC.VerifyPinNoLongerValid()'><b>VerifyPinNoLongerValid</b><br>Test class: TestNG.MFAC<br>Parameters: FDM-PHONE-PIN, 24c827bb-eefb-46ad-bf64-d6ac016f454f, https://apidev.idev.fedex.com:8443/security/v1/pin, https://apidev.idev.fedex.com:8443/security/v1/pin/verify</td>
<td></td>
<td>24</td>
<td>TestNG.MFAC@70a9f84e</td></tr>
<tr>
<td title='TestNG.MFAC.VerifyPinNoLongerValid()'><b>VerifyPinNoLongerValid</b><br>Test class: TestNG.MFAC<br>Parameters: FDM-PHONE-PIN, 24c827bb-eefb-46ad-bf64-d6ac016f454f, http://mfacdev-cos-vip.test.cloud.fedex.com:9090/mfac/v3/issuePIN, http://mfacdev-cos-vip.test.cloud.fedex.com:9090/mfac/v3/verifyPIN</td>
<td></td>
<td>26</td>
<td>TestNG.MFAC@70a9f84e</td></tr>
<tr>
<td title='TestNG.MFAC.VerifyPinNoLongerValid()'><b>VerifyPinNoLongerValid</b><br>Test class: TestNG.MFAC<br>Parameters: FDM-POSTCARD-PIN, 24c827bb-eefb-46ad-bf64-d6ac016f454f, https://apidev.idev.fedex.com:8443/security/v1/pin, https://apidev.idev.fedex.com:8443/security/v1/pin/verify</td>
<td></td>
<td>27</td>
<td>TestNG.MFAC@70a9f84e</td></tr>
<tr>
<td title='TestNG.MFAC.VerifyPinValid()'><b>VerifyPinValid</b><br>Test class: TestNG.MFAC<br>Parameters: FDM-POSTCARD-PIN, 24c827bb-eefb-46ad-bf64-d6ac016f454f, https://apidev.idev.fedex.com:8443/security/v1/pin, https://apidev.idev.fedex.com:8443/security/v1/pin/verify</td>
<td></td>
<td>16</td>
<td>TestNG.MFAC@70a9f84e</td></tr>
<tr>
<td title='TestNG.MFAC.VerifyPinValid()'><b>VerifyPinValid</b><br>Test class: TestNG.MFAC<br>Parameters: FDM-PHONE-PIN, 24c827bb-eefb-46ad-bf64-d6ac016f454f, https://apidev.idev.fedex.com:8443/security/v1/pin, https://apidev.idev.fedex.com:8443/security/v1/pin/verify</td>
<td></td>
<td>17</td>
<td>TestNG.MFAC@70a9f84e</td></tr>
<tr>
<td title='TestNG.MFAC.VerifyPinValid()'><b>VerifyPinValid</b><br>Test class: TestNG.MFAC<br>Parameters: FDM-POSTCARD-PIN, 24c827bb-eefb-46ad-bf64-d6ac016f454f, http://mfacdev-cos-vip.test.cloud.fedex.com:9090/mfac/v3/issuePIN, http://mfacdev-cos-vip.test.cloud.fedex.com:9090/mfac/v3/verifyPIN</td>
<td></td>
<td>19</td>
<td>TestNG.MFAC@70a9f84e</td></tr>
<tr>
<td title='TestNG.MFAC.VerifyPinValid()'><b>VerifyPinValid</b><br>Test class: TestNG.MFAC<br>Parameters: FDM-PHONE-PIN, 24c827bb-eefb-46ad-bf64-d6ac016f454f, http://mfacdev-cos-vip.test.cloud.fedex.com:9090/mfac/v3/issuePIN, http://mfacdev-cos-vip.test.cloud.fedex.com:9090/mfac/v3/verifyPIN</td>
<td></td>
<td>19</td>
<td>TestNG.MFAC@70a9f84e</td></tr>
<tr>
<td title='TestNG.MFAC.VerifyPinVelocity()'><b>VerifyPinVelocity</b><br>Test class: TestNG.MFAC<br>Parameters: FDM-PHONE-PIN, 24c827bb-eefb-46ad-bf64-d6ac016f454f, https://apidev.idev.fedex.com:8443/security/v1/pin, https://apidev.idev.fedex.com:8443/security/v1/pin/verify, 3</td>
<td></td>
<td>22</td>
<td>TestNG.MFAC@70a9f84e</td></tr>
<tr>
<td title='TestNG.MFAC.VerifyPinVelocity()'><b>VerifyPinVelocity</b><br>Test class: TestNG.MFAC<br>Parameters: FDM-POSTCARD-PIN, 24c827bb-eefb-46ad-bf64-d6ac016f454f, https://apidev.idev.fedex.com:8443/security/v1/pin, https://apidev.idev.fedex.com:8443/security/v1/pin/verify, 3</td>
<td></td>
<td>26</td>
<td>TestNG.MFAC@70a9f84e</td></tr>
<tr>
<td title='TestNG.MFAC.VerifyPinVelocity()'><b>VerifyPinVelocity</b><br>Test class: TestNG.MFAC<br>Parameters: FDM-POSTCARD-PIN, 24c827bb-eefb-46ad-bf64-d6ac016f454f, http://mfacdev-cos-vip.test.cloud.fedex.com:9090/mfac/v3/issuePIN, http://mfacdev-cos-vip.test.cloud.fedex.com:9090/mfac/v3/verifyPIN, 3</td>
<td></td>
<td>29</td>
<td>TestNG.MFAC@70a9f84e</td></tr>
<tr>
<td title='TestNG.MFAC.VerifyPinVelocity()'><b>VerifyPinVelocity</b><br>Test class: TestNG.MFAC<br>Parameters: FDM-PHONE-PIN, 24c827bb-eefb-46ad-bf64-d6ac016f454f, http://mfacdev-cos-vip.test.cloud.fedex.com:9090/mfac/v3/issuePIN, http://mfacdev-cos-vip.test.cloud.fedex.com:9090/mfac/v3/verifyPIN, 3</td>
<td></td>
<td>29</td>
<td>TestNG.MFAC@70a9f84e</td></tr>
<tr>
<td title='WaterfallApplications.WDPA.WDPAPickup_LTLFreight_Anonymous()'><b>WDPAPickup_LTLFreight_Anonymous</b><br>Test class: WaterfallApplications.WDPA<br>Parameters: 2, US</td>
<td></td>
<td>280</td>
<td>WaterfallApplications.WDPA@166fa74d</td></tr>
<tr>
<td title='TestNG.WFCL.WFCL_AccountRegistration_INET()'><b>WFCL_AccountRegistration_INET</b><br>Test class: TestNG.WFCL<br>Parameters: 2, US, 784800300</td>
<td></td>
<td>72</td>
<td>TestNG.WFCL@130f889</td></tr>
<tr>
<td title='TestNG.WFCL.WFCL_AccountRegistration_WDPA()'><b>WFCL_AccountRegistration_WDPA</b><br>Test class: TestNG.WFCL<br>Parameters: 2, US, 784800300</td>
<td></td>
<td>161</td>
<td>TestNG.WFCL@130f889</td></tr>
<tr>
<td title='TestNG.WFCL.WFCL_Forgot_User_Email()'><b>WFCL_Forgot_User_Email</b><br>Test class: TestNG.WFCL<br>Parameters: 2, US, sean.kauffman.osv@fedex.com</td>
<td></td>
<td>270</td>
<td>TestNG.WFCL@130f889</td></tr>
<tr>
<td title='TestNG.WFCL.WFCL_UserRegistration()'><b>WFCL_UserRegistration</b><br>Test class: TestNG.WFCL<br>Parameters: 2, US</td>
<td></td>
<td>199</td>
<td>TestNG.WFCL@130f889</td></tr>
<tr>
<td title='TestNG.WIDM.WIDM_ForgotUserID()'><b>WIDM_ForgotUserID</b><br>Test class: TestNG.WIDM<br>Parameters: 2, sean.kauffman.osv@fedex.com</td>
<td></td>
<td>276</td>
<td>TestNG.WIDM@1188e820</td></tr>
<tr>
<td title='TestNG.WIDM.WIDM_Registration_ErrorMessages()'><b>WIDM_Registration_ErrorMessages</b><br>Test class: TestNG.WIDM<br>Parameters: 2, US</td>
<td></td>
<td>292</td>
<td>TestNG.WIDM@1188e820</td></tr>
<tr>
<td title='WaterfallApplications.WPRL.WPRL_Contact_Admin()'><b>WPRL_Contact_Admin</b><br>Test class: WaterfallApplications.WPRL<br>Parameters: 2, L2FDM2017092591440, Test1234, US, sean.kauffman.osv@fedex.com</td>
<td></td>
<td>230</td>
<td>WaterfallApplications.WPRL@40f08448</td></tr>
<tr>
<td title='WaterfallApplications.WRTT.WRTT_Rate_Sheet()'><b>WRTT_Rate_Sheet</b><br>Test class: WaterfallApplications.WRTT<br>Parameters: 2, true, 4, true, true</td>
<td></td>
<td>185</td>
<td>WaterfallApplications.WRTT@101df177</td></tr>
<tr>
<td title='WaterfallApplications.WRTT.WRTT_Rate_Sheet()'><b>WRTT_Rate_Sheet</b><br>Test class: WaterfallApplications.WRTT<br>Parameters: 2, true, 5, true, false</td>
<td></td>
<td>188</td>
<td>WaterfallApplications.WRTT@101df177</td></tr>
<tr>
<td title='WaterfallApplications.WRTT.WRTT_Rate_Sheet()'><b>WRTT_Rate_Sheet</b><br>Test class: WaterfallApplications.WRTT<br>Parameters: 2, true, 14, true, false</td>
<td></td>
<td>200</td>
<td>WaterfallApplications.WRTT@101df177</td></tr>
<tr>
<td title='WaterfallApplications.WRTT.WRTT_SpalshPage_eCRV()'><b>WRTT_SpalshPage_eCRV</b><br>Test class: WaterfallApplications.WRTT<br>Parameters: 2, US</td>
<td></td>
<td>132</td>
<td>WaterfallApplications.WRTT@101df177</td></tr>
<tr>
<td title='WaterfallApplications.WRTT.WRTT_eCRV_Page()'><b>WRTT_eCRV_Page</b><br>Test class: WaterfallApplications.WRTT<br>Parameters: 2, US</td>
<td></td>
<td>74</td>
<td>WaterfallApplications.WRTT@101df177</td></tr>
</table><p>
</body>
</html>