<!DOCTYPE html PUBLIC "-//W3C//DTD XHTML 1.1//EN" "http://www.w3.org/TR/xhtml11/DTD/xhtml11.dtd">
<html xmlns="http://www.w3.org/1999/xhtml">
<head>
<meta http-equiv="content-type" content="text/html; charset=UTF-8"/>
<title>TestNG Report</title>
<style type="text/css">table {margin-bottom:10px;border-collapse:collapse;empty-cells:show}th,td {border:1px solid #009;padding:.25em .5em}th {vertical-align:bottom}td {vertical-align:top}table a {font-weight:bold}.stripe td {background-color: #E6EBF9}.num {text-align:right}.passedodd td {background-color: #3F3}.passedeven td {background-color: #0A0}.skippedodd td {background-color: #DDD}.skippedeven td {background-color: #CCC}.failedodd td,.attn {background-color: #F33}.failedeven td,.stripe .attn {background-color: #D00}.stacktrace {white-space:pre;font-family:monospace}.totop {font-size:85%;text-align:center;border-bottom:2px solid #000}.invisible {display:none}</style>
</head>
<body>
<table>
<tr><th>Test</th><th># Passed</th><th># Skipped</th><th># Failed</th><th>Time (ms)</th><th>Included Groups</th><th>Excluded Groups</th></tr>
<tr><th colspan="7">Default suite</th></tr>
<tr><td><a href="#t0">Default test</a></td><td class="num">42</td><td class="num attn">1</td><td class="num attn">26</td><td class="num">23,044</td><td></td><td></td></tr>
</table>
<table id='summary'><thead><tr><th>Class</th><th>Method</th><th>Start</th><th>Time (ms)</th></tr></thead><tbody><tr><th colspan="4">Default suite</th></tr></tbody><tbody id="t0"><tr><th colspan="4">Default test &#8212; failed</th></tr><tr class="failedeven"><td rowspan="26">TestNG.CMAC</td><td><a href="#m0">CreateCredentialsForProject</a></td><td rowspan="7">1538664241991</td><td rowspan="7">1994</td></tr><tr class="failedeven"><td><a href="#m1">CreateCredentialsForProject</a></td></tr><tr class="failedeven"><td><a href="#m2">CreateCredentialsForProject</a></td></tr><tr class="failedeven"><td><a href="#m3">CreateCredentialsForProject</a></td></tr><tr class="failedeven"><td><a href="#m4">CreateCredentialsForProject</a></td></tr><tr class="failedeven"><td><a href="#m5">CreateCredentialsForProject</a></td></tr><tr class="failedeven"><td><a href="#m6">CreateCredentialsForProject</a></td></tr><tr class="failedeven"><td><a href="#m7">CreateProject</a></td><td rowspan="8">1538664245829</td><td rowspan="8">3116</td></tr><tr class="failedeven"><td><a href="#m8">CreateProject</a></td></tr><tr class="failedeven"><td><a href="#m9">CreateProject</a></td></tr><tr class="failedeven"><td><a href="#m10">CreateProject</a></td></tr><tr class="failedeven"><td><a href="#m11">CreateProject</a></td></tr><tr class="failedeven"><td><a href="#m12">CreateProject</a></td></tr><tr class="failedeven"><td><a href="#m13">CreateProject</a></td></tr><tr class="failedeven"><td><a href="#m14">CreateProject</a></td></tr><tr class="failedeven"><td><a href="#m15">CreateProjectForTest</a></td><td rowspan="7">1538664253897</td><td rowspan="7">3590</td></tr><tr class="failedeven"><td><a href="#m16">CreateProjectForTest</a></td></tr><tr class="failedeven"><td><a href="#m17">CreateProjectForTest</a></td></tr><tr class="failedeven"><td><a href="#m18">CreateProjectForTest</a></td></tr><tr class="failedeven"><td><a href="#m19">CreateProjectForTest</a></td></tr><tr class="failedeven"><td><a href="#m20">CreateProjectForTest</a></td></tr><tr class="failedeven"><td><a href="#m21">CreateProjectForTest</a></td></tr><tr class="failedeven"><td><a href="#m22">CreateProjectInvalidLength</a></td><td rowspan="1">1538664251531</td><td rowspan="1">62</td></tr><tr class="failedeven"><td><a href="#m23">DeleteCredentials</a></td><td rowspan="1">1538664257928</td><td rowspan="1">16</td></tr><tr class="failedeven"><td><a href="#m24">DeleteResources</a></td><td rowspan="1">1538664251593</td><td rowspan="1">0</td></tr><tr class="failedeven"><td><a href="#m25">UpdateProjectName</a></td><td rowspan="1">1538664253569</td><td rowspan="1">63</td></tr><tr><th colspan="4">Default test &#8212; skipped</th></tr><tr class="skippedeven"><td rowspan="1">TestNG.CMAC</td><td><a href="#m26">DeleteProject</a></td><td rowspan="1">1538664258448</td><td rowspan="1">0</td></tr><tr><th colspan="4">Default test &#8212; passed</th></tr><tr class="passedeven"><td rowspan="42">TestNG.CMAC</td><td><a href="#m27">AddResourcesToProject</a></td><td rowspan="8">1538664253699</td><td rowspan="8">167</td></tr><tr class="passedeven"><td><a href="#m28">AddResourcesToProject</a></td></tr><tr class="passedeven"><td><a href="#m29">AddResourcesToProject</a></td></tr><tr class="passedeven"><td><a href="#m30">AddResourcesToProject</a></td></tr><tr class="passedeven"><td><a href="#m31">AddResourcesToProject</a></td></tr><tr class="passedeven"><td><a href="#m32">AddResourcesToProject</a></td></tr><tr class="passedeven"><td><a href="#m33">AddResourcesToProject</a></td></tr><tr class="passedeven"><td><a href="#m34">AddResourcesToProject</a></td></tr><tr class="passedeven"><td><a href="#m35">CreateCredentialsForProject</a></td><td rowspan="1">1538664241991</td><td rowspan="1">3551</td></tr><tr class="passedeven"><td><a href="#m36">RetrieveProjectDetails</a></td><td rowspan="25">1538664252091</td><td rowspan="25">472</td></tr><tr class="passedeven"><td><a href="#m37">RetrieveProjectDetails</a></td></tr><tr class="passedeven"><td><a href="#m38">RetrieveProjectDetails</a></td></tr><tr class="passedeven"><td><a href="#m39">RetrieveProjectDetails</a></td></tr><tr class="passedeven"><td><a href="#m40">RetrieveProjectDetails</a></td></tr><tr class="passedeven"><td><a href="#m41">RetrieveProjectDetails</a></td></tr><tr class="passedeven"><td><a href="#m42">RetrieveProjectDetails</a></td></tr><tr class="passedeven"><td><a href="#m43">RetrieveProjectDetails</a></td></tr><tr class="passedeven"><td><a href="#m44">RetrieveProjectDetails</a></td></tr><tr class="passedeven"><td><a href="#m45">RetrieveProjectDetails</a></td></tr><tr class="passedeven"><td><a href="#m46">RetrieveProjectDetails</a></td></tr><tr class="passedeven"><td><a href="#m47">RetrieveProjectDetails</a></td></tr><tr class="passedeven"><td><a href="#m48">RetrieveProjectDetails</a></td></tr><tr class="passedeven"><td><a href="#m49">RetrieveProjectDetails</a></td></tr><tr class="passedeven"><td><a href="#m50">RetrieveProjectDetails</a></td></tr><tr class="passedeven"><td><a href="#m51">RetrieveProjectDetails</a></td></tr><tr class="passedeven"><td><a href="#m52">RetrieveProjectDetails</a></td></tr><tr class="passedeven"><td><a href="#m53">RetrieveProjectDetails</a></td></tr><tr class="passedeven"><td><a href="#m54">RetrieveProjectDetails</a></td></tr><tr class="passedeven"><td><a href="#m55">RetrieveProjectDetails</a></td></tr><tr class="passedeven"><td><a href="#m56">RetrieveProjectDetails</a></td></tr><tr class="passedeven"><td><a href="#m57">RetrieveProjectDetails</a></td></tr><tr class="passedeven"><td><a href="#m58">RetrieveProjectDetails</a></td></tr><tr class="passedeven"><td><a href="#m59">RetrieveProjectDetails</a></td></tr><tr class="passedeven"><td><a href="#m60">RetrieveProjectDetails</a></td></tr><tr class="passedeven"><td><a href="#m61">RetrieveProjectSummary</a></td><td rowspan="8">1538664257959</td><td rowspan="8">303</td></tr><tr class="passedeven"><td><a href="#m62">RetrieveProjectSummary</a></td></tr><tr class="passedeven"><td><a href="#m63">RetrieveProjectSummary</a></td></tr><tr class="passedeven"><td><a href="#m64">RetrieveProjectSummary</a></td></tr><tr class="passedeven"><td><a href="#m65">RetrieveProjectSummary</a></td></tr><tr class="passedeven"><td><a href="#m66">RetrieveProjectSummary</a></td></tr><tr class="passedeven"><td><a href="#m67">RetrieveProjectSummary</a></td></tr><tr class="passedeven"><td><a href="#m68">RetrieveProjectSummary</a></td></tr></tbody>
</table>
<h2>Default test</h2><h3 id="m0">TestNG.CMAC#CreateCredentialsForProject</h3><table class="result"><tr class="param"><th>Parameter #1</th><th>Parameter #2</th></tr><tr class="param stripe"><td>https://cmac-dev.app.wtcdev2.paas.fedex.com/cmac/v3/projects/</td><td>fdx_login=ssoxdev1.8409.4eea83d5</td></tr><tr><th colspan="2">Exception</th></tr><tr><td colspan="2"><div class="stacktrace">java.lang.AssertionError: 
Expected: (a string containing &quot;transactionId&quot; and a string containing &quot;output&quot; and a string containing &quot;projectid&quot; and a string containing &quot;creationtime&quot; and a string containing &quot;expirationdate&quot;)
     but: a string containing &quot;output&quot; was &quot;{&quot;transactionId&quot;:&quot;c34ba8ae-dcb1-403b-bfa8-d2167b089d35&quot;,&quot;errors&quot;:[{&quot;code&quot;:&quot;SYSTEM.UNEXPECTED.ERROR&quot;,&quot;message&quot;:&quot;GENERIC.ERROR&quot;}]}&quot;
	at org.hamcrest.MatcherAssert.assertThat(MatcherAssert.java:20)
	at org.junit.Assert.assertThat(Assert.java:956)
	at org.junit.Assert.assertThat(Assert.java:923)
	at TestNG.CMAC.CreateCredentialsForProject(CMAC.java:402)
	at sun.reflect.NativeMethodAccessorImpl.invoke0(Native Method)
	at sun.reflect.NativeMethodAccessorImpl.invoke(Unknown Source)
	at sun.reflect.DelegatingMethodAccessorImpl.invoke(Unknown Source)
	at java.lang.reflect.Method.invoke(Unknown Source)
	at org.testng.internal.MethodInvocationHelper.invokeMethod(MethodInvocationHelper.java:124)
	at org.testng.internal.Invoker.invokeMethod(Invoker.java:580)
	at org.testng.internal.Invoker.invokeTestMethod(Invoker.java:716)
	at org.testng.internal.TestMethodWithDataProviderMethodWorker.call(TestMethodWithDataProviderMethodWorker.java:71)
	at org.testng.internal.TestMethodWithDataProviderMethodWorker.call(TestMethodWithDataProviderMethodWorker.java:14)
	at java.util.concurrent.FutureTask.run(Unknown Source)
	at java.util.concurrent.Executors$RunnableAdapter.call(Unknown Source)
	at java.util.concurrent.FutureTask.run(Unknown Source)
	at java.util.concurrent.ThreadPoolExecutor.runWorker(Unknown Source)
	at java.util.concurrent.ThreadPoolExecutor$Worker.run(Unknown Source)
	at java.lang.Thread.run(Unknown Source)
</div></td></tr></table><p class="totop"><a href="#summary">back to summary</a></p>
<h3 id="m1">TestNG.CMAC#CreateCredentialsForProject</h3><table class="result"><tr class="param"><th>Parameter #1</th><th>Parameter #2</th></tr><tr class="param stripe"><td>https://cmac-dev.app.wtcdev2.paas.fedex.com/cmac/v3/projects/</td><td>fdx_login=ssoxdev1.91c8.5b9e1292</td></tr><tr><th colspan="2">Exception</th></tr><tr><td colspan="2"><div class="stacktrace">java.lang.AssertionError: 
Expected: (a string containing &quot;transactionId&quot; and a string containing &quot;output&quot; and a string containing &quot;projectid&quot; and a string containing &quot;creationtime&quot; and a string containing &quot;expirationdate&quot;)
     but: a string containing &quot;output&quot; was &quot;{&quot;transactionId&quot;:&quot;b6212a18-7169-40df-bb83-a26c1850d359&quot;,&quot;errors&quot;:[{&quot;code&quot;:&quot;SYSTEM.UNEXPECTED.ERROR&quot;,&quot;message&quot;:&quot;GENERIC.ERROR&quot;}]}&quot;
	at org.hamcrest.MatcherAssert.assertThat(MatcherAssert.java:20)
	at org.junit.Assert.assertThat(Assert.java:956)
	at org.junit.Assert.assertThat(Assert.java:923)
	at TestNG.CMAC.CreateCredentialsForProject(CMAC.java:402)
	at sun.reflect.NativeMethodAccessorImpl.invoke0(Native Method)
	at sun.reflect.NativeMethodAccessorImpl.invoke(Unknown Source)
	at sun.reflect.DelegatingMethodAccessorImpl.invoke(Unknown Source)
	at java.lang.reflect.Method.invoke(Unknown Source)
	at org.testng.internal.MethodInvocationHelper.invokeMethod(MethodInvocationHelper.java:124)
	at org.testng.internal.Invoker.invokeMethod(Invoker.java:580)
	at org.testng.internal.Invoker.invokeTestMethod(Invoker.java:716)
	at org.testng.internal.TestMethodWithDataProviderMethodWorker.call(TestMethodWithDataProviderMethodWorker.java:71)
	at org.testng.internal.TestMethodWithDataProviderMethodWorker.call(TestMethodWithDataProviderMethodWorker.java:14)
	at java.util.concurrent.FutureTask.run(Unknown Source)
	at java.util.concurrent.Executors$RunnableAdapter.call(Unknown Source)
	at java.util.concurrent.FutureTask.run(Unknown Source)
	at java.util.concurrent.ThreadPoolExecutor.runWorker(Unknown Source)
	at java.util.concurrent.ThreadPoolExecutor$Worker.run(Unknown Source)
	at java.lang.Thread.run(Unknown Source)
</div></td></tr></table><p class="totop"><a href="#summary">back to summary</a></p>
<h3 id="m2">TestNG.CMAC#CreateCredentialsForProject</h3><table class="result"><tr class="param"><th>Parameter #1</th><th>Parameter #2</th></tr><tr class="param stripe"><td>https://cmac-dev.app.wtcdev2.paas.fedex.com/cmac/v3/projects/</td><td>fdx_login=ssoxdev1.8340.188de2cd</td></tr><tr><th colspan="2">Exception</th></tr><tr><td colspan="2"><div class="stacktrace">java.lang.AssertionError: 
Expected: (a string containing &quot;transactionId&quot; and a string containing &quot;output&quot; and a string containing &quot;projectid&quot; and a string containing &quot;creationtime&quot; and a string containing &quot;expirationdate&quot;)
     but: a string containing &quot;output&quot; was &quot;{&quot;transactionId&quot;:&quot;d4382556-d8cf-41fa-bd3b-7b6c903ea79e&quot;,&quot;errors&quot;:[{&quot;code&quot;:&quot;SYSTEM.UNEXPECTED.ERROR&quot;,&quot;message&quot;:&quot;GENERIC.ERROR&quot;}]}&quot;
	at org.hamcrest.MatcherAssert.assertThat(MatcherAssert.java:20)
	at org.junit.Assert.assertThat(Assert.java:956)
	at org.junit.Assert.assertThat(Assert.java:923)
	at TestNG.CMAC.CreateCredentialsForProject(CMAC.java:402)
	at sun.reflect.NativeMethodAccessorImpl.invoke0(Native Method)
	at sun.reflect.NativeMethodAccessorImpl.invoke(Unknown Source)
	at sun.reflect.DelegatingMethodAccessorImpl.invoke(Unknown Source)
	at java.lang.reflect.Method.invoke(Unknown Source)
	at org.testng.internal.MethodInvocationHelper.invokeMethod(MethodInvocationHelper.java:124)
	at org.testng.internal.Invoker.invokeMethod(Invoker.java:580)
	at org.testng.internal.Invoker.invokeTestMethod(Invoker.java:716)
	at org.testng.internal.TestMethodWithDataProviderMethodWorker.call(TestMethodWithDataProviderMethodWorker.java:71)
	at org.testng.internal.TestMethodWithDataProviderMethodWorker.call(TestMethodWithDataProviderMethodWorker.java:14)
	at java.util.concurrent.FutureTask.run(Unknown Source)
	at java.util.concurrent.Executors$RunnableAdapter.call(Unknown Source)
	at java.util.concurrent.FutureTask.run(Unknown Source)
	at java.util.concurrent.ThreadPoolExecutor.runWorker(Unknown Source)
	at java.util.concurrent.ThreadPoolExecutor$Worker.run(Unknown Source)
	at java.lang.Thread.run(Unknown Source)
</div></td></tr></table><p class="totop"><a href="#summary">back to summary</a></p>
<h3 id="m3">TestNG.CMAC#CreateCredentialsForProject</h3><table class="result"><tr class="param"><th>Parameter #1</th><th>Parameter #2</th></tr><tr class="param stripe"><td>https://cmac-dev.app.wtcdev2.paas.fedex.com/cmac/v3/projects/</td><td>fdx_login=ssoxdev1.8d9f.29298c12</td></tr><tr><th colspan="2">Exception</th></tr><tr><td colspan="2"><div class="stacktrace">java.lang.AssertionError: 
Expected: (a string containing &quot;transactionId&quot; and a string containing &quot;output&quot; and a string containing &quot;projectid&quot; and a string containing &quot;creationtime&quot; and a string containing &quot;expirationdate&quot;)
     but: a string containing &quot;output&quot; was &quot;{&quot;transactionId&quot;:&quot;dea07676-d1ef-483b-9526-474276864f28&quot;,&quot;errors&quot;:[{&quot;code&quot;:&quot;SYSTEM.UNEXPECTED.ERROR&quot;,&quot;message&quot;:&quot;GENERIC.ERROR&quot;}]}&quot;
	at org.hamcrest.MatcherAssert.assertThat(MatcherAssert.java:20)
	at org.junit.Assert.assertThat(Assert.java:956)
	at org.junit.Assert.assertThat(Assert.java:923)
	at TestNG.CMAC.CreateCredentialsForProject(CMAC.java:402)
	at sun.reflect.NativeMethodAccessorImpl.invoke0(Native Method)
	at sun.reflect.NativeMethodAccessorImpl.invoke(Unknown Source)
	at sun.reflect.DelegatingMethodAccessorImpl.invoke(Unknown Source)
	at java.lang.reflect.Method.invoke(Unknown Source)
	at org.testng.internal.MethodInvocationHelper.invokeMethod(MethodInvocationHelper.java:124)
	at org.testng.internal.Invoker.invokeMethod(Invoker.java:580)
	at org.testng.internal.Invoker.invokeTestMethod(Invoker.java:716)
	at org.testng.internal.TestMethodWithDataProviderMethodWorker.call(TestMethodWithDataProviderMethodWorker.java:71)
	at org.testng.internal.TestMethodWithDataProviderMethodWorker.call(TestMethodWithDataProviderMethodWorker.java:14)
	at java.util.concurrent.FutureTask.run(Unknown Source)
	at java.util.concurrent.Executors$RunnableAdapter.call(Unknown Source)
	at java.util.concurrent.FutureTask.run(Unknown Source)
	at java.util.concurrent.ThreadPoolExecutor.runWorker(Unknown Source)
	at java.util.concurrent.ThreadPoolExecutor$Worker.run(Unknown Source)
	at java.lang.Thread.run(Unknown Source)
</div></td></tr></table><p class="totop"><a href="#summary">back to summary</a></p>
<h3 id="m4">TestNG.CMAC#CreateCredentialsForProject</h3><table class="result"><tr class="param"><th>Parameter #1</th><th>Parameter #2</th></tr><tr class="param stripe"><td>https://cmac-dev.app.wtcdev2.paas.fedex.com/cmac/v3/projects/</td><td>fdx_login=ssoxdev1.9aab.78b29a35</td></tr><tr><th colspan="2">Exception</th></tr><tr><td colspan="2"><div class="stacktrace">java.lang.AssertionError: 
Expected: (a string containing &quot;transactionId&quot; and a string containing &quot;output&quot; and a string containing &quot;projectid&quot; and a string containing &quot;creationtime&quot; and a string containing &quot;expirationdate&quot;)
     but: a string containing &quot;output&quot; was &quot;{&quot;transactionId&quot;:&quot;3de07376-b157-4c9b-873f-24d95ef36b03&quot;,&quot;errors&quot;:[{&quot;code&quot;:&quot;SYSTEM.UNEXPECTED.ERROR&quot;,&quot;message&quot;:&quot;GENERIC.ERROR&quot;}]}&quot;
	at org.hamcrest.MatcherAssert.assertThat(MatcherAssert.java:20)
	at org.junit.Assert.assertThat(Assert.java:956)
	at org.junit.Assert.assertThat(Assert.java:923)
	at TestNG.CMAC.CreateCredentialsForProject(CMAC.java:402)
	at sun.reflect.NativeMethodAccessorImpl.invoke0(Native Method)
	at sun.reflect.NativeMethodAccessorImpl.invoke(Unknown Source)
	at sun.reflect.DelegatingMethodAccessorImpl.invoke(Unknown Source)
	at java.lang.reflect.Method.invoke(Unknown Source)
	at org.testng.internal.MethodInvocationHelper.invokeMethod(MethodInvocationHelper.java:124)
	at org.testng.internal.Invoker.invokeMethod(Invoker.java:580)
	at org.testng.internal.Invoker.invokeTestMethod(Invoker.java:716)
	at org.testng.internal.TestMethodWithDataProviderMethodWorker.call(TestMethodWithDataProviderMethodWorker.java:71)
	at org.testng.internal.TestMethodWithDataProviderMethodWorker.call(TestMethodWithDataProviderMethodWorker.java:14)
	at java.util.concurrent.FutureTask.run(Unknown Source)
	at java.util.concurrent.Executors$RunnableAdapter.call(Unknown Source)
	at java.util.concurrent.FutureTask.run(Unknown Source)
	at java.util.concurrent.ThreadPoolExecutor.runWorker(Unknown Source)
	at java.util.concurrent.ThreadPoolExecutor$Worker.run(Unknown Source)
	at java.lang.Thread.run(Unknown Source)
</div></td></tr></table><p class="totop"><a href="#summary">back to summary</a></p>
<h3 id="m5">TestNG.CMAC#CreateCredentialsForProject</h3><table class="result"><tr class="param"><th>Parameter #1</th><th>Parameter #2</th></tr><tr class="param stripe"><td>https://cmac-dev.app.wtcdev2.paas.fedex.com/cmac/v3/projects/</td><td>fdx_login=ssoxdev1.c984.49b35863</td></tr><tr><th colspan="2">Exception</th></tr><tr><td colspan="2"><div class="stacktrace">java.lang.AssertionError: 
Expected: (a string containing &quot;transactionId&quot; and a string containing &quot;output&quot; and a string containing &quot;projectid&quot; and a string containing &quot;creationtime&quot; and a string containing &quot;expirationdate&quot;)
     but: a string containing &quot;output&quot; was &quot;{&quot;transactionId&quot;:&quot;9fa78996-92f9-4562-81d1-366ce6f5b6e3&quot;,&quot;errors&quot;:[{&quot;code&quot;:&quot;SYSTEM.UNEXPECTED.ERROR&quot;,&quot;message&quot;:&quot;GENERIC.ERROR&quot;}]}&quot;
	at org.hamcrest.MatcherAssert.assertThat(MatcherAssert.java:20)
	at org.junit.Assert.assertThat(Assert.java:956)
	at org.junit.Assert.assertThat(Assert.java:923)
	at TestNG.CMAC.CreateCredentialsForProject(CMAC.java:402)
	at sun.reflect.NativeMethodAccessorImpl.invoke0(Native Method)
	at sun.reflect.NativeMethodAccessorImpl.invoke(Unknown Source)
	at sun.reflect.DelegatingMethodAccessorImpl.invoke(Unknown Source)
	at java.lang.reflect.Method.invoke(Unknown Source)
	at org.testng.internal.MethodInvocationHelper.invokeMethod(MethodInvocationHelper.java:124)
	at org.testng.internal.Invoker.invokeMethod(Invoker.java:580)
	at org.testng.internal.Invoker.invokeTestMethod(Invoker.java:716)
	at org.testng.internal.TestMethodWithDataProviderMethodWorker.call(TestMethodWithDataProviderMethodWorker.java:71)
	at org.testng.internal.TestMethodWithDataProviderMethodWorker.call(TestMethodWithDataProviderMethodWorker.java:14)
	at java.util.concurrent.FutureTask.run(Unknown Source)
	at java.util.concurrent.Executors$RunnableAdapter.call(Unknown Source)
	at java.util.concurrent.FutureTask.run(Unknown Source)
	at java.util.concurrent.ThreadPoolExecutor.runWorker(Unknown Source)
	at java.util.concurrent.ThreadPoolExecutor$Worker.run(Unknown Source)
	at java.lang.Thread.run(Unknown Source)
</div></td></tr></table><p class="totop"><a href="#summary">back to summary</a></p>
<h3 id="m6">TestNG.CMAC#CreateCredentialsForProject</h3><table class="result"><tr class="param"><th>Parameter #1</th><th>Parameter #2</th></tr><tr class="param stripe"><td>https://cmac-dev.app.wtcdev2.paas.fedex.com/cmac/v3/projects/</td><td>fdx_login=ssoxdev1.e10d.22868f76</td></tr><tr><th colspan="2">Exception</th></tr><tr><td colspan="2"><div class="stacktrace">java.lang.AssertionError: 
Expected: (a string containing &quot;transactionId&quot; and a string containing &quot;output&quot; and a string containing &quot;projectid&quot; and a string containing &quot;creationtime&quot; and a string containing &quot;expirationdate&quot;)
     but: a string containing &quot;output&quot; was &quot;{&quot;transactionId&quot;:&quot;010ff2a0-8346-45fc-9681-d3d271de268c&quot;,&quot;errors&quot;:[{&quot;code&quot;:&quot;SYSTEM.UNEXPECTED.ERROR&quot;,&quot;message&quot;:&quot;GENERIC.ERROR&quot;}]}&quot;
	at org.hamcrest.MatcherAssert.assertThat(MatcherAssert.java:20)
	at org.junit.Assert.assertThat(Assert.java:956)
	at org.junit.Assert.assertThat(Assert.java:923)
	at TestNG.CMAC.CreateCredentialsForProject(CMAC.java:402)
	at sun.reflect.NativeMethodAccessorImpl.invoke0(Native Method)
	at sun.reflect.NativeMethodAccessorImpl.invoke(Unknown Source)
	at sun.reflect.DelegatingMethodAccessorImpl.invoke(Unknown Source)
	at java.lang.reflect.Method.invoke(Unknown Source)
	at org.testng.internal.MethodInvocationHelper.invokeMethod(MethodInvocationHelper.java:124)
	at org.testng.internal.Invoker.invokeMethod(Invoker.java:580)
	at org.testng.internal.Invoker.invokeTestMethod(Invoker.java:716)
	at org.testng.internal.TestMethodWithDataProviderMethodWorker.call(TestMethodWithDataProviderMethodWorker.java:71)
	at org.testng.internal.TestMethodWithDataProviderMethodWorker.call(TestMethodWithDataProviderMethodWorker.java:14)
	at java.util.concurrent.FutureTask.run(Unknown Source)
	at java.util.concurrent.Executors$RunnableAdapter.call(Unknown Source)
	at java.util.concurrent.FutureTask.run(Unknown Source)
	at java.util.concurrent.ThreadPoolExecutor.runWorker(Unknown Source)
	at java.util.concurrent.ThreadPoolExecutor$Worker.run(Unknown Source)
	at java.lang.Thread.run(Unknown Source)
</div></td></tr></table><p class="totop"><a href="#summary">back to summary</a></p>
<h3 id="m7">TestNG.CMAC#CreateProject</h3><table class="result"><tr class="param"><th>Parameter #1</th><th>Parameter #2</th><th>Parameter #3</th><th>Parameter #4</th></tr><tr class="param stripe"><td>https://cmac-dev.app.wtcdev2.paas.fedex.com/cmac/v3/projects</td><td>fdx_login=ssoxdev1.8340.188de2cd</td><td>Proj_DEL5 100418T094405</td><td>[Track Service 0, Track Service 1, Track Service 2, Track Service 3, Track Service 4]</td></tr><tr><th colspan="4">Exception</th></tr><tr><td colspan="4"><div class="stacktrace">java.lang.AssertionError: 
Expected: a string containing &quot;pid&quot;
     but: was &quot;{&quot;transactionId&quot;:&quot;8e5576db-91fb-4b90-82c4-3b7696261db4&quot;,&quot;errors&quot;:[{&quot;code&quot;:&quot;SYSTEM.UNEXPECTED.ERROR&quot;,&quot;message&quot;:&quot;GENERIC.ERROR&quot;}]}&quot;
	at org.hamcrest.MatcherAssert.assertThat(MatcherAssert.java:20)
	at org.junit.Assert.assertThat(Assert.java:956)
	at org.junit.Assert.assertThat(Assert.java:923)
	at TestNG.CMAC.CreateProject(CMAC.java:206)
	at sun.reflect.NativeMethodAccessorImpl.invoke0(Native Method)
	at sun.reflect.NativeMethodAccessorImpl.invoke(Unknown Source)
	at sun.reflect.DelegatingMethodAccessorImpl.invoke(Unknown Source)
	at java.lang.reflect.Method.invoke(Unknown Source)
	at org.testng.internal.MethodInvocationHelper.invokeMethod(MethodInvocationHelper.java:124)
	at org.testng.internal.Invoker.invokeMethod(Invoker.java:580)
	at org.testng.internal.Invoker.invokeTestMethod(Invoker.java:716)
	at org.testng.internal.TestMethodWithDataProviderMethodWorker.call(TestMethodWithDataProviderMethodWorker.java:71)
	at org.testng.internal.TestMethodWithDataProviderMethodWorker.call(TestMethodWithDataProviderMethodWorker.java:14)
	at java.util.concurrent.FutureTask.run(Unknown Source)
	at java.util.concurrent.Executors$RunnableAdapter.call(Unknown Source)
	at java.util.concurrent.FutureTask.run(Unknown Source)
	at java.util.concurrent.ThreadPoolExecutor.runWorker(Unknown Source)
	at java.util.concurrent.ThreadPoolExecutor$Worker.run(Unknown Source)
	at java.lang.Thread.run(Unknown Source)
</div></td></tr></table><p class="totop"><a href="#summary">back to summary</a></p>
<h3 id="m8">TestNG.CMAC#CreateProject</h3><table class="result"><tr class="param"><th>Parameter #1</th><th>Parameter #2</th><th>Parameter #3</th><th>Parameter #4</th></tr><tr class="param stripe"><td>https://cmac-dev.app.wtcdev2.paas.fedex.com/cmac/v3/projects</td><td>fdx_login=ssoxdev1.8409.4eea83d5</td><td>Proj_DEL3 100418T094405</td><td>[Track Service 0, Track Service 1, Track Service 2]</td></tr><tr><th colspan="4">Exception</th></tr><tr><td colspan="4"><div class="stacktrace">java.lang.AssertionError: 
Expected: a string containing &quot;pid&quot;
     but: was &quot;{&quot;transactionId&quot;:&quot;8981c7bc-cf5f-43c9-a667-2a7d4b48b407&quot;,&quot;errors&quot;:[{&quot;code&quot;:&quot;SYSTEM.UNEXPECTED.ERROR&quot;,&quot;message&quot;:&quot;GENERIC.ERROR&quot;}]}&quot;
	at org.hamcrest.MatcherAssert.assertThat(MatcherAssert.java:20)
	at org.junit.Assert.assertThat(Assert.java:956)
	at org.junit.Assert.assertThat(Assert.java:923)
	at TestNG.CMAC.CreateProject(CMAC.java:206)
	at sun.reflect.NativeMethodAccessorImpl.invoke0(Native Method)
	at sun.reflect.NativeMethodAccessorImpl.invoke(Unknown Source)
	at sun.reflect.DelegatingMethodAccessorImpl.invoke(Unknown Source)
	at java.lang.reflect.Method.invoke(Unknown Source)
	at org.testng.internal.MethodInvocationHelper.invokeMethod(MethodInvocationHelper.java:124)
	at org.testng.internal.Invoker.invokeMethod(Invoker.java:580)
	at org.testng.internal.Invoker.invokeTestMethod(Invoker.java:716)
	at org.testng.internal.TestMethodWithDataProviderMethodWorker.call(TestMethodWithDataProviderMethodWorker.java:71)
	at org.testng.internal.TestMethodWithDataProviderMethodWorker.call(TestMethodWithDataProviderMethodWorker.java:14)
	at java.util.concurrent.FutureTask.run(Unknown Source)
	at java.util.concurrent.Executors$RunnableAdapter.call(Unknown Source)
	at java.util.concurrent.FutureTask.run(Unknown Source)
	at java.util.concurrent.ThreadPoolExecutor.runWorker(Unknown Source)
	at java.util.concurrent.ThreadPoolExecutor$Worker.run(Unknown Source)
	at java.lang.Thread.run(Unknown Source)
</div></td></tr></table><p class="totop"><a href="#summary">back to summary</a></p>
<h3 id="m9">TestNG.CMAC#CreateProject</h3><table class="result"><tr class="param"><th>Parameter #1</th><th>Parameter #2</th><th>Parameter #3</th><th>Parameter #4</th></tr><tr class="param stripe"><td>https://cmac-dev.app.wtcdev2.paas.fedex.com/cmac/v3/projects</td><td>fdx_login=ssoxdev1.d495.141328ac</td><td>Proj_DEL8 100418T094405</td><td>[Track Service 0, Track Service 1, Track Service 2, Track Service 3, Track Service 4, Track Service 5, Track Service 6, Track Service 7]</td></tr><tr><th colspan="4">Exception</th></tr><tr><td colspan="4"><div class="stacktrace">java.lang.AssertionError: 
Expected: a string containing &quot;cid&quot;
     but: was &quot;{&quot;transactionId&quot;:&quot;8f3eab3f-6fb8-49f0-9d3d-e169df21c841&quot;,&quot;output&quot;:{&quot;pid&quot;:10371,&quot;projectname&quot;:&quot;Proj_DEL8 100418T094405&quot;,&quot;accountnumber&quot;:&quot;784795640&quot;,&quot;creationtime&quot;:&quot;2018.10.02.15.47.06&quot;,&quot;expirationdate&quot;:&quot;2018.11.02.15.47.06&quot;,&quot;resources&quot;:[&quot;Track Service 0&quot;,&quot;Track Service 1&quot;,&quot;Track Service 2&quot;,&quot;Track Service 3&quot;,&quot;Track Service 4&quot;,&quot;Track Service 5&quot;,&quot;Track Service 6&quot;,&quot;Track Service 7&quot;],&quot;key&quot;:&quot;54IB8WJH9A&quot;}}&quot;
	at org.hamcrest.MatcherAssert.assertThat(MatcherAssert.java:20)
	at org.junit.Assert.assertThat(Assert.java:956)
	at org.junit.Assert.assertThat(Assert.java:923)
	at TestNG.CMAC.CreateProject(CMAC.java:206)
	at sun.reflect.NativeMethodAccessorImpl.invoke0(Native Method)
	at sun.reflect.NativeMethodAccessorImpl.invoke(Unknown Source)
	at sun.reflect.DelegatingMethodAccessorImpl.invoke(Unknown Source)
	at java.lang.reflect.Method.invoke(Unknown Source)
	at org.testng.internal.MethodInvocationHelper.invokeMethod(MethodInvocationHelper.java:124)
	at org.testng.internal.Invoker.invokeMethod(Invoker.java:580)
	at org.testng.internal.Invoker.invokeTestMethod(Invoker.java:716)
	at org.testng.internal.TestMethodWithDataProviderMethodWorker.call(TestMethodWithDataProviderMethodWorker.java:71)
	at org.testng.internal.TestMethodWithDataProviderMethodWorker.call(TestMethodWithDataProviderMethodWorker.java:14)
	at java.util.concurrent.FutureTask.run(Unknown Source)
	at java.util.concurrent.Executors$RunnableAdapter.call(Unknown Source)
	at java.util.concurrent.FutureTask.run(Unknown Source)
	at java.util.concurrent.ThreadPoolExecutor.runWorker(Unknown Source)
	at java.util.concurrent.ThreadPoolExecutor$Worker.run(Unknown Source)
	at java.lang.Thread.run(Unknown Source)
</div></td></tr></table><p class="totop"><a href="#summary">back to summary</a></p>
<h3 id="m10">TestNG.CMAC#CreateProject</h3><table class="result"><tr class="param"><th>Parameter #1</th><th>Parameter #2</th><th>Parameter #3</th><th>Parameter #4</th></tr><tr class="param stripe"><td>https://cmac-dev.app.wtcdev2.paas.fedex.com/cmac/v3/projects</td><td>fdx_login=ssoxdev1.c984.49b35863</td><td>Proj_DEL4 100418T094405</td><td>[Track Service 0, Track Service 1, Track Service 2, Track Service 3]</td></tr><tr><th colspan="4">Exception</th></tr><tr><td colspan="4"><div class="stacktrace">java.lang.AssertionError: 
Expected: a string containing &quot;pid&quot;
     but: was &quot;{&quot;transactionId&quot;:&quot;fd09b7f9-9fbe-4787-beab-70de0a70b8bc&quot;,&quot;errors&quot;:[{&quot;code&quot;:&quot;SYSTEM.UNEXPECTED.ERROR&quot;,&quot;message&quot;:&quot;GENERIC.ERROR&quot;}]}&quot;
	at org.hamcrest.MatcherAssert.assertThat(MatcherAssert.java:20)
	at org.junit.Assert.assertThat(Assert.java:956)
	at org.junit.Assert.assertThat(Assert.java:923)
	at TestNG.CMAC.CreateProject(CMAC.java:206)
	at sun.reflect.NativeMethodAccessorImpl.invoke0(Native Method)
	at sun.reflect.NativeMethodAccessorImpl.invoke(Unknown Source)
	at sun.reflect.DelegatingMethodAccessorImpl.invoke(Unknown Source)
	at java.lang.reflect.Method.invoke(Unknown Source)
	at org.testng.internal.MethodInvocationHelper.invokeMethod(MethodInvocationHelper.java:124)
	at org.testng.internal.Invoker.invokeMethod(Invoker.java:580)
	at org.testng.internal.Invoker.invokeTestMethod(Invoker.java:716)
	at org.testng.internal.TestMethodWithDataProviderMethodWorker.call(TestMethodWithDataProviderMethodWorker.java:71)
	at org.testng.internal.TestMethodWithDataProviderMethodWorker.call(TestMethodWithDataProviderMethodWorker.java:14)
	at java.util.concurrent.FutureTask.run(Unknown Source)
	at java.util.concurrent.Executors$RunnableAdapter.call(Unknown Source)
	at java.util.concurrent.FutureTask.run(Unknown Source)
	at java.util.concurrent.ThreadPoolExecutor.runWorker(Unknown Source)
	at java.util.concurrent.ThreadPoolExecutor$Worker.run(Unknown Source)
	at java.lang.Thread.run(Unknown Source)
</div></td></tr></table><p class="totop"><a href="#summary">back to summary</a></p>
<h3 id="m11">TestNG.CMAC#CreateProject</h3><table class="result"><tr class="param"><th>Parameter #1</th><th>Parameter #2</th><th>Parameter #3</th><th>Parameter #4</th></tr><tr class="param stripe"><td>https://cmac-dev.app.wtcdev2.paas.fedex.com/cmac/v3/projects</td><td>fdx_login=ssoxdev1.8d9f.29298c12</td><td>Proj_DEL1 100418T094405</td><td>[Track Service 0]</td></tr><tr><th colspan="4">Exception</th></tr><tr><td colspan="4"><div class="stacktrace">java.lang.AssertionError: 
Expected: a string containing &quot;pid&quot;
     but: was &quot;{&quot;transactionId&quot;:&quot;244667a9-a8f9-4fe4-a56b-047d503a34e1&quot;,&quot;errors&quot;:[{&quot;code&quot;:&quot;SYSTEM.UNEXPECTED.ERROR&quot;,&quot;message&quot;:&quot;GENERIC.ERROR&quot;}]}&quot;
	at org.hamcrest.MatcherAssert.assertThat(MatcherAssert.java:20)
	at org.junit.Assert.assertThat(Assert.java:956)
	at org.junit.Assert.assertThat(Assert.java:923)
	at TestNG.CMAC.CreateProject(CMAC.java:206)
	at sun.reflect.NativeMethodAccessorImpl.invoke0(Native Method)
	at sun.reflect.NativeMethodAccessorImpl.invoke(Unknown Source)
	at sun.reflect.DelegatingMethodAccessorImpl.invoke(Unknown Source)
	at java.lang.reflect.Method.invoke(Unknown Source)
	at org.testng.internal.MethodInvocationHelper.invokeMethod(MethodInvocationHelper.java:124)
	at org.testng.internal.Invoker.invokeMethod(Invoker.java:580)
	at org.testng.internal.Invoker.invokeTestMethod(Invoker.java:716)
	at org.testng.internal.TestMethodWithDataProviderMethodWorker.call(TestMethodWithDataProviderMethodWorker.java:71)
	at org.testng.internal.TestMethodWithDataProviderMethodWorker.call(TestMethodWithDataProviderMethodWorker.java:14)
	at java.util.concurrent.FutureTask.run(Unknown Source)
	at java.util.concurrent.Executors$RunnableAdapter.call(Unknown Source)
	at java.util.concurrent.FutureTask.run(Unknown Source)
	at java.util.concurrent.ThreadPoolExecutor.runWorker(Unknown Source)
	at java.util.concurrent.ThreadPoolExecutor$Worker.run(Unknown Source)
	at java.lang.Thread.run(Unknown Source)
</div></td></tr></table><p class="totop"><a href="#summary">back to summary</a></p>
<h3 id="m12">TestNG.CMAC#CreateProject</h3><table class="result"><tr class="param"><th>Parameter #1</th><th>Parameter #2</th><th>Parameter #3</th><th>Parameter #4</th></tr><tr class="param stripe"><td>https://cmac-dev.app.wtcdev2.paas.fedex.com/cmac/v3/projects</td><td>fdx_login=ssoxdev1.91c8.5b9e1292</td><td>Proj_DEL7 100418T094405</td><td>[Track Service 0, Track Service 1, Track Service 2, Track Service 3, Track Service 4, Track Service 5, Track Service 6]</td></tr><tr><th colspan="4">Exception</th></tr><tr><td colspan="4"><div class="stacktrace">java.lang.AssertionError: 
Expected: a string containing &quot;pid&quot;
     but: was &quot;{&quot;transactionId&quot;:&quot;02ea7344-b1fe-4422-96f0-47370c062b61&quot;,&quot;errors&quot;:[{&quot;code&quot;:&quot;SYSTEM.UNEXPECTED.ERROR&quot;,&quot;message&quot;:&quot;GENERIC.ERROR&quot;}]}&quot;
	at org.hamcrest.MatcherAssert.assertThat(MatcherAssert.java:20)
	at org.junit.Assert.assertThat(Assert.java:956)
	at org.junit.Assert.assertThat(Assert.java:923)
	at TestNG.CMAC.CreateProject(CMAC.java:206)
	at sun.reflect.NativeMethodAccessorImpl.invoke0(Native Method)
	at sun.reflect.NativeMethodAccessorImpl.invoke(Unknown Source)
	at sun.reflect.DelegatingMethodAccessorImpl.invoke(Unknown Source)
	at java.lang.reflect.Method.invoke(Unknown Source)
	at org.testng.internal.MethodInvocationHelper.invokeMethod(MethodInvocationHelper.java:124)
	at org.testng.internal.Invoker.invokeMethod(Invoker.java:580)
	at org.testng.internal.Invoker.invokeTestMethod(Invoker.java:716)
	at org.testng.internal.TestMethodWithDataProviderMethodWorker.call(TestMethodWithDataProviderMethodWorker.java:71)
	at org.testng.internal.TestMethodWithDataProviderMethodWorker.call(TestMethodWithDataProviderMethodWorker.java:14)
	at java.util.concurrent.FutureTask.run(Unknown Source)
	at java.util.concurrent.Executors$RunnableAdapter.call(Unknown Source)
	at java.util.concurrent.FutureTask.run(Unknown Source)
	at java.util.concurrent.ThreadPoolExecutor.runWorker(Unknown Source)
	at java.util.concurrent.ThreadPoolExecutor$Worker.run(Unknown Source)
	at java.lang.Thread.run(Unknown Source)
</div></td></tr></table><p class="totop"><a href="#summary">back to summary</a></p>
<h3 id="m13">TestNG.CMAC#CreateProject</h3><table class="result"><tr class="param"><th>Parameter #1</th><th>Parameter #2</th><th>Parameter #3</th><th>Parameter #4</th></tr><tr class="param stripe"><td>https://cmac-dev.app.wtcdev2.paas.fedex.com/cmac/v3/projects</td><td>fdx_login=ssoxdev1.e10d.22868f76</td><td>Proj_DEL6 100418T094405</td><td>[Track Service 0, Track Service 1, Track Service 2, Track Service 3, Track Service 4, Track Service 5]</td></tr><tr><th colspan="4">Exception</th></tr><tr><td colspan="4"><div class="stacktrace">java.lang.AssertionError: 
Expected: a string containing &quot;pid&quot;
     but: was &quot;{&quot;transactionId&quot;:&quot;9c848af7-caf9-42a8-91d2-790f05b4caeb&quot;,&quot;errors&quot;:[{&quot;code&quot;:&quot;SYSTEM.UNEXPECTED.ERROR&quot;,&quot;message&quot;:&quot;GENERIC.ERROR&quot;}]}&quot;
	at org.hamcrest.MatcherAssert.assertThat(MatcherAssert.java:20)
	at org.junit.Assert.assertThat(Assert.java:956)
	at org.junit.Assert.assertThat(Assert.java:923)
	at TestNG.CMAC.CreateProject(CMAC.java:206)
	at sun.reflect.NativeMethodAccessorImpl.invoke0(Native Method)
	at sun.reflect.NativeMethodAccessorImpl.invoke(Unknown Source)
	at sun.reflect.DelegatingMethodAccessorImpl.invoke(Unknown Source)
	at java.lang.reflect.Method.invoke(Unknown Source)
	at org.testng.internal.MethodInvocationHelper.invokeMethod(MethodInvocationHelper.java:124)
	at org.testng.internal.Invoker.invokeMethod(Invoker.java:580)
	at org.testng.internal.Invoker.invokeTestMethod(Invoker.java:716)
	at org.testng.internal.TestMethodWithDataProviderMethodWorker.call(TestMethodWithDataProviderMethodWorker.java:71)
	at org.testng.internal.TestMethodWithDataProviderMethodWorker.call(TestMethodWithDataProviderMethodWorker.java:14)
	at java.util.concurrent.FutureTask.run(Unknown Source)
	at java.util.concurrent.Executors$RunnableAdapter.call(Unknown Source)
	at java.util.concurrent.FutureTask.run(Unknown Source)
	at java.util.concurrent.ThreadPoolExecutor.runWorker(Unknown Source)
	at java.util.concurrent.ThreadPoolExecutor$Worker.run(Unknown Source)
	at java.lang.Thread.run(Unknown Source)
</div></td></tr></table><p class="totop"><a href="#summary">back to summary</a></p>
<h3 id="m14">TestNG.CMAC#CreateProject</h3><table class="result"><tr class="param"><th>Parameter #1</th><th>Parameter #2</th><th>Parameter #3</th><th>Parameter #4</th></tr><tr class="param stripe"><td>https://cmac-dev.app.wtcdev2.paas.fedex.com/cmac/v3/projects</td><td>fdx_login=ssoxdev1.9aab.78b29a35</td><td>Proj_DEL2 100418T094405</td><td>[Track Service 0, Track Service 1]</td></tr><tr><th colspan="4">Exception</th></tr><tr><td colspan="4"><div class="stacktrace">java.lang.AssertionError: 
Expected: a string containing &quot;pid&quot;
     but: was &quot;{&quot;transactionId&quot;:&quot;e69856fb-fee1-4705-8d90-6fb05618fab5&quot;,&quot;errors&quot;:[{&quot;code&quot;:&quot;SYSTEM.UNEXPECTED.ERROR&quot;,&quot;message&quot;:&quot;GENERIC.ERROR&quot;}]}&quot;
	at org.hamcrest.MatcherAssert.assertThat(MatcherAssert.java:20)
	at org.junit.Assert.assertThat(Assert.java:956)
	at org.junit.Assert.assertThat(Assert.java:923)
	at TestNG.CMAC.CreateProject(CMAC.java:206)
	at sun.reflect.NativeMethodAccessorImpl.invoke0(Native Method)
	at sun.reflect.NativeMethodAccessorImpl.invoke(Unknown Source)
	at sun.reflect.DelegatingMethodAccessorImpl.invoke(Unknown Source)
	at java.lang.reflect.Method.invoke(Unknown Source)
	at org.testng.internal.MethodInvocationHelper.invokeMethod(MethodInvocationHelper.java:124)
	at org.testng.internal.Invoker.invokeMethod(Invoker.java:580)
	at org.testng.internal.Invoker.invokeTestMethod(Invoker.java:716)
	at org.testng.internal.TestMethodWithDataProviderMethodWorker.call(TestMethodWithDataProviderMethodWorker.java:71)
	at org.testng.internal.TestMethodWithDataProviderMethodWorker.call(TestMethodWithDataProviderMethodWorker.java:14)
	at java.util.concurrent.FutureTask.run(Unknown Source)
	at java.util.concurrent.Executors$RunnableAdapter.call(Unknown Source)
	at java.util.concurrent.FutureTask.run(Unknown Source)
	at java.util.concurrent.ThreadPoolExecutor.runWorker(Unknown Source)
	at java.util.concurrent.ThreadPoolExecutor$Worker.run(Unknown Source)
	at java.lang.Thread.run(Unknown Source)
</div></td></tr></table><p class="totop"><a href="#summary">back to summary</a></p>
<h3 id="m15">TestNG.CMAC#CreateProjectForTest</h3><table class="result"><tr class="param"><th>Parameter #1</th><th>Parameter #2</th><th>Parameter #3</th><th>Parameter #4</th></tr><tr class="param stripe"><td>https://cmac-dev.app.wtcdev2.paas.fedex.com/cmac/v3/projects</td><td>fdx_login=ssoxdev1.c984.49b35863</td><td>Proj CASTDC60</td><td>[Track Service 0, Track Service 1, Track Service 2, Track Service 3]</td></tr><tr><th colspan="4">Exception</th></tr><tr><td colspan="4"><div class="stacktrace">java.lang.AssertionError: 
Expected: (a string containing &quot;transactionId&quot; and a string containing &quot;pid&quot; and a string containing &quot;projectname&quot; and a string containing &quot;cid&quot; and a string containing &quot;accountNumber&quot; and a string containing &quot;creationtime&quot;)
     but: a string containing &quot;pid&quot; was &quot;{&quot;transactionId&quot;:&quot;331ac2fe-ff87-41e1-b093-59fc22b40333&quot;,&quot;errors&quot;:[{&quot;code&quot;:&quot;SYSTEM.UNEXPECTED.ERROR&quot;,&quot;message&quot;:&quot;GENERIC.ERROR&quot;}]}&quot;
	at org.hamcrest.MatcherAssert.assertThat(MatcherAssert.java:20)
	at org.junit.Assert.assertThat(Assert.java:956)
	at org.junit.Assert.assertThat(Assert.java:923)
	at TestNG.CMAC.CreateProjectForTest(CMAC.java:507)
	at sun.reflect.NativeMethodAccessorImpl.invoke0(Native Method)
	at sun.reflect.NativeMethodAccessorImpl.invoke(Unknown Source)
	at sun.reflect.DelegatingMethodAccessorImpl.invoke(Unknown Source)
	at java.lang.reflect.Method.invoke(Unknown Source)
	at org.testng.internal.MethodInvocationHelper.invokeMethod(MethodInvocationHelper.java:124)
	at org.testng.internal.Invoker.invokeMethod(Invoker.java:580)
	at org.testng.internal.Invoker.invokeTestMethod(Invoker.java:716)
	at org.testng.internal.TestMethodWithDataProviderMethodWorker.call(TestMethodWithDataProviderMethodWorker.java:71)
	at org.testng.internal.TestMethodWithDataProviderMethodWorker.call(TestMethodWithDataProviderMethodWorker.java:14)
	at java.util.concurrent.FutureTask.run(Unknown Source)
	at java.util.concurrent.Executors$RunnableAdapter.call(Unknown Source)
	at java.util.concurrent.FutureTask.run(Unknown Source)
	at java.util.concurrent.ThreadPoolExecutor.runWorker(Unknown Source)
	at java.util.concurrent.ThreadPoolExecutor$Worker.run(Unknown Source)
	at java.lang.Thread.run(Unknown Source)
</div></td></tr></table><p class="totop"><a href="#summary">back to summary</a></p>
<h3 id="m16">TestNG.CMAC#CreateProjectForTest</h3><table class="result"><tr class="param"><th>Parameter #1</th><th>Parameter #2</th><th>Parameter #3</th><th>Parameter #4</th></tr><tr class="param stripe"><td>https://cmac-dev.app.wtcdev2.paas.fedex.com/cmac/v3/projects</td><td>fdx_login=ssoxdev1.91c8.5b9e1292</td><td>Proj APACCOMY2</td><td>[Track Service 0, Track Service 1, Track Service 2, Track Service 3, Track Service 4, Track Service 5, Track Service 6]</td></tr><tr><th colspan="4">Exception</th></tr><tr><td colspan="4"><div class="stacktrace">java.lang.AssertionError: 
Expected: (a string containing &quot;transactionId&quot; and a string containing &quot;pid&quot; and a string containing &quot;projectname&quot; and a string containing &quot;cid&quot; and a string containing &quot;accountNumber&quot; and a string containing &quot;creationtime&quot;)
     but: a string containing &quot;pid&quot; was &quot;{&quot;transactionId&quot;:&quot;cb1c0e21-66df-49a8-85fd-dc3998b9a82d&quot;,&quot;errors&quot;:[{&quot;code&quot;:&quot;SYSTEM.UNEXPECTED.ERROR&quot;,&quot;message&quot;:&quot;GENERIC.ERROR&quot;}]}&quot;
	at org.hamcrest.MatcherAssert.assertThat(MatcherAssert.java:20)
	at org.junit.Assert.assertThat(Assert.java:956)
	at org.junit.Assert.assertThat(Assert.java:923)
	at TestNG.CMAC.CreateProjectForTest(CMAC.java:507)
	at sun.reflect.NativeMethodAccessorImpl.invoke0(Native Method)
	at sun.reflect.NativeMethodAccessorImpl.invoke(Unknown Source)
	at sun.reflect.DelegatingMethodAccessorImpl.invoke(Unknown Source)
	at java.lang.reflect.Method.invoke(Unknown Source)
	at org.testng.internal.MethodInvocationHelper.invokeMethod(MethodInvocationHelper.java:124)
	at org.testng.internal.Invoker.invokeMethod(Invoker.java:580)
	at org.testng.internal.Invoker.invokeTestMethod(Invoker.java:716)
	at org.testng.internal.TestMethodWithDataProviderMethodWorker.call(TestMethodWithDataProviderMethodWorker.java:71)
	at org.testng.internal.TestMethodWithDataProviderMethodWorker.call(TestMethodWithDataProviderMethodWorker.java:14)
	at java.util.concurrent.FutureTask.run(Unknown Source)
	at java.util.concurrent.Executors$RunnableAdapter.call(Unknown Source)
	at java.util.concurrent.FutureTask.run(Unknown Source)
	at java.util.concurrent.ThreadPoolExecutor.runWorker(Unknown Source)
	at java.util.concurrent.ThreadPoolExecutor$Worker.run(Unknown Source)
	at java.lang.Thread.run(Unknown Source)
</div></td></tr></table><p class="totop"><a href="#summary">back to summary</a></p>
<h3 id="m17">TestNG.CMAC#CreateProjectForTest</h3><table class="result"><tr class="param"><th>Parameter #1</th><th>Parameter #2</th><th>Parameter #3</th><th>Parameter #4</th></tr><tr class="param stripe"><td>https://cmac-dev.app.wtcdev2.paas.fedex.com/cmac/v3/projects</td><td>fdx_login=ssoxdev1.9aab.78b29a35</td><td>Proj L2USCC072418T142910</td><td>[Track Service 0, Track Service 1]</td></tr><tr><th colspan="4">Exception</th></tr><tr><td colspan="4"><div class="stacktrace">java.lang.AssertionError: 
Expected: (a string containing &quot;transactionId&quot; and a string containing &quot;pid&quot; and a string containing &quot;projectname&quot; and a string containing &quot;cid&quot; and a string containing &quot;accountNumber&quot; and a string containing &quot;creationtime&quot;)
     but: a string containing &quot;pid&quot; was &quot;{&quot;transactionId&quot;:&quot;935d76d2-d37b-4699-a730-4a0b36e250fc&quot;,&quot;errors&quot;:[{&quot;code&quot;:&quot;SYSTEM.UNEXPECTED.ERROR&quot;,&quot;message&quot;:&quot;GENERIC.ERROR&quot;}]}&quot;
	at org.hamcrest.MatcherAssert.assertThat(MatcherAssert.java:20)
	at org.junit.Assert.assertThat(Assert.java:956)
	at org.junit.Assert.assertThat(Assert.java:923)
	at TestNG.CMAC.CreateProjectForTest(CMAC.java:507)
	at sun.reflect.NativeMethodAccessorImpl.invoke0(Native Method)
	at sun.reflect.NativeMethodAccessorImpl.invoke(Unknown Source)
	at sun.reflect.DelegatingMethodAccessorImpl.invoke(Unknown Source)
	at java.lang.reflect.Method.invoke(Unknown Source)
	at org.testng.internal.MethodInvocationHelper.invokeMethod(MethodInvocationHelper.java:124)
	at org.testng.internal.Invoker.invokeMethod(Invoker.java:580)
	at org.testng.internal.Invoker.invokeTestMethod(Invoker.java:716)
	at org.testng.internal.TestMethodWithDataProviderMethodWorker.call(TestMethodWithDataProviderMethodWorker.java:71)
	at org.testng.internal.TestMethodWithDataProviderMethodWorker.call(TestMethodWithDataProviderMethodWorker.java:14)
	at java.util.concurrent.FutureTask.run(Unknown Source)
	at java.util.concurrent.Executors$RunnableAdapter.call(Unknown Source)
	at java.util.concurrent.FutureTask.run(Unknown Source)
	at java.util.concurrent.ThreadPoolExecutor.runWorker(Unknown Source)
	at java.util.concurrent.ThreadPoolExecutor$Worker.run(Unknown Source)
	at java.lang.Thread.run(Unknown Source)
</div></td></tr></table><p class="totop"><a href="#summary">back to summary</a></p>
<h3 id="m18">TestNG.CMAC#CreateProjectForTest</h3><table class="result"><tr class="param"><th>Parameter #1</th><th>Parameter #2</th><th>Parameter #3</th><th>Parameter #4</th></tr><tr class="param stripe"><td>https://cmac-dev.app.wtcdev2.paas.fedex.com/cmac/v3/projects</td><td>fdx_login=ssoxdev1.8409.4eea83d5</td><td>Proj L3TWNoRs</td><td>[Track Service 0, Track Service 1, Track Service 2]</td></tr><tr><th colspan="4">Exception</th></tr><tr><td colspan="4"><div class="stacktrace">java.lang.AssertionError: 
Expected: (a string containing &quot;transactionId&quot; and a string containing &quot;pid&quot; and a string containing &quot;projectname&quot; and a string containing &quot;cid&quot; and a string containing &quot;accountNumber&quot; and a string containing &quot;creationtime&quot;)
     but: a string containing &quot;pid&quot; was &quot;{&quot;transactionId&quot;:&quot;1d9942c6-1900-446b-8551-46dc71fae8de&quot;,&quot;errors&quot;:[{&quot;code&quot;:&quot;SYSTEM.UNEXPECTED.ERROR&quot;,&quot;message&quot;:&quot;GENERIC.ERROR&quot;}]}&quot;
	at org.hamcrest.MatcherAssert.assertThat(MatcherAssert.java:20)
	at org.junit.Assert.assertThat(Assert.java:956)
	at org.junit.Assert.assertThat(Assert.java:923)
	at TestNG.CMAC.CreateProjectForTest(CMAC.java:507)
	at sun.reflect.NativeMethodAccessorImpl.invoke0(Native Method)
	at sun.reflect.NativeMethodAccessorImpl.invoke(Unknown Source)
	at sun.reflect.DelegatingMethodAccessorImpl.invoke(Unknown Source)
	at java.lang.reflect.Method.invoke(Unknown Source)
	at org.testng.internal.MethodInvocationHelper.invokeMethod(MethodInvocationHelper.java:124)
	at org.testng.internal.Invoker.invokeMethod(Invoker.java:580)
	at org.testng.internal.Invoker.invokeTestMethod(Invoker.java:716)
	at org.testng.internal.TestMethodWithDataProviderMethodWorker.call(TestMethodWithDataProviderMethodWorker.java:71)
	at org.testng.internal.TestMethodWithDataProviderMethodWorker.call(TestMethodWithDataProviderMethodWorker.java:14)
	at java.util.concurrent.FutureTask.run(Unknown Source)
	at java.util.concurrent.Executors$RunnableAdapter.call(Unknown Source)
	at java.util.concurrent.FutureTask.run(Unknown Source)
	at java.util.concurrent.ThreadPoolExecutor.runWorker(Unknown Source)
	at java.util.concurrent.ThreadPoolExecutor$Worker.run(Unknown Source)
	at java.lang.Thread.run(Unknown Source)
</div></td></tr></table><p class="totop"><a href="#summary">back to summary</a></p>
<h3 id="m19">TestNG.CMAC#CreateProjectForTest</h3><table class="result"><tr class="param"><th>Parameter #1</th><th>Parameter #2</th><th>Parameter #3</th><th>Parameter #4</th></tr><tr class="param stripe"><td>https://cmac-dev.app.wtcdev2.paas.fedex.com/cmac/v3/projects</td><td>fdx_login=ssoxdev1.8d9f.29298c12</td><td>Proj L2USCC051118T114912</td><td>[Track Service 0]</td></tr><tr><th colspan="4">Exception</th></tr><tr><td colspan="4"><div class="stacktrace">java.lang.AssertionError: 
Expected: (a string containing &quot;transactionId&quot; and a string containing &quot;pid&quot; and a string containing &quot;projectname&quot; and a string containing &quot;cid&quot; and a string containing &quot;accountNumber&quot; and a string containing &quot;creationtime&quot;)
     but: a string containing &quot;pid&quot; was &quot;{&quot;transactionId&quot;:&quot;63827132-9f83-4747-9114-51135ae1c455&quot;,&quot;errors&quot;:[{&quot;code&quot;:&quot;SYSTEM.UNEXPECTED.ERROR&quot;,&quot;message&quot;:&quot;GENERIC.ERROR&quot;}]}&quot;
	at org.hamcrest.MatcherAssert.assertThat(MatcherAssert.java:20)
	at org.junit.Assert.assertThat(Assert.java:956)
	at org.junit.Assert.assertThat(Assert.java:923)
	at TestNG.CMAC.CreateProjectForTest(CMAC.java:507)
	at sun.reflect.NativeMethodAccessorImpl.invoke0(Native Method)
	at sun.reflect.NativeMethodAccessorImpl.invoke(Unknown Source)
	at sun.reflect.DelegatingMethodAccessorImpl.invoke(Unknown Source)
	at java.lang.reflect.Method.invoke(Unknown Source)
	at org.testng.internal.MethodInvocationHelper.invokeMethod(MethodInvocationHelper.java:124)
	at org.testng.internal.Invoker.invokeMethod(Invoker.java:580)
	at org.testng.internal.Invoker.invokeTestMethod(Invoker.java:716)
	at org.testng.internal.TestMethodWithDataProviderMethodWorker.call(TestMethodWithDataProviderMethodWorker.java:71)
	at org.testng.internal.TestMethodWithDataProviderMethodWorker.call(TestMethodWithDataProviderMethodWorker.java:14)
	at java.util.concurrent.FutureTask.run(Unknown Source)
	at java.util.concurrent.Executors$RunnableAdapter.call(Unknown Source)
	at java.util.concurrent.FutureTask.run(Unknown Source)
	at java.util.concurrent.ThreadPoolExecutor.runWorker(Unknown Source)
	at java.util.concurrent.ThreadPoolExecutor$Worker.run(Unknown Source)
	at java.lang.Thread.run(Unknown Source)
</div></td></tr></table><p class="totop"><a href="#summary">back to summary</a></p>
<h3 id="m20">TestNG.CMAC#CreateProjectForTest</h3><table class="result"><tr class="param"><th>Parameter #1</th><th>Parameter #2</th><th>Parameter #3</th><th>Parameter #4</th></tr><tr class="param stripe"><td>https://cmac-dev.app.wtcdev2.paas.fedex.com/cmac/v3/projects</td><td>fdx_login=ssoxdev1.8340.188de2cd</td><td>Proj EMEAGRP140</td><td>[Track Service 0, Track Service 1, Track Service 2, Track Service 3, Track Service 4]</td></tr><tr><th colspan="4">Exception</th></tr><tr><td colspan="4"><div class="stacktrace">java.lang.AssertionError: 
Expected: (a string containing &quot;transactionId&quot; and a string containing &quot;pid&quot; and a string containing &quot;projectname&quot; and a string containing &quot;cid&quot; and a string containing &quot;accountNumber&quot; and a string containing &quot;creationtime&quot;)
     but: a string containing &quot;pid&quot; was &quot;{&quot;transactionId&quot;:&quot;4d912a11-d40b-4b5b-832b-5102683a4038&quot;,&quot;errors&quot;:[{&quot;code&quot;:&quot;SYSTEM.UNEXPECTED.ERROR&quot;,&quot;message&quot;:&quot;GENERIC.ERROR&quot;}]}&quot;
	at org.hamcrest.MatcherAssert.assertThat(MatcherAssert.java:20)
	at org.junit.Assert.assertThat(Assert.java:956)
	at org.junit.Assert.assertThat(Assert.java:923)
	at TestNG.CMAC.CreateProjectForTest(CMAC.java:507)
	at sun.reflect.NativeMethodAccessorImpl.invoke0(Native Method)
	at sun.reflect.NativeMethodAccessorImpl.invoke(Unknown Source)
	at sun.reflect.DelegatingMethodAccessorImpl.invoke(Unknown Source)
	at java.lang.reflect.Method.invoke(Unknown Source)
	at org.testng.internal.MethodInvocationHelper.invokeMethod(MethodInvocationHelper.java:124)
	at org.testng.internal.Invoker.invokeMethod(Invoker.java:580)
	at org.testng.internal.Invoker.invokeTestMethod(Invoker.java:716)
	at org.testng.internal.TestMethodWithDataProviderMethodWorker.call(TestMethodWithDataProviderMethodWorker.java:71)
	at org.testng.internal.TestMethodWithDataProviderMethodWorker.call(TestMethodWithDataProviderMethodWorker.java:14)
	at java.util.concurrent.FutureTask.run(Unknown Source)
	at java.util.concurrent.Executors$RunnableAdapter.call(Unknown Source)
	at java.util.concurrent.FutureTask.run(Unknown Source)
	at java.util.concurrent.ThreadPoolExecutor.runWorker(Unknown Source)
	at java.util.concurrent.ThreadPoolExecutor$Worker.run(Unknown Source)
	at java.lang.Thread.run(Unknown Source)
</div></td></tr></table><p class="totop"><a href="#summary">back to summary</a></p>
<h3 id="m21">TestNG.CMAC#CreateProjectForTest</h3><table class="result"><tr class="param"><th>Parameter #1</th><th>Parameter #2</th><th>Parameter #3</th><th>Parameter #4</th></tr><tr class="param stripe"><td>https://cmac-dev.app.wtcdev2.paas.fedex.com/cmac/v3/projects</td><td>fdx_login=ssoxdev1.e10d.22868f76</td><td>Proj L2AdminBR605083560</td><td>[Track Service 0, Track Service 1, Track Service 2, Track Service 3, Track Service 4, Track Service 5]</td></tr><tr><th colspan="4">Exception</th></tr><tr><td colspan="4"><div class="stacktrace">java.lang.AssertionError: 
Expected: (a string containing &quot;transactionId&quot; and a string containing &quot;pid&quot; and a string containing &quot;projectname&quot; and a string containing &quot;cid&quot; and a string containing &quot;accountNumber&quot; and a string containing &quot;creationtime&quot;)
     but: a string containing &quot;pid&quot; was &quot;{&quot;transactionId&quot;:&quot;d017dcf5-1197-49ff-8bae-1e93404b4ce6&quot;,&quot;errors&quot;:[{&quot;code&quot;:&quot;SYSTEM.UNEXPECTED.ERROR&quot;,&quot;message&quot;:&quot;GENERIC.ERROR&quot;}]}&quot;
	at org.hamcrest.MatcherAssert.assertThat(MatcherAssert.java:20)
	at org.junit.Assert.assertThat(Assert.java:956)
	at org.junit.Assert.assertThat(Assert.java:923)
	at TestNG.CMAC.CreateProjectForTest(CMAC.java:507)
	at sun.reflect.NativeMethodAccessorImpl.invoke0(Native Method)
	at sun.reflect.NativeMethodAccessorImpl.invoke(Unknown Source)
	at sun.reflect.DelegatingMethodAccessorImpl.invoke(Unknown Source)
	at java.lang.reflect.Method.invoke(Unknown Source)
	at org.testng.internal.MethodInvocationHelper.invokeMethod(MethodInvocationHelper.java:124)
	at org.testng.internal.Invoker.invokeMethod(Invoker.java:580)
	at org.testng.internal.Invoker.invokeTestMethod(Invoker.java:716)
	at org.testng.internal.TestMethodWithDataProviderMethodWorker.call(TestMethodWithDataProviderMethodWorker.java:71)
	at org.testng.internal.TestMethodWithDataProviderMethodWorker.call(TestMethodWithDataProviderMethodWorker.java:14)
	at java.util.concurrent.FutureTask.run(Unknown Source)
	at java.util.concurrent.Executors$RunnableAdapter.call(Unknown Source)
	at java.util.concurrent.FutureTask.run(Unknown Source)
	at java.util.concurrent.ThreadPoolExecutor.runWorker(Unknown Source)
	at java.util.concurrent.ThreadPoolExecutor$Worker.run(Unknown Source)
	at java.lang.Thread.run(Unknown Source)
</div></td></tr></table><p class="totop"><a href="#summary">back to summary</a></p>
<h3 id="m22">TestNG.CMAC#CreateProjectInvalidLength</h3><table class="result"><tr class="param"><th>Parameter #1</th><th>Parameter #2</th><th>Parameter #3</th><th>Parameter #4</th></tr><tr class="param stripe"><td>https://cmac-dev.app.wtcdev2.paas.fedex.com/cmac/v3/projects</td><td>fdx_login=ssoxdev1.d495.141328ac</td><td>Proj_Invalid Lentgh nkjxsppwkdynxpkbnjuyhzqnnfvahbwatkmicyuzqxjeixjlrjtmxaevhackwoiiqngfolkpehvsnrifsgxcxhsulqvrkbjdfgy</td><td>[]</td></tr><tr><th colspan="4">Exception</th></tr><tr><td colspan="4"><div class="stacktrace">java.lang.AssertionError: 
Expected: (a string containing &quot;code&quot; and a string containing &quot;SYSTEM.UNEXPECTED.ERROR&quot; and a string containing &quot;message&quot; and a string containing &quot;GENERIC.ERROR&quot;)
     but: a string containing &quot;code&quot; was &quot;{&quot;timestamp&quot;:1538664251564,&quot;status&quot;:400,&quot;error&quot;:&quot;Bad Request&quot;,&quot;exception&quot;:&quot;org.springframework.http.converter.HttpMessageNotReadableException&quot;,&quot;message&quot;:&quot;JSON parse error: Can not deserialize instance of java.util.ArrayList out of VALUE_STRING token; nested exception is com.fasterxml.jackson.databind.JsonMappingException: Can not deserialize instance of java.util.ArrayList out of VALUE_STRING token\n at [Source: java.io.PushbackInputStream@7376e882; line: 1, column: 19] (through reference chain: com.fedex.cxs.cmac.v3.vo.ProjectProfileInputVO[\&quot;resourcesInput\&quot;])&quot;,&quot;path&quot;:&quot;/cmac/v3/projects&quot;}&quot;
	at org.hamcrest.MatcherAssert.assertThat(MatcherAssert.java:20)
	at org.junit.Assert.assertThat(Assert.java:956)
	at org.junit.Assert.assertThat(Assert.java:923)
	at TestNG.CMAC.CreateProjectInvalidLength(CMAC.java:229)
	at sun.reflect.NativeMethodAccessorImpl.invoke0(Native Method)
	at sun.reflect.NativeMethodAccessorImpl.invoke(Unknown Source)
	at sun.reflect.DelegatingMethodAccessorImpl.invoke(Unknown Source)
	at java.lang.reflect.Method.invoke(Unknown Source)
	at org.testng.internal.MethodInvocationHelper.invokeMethod(MethodInvocationHelper.java:124)
	at org.testng.internal.Invoker.invokeMethod(Invoker.java:580)
	at org.testng.internal.Invoker.invokeTestMethod(Invoker.java:716)
	at org.testng.internal.TestMethodWithDataProviderMethodWorker.call(TestMethodWithDataProviderMethodWorker.java:71)
	at org.testng.internal.TestMethodWithDataProviderMethodWorker.call(TestMethodWithDataProviderMethodWorker.java:14)
	at java.util.concurrent.FutureTask.run(Unknown Source)
	at java.util.concurrent.Executors$RunnableAdapter.call(Unknown Source)
	at java.util.concurrent.FutureTask.run(Unknown Source)
	at java.util.concurrent.ThreadPoolExecutor.runWorker(Unknown Source)
	at java.util.concurrent.ThreadPoolExecutor$Worker.run(Unknown Source)
	at java.lang.Thread.run(Unknown Source)
</div></td></tr></table><p class="totop"><a href="#summary">back to summary</a></p>
<h3 id="m23">TestNG.CMAC#DeleteCredentials</h3><table class="result"><tr><th>Exception</th></tr><tr><td><div class="stacktrace">org.testng.internal.reflect.MethodMatcherException: 
Data provider mismatch
Method: DeleteCredentials([Parameter{index=0, type=java.lang.String, declaredAnnotations=[]}, Parameter{index=1, type=java.lang.String, declaredAnnotations=[]}, Parameter{index=2, type=java.lang.String, declaredAnnotations=[]}, Parameter{index=3, type=java.lang.String, declaredAnnotations=[]}])
Arguments: [(java.lang.String) https://cmac-dev.app.wtcdev2.paas.fedex.com/cmac/v3/credentials/,(java.lang.String) 10371]
	at org.testng.internal.reflect.DataProviderMethodMatcher.getConformingArguments(DataProviderMethodMatcher.java:45)
	at org.testng.internal.Parameters.injectParameters(Parameters.java:796)
	at org.testng.internal.Invoker.invokeTestMethods(Invoker.java:954)
	at org.testng.internal.TestMethodWorker.invokeTestMethods(TestMethodWorker.java:125)
	at org.testng.internal.TestMethodWorker.run(TestMethodWorker.java:109)
	at org.testng.TestRunner.privateRun(TestRunner.java:648)
	at org.testng.TestRunner.run(TestRunner.java:505)
	at org.testng.SuiteRunner.runTest(SuiteRunner.java:455)
	at org.testng.SuiteRunner.runSequentially(SuiteRunner.java:450)
	at org.testng.SuiteRunner.privateRun(SuiteRunner.java:415)
	at org.testng.SuiteRunner.run(SuiteRunner.java:364)
	at org.testng.SuiteRunnerWorker.runSuite(SuiteRunnerWorker.java:52)
	at org.testng.SuiteRunnerWorker.run(SuiteRunnerWorker.java:84)
	at org.testng.TestNG.runSuitesSequentially(TestNG.java:1208)
	at org.testng.TestNG.runSuitesLocally(TestNG.java:1137)
	at org.testng.TestNG.runSuites(TestNG.java:1049)
	at org.testng.TestNG.run(TestNG.java:1017)
	at org.testng.remote.AbstractRemoteTestNG.run(AbstractRemoteTestNG.java:114)
	at org.testng.remote.RemoteTestNG.initAndRun(RemoteTestNG.java:251)
	at org.testng.remote.RemoteTestNG.main(RemoteTestNG.java:77)
</div></td></tr></table><p class="totop"><a href="#summary">back to summary</a></p>
<h3 id="m24">TestNG.CMAC#DeleteResources</h3><table class="result"><tr><th>Exception</th></tr><tr><td><div class="stacktrace">org.testng.internal.reflect.MethodMatcherException: 
Data provider mismatch
Method: DeleteResources([Parameter{index=0, type=java.lang.String, declaredAnnotations=[]}, Parameter{index=1, type=java.lang.String, declaredAnnotations=[]}, Parameter{index=2, type=java.lang.String, declaredAnnotations=[]}, Parameter{index=3, type=java.lang.String, declaredAnnotations=[]}])
Arguments: [(java.lang.String) https://cmac-dev.app.wtcdev2.paas.fedex.com/cmac/v3/projects/,(java.lang.String) 10371]
	at org.testng.internal.reflect.DataProviderMethodMatcher.getConformingArguments(DataProviderMethodMatcher.java:45)
	at org.testng.internal.Parameters.injectParameters(Parameters.java:796)
	at org.testng.internal.Invoker.invokeTestMethods(Invoker.java:954)
	at org.testng.internal.TestMethodWorker.invokeTestMethods(TestMethodWorker.java:125)
	at org.testng.internal.TestMethodWorker.run(TestMethodWorker.java:109)
	at org.testng.TestRunner.privateRun(TestRunner.java:648)
	at org.testng.TestRunner.run(TestRunner.java:505)
	at org.testng.SuiteRunner.runTest(SuiteRunner.java:455)
	at org.testng.SuiteRunner.runSequentially(SuiteRunner.java:450)
	at org.testng.SuiteRunner.privateRun(SuiteRunner.java:415)
	at org.testng.SuiteRunner.run(SuiteRunner.java:364)
	at org.testng.SuiteRunnerWorker.runSuite(SuiteRunnerWorker.java:52)
	at org.testng.SuiteRunnerWorker.run(SuiteRunnerWorker.java:84)
	at org.testng.TestNG.runSuitesSequentially(TestNG.java:1208)
	at org.testng.TestNG.runSuitesLocally(TestNG.java:1137)
	at org.testng.TestNG.runSuites(TestNG.java:1049)
	at org.testng.TestNG.run(TestNG.java:1017)
	at org.testng.remote.AbstractRemoteTestNG.run(AbstractRemoteTestNG.java:114)
	at org.testng.remote.RemoteTestNG.initAndRun(RemoteTestNG.java:251)
	at org.testng.remote.RemoteTestNG.main(RemoteTestNG.java:77)
</div></td></tr></table><p class="totop"><a href="#summary">back to summary</a></p>
<h3 id="m25">TestNG.CMAC#UpdateProjectName</h3><table class="result"><tr><th>Exception</th></tr><tr><td><div class="stacktrace">org.testng.internal.reflect.MethodMatcherException: 
Data provider mismatch
Method: UpdateProjectName([Parameter{index=0, type=java.lang.String, declaredAnnotations=[]}, Parameter{index=1, type=java.lang.String, declaredAnnotations=[]}, Parameter{index=2, type=java.lang.String, declaredAnnotations=[]}, Parameter{index=3, type=java.lang.String, declaredAnnotations=[]}])
Arguments: [(java.lang.String) https://cmac-dev.app.wtcdev2.paas.fedex.com/cmac/v3/projects/,(java.lang.String) 10371,(java.lang.String) Proj Update 100418T094413]
	at org.testng.internal.reflect.DataProviderMethodMatcher.getConformingArguments(DataProviderMethodMatcher.java:45)
	at org.testng.internal.Parameters.injectParameters(Parameters.java:796)
	at org.testng.internal.Invoker.invokeTestMethods(Invoker.java:954)
	at org.testng.internal.TestMethodWorker.invokeTestMethods(TestMethodWorker.java:125)
	at org.testng.internal.TestMethodWorker.run(TestMethodWorker.java:109)
	at org.testng.TestRunner.privateRun(TestRunner.java:648)
	at org.testng.TestRunner.run(TestRunner.java:505)
	at org.testng.SuiteRunner.runTest(SuiteRunner.java:455)
	at org.testng.SuiteRunner.runSequentially(SuiteRunner.java:450)
	at org.testng.SuiteRunner.privateRun(SuiteRunner.java:415)
	at org.testng.SuiteRunner.run(SuiteRunner.java:364)
	at org.testng.SuiteRunnerWorker.runSuite(SuiteRunnerWorker.java:52)
	at org.testng.SuiteRunnerWorker.run(SuiteRunnerWorker.java:84)
	at org.testng.TestNG.runSuitesSequentially(TestNG.java:1208)
	at org.testng.TestNG.runSuitesLocally(TestNG.java:1137)
	at org.testng.TestNG.runSuites(TestNG.java:1049)
	at org.testng.TestNG.run(TestNG.java:1017)
	at org.testng.remote.AbstractRemoteTestNG.run(AbstractRemoteTestNG.java:114)
	at org.testng.remote.RemoteTestNG.initAndRun(RemoteTestNG.java:251)
	at org.testng.remote.RemoteTestNG.main(RemoteTestNG.java:77)
</div></td></tr></table><p class="totop"><a href="#summary">back to summary</a></p>
<h3 id="m26">TestNG.CMAC#DeleteProject</h3><table class="result"><tr><th>Exception</th></tr><tr><td><div class="stacktrace">java.lang.Throwable: Method CMAC.DeleteProject(java.lang.String, java.lang.String, java.lang.String)[pri:2, instance:TestNG.CMAC@2344fc66] depends on not successfully finished methods
	at org.testng.internal.Invoker.invokeTestMethods(Invoker.java:887)
	at org.testng.internal.TestMethodWorker.invokeTestMethods(TestMethodWorker.java:125)
	at org.testng.internal.TestMethodWorker.run(TestMethodWorker.java:109)
	at org.testng.TestRunner.privateRun(TestRunner.java:648)
	at org.testng.TestRunner.run(TestRunner.java:505)
	at org.testng.SuiteRunner.runTest(SuiteRunner.java:455)
	at org.testng.SuiteRunner.runSequentially(SuiteRunner.java:450)
	at org.testng.SuiteRunner.privateRun(SuiteRunner.java:415)
	at org.testng.SuiteRunner.run(SuiteRunner.java:364)
	at org.testng.SuiteRunnerWorker.runSuite(SuiteRunnerWorker.java:52)
	at org.testng.SuiteRunnerWorker.run(SuiteRunnerWorker.java:84)
	at org.testng.TestNG.runSuitesSequentially(TestNG.java:1208)
	at org.testng.TestNG.runSuitesLocally(TestNG.java:1137)
	at org.testng.TestNG.runSuites(TestNG.java:1049)
	at org.testng.TestNG.run(TestNG.java:1017)
	at org.testng.remote.AbstractRemoteTestNG.run(AbstractRemoteTestNG.java:114)
	at org.testng.remote.RemoteTestNG.initAndRun(RemoteTestNG.java:251)
	at org.testng.remote.RemoteTestNG.main(RemoteTestNG.java:77)
</div></td></tr></table><p class="totop"><a href="#summary">back to summary</a></p>
<h3 id="m27">TestNG.CMAC#AddResourcesToProject</h3><table class="result"><tr class="param"><th>Parameter #1</th><th>Parameter #2</th><th>Parameter #3</th></tr><tr class="param stripe"><td>https://cmac-dev.app.wtcdev2.paas.fedex.com/cmac/v3/projects/</td><td>10371</td><td>[Track Service 0, Track Service 1, Track Service 2, Track Service 3, Track Service 4, Track Service 5, Track Service 6, Track Service 7]</td></tr></table><p class="totop"><a href="#summary">back to summary</a></p>
<h3 id="m28">TestNG.CMAC#AddResourcesToProject</h3><table class="result"><tr class="param"><th>Parameter #1</th><th>Parameter #2</th><th>Parameter #3</th></tr><tr class="param stripe"><td>https://cmac-dev.app.wtcdev2.paas.fedex.com/cmac/v3/projects/</td><td>10371</td><td>[Track Service 0, Track Service 1, Track Service 2, Track Service 3, Track Service 4]</td></tr></table><p class="totop"><a href="#summary">back to summary</a></p>
<h3 id="m29">TestNG.CMAC#AddResourcesToProject</h3><table class="result"><tr class="param"><th>Parameter #1</th><th>Parameter #2</th><th>Parameter #3</th></tr><tr class="param stripe"><td>https://cmac-dev.app.wtcdev2.paas.fedex.com/cmac/v3/projects/</td><td>10371</td><td>[Track Service 0, Track Service 1, Track Service 2]</td></tr></table><p class="totop"><a href="#summary">back to summary</a></p>
<h3 id="m30">TestNG.CMAC#AddResourcesToProject</h3><table class="result"><tr class="param"><th>Parameter #1</th><th>Parameter #2</th><th>Parameter #3</th></tr><tr class="param stripe"><td>https://cmac-dev.app.wtcdev2.paas.fedex.com/cmac/v3/projects/</td><td>10371</td><td>[Track Service 0, Track Service 1, Track Service 2, Track Service 3, Track Service 4, Track Service 5]</td></tr></table><p class="totop"><a href="#summary">back to summary</a></p>
<h3 id="m31">TestNG.CMAC#AddResourcesToProject</h3><table class="result"><tr class="param"><th>Parameter #1</th><th>Parameter #2</th><th>Parameter #3</th></tr><tr class="param stripe"><td>https://cmac-dev.app.wtcdev2.paas.fedex.com/cmac/v3/projects/</td><td>10371</td><td>[Track Service 0, Track Service 1]</td></tr></table><p class="totop"><a href="#summary">back to summary</a></p>
<h3 id="m32">TestNG.CMAC#AddResourcesToProject</h3><table class="result"><tr class="param"><th>Parameter #1</th><th>Parameter #2</th><th>Parameter #3</th></tr><tr class="param stripe"><td>https://cmac-dev.app.wtcdev2.paas.fedex.com/cmac/v3/projects/</td><td>10371</td><td>[Track Service 0, Track Service 1, Track Service 2, Track Service 3]</td></tr></table><p class="totop"><a href="#summary">back to summary</a></p>
<h3 id="m33">TestNG.CMAC#AddResourcesToProject</h3><table class="result"><tr class="param"><th>Parameter #1</th><th>Parameter #2</th><th>Parameter #3</th></tr><tr class="param stripe"><td>https://cmac-dev.app.wtcdev2.paas.fedex.com/cmac/v3/projects/</td><td>10371</td><td>[Track Service 0]</td></tr></table><p class="totop"><a href="#summary">back to summary</a></p>
<h3 id="m34">TestNG.CMAC#AddResourcesToProject</h3><table class="result"><tr class="param"><th>Parameter #1</th><th>Parameter #2</th><th>Parameter #3</th></tr><tr class="param stripe"><td>https://cmac-dev.app.wtcdev2.paas.fedex.com/cmac/v3/projects/</td><td>10371</td><td>[Track Service 0, Track Service 1, Track Service 2, Track Service 3, Track Service 4, Track Service 5, Track Service 6]</td></tr></table><p class="totop"><a href="#summary">back to summary</a></p>
<h3 id="m35">TestNG.CMAC#CreateCredentialsForProject</h3><table class="result"><tr class="param"><th>Parameter #1</th><th>Parameter #2</th></tr><tr class="param stripe"><td>https://cmac-dev.app.wtcdev2.paas.fedex.com/cmac/v3/projects/</td><td>fdx_login=ssoxdev1.d495.141328ac</td></tr></table><p class="totop"><a href="#summary">back to summary</a></p>
<h3 id="m36">TestNG.CMAC#RetrieveProjectDetails</h3><table class="result"><tr class="param"><th>Parameter #1</th><th>Parameter #2</th><th>Parameter #3</th></tr><tr class="param stripe"><td>https://cmac-dev.app.wtcdev2.paas.fedex.com/cmac/v3/projects/</td><td>fdx_login=ssoxdev1.9aab.78b29a35</td><td>10781</td></tr></table><p class="totop"><a href="#summary">back to summary</a></p>
<h3 id="m37">TestNG.CMAC#RetrieveProjectDetails</h3><table class="result"><tr class="param"><th>Parameter #1</th><th>Parameter #2</th><th>Parameter #3</th></tr><tr class="param stripe"><td>https://cmac-dev.app.wtcdev2.paas.fedex.com/cmac/v3/projects/</td><td>fdx_login=ssoxdev1.c984.49b35863</td><td>10315</td></tr></table><p class="totop"><a href="#summary">back to summary</a></p>
<h3 id="m38">TestNG.CMAC#RetrieveProjectDetails</h3><table class="result"><tr class="param"><th>Parameter #1</th><th>Parameter #2</th><th>Parameter #3</th></tr><tr class="param stripe"><td>https://cmac-dev.app.wtcdev2.paas.fedex.com/cmac/v3/projects/</td><td>fdx_login=ssoxdev1.d495.141328ac</td><td>10371</td></tr></table><p class="totop"><a href="#summary">back to summary</a></p>
<h3 id="m39">TestNG.CMAC#RetrieveProjectDetails</h3><table class="result"><tr class="param"><th>Parameter #1</th><th>Parameter #2</th><th>Parameter #3</th></tr><tr class="param stripe"><td>https://cmac-dev.app.wtcdev2.paas.fedex.com/cmac/v3/projects/</td><td>fdx_login=ssoxdev1.d495.141328ac</td><td>10635</td></tr></table><p class="totop"><a href="#summary">back to summary</a></p>
<h3 id="m40">TestNG.CMAC#RetrieveProjectDetails</h3><table class="result"><tr class="param"><th>Parameter #1</th><th>Parameter #2</th><th>Parameter #3</th></tr><tr class="param stripe"><td>https://cmac-dev.app.wtcdev2.paas.fedex.com/cmac/v3/projects/</td><td>fdx_login=ssoxdev1.9aab.78b29a35</td><td>10473</td></tr></table><p class="totop"><a href="#summary">back to summary</a></p>
<h3 id="m41">TestNG.CMAC#RetrieveProjectDetails</h3><table class="result"><tr class="param"><th>Parameter #1</th><th>Parameter #2</th><th>Parameter #3</th></tr><tr class="param stripe"><td>https://cmac-dev.app.wtcdev2.paas.fedex.com/cmac/v3/projects/</td><td>fdx_login=ssoxdev1.8409.4eea83d5</td><td>10423</td></tr></table><p class="totop"><a href="#summary">back to summary</a></p>
<h3 id="m42">TestNG.CMAC#RetrieveProjectDetails</h3><table class="result"><tr class="param"><th>Parameter #1</th><th>Parameter #2</th><th>Parameter #3</th></tr><tr class="param stripe"><td>https://cmac-dev.app.wtcdev2.paas.fedex.com/cmac/v3/projects/</td><td>fdx_login=ssoxdev1.8340.188de2cd</td><td>10404</td></tr></table><p class="totop"><a href="#summary">back to summary</a></p>
<h3 id="m43">TestNG.CMAC#RetrieveProjectDetails</h3><table class="result"><tr class="param"><th>Parameter #1</th><th>Parameter #2</th><th>Parameter #3</th></tr><tr class="param stripe"><td>https://cmac-dev.app.wtcdev2.paas.fedex.com/cmac/v3/projects/</td><td>fdx_login=ssoxdev1.9aab.78b29a35</td><td>10482</td></tr></table><p class="totop"><a href="#summary">back to summary</a></p>
<h3 id="m44">TestNG.CMAC#RetrieveProjectDetails</h3><table class="result"><tr class="param"><th>Parameter #1</th><th>Parameter #2</th><th>Parameter #3</th></tr><tr class="param stripe"><td>https://cmac-dev.app.wtcdev2.paas.fedex.com/cmac/v3/projects/</td><td>fdx_login=ssoxdev1.e10d.22868f76</td><td>10432</td></tr></table><p class="totop"><a href="#summary">back to summary</a></p>
<h3 id="m45">TestNG.CMAC#RetrieveProjectDetails</h3><table class="result"><tr class="param"><th>Parameter #1</th><th>Parameter #2</th><th>Parameter #3</th></tr><tr class="param stripe"><td>https://cmac-dev.app.wtcdev2.paas.fedex.com/cmac/v3/projects/</td><td>fdx_login=ssoxdev1.e10d.22868f76</td><td>10094</td></tr></table><p class="totop"><a href="#summary">back to summary</a></p>
<h3 id="m46">TestNG.CMAC#RetrieveProjectDetails</h3><table class="result"><tr class="param"><th>Parameter #1</th><th>Parameter #2</th><th>Parameter #3</th></tr><tr class="param stripe"><td>https://cmac-dev.app.wtcdev2.paas.fedex.com/cmac/v3/projects/</td><td>fdx_login=ssoxdev1.8d9f.29298c12</td><td>10280</td></tr></table><p class="totop"><a href="#summary">back to summary</a></p>
<h3 id="m47">TestNG.CMAC#RetrieveProjectDetails</h3><table class="result"><tr class="param"><th>Parameter #1</th><th>Parameter #2</th><th>Parameter #3</th></tr><tr class="param stripe"><td>https://cmac-dev.app.wtcdev2.paas.fedex.com/cmac/v3/projects/</td><td>fdx_login=ssoxdev1.8d9f.29298c12</td><td>10888</td></tr></table><p class="totop"><a href="#summary">back to summary</a></p>
<h3 id="m48">TestNG.CMAC#RetrieveProjectDetails</h3><table class="result"><tr class="param"><th>Parameter #1</th><th>Parameter #2</th><th>Parameter #3</th></tr><tr class="param stripe"><td>https://cmac-dev.app.wtcdev2.paas.fedex.com/cmac/v3/projects/</td><td>fdx_login=ssoxdev1.c984.49b35863</td><td>10659</td></tr></table><p class="totop"><a href="#summary">back to summary</a></p>
<h3 id="m49">TestNG.CMAC#RetrieveProjectDetails</h3><table class="result"><tr class="param"><th>Parameter #1</th><th>Parameter #2</th><th>Parameter #3</th></tr><tr class="param stripe"><td>https://cmac-dev.app.wtcdev2.paas.fedex.com/cmac/v3/projects/</td><td>fdx_login=ssoxdev1.8340.188de2cd</td><td>10648</td></tr></table><p class="totop"><a href="#summary">back to summary</a></p>
<h3 id="m50">TestNG.CMAC#RetrieveProjectDetails</h3><table class="result"><tr class="param"><th>Parameter #1</th><th>Parameter #2</th><th>Parameter #3</th></tr><tr class="param stripe"><td>https://cmac-dev.app.wtcdev2.paas.fedex.com/cmac/v3/projects/</td><td>fdx_login=ssoxdev1.8409.4eea83d5</td><td>10791</td></tr></table><p class="totop"><a href="#summary">back to summary</a></p>
<h3 id="m51">TestNG.CMAC#RetrieveProjectDetails</h3><table class="result"><tr class="param"><th>Parameter #1</th><th>Parameter #2</th><th>Parameter #3</th></tr><tr class="param stripe"><td>https://cmac-dev.app.wtcdev2.paas.fedex.com/cmac/v3/projects/</td><td>fdx_login=ssoxdev1.8340.188de2cd</td><td>10084</td></tr></table><p class="totop"><a href="#summary">back to summary</a></p>
<h3 id="m52">TestNG.CMAC#RetrieveProjectDetails</h3><table class="result"><tr class="param"><th>Parameter #1</th><th>Parameter #2</th><th>Parameter #3</th></tr><tr class="param stripe"><td>https://cmac-dev.app.wtcdev2.paas.fedex.com/cmac/v3/projects/</td><td>fdx_login=ssoxdev1.d495.141328ac</td><td>10600</td></tr></table><p class="totop"><a href="#summary">back to summary</a></p>
<h3 id="m53">TestNG.CMAC#RetrieveProjectDetails</h3><table class="result"><tr class="param"><th>Parameter #1</th><th>Parameter #2</th><th>Parameter #3</th></tr><tr class="param stripe"><td>https://cmac-dev.app.wtcdev2.paas.fedex.com/cmac/v3/projects/</td><td>fdx_login=ssoxdev1.d495.141328ac</td><td>10386</td></tr></table><p class="totop"><a href="#summary">back to summary</a></p>
<h3 id="m54">TestNG.CMAC#RetrieveProjectDetails</h3><table class="result"><tr class="param"><th>Parameter #1</th><th>Parameter #2</th><th>Parameter #3</th></tr><tr class="param stripe"><td>https://cmac-dev.app.wtcdev2.paas.fedex.com/cmac/v3/projects/</td><td>fdx_login=ssoxdev1.c984.49b35863</td><td>10859</td></tr></table><p class="totop"><a href="#summary">back to summary</a></p>
<h3 id="m55">TestNG.CMAC#RetrieveProjectDetails</h3><table class="result"><tr class="param"><th>Parameter #1</th><th>Parameter #2</th><th>Parameter #3</th></tr><tr class="param stripe"><td>https://cmac-dev.app.wtcdev2.paas.fedex.com/cmac/v3/projects/</td><td>fdx_login=ssoxdev1.91c8.5b9e1292</td><td>10237</td></tr></table><p class="totop"><a href="#summary">back to summary</a></p>
<h3 id="m56">TestNG.CMAC#RetrieveProjectDetails</h3><table class="result"><tr class="param"><th>Parameter #1</th><th>Parameter #2</th><th>Parameter #3</th></tr><tr class="param stripe"><td>https://cmac-dev.app.wtcdev2.paas.fedex.com/cmac/v3/projects/</td><td>fdx_login=ssoxdev1.e10d.22868f76</td><td>10729</td></tr></table><p class="totop"><a href="#summary">back to summary</a></p>
<h3 id="m57">TestNG.CMAC#RetrieveProjectDetails</h3><table class="result"><tr class="param"><th>Parameter #1</th><th>Parameter #2</th><th>Parameter #3</th></tr><tr class="param stripe"><td>https://cmac-dev.app.wtcdev2.paas.fedex.com/cmac/v3/projects/</td><td>fdx_login=ssoxdev1.91c8.5b9e1292</td><td>10810</td></tr></table><p class="totop"><a href="#summary">back to summary</a></p>
<h3 id="m58">TestNG.CMAC#RetrieveProjectDetails</h3><table class="result"><tr class="param"><th>Parameter #1</th><th>Parameter #2</th><th>Parameter #3</th></tr><tr class="param stripe"><td>https://cmac-dev.app.wtcdev2.paas.fedex.com/cmac/v3/projects/</td><td>fdx_login=ssoxdev1.8409.4eea83d5</td><td>10795</td></tr></table><p class="totop"><a href="#summary">back to summary</a></p>
<h3 id="m59">TestNG.CMAC#RetrieveProjectDetails</h3><table class="result"><tr class="param"><th>Parameter #1</th><th>Parameter #2</th><th>Parameter #3</th></tr><tr class="param stripe"><td>https://cmac-dev.app.wtcdev2.paas.fedex.com/cmac/v3/projects/</td><td>fdx_login=ssoxdev1.8d9f.29298c12</td><td>10439</td></tr></table><p class="totop"><a href="#summary">back to summary</a></p>
<h3 id="m60">TestNG.CMAC#RetrieveProjectDetails</h3><table class="result"><tr class="param"><th>Parameter #1</th><th>Parameter #2</th><th>Parameter #3</th></tr><tr class="param stripe"><td>https://cmac-dev.app.wtcdev2.paas.fedex.com/cmac/v3/projects/</td><td>fdx_login=ssoxdev1.91c8.5b9e1292</td><td>10007</td></tr></table><p class="totop"><a href="#summary">back to summary</a></p>
<h3 id="m61">TestNG.CMAC#RetrieveProjectSummary</h3><table class="result"><tr class="param"><th>Parameter #1</th><th>Parameter #2</th></tr><tr class="param stripe"><td>https://cmac-dev.app.wtcdev2.paas.fedex.com/cmac/v3/projects/</td><td>fdx_login=ssoxdev1.8340.188de2cd</td></tr></table><p class="totop"><a href="#summary">back to summary</a></p>
<h3 id="m62">TestNG.CMAC#RetrieveProjectSummary</h3><table class="result"><tr class="param"><th>Parameter #1</th><th>Parameter #2</th></tr><tr class="param stripe"><td>https://cmac-dev.app.wtcdev2.paas.fedex.com/cmac/v3/projects/</td><td>fdx_login=ssoxdev1.e10d.22868f76</td></tr></table><p class="totop"><a href="#summary">back to summary</a></p>
<h3 id="m63">TestNG.CMAC#RetrieveProjectSummary</h3><table class="result"><tr class="param"><th>Parameter #1</th><th>Parameter #2</th></tr><tr class="param stripe"><td>https://cmac-dev.app.wtcdev2.paas.fedex.com/cmac/v3/projects/</td><td>fdx_login=ssoxdev1.91c8.5b9e1292</td></tr></table><p class="totop"><a href="#summary">back to summary</a></p>
<h3 id="m64">TestNG.CMAC#RetrieveProjectSummary</h3><table class="result"><tr class="param"><th>Parameter #1</th><th>Parameter #2</th></tr><tr class="param stripe"><td>https://cmac-dev.app.wtcdev2.paas.fedex.com/cmac/v3/projects/</td><td>fdx_login=ssoxdev1.c984.49b35863</td></tr></table><p class="totop"><a href="#summary">back to summary</a></p>
<h3 id="m65">TestNG.CMAC#RetrieveProjectSummary</h3><table class="result"><tr class="param"><th>Parameter #1</th><th>Parameter #2</th></tr><tr class="param stripe"><td>https://cmac-dev.app.wtcdev2.paas.fedex.com/cmac/v3/projects/</td><td>fdx_login=ssoxdev1.8409.4eea83d5</td></tr></table><p class="totop"><a href="#summary">back to summary</a></p>
<h3 id="m66">TestNG.CMAC#RetrieveProjectSummary</h3><table class="result"><tr class="param"><th>Parameter #1</th><th>Parameter #2</th></tr><tr class="param stripe"><td>https://cmac-dev.app.wtcdev2.paas.fedex.com/cmac/v3/projects/</td><td>fdx_login=ssoxdev1.8d9f.29298c12</td></tr></table><p class="totop"><a href="#summary">back to summary</a></p>
<h3 id="m67">TestNG.CMAC#RetrieveProjectSummary</h3><table class="result"><tr class="param"><th>Parameter #1</th><th>Parameter #2</th></tr><tr class="param stripe"><td>https://cmac-dev.app.wtcdev2.paas.fedex.com/cmac/v3/projects/</td><td>fdx_login=ssoxdev1.d495.141328ac</td></tr></table><p class="totop"><a href="#summary">back to summary</a></p>
<h3 id="m68">TestNG.CMAC#RetrieveProjectSummary</h3><table class="result"><tr class="param"><th>Parameter #1</th><th>Parameter #2</th></tr><tr class="param stripe"><td>https://cmac-dev.app.wtcdev2.paas.fedex.com/cmac/v3/projects/</td><td>fdx_login=ssoxdev1.9aab.78b29a35</td></tr></table><p class="totop"><a href="#summary">back to summary</a></p>
</body>
</html>
