<?xml version="1.0" encoding="UTF-8"?>
<testng-results skipped="1" failed="26" ignored="1" total="70" passed="42">
  <reporter-output>
  </reporter-output>
  <suite name="Default suite" duration-ms="23044" started-at="2018-10-04T14:43:55Z" finished-at="2018-10-04T14:44:18Z">
    <groups>
    </groups>
    <test name="Default test" duration-ms="23044" started-at="2018-10-04T14:43:55Z" finished-at="2018-10-04T14:44:18Z">
      <class name="TestNG.CMAC">
        <test-method status="PASS" signature="beforeClass()[pri:0, instance:TestNG.CMAC@2344fc66]" name="beforeClass" is-config="true" duration-ms="6178" started-at="2018-10-04T14:43:55Z" finished-at="2018-10-04T14:44:01Z">
          <reporter-output>
          </reporter-output>
        </test-method> <!-- beforeClass -->
        <test-method status="FAIL" signature="CreateCredentialsForProject(java.lang.String, java.lang.String)[pri:1, instance:TestNG.CMAC@2344fc66]" name="CreateCredentialsForProject" duration-ms="1132" started-at="2018-10-04T14:44:01Z" data-provider="dp" finished-at="2018-10-04T14:44:03Z">
          <params>
            <param index="0">
              <value>
                <![CDATA[https://cmac-dev.app.wtcdev2.paas.fedex.com/cmac/v3/projects/]]>
              </value>
            </param>
            <param index="1">
              <value>
                <![CDATA[fdx_login=ssoxdev1.8340.188de2cd]]>
              </value>
            </param>
          </params>
          <exception class="java.lang.AssertionError">
            <message>
              <![CDATA[
Expected: (a string containing "transactionId" and a string containing "output" and a string containing "projectid" and a string containing "creationtime" and a string containing "expirationdate")
     but: a string containing "output" was "{"transactionId":"d4382556-d8cf-41fa-bd3b-7b6c903ea79e","errors":[{"code":"SYSTEM.UNEXPECTED.ERROR","message":"GENERIC.ERROR"}]}"]]>
            </message>
            <full-stacktrace>
              <![CDATA[java.lang.AssertionError: 
Expected: (a string containing "transactionId" and a string containing "output" and a string containing "projectid" and a string containing "creationtime" and a string containing "expirationdate")
     but: a string containing "output" was "{"transactionId":"d4382556-d8cf-41fa-bd3b-7b6c903ea79e","errors":[{"code":"SYSTEM.UNEXPECTED.ERROR","message":"GENERIC.ERROR"}]}"
at org.hamcrest.MatcherAssert.assertThat(MatcherAssert.java:20)
at org.junit.Assert.assertThat(Assert.java:956)
at org.junit.Assert.assertThat(Assert.java:923)
at TestNG.CMAC.CreateCredentialsForProject(CMAC.java:402)
at sun.reflect.NativeMethodAccessorImpl.invoke0(Native Method)
at sun.reflect.NativeMethodAccessorImpl.invoke(Unknown Source)
at sun.reflect.DelegatingMethodAccessorImpl.invoke(Unknown Source)
at java.lang.reflect.Method.invoke(Unknown Source)
at org.testng.internal.MethodInvocationHelper.invokeMethod(MethodInvocationHelper.java:124)
at org.testng.internal.Invoker.invokeMethod(Invoker.java:580)
at org.testng.internal.Invoker.invokeTestMethod(Invoker.java:716)
at org.testng.internal.TestMethodWithDataProviderMethodWorker.call(TestMethodWithDataProviderMethodWorker.java:71)
at org.testng.internal.TestMethodWithDataProviderMethodWorker.call(TestMethodWithDataProviderMethodWorker.java:14)
at java.util.concurrent.FutureTask.run(Unknown Source)
at java.util.concurrent.Executors$RunnableAdapter.call(Unknown Source)
at java.util.concurrent.FutureTask.run(Unknown Source)
at java.util.concurrent.ThreadPoolExecutor.runWorker(Unknown Source)
at java.util.concurrent.ThreadPoolExecutor$Worker.run(Unknown Source)
at java.lang.Thread.run(Unknown Source)
]]>
            </full-stacktrace>
          </exception> <!-- java.lang.AssertionError -->
          <reporter-output>
          </reporter-output>
        </test-method> <!-- CreateCredentialsForProject -->
        <test-method status="FAIL" signature="CreateCredentialsForProject(java.lang.String, java.lang.String)[pri:1, instance:TestNG.CMAC@2344fc66]" name="CreateCredentialsForProject" duration-ms="3822" started-at="2018-10-04T14:44:01Z" data-provider="dp" finished-at="2018-10-04T14:44:05Z">
          <params>
            <param index="0">
              <value>
                <![CDATA[https://cmac-dev.app.wtcdev2.paas.fedex.com/cmac/v3/projects/]]>
              </value>
            </param>
            <param index="1">
              <value>
                <![CDATA[fdx_login=ssoxdev1.8d9f.29298c12]]>
              </value>
            </param>
          </params>
          <exception class="java.lang.AssertionError">
            <message>
              <![CDATA[
Expected: (a string containing "transactionId" and a string containing "output" and a string containing "projectid" and a string containing "creationtime" and a string containing "expirationdate")
     but: a string containing "output" was "{"transactionId":"dea07676-d1ef-483b-9526-474276864f28","errors":[{"code":"SYSTEM.UNEXPECTED.ERROR","message":"GENERIC.ERROR"}]}"]]>
            </message>
            <full-stacktrace>
              <![CDATA[java.lang.AssertionError: 
Expected: (a string containing "transactionId" and a string containing "output" and a string containing "projectid" and a string containing "creationtime" and a string containing "expirationdate")
     but: a string containing "output" was "{"transactionId":"dea07676-d1ef-483b-9526-474276864f28","errors":[{"code":"SYSTEM.UNEXPECTED.ERROR","message":"GENERIC.ERROR"}]}"
at org.hamcrest.MatcherAssert.assertThat(MatcherAssert.java:20)
at org.junit.Assert.assertThat(Assert.java:956)
at org.junit.Assert.assertThat(Assert.java:923)
at TestNG.CMAC.CreateCredentialsForProject(CMAC.java:402)
at sun.reflect.NativeMethodAccessorImpl.invoke0(Native Method)
at sun.reflect.NativeMethodAccessorImpl.invoke(Unknown Source)
at sun.reflect.DelegatingMethodAccessorImpl.invoke(Unknown Source)
at java.lang.reflect.Method.invoke(Unknown Source)
at org.testng.internal.MethodInvocationHelper.invokeMethod(MethodInvocationHelper.java:124)
at org.testng.internal.Invoker.invokeMethod(Invoker.java:580)
at org.testng.internal.Invoker.invokeTestMethod(Invoker.java:716)
at org.testng.internal.TestMethodWithDataProviderMethodWorker.call(TestMethodWithDataProviderMethodWorker.java:71)
at org.testng.internal.TestMethodWithDataProviderMethodWorker.call(TestMethodWithDataProviderMethodWorker.java:14)
at java.util.concurrent.FutureTask.run(Unknown Source)
at java.util.concurrent.Executors$RunnableAdapter.call(Unknown Source)
at java.util.concurrent.FutureTask.run(Unknown Source)
at java.util.concurrent.ThreadPoolExecutor.runWorker(Unknown Source)
at java.util.concurrent.ThreadPoolExecutor$Worker.run(Unknown Source)
at java.lang.Thread.run(Unknown Source)
]]>
            </full-stacktrace>
          </exception> <!-- java.lang.AssertionError -->
          <reporter-output>
          </reporter-output>
        </test-method> <!-- CreateCredentialsForProject -->
        <test-method status="FAIL" signature="CreateCredentialsForProject(java.lang.String, java.lang.String)[pri:1, instance:TestNG.CMAC@2344fc66]" name="CreateCredentialsForProject" duration-ms="1994" started-at="2018-10-04T14:44:01Z" data-provider="dp" finished-at="2018-10-04T14:44:03Z">
          <params>
            <param index="0">
              <value>
                <![CDATA[https://cmac-dev.app.wtcdev2.paas.fedex.com/cmac/v3/projects/]]>
              </value>
            </param>
            <param index="1">
              <value>
                <![CDATA[fdx_login=ssoxdev1.8409.4eea83d5]]>
              </value>
            </param>
          </params>
          <exception class="java.lang.AssertionError">
            <message>
              <![CDATA[
Expected: (a string containing "transactionId" and a string containing "output" and a string containing "projectid" and a string containing "creationtime" and a string containing "expirationdate")
     but: a string containing "output" was "{"transactionId":"c34ba8ae-dcb1-403b-bfa8-d2167b089d35","errors":[{"code":"SYSTEM.UNEXPECTED.ERROR","message":"GENERIC.ERROR"}]}"]]>
            </message>
            <full-stacktrace>
              <![CDATA[java.lang.AssertionError: 
Expected: (a string containing "transactionId" and a string containing "output" and a string containing "projectid" and a string containing "creationtime" and a string containing "expirationdate")
     but: a string containing "output" was "{"transactionId":"c34ba8ae-dcb1-403b-bfa8-d2167b089d35","errors":[{"code":"SYSTEM.UNEXPECTED.ERROR","message":"GENERIC.ERROR"}]}"
at org.hamcrest.MatcherAssert.assertThat(MatcherAssert.java:20)
at org.junit.Assert.assertThat(Assert.java:956)
at org.junit.Assert.assertThat(Assert.java:923)
at TestNG.CMAC.CreateCredentialsForProject(CMAC.java:402)
at sun.reflect.NativeMethodAccessorImpl.invoke0(Native Method)
at sun.reflect.NativeMethodAccessorImpl.invoke(Unknown Source)
at sun.reflect.DelegatingMethodAccessorImpl.invoke(Unknown Source)
at java.lang.reflect.Method.invoke(Unknown Source)
at org.testng.internal.MethodInvocationHelper.invokeMethod(MethodInvocationHelper.java:124)
at org.testng.internal.Invoker.invokeMethod(Invoker.java:580)
at org.testng.internal.Invoker.invokeTestMethod(Invoker.java:716)
at org.testng.internal.TestMethodWithDataProviderMethodWorker.call(TestMethodWithDataProviderMethodWorker.java:71)
at org.testng.internal.TestMethodWithDataProviderMethodWorker.call(TestMethodWithDataProviderMethodWorker.java:14)
at java.util.concurrent.FutureTask.run(Unknown Source)
at java.util.concurrent.Executors$RunnableAdapter.call(Unknown Source)
at java.util.concurrent.FutureTask.run(Unknown Source)
at java.util.concurrent.ThreadPoolExecutor.runWorker(Unknown Source)
at java.util.concurrent.ThreadPoolExecutor$Worker.run(Unknown Source)
at java.lang.Thread.run(Unknown Source)
]]>
            </full-stacktrace>
          </exception> <!-- java.lang.AssertionError -->
          <reporter-output>
          </reporter-output>
        </test-method> <!-- CreateCredentialsForProject -->
        <test-method status="PASS" signature="CreateCredentialsForProject(java.lang.String, java.lang.String)[pri:1, instance:TestNG.CMAC@2344fc66]" name="CreateCredentialsForProject" duration-ms="3551" started-at="2018-10-04T14:44:01Z" data-provider="dp" finished-at="2018-10-04T14:44:05Z">
          <params>
            <param index="0">
              <value>
                <![CDATA[https://cmac-dev.app.wtcdev2.paas.fedex.com/cmac/v3/projects/]]>
              </value>
            </param>
            <param index="1">
              <value>
                <![CDATA[fdx_login=ssoxdev1.d495.141328ac]]>
              </value>
            </param>
          </params>
          <reporter-output>
          </reporter-output>
        </test-method> <!-- CreateCredentialsForProject -->
        <test-method status="FAIL" signature="CreateCredentialsForProject(java.lang.String, java.lang.String)[pri:1, instance:TestNG.CMAC@2344fc66]" name="CreateCredentialsForProject" duration-ms="850" started-at="2018-10-04T14:44:01Z" data-provider="dp" finished-at="2018-10-04T14:44:02Z">
          <params>
            <param index="0">
              <value>
                <![CDATA[https://cmac-dev.app.wtcdev2.paas.fedex.com/cmac/v3/projects/]]>
              </value>
            </param>
            <param index="1">
              <value>
                <![CDATA[fdx_login=ssoxdev1.91c8.5b9e1292]]>
              </value>
            </param>
          </params>
          <exception class="java.lang.AssertionError">
            <message>
              <![CDATA[
Expected: (a string containing "transactionId" and a string containing "output" and a string containing "projectid" and a string containing "creationtime" and a string containing "expirationdate")
     but: a string containing "output" was "{"transactionId":"b6212a18-7169-40df-bb83-a26c1850d359","errors":[{"code":"SYSTEM.UNEXPECTED.ERROR","message":"GENERIC.ERROR"}]}"]]>
            </message>
            <full-stacktrace>
              <![CDATA[java.lang.AssertionError: 
Expected: (a string containing "transactionId" and a string containing "output" and a string containing "projectid" and a string containing "creationtime" and a string containing "expirationdate")
     but: a string containing "output" was "{"transactionId":"b6212a18-7169-40df-bb83-a26c1850d359","errors":[{"code":"SYSTEM.UNEXPECTED.ERROR","message":"GENERIC.ERROR"}]}"
at org.hamcrest.MatcherAssert.assertThat(MatcherAssert.java:20)
at org.junit.Assert.assertThat(Assert.java:956)
at org.junit.Assert.assertThat(Assert.java:923)
at TestNG.CMAC.CreateCredentialsForProject(CMAC.java:402)
at sun.reflect.NativeMethodAccessorImpl.invoke0(Native Method)
at sun.reflect.NativeMethodAccessorImpl.invoke(Unknown Source)
at sun.reflect.DelegatingMethodAccessorImpl.invoke(Unknown Source)
at java.lang.reflect.Method.invoke(Unknown Source)
at org.testng.internal.MethodInvocationHelper.invokeMethod(MethodInvocationHelper.java:124)
at org.testng.internal.Invoker.invokeMethod(Invoker.java:580)
at org.testng.internal.Invoker.invokeTestMethod(Invoker.java:716)
at org.testng.internal.TestMethodWithDataProviderMethodWorker.call(TestMethodWithDataProviderMethodWorker.java:71)
at org.testng.internal.TestMethodWithDataProviderMethodWorker.call(TestMethodWithDataProviderMethodWorker.java:14)
at java.util.concurrent.FutureTask.run(Unknown Source)
at java.util.concurrent.Executors$RunnableAdapter.call(Unknown Source)
at java.util.concurrent.FutureTask.run(Unknown Source)
at java.util.concurrent.ThreadPoolExecutor.runWorker(Unknown Source)
at java.util.concurrent.ThreadPoolExecutor$Worker.run(Unknown Source)
at java.lang.Thread.run(Unknown Source)
]]>
            </full-stacktrace>
          </exception> <!-- java.lang.AssertionError -->
          <reporter-output>
          </reporter-output>
        </test-method> <!-- CreateCredentialsForProject -->
        <test-method status="FAIL" signature="CreateCredentialsForProject(java.lang.String, java.lang.String)[pri:1, instance:TestNG.CMAC@2344fc66]" name="CreateCredentialsForProject" duration-ms="2299" started-at="2018-10-04T14:44:01Z" data-provider="dp" finished-at="2018-10-04T14:44:04Z">
          <params>
            <param index="0">
              <value>
                <![CDATA[https://cmac-dev.app.wtcdev2.paas.fedex.com/cmac/v3/projects/]]>
              </value>
            </param>
            <param index="1">
              <value>
                <![CDATA[fdx_login=ssoxdev1.9aab.78b29a35]]>
              </value>
            </param>
          </params>
          <exception class="java.lang.AssertionError">
            <message>
              <![CDATA[
Expected: (a string containing "transactionId" and a string containing "output" and a string containing "projectid" and a string containing "creationtime" and a string containing "expirationdate")
     but: a string containing "output" was "{"transactionId":"3de07376-b157-4c9b-873f-24d95ef36b03","errors":[{"code":"SYSTEM.UNEXPECTED.ERROR","message":"GENERIC.ERROR"}]}"]]>
            </message>
            <full-stacktrace>
              <![CDATA[java.lang.AssertionError: 
Expected: (a string containing "transactionId" and a string containing "output" and a string containing "projectid" and a string containing "creationtime" and a string containing "expirationdate")
     but: a string containing "output" was "{"transactionId":"3de07376-b157-4c9b-873f-24d95ef36b03","errors":[{"code":"SYSTEM.UNEXPECTED.ERROR","message":"GENERIC.ERROR"}]}"
at org.hamcrest.MatcherAssert.assertThat(MatcherAssert.java:20)
at org.junit.Assert.assertThat(Assert.java:956)
at org.junit.Assert.assertThat(Assert.java:923)
at TestNG.CMAC.CreateCredentialsForProject(CMAC.java:402)
at sun.reflect.NativeMethodAccessorImpl.invoke0(Native Method)
at sun.reflect.NativeMethodAccessorImpl.invoke(Unknown Source)
at sun.reflect.DelegatingMethodAccessorImpl.invoke(Unknown Source)
at java.lang.reflect.Method.invoke(Unknown Source)
at org.testng.internal.MethodInvocationHelper.invokeMethod(MethodInvocationHelper.java:124)
at org.testng.internal.Invoker.invokeMethod(Invoker.java:580)
at org.testng.internal.Invoker.invokeTestMethod(Invoker.java:716)
at org.testng.internal.TestMethodWithDataProviderMethodWorker.call(TestMethodWithDataProviderMethodWorker.java:71)
at org.testng.internal.TestMethodWithDataProviderMethodWorker.call(TestMethodWithDataProviderMethodWorker.java:14)
at java.util.concurrent.FutureTask.run(Unknown Source)
at java.util.concurrent.Executors$RunnableAdapter.call(Unknown Source)
at java.util.concurrent.FutureTask.run(Unknown Source)
at java.util.concurrent.ThreadPoolExecutor.runWorker(Unknown Source)
at java.util.concurrent.ThreadPoolExecutor$Worker.run(Unknown Source)
at java.lang.Thread.run(Unknown Source)
]]>
            </full-stacktrace>
          </exception> <!-- java.lang.AssertionError -->
          <reporter-output>
          </reporter-output>
        </test-method> <!-- CreateCredentialsForProject -->
        <test-method status="FAIL" signature="CreateCredentialsForProject(java.lang.String, java.lang.String)[pri:1, instance:TestNG.CMAC@2344fc66]" name="CreateCredentialsForProject" duration-ms="1413" started-at="2018-10-04T14:44:01Z" data-provider="dp" finished-at="2018-10-04T14:44:03Z">
          <params>
            <param index="0">
              <value>
                <![CDATA[https://cmac-dev.app.wtcdev2.paas.fedex.com/cmac/v3/projects/]]>
              </value>
            </param>
            <param index="1">
              <value>
                <![CDATA[fdx_login=ssoxdev1.c984.49b35863]]>
              </value>
            </param>
          </params>
          <exception class="java.lang.AssertionError">
            <message>
              <![CDATA[
Expected: (a string containing "transactionId" and a string containing "output" and a string containing "projectid" and a string containing "creationtime" and a string containing "expirationdate")
     but: a string containing "output" was "{"transactionId":"9fa78996-92f9-4562-81d1-366ce6f5b6e3","errors":[{"code":"SYSTEM.UNEXPECTED.ERROR","message":"GENERIC.ERROR"}]}"]]>
            </message>
            <full-stacktrace>
              <![CDATA[java.lang.AssertionError: 
Expected: (a string containing "transactionId" and a string containing "output" and a string containing "projectid" and a string containing "creationtime" and a string containing "expirationdate")
     but: a string containing "output" was "{"transactionId":"9fa78996-92f9-4562-81d1-366ce6f5b6e3","errors":[{"code":"SYSTEM.UNEXPECTED.ERROR","message":"GENERIC.ERROR"}]}"
at org.hamcrest.MatcherAssert.assertThat(MatcherAssert.java:20)
at org.junit.Assert.assertThat(Assert.java:956)
at org.junit.Assert.assertThat(Assert.java:923)
at TestNG.CMAC.CreateCredentialsForProject(CMAC.java:402)
at sun.reflect.NativeMethodAccessorImpl.invoke0(Native Method)
at sun.reflect.NativeMethodAccessorImpl.invoke(Unknown Source)
at sun.reflect.DelegatingMethodAccessorImpl.invoke(Unknown Source)
at java.lang.reflect.Method.invoke(Unknown Source)
at org.testng.internal.MethodInvocationHelper.invokeMethod(MethodInvocationHelper.java:124)
at org.testng.internal.Invoker.invokeMethod(Invoker.java:580)
at org.testng.internal.Invoker.invokeTestMethod(Invoker.java:716)
at org.testng.internal.TestMethodWithDataProviderMethodWorker.call(TestMethodWithDataProviderMethodWorker.java:71)
at org.testng.internal.TestMethodWithDataProviderMethodWorker.call(TestMethodWithDataProviderMethodWorker.java:14)
at java.util.concurrent.FutureTask.run(Unknown Source)
at java.util.concurrent.Executors$RunnableAdapter.call(Unknown Source)
at java.util.concurrent.FutureTask.run(Unknown Source)
at java.util.concurrent.ThreadPoolExecutor.runWorker(Unknown Source)
at java.util.concurrent.ThreadPoolExecutor$Worker.run(Unknown Source)
at java.lang.Thread.run(Unknown Source)
]]>
            </full-stacktrace>
          </exception> <!-- java.lang.AssertionError -->
          <reporter-output>
          </reporter-output>
        </test-method> <!-- CreateCredentialsForProject -->
        <test-method status="FAIL" signature="CreateCredentialsForProject(java.lang.String, java.lang.String)[pri:1, instance:TestNG.CMAC@2344fc66]" name="CreateCredentialsForProject" duration-ms="1703" started-at="2018-10-04T14:44:01Z" data-provider="dp" finished-at="2018-10-04T14:44:03Z">
          <params>
            <param index="0">
              <value>
                <![CDATA[https://cmac-dev.app.wtcdev2.paas.fedex.com/cmac/v3/projects/]]>
              </value>
            </param>
            <param index="1">
              <value>
                <![CDATA[fdx_login=ssoxdev1.e10d.22868f76]]>
              </value>
            </param>
          </params>
          <exception class="java.lang.AssertionError">
            <message>
              <![CDATA[
Expected: (a string containing "transactionId" and a string containing "output" and a string containing "projectid" and a string containing "creationtime" and a string containing "expirationdate")
     but: a string containing "output" was "{"transactionId":"010ff2a0-8346-45fc-9681-d3d271de268c","errors":[{"code":"SYSTEM.UNEXPECTED.ERROR","message":"GENERIC.ERROR"}]}"]]>
            </message>
            <full-stacktrace>
              <![CDATA[java.lang.AssertionError: 
Expected: (a string containing "transactionId" and a string containing "output" and a string containing "projectid" and a string containing "creationtime" and a string containing "expirationdate")
     but: a string containing "output" was "{"transactionId":"010ff2a0-8346-45fc-9681-d3d271de268c","errors":[{"code":"SYSTEM.UNEXPECTED.ERROR","message":"GENERIC.ERROR"}]}"
at org.hamcrest.MatcherAssert.assertThat(MatcherAssert.java:20)
at org.junit.Assert.assertThat(Assert.java:956)
at org.junit.Assert.assertThat(Assert.java:923)
at TestNG.CMAC.CreateCredentialsForProject(CMAC.java:402)
at sun.reflect.NativeMethodAccessorImpl.invoke0(Native Method)
at sun.reflect.NativeMethodAccessorImpl.invoke(Unknown Source)
at sun.reflect.DelegatingMethodAccessorImpl.invoke(Unknown Source)
at java.lang.reflect.Method.invoke(Unknown Source)
at org.testng.internal.MethodInvocationHelper.invokeMethod(MethodInvocationHelper.java:124)
at org.testng.internal.Invoker.invokeMethod(Invoker.java:580)
at org.testng.internal.Invoker.invokeTestMethod(Invoker.java:716)
at org.testng.internal.TestMethodWithDataProviderMethodWorker.call(TestMethodWithDataProviderMethodWorker.java:71)
at org.testng.internal.TestMethodWithDataProviderMethodWorker.call(TestMethodWithDataProviderMethodWorker.java:14)
at java.util.concurrent.FutureTask.run(Unknown Source)
at java.util.concurrent.Executors$RunnableAdapter.call(Unknown Source)
at java.util.concurrent.FutureTask.run(Unknown Source)
at java.util.concurrent.ThreadPoolExecutor.runWorker(Unknown Source)
at java.util.concurrent.ThreadPoolExecutor$Worker.run(Unknown Source)
at java.lang.Thread.run(Unknown Source)
]]>
            </full-stacktrace>
          </exception> <!-- java.lang.AssertionError -->
          <reporter-output>
          </reporter-output>
        </test-method> <!-- CreateCredentialsForProject -->
        <test-method status="PASS" signature="afterMethod(org.testng.ITestResult)[pri:0, instance:TestNG.CMAC@2344fc66]" name="afterMethod" is-config="true" duration-ms="0" started-at="2018-10-04T14:44:02Z" finished-at="2018-10-04T14:44:02Z">
          <params>
            <param index="0">
              <value>
                <![CDATA[[TestResult name=CreateCredentialsForProject status=FAILURE method=CMAC.CreateCredentialsForProject(java.lang.String, java.lang.String)[pri:1, instance:TestNG.CMAC@2344fc66] output={null}]]]>
              </value>
            </param>
          </params>
          <reporter-output>
          </reporter-output>
        </test-method> <!-- afterMethod -->
        <test-method status="PASS" signature="afterMethod(org.testng.ITestResult)[pri:0, instance:TestNG.CMAC@2344fc66]" name="afterMethod" is-config="true" duration-ms="0" started-at="2018-10-04T14:44:03Z" finished-at="2018-10-04T14:44:03Z">
          <params>
            <param index="0">
              <value>
                <![CDATA[[TestResult name=CreateCredentialsForProject status=FAILURE method=CMAC.CreateCredentialsForProject(java.lang.String, java.lang.String)[pri:1, instance:TestNG.CMAC@2344fc66] output={null}]]]>
              </value>
            </param>
          </params>
          <reporter-output>
          </reporter-output>
        </test-method> <!-- afterMethod -->
        <test-method status="PASS" signature="afterMethod(org.testng.ITestResult)[pri:0, instance:TestNG.CMAC@2344fc66]" name="afterMethod" is-config="true" duration-ms="0" started-at="2018-10-04T14:44:03Z" finished-at="2018-10-04T14:44:03Z">
          <params>
            <param index="0">
              <value>
                <![CDATA[[TestResult name=CreateCredentialsForProject status=FAILURE method=CMAC.CreateCredentialsForProject(java.lang.String, java.lang.String)[pri:1, instance:TestNG.CMAC@2344fc66] output={null}]]]>
              </value>
            </param>
          </params>
          <reporter-output>
          </reporter-output>
        </test-method> <!-- afterMethod -->
        <test-method status="PASS" signature="afterMethod(org.testng.ITestResult)[pri:0, instance:TestNG.CMAC@2344fc66]" name="afterMethod" is-config="true" duration-ms="0" started-at="2018-10-04T14:44:03Z" finished-at="2018-10-04T14:44:03Z">
          <params>
            <param index="0">
              <value>
                <![CDATA[[TestResult name=CreateCredentialsForProject status=FAILURE method=CMAC.CreateCredentialsForProject(java.lang.String, java.lang.String)[pri:1, instance:TestNG.CMAC@2344fc66] output={null}]]]>
              </value>
            </param>
          </params>
          <reporter-output>
          </reporter-output>
        </test-method> <!-- afterMethod -->
        <test-method status="PASS" signature="afterMethod(org.testng.ITestResult)[pri:0, instance:TestNG.CMAC@2344fc66]" name="afterMethod" is-config="true" duration-ms="0" started-at="2018-10-04T14:44:03Z" finished-at="2018-10-04T14:44:03Z">
          <params>
            <param index="0">
              <value>
                <![CDATA[[TestResult name=CreateCredentialsForProject status=FAILURE method=CMAC.CreateCredentialsForProject(java.lang.String, java.lang.String)[pri:1, instance:TestNG.CMAC@2344fc66] output={null}]]]>
              </value>
            </param>
          </params>
          <reporter-output>
          </reporter-output>
        </test-method> <!-- afterMethod -->
        <test-method status="PASS" signature="afterMethod(org.testng.ITestResult)[pri:0, instance:TestNG.CMAC@2344fc66]" name="afterMethod" is-config="true" duration-ms="0" started-at="2018-10-04T14:44:04Z" finished-at="2018-10-04T14:44:04Z">
          <params>
            <param index="0">
              <value>
                <![CDATA[[TestResult name=CreateCredentialsForProject status=FAILURE method=CMAC.CreateCredentialsForProject(java.lang.String, java.lang.String)[pri:1, instance:TestNG.CMAC@2344fc66] output={null}]]]>
              </value>
            </param>
          </params>
          <reporter-output>
          </reporter-output>
        </test-method> <!-- afterMethod -->
        <test-method status="PASS" signature="afterMethod(org.testng.ITestResult)[pri:0, instance:TestNG.CMAC@2344fc66]" name="afterMethod" is-config="true" duration-ms="0" started-at="2018-10-04T14:44:05Z" finished-at="2018-10-04T14:44:05Z">
          <params>
            <param index="0">
              <value>
                <![CDATA[[TestResult name=CreateCredentialsForProject status=SUCCESS method=CMAC.CreateCredentialsForProject(java.lang.String, java.lang.String)[pri:1, instance:TestNG.CMAC@2344fc66] output={null}]]]>
              </value>
            </param>
          </params>
          <reporter-output>
          </reporter-output>
        </test-method> <!-- afterMethod -->
        <test-method status="PASS" signature="afterMethod(org.testng.ITestResult)[pri:0, instance:TestNG.CMAC@2344fc66]" name="afterMethod" is-config="true" duration-ms="0" started-at="2018-10-04T14:44:05Z" finished-at="2018-10-04T14:44:05Z">
          <params>
            <param index="0">
              <value>
                <![CDATA[[TestResult name=CreateCredentialsForProject status=FAILURE method=CMAC.CreateCredentialsForProject(java.lang.String, java.lang.String)[pri:1, instance:TestNG.CMAC@2344fc66] output={null}]]]>
              </value>
            </param>
          </params>
          <reporter-output>
          </reporter-output>
        </test-method> <!-- afterMethod -->
        <test-method status="FAIL" signature="CreateProject(java.lang.String, java.lang.String, java.lang.String, [Ljava.lang.String;)[pri:1, instance:TestNG.CMAC@2344fc66]" name="CreateProject" duration-ms="692" started-at="2018-10-04T14:44:05Z" data-provider="dp" finished-at="2018-10-04T14:44:06Z">
          <params>
            <param index="0">
              <value>
                <![CDATA[https://cmac-dev.app.wtcdev2.paas.fedex.com/cmac/v3/projects]]>
              </value>
            </param>
            <param index="1">
              <value>
                <![CDATA[fdx_login=ssoxdev1.8d9f.29298c12]]>
              </value>
            </param>
            <param index="2">
              <value>
                <![CDATA[Proj_DEL1 100418T094405]]>
              </value>
            </param>
            <param index="3">
              <value>
                <![CDATA[[Ljava.lang.String;@1cd37328]]>
              </value>
            </param>
          </params>
          <exception class="java.lang.AssertionError">
            <message>
              <![CDATA[
Expected: a string containing "pid"
     but: was "{"transactionId":"244667a9-a8f9-4fe4-a56b-047d503a34e1","errors":[{"code":"SYSTEM.UNEXPECTED.ERROR","message":"GENERIC.ERROR"}]}"]]>
            </message>
            <full-stacktrace>
              <![CDATA[java.lang.AssertionError: 
Expected: a string containing "pid"
     but: was "{"transactionId":"244667a9-a8f9-4fe4-a56b-047d503a34e1","errors":[{"code":"SYSTEM.UNEXPECTED.ERROR","message":"GENERIC.ERROR"}]}"
at org.hamcrest.MatcherAssert.assertThat(MatcherAssert.java:20)
at org.junit.Assert.assertThat(Assert.java:956)
at org.junit.Assert.assertThat(Assert.java:923)
at TestNG.CMAC.CreateProject(CMAC.java:206)
at sun.reflect.NativeMethodAccessorImpl.invoke0(Native Method)
at sun.reflect.NativeMethodAccessorImpl.invoke(Unknown Source)
at sun.reflect.DelegatingMethodAccessorImpl.invoke(Unknown Source)
at java.lang.reflect.Method.invoke(Unknown Source)
at org.testng.internal.MethodInvocationHelper.invokeMethod(MethodInvocationHelper.java:124)
at org.testng.internal.Invoker.invokeMethod(Invoker.java:580)
at org.testng.internal.Invoker.invokeTestMethod(Invoker.java:716)
at org.testng.internal.TestMethodWithDataProviderMethodWorker.call(TestMethodWithDataProviderMethodWorker.java:71)
at org.testng.internal.TestMethodWithDataProviderMethodWorker.call(TestMethodWithDataProviderMethodWorker.java:14)
at java.util.concurrent.FutureTask.run(Unknown Source)
at java.util.concurrent.Executors$RunnableAdapter.call(Unknown Source)
at java.util.concurrent.FutureTask.run(Unknown Source)
at java.util.concurrent.ThreadPoolExecutor.runWorker(Unknown Source)
at java.util.concurrent.ThreadPoolExecutor$Worker.run(Unknown Source)
at java.lang.Thread.run(Unknown Source)
]]>
            </full-stacktrace>
          </exception> <!-- java.lang.AssertionError -->
          <reporter-output>
          </reporter-output>
        </test-method> <!-- CreateProject -->
        <test-method status="FAIL" signature="CreateProject(java.lang.String, java.lang.String, java.lang.String, [Ljava.lang.String;)[pri:1, instance:TestNG.CMAC@2344fc66]" name="CreateProject" duration-ms="1898" started-at="2018-10-04T14:44:05Z" data-provider="dp" finished-at="2018-10-04T14:44:07Z">
          <params>
            <param index="0">
              <value>
                <![CDATA[https://cmac-dev.app.wtcdev2.paas.fedex.com/cmac/v3/projects]]>
              </value>
            </param>
            <param index="1">
              <value>
                <![CDATA[fdx_login=ssoxdev1.e10d.22868f76]]>
              </value>
            </param>
            <param index="2">
              <value>
                <![CDATA[Proj_DEL6 100418T094405]]>
              </value>
            </param>
            <param index="3">
              <value>
                <![CDATA[[Ljava.lang.String;@1224a58a]]>
              </value>
            </param>
          </params>
          <exception class="java.lang.AssertionError">
            <message>
              <![CDATA[
Expected: a string containing "pid"
     but: was "{"transactionId":"9c848af7-caf9-42a8-91d2-790f05b4caeb","errors":[{"code":"SYSTEM.UNEXPECTED.ERROR","message":"GENERIC.ERROR"}]}"]]>
            </message>
            <full-stacktrace>
              <![CDATA[java.lang.AssertionError: 
Expected: a string containing "pid"
     but: was "{"transactionId":"9c848af7-caf9-42a8-91d2-790f05b4caeb","errors":[{"code":"SYSTEM.UNEXPECTED.ERROR","message":"GENERIC.ERROR"}]}"
at org.hamcrest.MatcherAssert.assertThat(MatcherAssert.java:20)
at org.junit.Assert.assertThat(Assert.java:956)
at org.junit.Assert.assertThat(Assert.java:923)
at TestNG.CMAC.CreateProject(CMAC.java:206)
at sun.reflect.NativeMethodAccessorImpl.invoke0(Native Method)
at sun.reflect.NativeMethodAccessorImpl.invoke(Unknown Source)
at sun.reflect.DelegatingMethodAccessorImpl.invoke(Unknown Source)
at java.lang.reflect.Method.invoke(Unknown Source)
at org.testng.internal.MethodInvocationHelper.invokeMethod(MethodInvocationHelper.java:124)
at org.testng.internal.Invoker.invokeMethod(Invoker.java:580)
at org.testng.internal.Invoker.invokeTestMethod(Invoker.java:716)
at org.testng.internal.TestMethodWithDataProviderMethodWorker.call(TestMethodWithDataProviderMethodWorker.java:71)
at org.testng.internal.TestMethodWithDataProviderMethodWorker.call(TestMethodWithDataProviderMethodWorker.java:14)
at java.util.concurrent.FutureTask.run(Unknown Source)
at java.util.concurrent.Executors$RunnableAdapter.call(Unknown Source)
at java.util.concurrent.FutureTask.run(Unknown Source)
at java.util.concurrent.ThreadPoolExecutor.runWorker(Unknown Source)
at java.util.concurrent.ThreadPoolExecutor$Worker.run(Unknown Source)
at java.lang.Thread.run(Unknown Source)
]]>
            </full-stacktrace>
          </exception> <!-- java.lang.AssertionError -->
          <reporter-output>
          </reporter-output>
        </test-method> <!-- CreateProject -->
        <test-method status="FAIL" signature="CreateProject(java.lang.String, java.lang.String, java.lang.String, [Ljava.lang.String;)[pri:1, instance:TestNG.CMAC@2344fc66]" name="CreateProject" duration-ms="1284" started-at="2018-10-04T14:44:05Z" data-provider="dp" finished-at="2018-10-04T14:44:07Z">
          <params>
            <param index="0">
              <value>
                <![CDATA[https://cmac-dev.app.wtcdev2.paas.fedex.com/cmac/v3/projects]]>
              </value>
            </param>
            <param index="1">
              <value>
                <![CDATA[fdx_login=ssoxdev1.9aab.78b29a35]]>
              </value>
            </param>
            <param index="2">
              <value>
                <![CDATA[Proj_DEL2 100418T094405]]>
              </value>
            </param>
            <param index="3">
              <value>
                <![CDATA[[Ljava.lang.String;@34bccdde]]>
              </value>
            </param>
          </params>
          <exception class="java.lang.AssertionError">
            <message>
              <![CDATA[
Expected: a string containing "pid"
     but: was "{"transactionId":"e69856fb-fee1-4705-8d90-6fb05618fab5","errors":[{"code":"SYSTEM.UNEXPECTED.ERROR","message":"GENERIC.ERROR"}]}"]]>
            </message>
            <full-stacktrace>
              <![CDATA[java.lang.AssertionError: 
Expected: a string containing "pid"
     but: was "{"transactionId":"e69856fb-fee1-4705-8d90-6fb05618fab5","errors":[{"code":"SYSTEM.UNEXPECTED.ERROR","message":"GENERIC.ERROR"}]}"
at org.hamcrest.MatcherAssert.assertThat(MatcherAssert.java:20)
at org.junit.Assert.assertThat(Assert.java:956)
at org.junit.Assert.assertThat(Assert.java:923)
at TestNG.CMAC.CreateProject(CMAC.java:206)
at sun.reflect.NativeMethodAccessorImpl.invoke0(Native Method)
at sun.reflect.NativeMethodAccessorImpl.invoke(Unknown Source)
at sun.reflect.DelegatingMethodAccessorImpl.invoke(Unknown Source)
at java.lang.reflect.Method.invoke(Unknown Source)
at org.testng.internal.MethodInvocationHelper.invokeMethod(MethodInvocationHelper.java:124)
at org.testng.internal.Invoker.invokeMethod(Invoker.java:580)
at org.testng.internal.Invoker.invokeTestMethod(Invoker.java:716)
at org.testng.internal.TestMethodWithDataProviderMethodWorker.call(TestMethodWithDataProviderMethodWorker.java:71)
at org.testng.internal.TestMethodWithDataProviderMethodWorker.call(TestMethodWithDataProviderMethodWorker.java:14)
at java.util.concurrent.FutureTask.run(Unknown Source)
at java.util.concurrent.Executors$RunnableAdapter.call(Unknown Source)
at java.util.concurrent.FutureTask.run(Unknown Source)
at java.util.concurrent.ThreadPoolExecutor.runWorker(Unknown Source)
at java.util.concurrent.ThreadPoolExecutor$Worker.run(Unknown Source)
at java.lang.Thread.run(Unknown Source)
]]>
            </full-stacktrace>
          </exception> <!-- java.lang.AssertionError -->
          <reporter-output>
          </reporter-output>
        </test-method> <!-- CreateProject -->
        <test-method status="FAIL" signature="CreateProject(java.lang.String, java.lang.String, java.lang.String, [Ljava.lang.String;)[pri:1, instance:TestNG.CMAC@2344fc66]" name="CreateProject" duration-ms="5700" started-at="2018-10-04T14:44:05Z" data-provider="dp" finished-at="2018-10-04T14:44:11Z">
          <params>
            <param index="0">
              <value>
                <![CDATA[https://cmac-dev.app.wtcdev2.paas.fedex.com/cmac/v3/projects]]>
              </value>
            </param>
            <param index="1">
              <value>
                <![CDATA[fdx_login=ssoxdev1.d495.141328ac]]>
              </value>
            </param>
            <param index="2">
              <value>
                <![CDATA[Proj_DEL8 100418T094405]]>
              </value>
            </param>
            <param index="3">
              <value>
                <![CDATA[[Ljava.lang.String;@47206646]]>
              </value>
            </param>
          </params>
          <exception class="java.lang.AssertionError">
            <message>
              <![CDATA[
Expected: a string containing "cid"
     but: was "{"transactionId":"8f3eab3f-6fb8-49f0-9d3d-e169df21c841","output":{"pid":10371,"projectname":"Proj_DEL8 100418T094405","accountnumber":"784795640","creationtime":"2018.10.02.15.47.06","expirationdate":"2018.11.02.15.47.06","resources":["Track Service 0","Track Service 1","Track Service 2","Track Service 3","Track Service 4","Track Service 5","Track Service 6","Track Service 7"],"key":"54IB8WJH9A"}}"]]>
            </message>
            <full-stacktrace>
              <![CDATA[java.lang.AssertionError: 
Expected: a string containing "cid"
     but: was "{"transactionId":"8f3eab3f-6fb8-49f0-9d3d-e169df21c841","output":{"pid":10371,"projectname":"Proj_DEL8 100418T094405","accountnumber":"784795640","creationtime":"2018.10.02.15.47.06","expirationdate":"2018.11.02.15.47.06","resources":["Track Service 0","Track Service 1","Track Service 2","Track Service 3","Track Service 4","Track Service 5","Track Service 6","Track Service 7"],"key":"54IB8WJH9A"}}"
at org.hamcrest.MatcherAssert.assertThat(MatcherAssert.java:20)
at org.junit.Assert.assertThat(Assert.java:956)
at org.junit.Assert.assertThat(Assert.java:923)
at TestNG.CMAC.CreateProject(CMAC.java:206)
at sun.reflect.NativeMethodAccessorImpl.invoke0(Native Method)
at sun.reflect.NativeMethodAccessorImpl.invoke(Unknown Source)
at sun.reflect.DelegatingMethodAccessorImpl.invoke(Unknown Source)
at java.lang.reflect.Method.invoke(Unknown Source)
at org.testng.internal.MethodInvocationHelper.invokeMethod(MethodInvocationHelper.java:124)
at org.testng.internal.Invoker.invokeMethod(Invoker.java:580)
at org.testng.internal.Invoker.invokeTestMethod(Invoker.java:716)
at org.testng.internal.TestMethodWithDataProviderMethodWorker.call(TestMethodWithDataProviderMethodWorker.java:71)
at org.testng.internal.TestMethodWithDataProviderMethodWorker.call(TestMethodWithDataProviderMethodWorker.java:14)
at java.util.concurrent.FutureTask.run(Unknown Source)
at java.util.concurrent.Executors$RunnableAdapter.call(Unknown Source)
at java.util.concurrent.FutureTask.run(Unknown Source)
at java.util.concurrent.ThreadPoolExecutor.runWorker(Unknown Source)
at java.util.concurrent.ThreadPoolExecutor$Worker.run(Unknown Source)
at java.lang.Thread.run(Unknown Source)
]]>
            </full-stacktrace>
          </exception> <!-- java.lang.AssertionError -->
          <reporter-output>
          </reporter-output>
        </test-method> <!-- CreateProject -->
        <test-method status="FAIL" signature="CreateProject(java.lang.String, java.lang.String, java.lang.String, [Ljava.lang.String;)[pri:1, instance:TestNG.CMAC@2344fc66]" name="CreateProject" duration-ms="4154" started-at="2018-10-04T14:44:05Z" data-provider="dp" finished-at="2018-10-04T14:44:09Z">
          <params>
            <param index="0">
              <value>
                <![CDATA[https://cmac-dev.app.wtcdev2.paas.fedex.com/cmac/v3/projects]]>
              </value>
            </param>
            <param index="1">
              <value>
                <![CDATA[fdx_login=ssoxdev1.91c8.5b9e1292]]>
              </value>
            </param>
            <param index="2">
              <value>
                <![CDATA[Proj_DEL7 100418T094405]]>
              </value>
            </param>
            <param index="3">
              <value>
                <![CDATA[[Ljava.lang.String;@71a83033]]>
              </value>
            </param>
          </params>
          <exception class="java.lang.AssertionError">
            <message>
              <![CDATA[
Expected: a string containing "pid"
     but: was "{"transactionId":"02ea7344-b1fe-4422-96f0-47370c062b61","errors":[{"code":"SYSTEM.UNEXPECTED.ERROR","message":"GENERIC.ERROR"}]}"]]>
            </message>
            <full-stacktrace>
              <![CDATA[java.lang.AssertionError: 
Expected: a string containing "pid"
     but: was "{"transactionId":"02ea7344-b1fe-4422-96f0-47370c062b61","errors":[{"code":"SYSTEM.UNEXPECTED.ERROR","message":"GENERIC.ERROR"}]}"
at org.hamcrest.MatcherAssert.assertThat(MatcherAssert.java:20)
at org.junit.Assert.assertThat(Assert.java:956)
at org.junit.Assert.assertThat(Assert.java:923)
at TestNG.CMAC.CreateProject(CMAC.java:206)
at sun.reflect.NativeMethodAccessorImpl.invoke0(Native Method)
at sun.reflect.NativeMethodAccessorImpl.invoke(Unknown Source)
at sun.reflect.DelegatingMethodAccessorImpl.invoke(Unknown Source)
at java.lang.reflect.Method.invoke(Unknown Source)
at org.testng.internal.MethodInvocationHelper.invokeMethod(MethodInvocationHelper.java:124)
at org.testng.internal.Invoker.invokeMethod(Invoker.java:580)
at org.testng.internal.Invoker.invokeTestMethod(Invoker.java:716)
at org.testng.internal.TestMethodWithDataProviderMethodWorker.call(TestMethodWithDataProviderMethodWorker.java:71)
at org.testng.internal.TestMethodWithDataProviderMethodWorker.call(TestMethodWithDataProviderMethodWorker.java:14)
at java.util.concurrent.FutureTask.run(Unknown Source)
at java.util.concurrent.Executors$RunnableAdapter.call(Unknown Source)
at java.util.concurrent.FutureTask.run(Unknown Source)
at java.util.concurrent.ThreadPoolExecutor.runWorker(Unknown Source)
at java.util.concurrent.ThreadPoolExecutor$Worker.run(Unknown Source)
at java.lang.Thread.run(Unknown Source)
]]>
            </full-stacktrace>
          </exception> <!-- java.lang.AssertionError -->
          <reporter-output>
          </reporter-output>
        </test-method> <!-- CreateProject -->
        <test-method status="FAIL" signature="CreateProject(java.lang.String, java.lang.String, java.lang.String, [Ljava.lang.String;)[pri:1, instance:TestNG.CMAC@2344fc66]" name="CreateProject" duration-ms="2518" started-at="2018-10-04T14:44:05Z" data-provider="dp" finished-at="2018-10-04T14:44:08Z">
          <params>
            <param index="0">
              <value>
                <![CDATA[https://cmac-dev.app.wtcdev2.paas.fedex.com/cmac/v3/projects]]>
              </value>
            </param>
            <param index="1">
              <value>
                <![CDATA[fdx_login=ssoxdev1.c984.49b35863]]>
              </value>
            </param>
            <param index="2">
              <value>
                <![CDATA[Proj_DEL4 100418T094405]]>
              </value>
            </param>
            <param index="3">
              <value>
                <![CDATA[[Ljava.lang.String;@7638d19f]]>
              </value>
            </param>
          </params>
          <exception class="java.lang.AssertionError">
            <message>
              <![CDATA[
Expected: a string containing "pid"
     but: was "{"transactionId":"fd09b7f9-9fbe-4787-beab-70de0a70b8bc","errors":[{"code":"SYSTEM.UNEXPECTED.ERROR","message":"GENERIC.ERROR"}]}"]]>
            </message>
            <full-stacktrace>
              <![CDATA[java.lang.AssertionError: 
Expected: a string containing "pid"
     but: was "{"transactionId":"fd09b7f9-9fbe-4787-beab-70de0a70b8bc","errors":[{"code":"SYSTEM.UNEXPECTED.ERROR","message":"GENERIC.ERROR"}]}"
at org.hamcrest.MatcherAssert.assertThat(MatcherAssert.java:20)
at org.junit.Assert.assertThat(Assert.java:956)
at org.junit.Assert.assertThat(Assert.java:923)
at TestNG.CMAC.CreateProject(CMAC.java:206)
at sun.reflect.NativeMethodAccessorImpl.invoke0(Native Method)
at sun.reflect.NativeMethodAccessorImpl.invoke(Unknown Source)
at sun.reflect.DelegatingMethodAccessorImpl.invoke(Unknown Source)
at java.lang.reflect.Method.invoke(Unknown Source)
at org.testng.internal.MethodInvocationHelper.invokeMethod(MethodInvocationHelper.java:124)
at org.testng.internal.Invoker.invokeMethod(Invoker.java:580)
at org.testng.internal.Invoker.invokeTestMethod(Invoker.java:716)
at org.testng.internal.TestMethodWithDataProviderMethodWorker.call(TestMethodWithDataProviderMethodWorker.java:71)
at org.testng.internal.TestMethodWithDataProviderMethodWorker.call(TestMethodWithDataProviderMethodWorker.java:14)
at java.util.concurrent.FutureTask.run(Unknown Source)
at java.util.concurrent.Executors$RunnableAdapter.call(Unknown Source)
at java.util.concurrent.FutureTask.run(Unknown Source)
at java.util.concurrent.ThreadPoolExecutor.runWorker(Unknown Source)
at java.util.concurrent.ThreadPoolExecutor$Worker.run(Unknown Source)
at java.lang.Thread.run(Unknown Source)
]]>
            </full-stacktrace>
          </exception> <!-- java.lang.AssertionError -->
          <reporter-output>
          </reporter-output>
        </test-method> <!-- CreateProject -->
        <test-method status="FAIL" signature="CreateProject(java.lang.String, java.lang.String, java.lang.String, [Ljava.lang.String;)[pri:1, instance:TestNG.CMAC@2344fc66]" name="CreateProject" duration-ms="3116" started-at="2018-10-04T14:44:05Z" data-provider="dp" finished-at="2018-10-04T14:44:08Z">
          <params>
            <param index="0">
              <value>
                <![CDATA[https://cmac-dev.app.wtcdev2.paas.fedex.com/cmac/v3/projects]]>
              </value>
            </param>
            <param index="1">
              <value>
                <![CDATA[fdx_login=ssoxdev1.8340.188de2cd]]>
              </value>
            </param>
            <param index="2">
              <value>
                <![CDATA[Proj_DEL5 100418T094405]]>
              </value>
            </param>
            <param index="3">
              <value>
                <![CDATA[[Ljava.lang.String;@1ed94c18]]>
              </value>
            </param>
          </params>
          <exception class="java.lang.AssertionError">
            <message>
              <![CDATA[
Expected: a string containing "pid"
     but: was "{"transactionId":"8e5576db-91fb-4b90-82c4-3b7696261db4","errors":[{"code":"SYSTEM.UNEXPECTED.ERROR","message":"GENERIC.ERROR"}]}"]]>
            </message>
            <full-stacktrace>
              <![CDATA[java.lang.AssertionError: 
Expected: a string containing "pid"
     but: was "{"transactionId":"8e5576db-91fb-4b90-82c4-3b7696261db4","errors":[{"code":"SYSTEM.UNEXPECTED.ERROR","message":"GENERIC.ERROR"}]}"
at org.hamcrest.MatcherAssert.assertThat(MatcherAssert.java:20)
at org.junit.Assert.assertThat(Assert.java:956)
at org.junit.Assert.assertThat(Assert.java:923)
at TestNG.CMAC.CreateProject(CMAC.java:206)
at sun.reflect.NativeMethodAccessorImpl.invoke0(Native Method)
at sun.reflect.NativeMethodAccessorImpl.invoke(Unknown Source)
at sun.reflect.DelegatingMethodAccessorImpl.invoke(Unknown Source)
at java.lang.reflect.Method.invoke(Unknown Source)
at org.testng.internal.MethodInvocationHelper.invokeMethod(MethodInvocationHelper.java:124)
at org.testng.internal.Invoker.invokeMethod(Invoker.java:580)
at org.testng.internal.Invoker.invokeTestMethod(Invoker.java:716)
at org.testng.internal.TestMethodWithDataProviderMethodWorker.call(TestMethodWithDataProviderMethodWorker.java:71)
at org.testng.internal.TestMethodWithDataProviderMethodWorker.call(TestMethodWithDataProviderMethodWorker.java:14)
at java.util.concurrent.FutureTask.run(Unknown Source)
at java.util.concurrent.Executors$RunnableAdapter.call(Unknown Source)
at java.util.concurrent.FutureTask.run(Unknown Source)
at java.util.concurrent.ThreadPoolExecutor.runWorker(Unknown Source)
at java.util.concurrent.ThreadPoolExecutor$Worker.run(Unknown Source)
at java.lang.Thread.run(Unknown Source)
]]>
            </full-stacktrace>
          </exception> <!-- java.lang.AssertionError -->
          <reporter-output>
          </reporter-output>
        </test-method> <!-- CreateProject -->
        <test-method status="FAIL" signature="CreateProject(java.lang.String, java.lang.String, java.lang.String, [Ljava.lang.String;)[pri:1, instance:TestNG.CMAC@2344fc66]" name="CreateProject" duration-ms="3561" started-at="2018-10-04T14:44:05Z" data-provider="dp" finished-at="2018-10-04T14:44:09Z">
          <params>
            <param index="0">
              <value>
                <![CDATA[https://cmac-dev.app.wtcdev2.paas.fedex.com/cmac/v3/projects]]>
              </value>
            </param>
            <param index="1">
              <value>
                <![CDATA[fdx_login=ssoxdev1.8409.4eea83d5]]>
              </value>
            </param>
            <param index="2">
              <value>
                <![CDATA[Proj_DEL3 100418T094405]]>
              </value>
            </param>
            <param index="3">
              <value>
                <![CDATA[[Ljava.lang.String;@7294dce0]]>
              </value>
            </param>
          </params>
          <exception class="java.lang.AssertionError">
            <message>
              <![CDATA[
Expected: a string containing "pid"
     but: was "{"transactionId":"8981c7bc-cf5f-43c9-a667-2a7d4b48b407","errors":[{"code":"SYSTEM.UNEXPECTED.ERROR","message":"GENERIC.ERROR"}]}"]]>
            </message>
            <full-stacktrace>
              <![CDATA[java.lang.AssertionError: 
Expected: a string containing "pid"
     but: was "{"transactionId":"8981c7bc-cf5f-43c9-a667-2a7d4b48b407","errors":[{"code":"SYSTEM.UNEXPECTED.ERROR","message":"GENERIC.ERROR"}]}"
at org.hamcrest.MatcherAssert.assertThat(MatcherAssert.java:20)
at org.junit.Assert.assertThat(Assert.java:956)
at org.junit.Assert.assertThat(Assert.java:923)
at TestNG.CMAC.CreateProject(CMAC.java:206)
at sun.reflect.NativeMethodAccessorImpl.invoke0(Native Method)
at sun.reflect.NativeMethodAccessorImpl.invoke(Unknown Source)
at sun.reflect.DelegatingMethodAccessorImpl.invoke(Unknown Source)
at java.lang.reflect.Method.invoke(Unknown Source)
at org.testng.internal.MethodInvocationHelper.invokeMethod(MethodInvocationHelper.java:124)
at org.testng.internal.Invoker.invokeMethod(Invoker.java:580)
at org.testng.internal.Invoker.invokeTestMethod(Invoker.java:716)
at org.testng.internal.TestMethodWithDataProviderMethodWorker.call(TestMethodWithDataProviderMethodWorker.java:71)
at org.testng.internal.TestMethodWithDataProviderMethodWorker.call(TestMethodWithDataProviderMethodWorker.java:14)
at java.util.concurrent.FutureTask.run(Unknown Source)
at java.util.concurrent.Executors$RunnableAdapter.call(Unknown Source)
at java.util.concurrent.FutureTask.run(Unknown Source)
at java.util.concurrent.ThreadPoolExecutor.runWorker(Unknown Source)
at java.util.concurrent.ThreadPoolExecutor$Worker.run(Unknown Source)
at java.lang.Thread.run(Unknown Source)
]]>
            </full-stacktrace>
          </exception> <!-- java.lang.AssertionError -->
          <reporter-output>
          </reporter-output>
        </test-method> <!-- CreateProject -->
        <test-method status="PASS" signature="afterMethod(org.testng.ITestResult)[pri:0, instance:TestNG.CMAC@2344fc66]" name="afterMethod" is-config="true" duration-ms="0" started-at="2018-10-04T14:44:06Z" finished-at="2018-10-04T14:44:06Z">
          <params>
            <param index="0">
              <value>
                <![CDATA[[TestResult name=CreateProject status=FAILURE method=CMAC.CreateProject(java.lang.String, java.lang.String, java.lang.String, [Ljava.lang.String;)[pri:1, instance:TestNG.CMAC@2344fc66] output={null}]]]>
              </value>
            </param>
          </params>
          <reporter-output>
          </reporter-output>
        </test-method> <!-- afterMethod -->
        <test-method status="PASS" signature="afterMethod(org.testng.ITestResult)[pri:0, instance:TestNG.CMAC@2344fc66]" name="afterMethod" is-config="true" duration-ms="1" started-at="2018-10-04T14:44:07Z" finished-at="2018-10-04T14:44:07Z">
          <params>
            <param index="0">
              <value>
                <![CDATA[[TestResult name=CreateProject status=FAILURE method=CMAC.CreateProject(java.lang.String, java.lang.String, java.lang.String, [Ljava.lang.String;)[pri:1, instance:TestNG.CMAC@2344fc66] output={null}]]]>
              </value>
            </param>
          </params>
          <reporter-output>
          </reporter-output>
        </test-method> <!-- afterMethod -->
        <test-method status="PASS" signature="afterMethod(org.testng.ITestResult)[pri:0, instance:TestNG.CMAC@2344fc66]" name="afterMethod" is-config="true" duration-ms="0" started-at="2018-10-04T14:44:07Z" finished-at="2018-10-04T14:44:07Z">
          <params>
            <param index="0">
              <value>
                <![CDATA[[TestResult name=CreateProject status=FAILURE method=CMAC.CreateProject(java.lang.String, java.lang.String, java.lang.String, [Ljava.lang.String;)[pri:1, instance:TestNG.CMAC@2344fc66] output={null}]]]>
              </value>
            </param>
          </params>
          <reporter-output>
          </reporter-output>
        </test-method> <!-- afterMethod -->
        <test-method status="PASS" signature="afterMethod(org.testng.ITestResult)[pri:0, instance:TestNG.CMAC@2344fc66]" name="afterMethod" is-config="true" duration-ms="1" started-at="2018-10-04T14:44:08Z" finished-at="2018-10-04T14:44:08Z">
          <params>
            <param index="0">
              <value>
                <![CDATA[[TestResult name=CreateProject status=FAILURE method=CMAC.CreateProject(java.lang.String, java.lang.String, java.lang.String, [Ljava.lang.String;)[pri:1, instance:TestNG.CMAC@2344fc66] output={null}]]]>
              </value>
            </param>
          </params>
          <reporter-output>
          </reporter-output>
        </test-method> <!-- afterMethod -->
        <test-method status="PASS" signature="afterMethod(org.testng.ITestResult)[pri:0, instance:TestNG.CMAC@2344fc66]" name="afterMethod" is-config="true" duration-ms="0" started-at="2018-10-04T14:44:08Z" finished-at="2018-10-04T14:44:08Z">
          <params>
            <param index="0">
              <value>
                <![CDATA[[TestResult name=CreateProject status=FAILURE method=CMAC.CreateProject(java.lang.String, java.lang.String, java.lang.String, [Ljava.lang.String;)[pri:1, instance:TestNG.CMAC@2344fc66] output={null}]]]>
              </value>
            </param>
          </params>
          <reporter-output>
          </reporter-output>
        </test-method> <!-- afterMethod -->
        <test-method status="PASS" signature="afterMethod(org.testng.ITestResult)[pri:0, instance:TestNG.CMAC@2344fc66]" name="afterMethod" is-config="true" duration-ms="0" started-at="2018-10-04T14:44:09Z" finished-at="2018-10-04T14:44:09Z">
          <params>
            <param index="0">
              <value>
                <![CDATA[[TestResult name=CreateProject status=FAILURE method=CMAC.CreateProject(java.lang.String, java.lang.String, java.lang.String, [Ljava.lang.String;)[pri:1, instance:TestNG.CMAC@2344fc66] output={null}]]]>
              </value>
            </param>
          </params>
          <reporter-output>
          </reporter-output>
        </test-method> <!-- afterMethod -->
        <test-method status="PASS" signature="afterMethod(org.testng.ITestResult)[pri:0, instance:TestNG.CMAC@2344fc66]" name="afterMethod" is-config="true" duration-ms="0" started-at="2018-10-04T14:44:09Z" finished-at="2018-10-04T14:44:09Z">
          <params>
            <param index="0">
              <value>
                <![CDATA[[TestResult name=CreateProject status=FAILURE method=CMAC.CreateProject(java.lang.String, java.lang.String, java.lang.String, [Ljava.lang.String;)[pri:1, instance:TestNG.CMAC@2344fc66] output={null}]]]>
              </value>
            </param>
          </params>
          <reporter-output>
          </reporter-output>
        </test-method> <!-- afterMethod -->
        <test-method status="PASS" signature="afterMethod(org.testng.ITestResult)[pri:0, instance:TestNG.CMAC@2344fc66]" name="afterMethod" is-config="true" duration-ms="1" started-at="2018-10-04T14:44:11Z" finished-at="2018-10-04T14:44:11Z">
          <params>
            <param index="0">
              <value>
                <![CDATA[[TestResult name=CreateProject status=FAILURE method=CMAC.CreateProject(java.lang.String, java.lang.String, java.lang.String, [Ljava.lang.String;)[pri:1, instance:TestNG.CMAC@2344fc66] output={null}]]]>
              </value>
            </param>
          </params>
          <reporter-output>
          </reporter-output>
        </test-method> <!-- afterMethod -->
        <test-method status="FAIL" signature="CreateProjectInvalidLength(java.lang.String, java.lang.String, java.lang.String, [Ljava.lang.String;)[pri:1, instance:TestNG.CMAC@2344fc66]" name="CreateProjectInvalidLength" duration-ms="62" started-at="2018-10-04T14:44:11Z" data-provider="dp" finished-at="2018-10-04T14:44:11Z">
          <params>
            <param index="0">
              <value>
                <![CDATA[https://cmac-dev.app.wtcdev2.paas.fedex.com/cmac/v3/projects]]>
              </value>
            </param>
            <param index="1">
              <value>
                <![CDATA[fdx_login=ssoxdev1.d495.141328ac]]>
              </value>
            </param>
            <param index="2">
              <value>
                <![CDATA[Proj_Invalid Lentgh nkjxsppwkdynxpkbnjuyhzqnnfvahbwatkmicyuzqxjeixjlrjtmxaevhackwoiiqngfolkpehvsnrifsgxcxhsulqvrkbjdfgy]]>
              </value>
            </param>
            <param index="3">
              <value>
                <![CDATA[[Ljava.lang.String;@3aedb556]]>
              </value>
            </param>
          </params>
          <exception class="java.lang.AssertionError">
            <message>
              <![CDATA[
Expected: (a string containing "code" and a string containing "SYSTEM.UNEXPECTED.ERROR" and a string containing "message" and a string containing "GENERIC.ERROR")
     but: a string containing "code" was "{"timestamp":1538664251564,"status":400,"error":"Bad Request","exception":"org.springframework.http.converter.HttpMessageNotReadableException","message":"JSON parse error: Can not deserialize instance of java.util.ArrayList out of VALUE_STRING token; nested exception is com.fasterxml.jackson.databind.JsonMappingException: Can not deserialize instance of java.util.ArrayList out of VALUE_STRING token\n at [Source: java.io.PushbackInputStream@7376e882; line: 1, column: 19] (through reference chain: com.fedex.cxs.cmac.v3.vo.ProjectProfileInputVO[\"resourcesInput\"])","path":"/cmac/v3/projects"}"]]>
            </message>
            <full-stacktrace>
              <![CDATA[java.lang.AssertionError: 
Expected: (a string containing "code" and a string containing "SYSTEM.UNEXPECTED.ERROR" and a string containing "message" and a string containing "GENERIC.ERROR")
     but: a string containing "code" was "{"timestamp":1538664251564,"status":400,"error":"Bad Request","exception":"org.springframework.http.converter.HttpMessageNotReadableException","message":"JSON parse error: Can not deserialize instance of java.util.ArrayList out of VALUE_STRING token; nested exception is com.fasterxml.jackson.databind.JsonMappingException: Can not deserialize instance of java.util.ArrayList out of VALUE_STRING token\n at [Source: java.io.PushbackInputStream@7376e882; line: 1, column: 19] (through reference chain: com.fedex.cxs.cmac.v3.vo.ProjectProfileInputVO[\"resourcesInput\"])","path":"/cmac/v3/projects"}"
at org.hamcrest.MatcherAssert.assertThat(MatcherAssert.java:20)
at org.junit.Assert.assertThat(Assert.java:956)
at org.junit.Assert.assertThat(Assert.java:923)
at TestNG.CMAC.CreateProjectInvalidLength(CMAC.java:229)
at sun.reflect.NativeMethodAccessorImpl.invoke0(Native Method)
at sun.reflect.NativeMethodAccessorImpl.invoke(Unknown Source)
at sun.reflect.DelegatingMethodAccessorImpl.invoke(Unknown Source)
at java.lang.reflect.Method.invoke(Unknown Source)
at org.testng.internal.MethodInvocationHelper.invokeMethod(MethodInvocationHelper.java:124)
at org.testng.internal.Invoker.invokeMethod(Invoker.java:580)
at org.testng.internal.Invoker.invokeTestMethod(Invoker.java:716)
at org.testng.internal.TestMethodWithDataProviderMethodWorker.call(TestMethodWithDataProviderMethodWorker.java:71)
at org.testng.internal.TestMethodWithDataProviderMethodWorker.call(TestMethodWithDataProviderMethodWorker.java:14)
at java.util.concurrent.FutureTask.run(Unknown Source)
at java.util.concurrent.Executors$RunnableAdapter.call(Unknown Source)
at java.util.concurrent.FutureTask.run(Unknown Source)
at java.util.concurrent.ThreadPoolExecutor.runWorker(Unknown Source)
at java.util.concurrent.ThreadPoolExecutor$Worker.run(Unknown Source)
at java.lang.Thread.run(Unknown Source)
]]>
            </full-stacktrace>
          </exception> <!-- java.lang.AssertionError -->
          <reporter-output>
          </reporter-output>
        </test-method> <!-- CreateProjectInvalidLength -->
        <test-method status="PASS" signature="afterMethod(org.testng.ITestResult)[pri:0, instance:TestNG.CMAC@2344fc66]" name="afterMethod" is-config="true" duration-ms="0" started-at="2018-10-04T14:44:11Z" finished-at="2018-10-04T14:44:11Z">
          <params>
            <param index="0">
              <value>
                <![CDATA[[TestResult name=CreateProjectInvalidLength status=FAILURE method=CMAC.CreateProjectInvalidLength(java.lang.String, java.lang.String, java.lang.String, [Ljava.lang.String;)[pri:1, instance:TestNG.CMAC@2344fc66] output={null}]]]>
              </value>
            </param>
          </params>
          <reporter-output>
          </reporter-output>
        </test-method> <!-- afterMethod -->
        <test-method status="FAIL" signature="DeleteResources(java.lang.String, java.lang.String, java.lang.String, java.lang.String)[pri:1, instance:TestNG.CMAC@2344fc66]" name="DeleteResources" duration-ms="0" started-at="2018-10-04T14:44:11Z" data-provider="dp" finished-at="2018-10-04T14:44:11Z">
          <exception class="org.testng.internal.reflect.MethodMatcherException">
            <message>
              <![CDATA[
Data provider mismatch
Method: DeleteResources([Parameter{index=0, type=java.lang.String, declaredAnnotations=[]}, Parameter{index=1, type=java.lang.String, declaredAnnotations=[]}, Parameter{index=2, type=java.lang.String, declaredAnnotations=[]}, Parameter{index=3, type=java.lang.String, declaredAnnotations=[]}])
Arguments: [(java.lang.String) https://cmac-dev.app.wtcdev2.paas.fedex.com/cmac/v3/projects/,(java.lang.String) 10371]]]>
            </message>
            <full-stacktrace>
              <![CDATA[org.testng.internal.reflect.MethodMatcherException: 
Data provider mismatch
Method: DeleteResources([Parameter{index=0, type=java.lang.String, declaredAnnotations=[]}, Parameter{index=1, type=java.lang.String, declaredAnnotations=[]}, Parameter{index=2, type=java.lang.String, declaredAnnotations=[]}, Parameter{index=3, type=java.lang.String, declaredAnnotations=[]}])
Arguments: [(java.lang.String) https://cmac-dev.app.wtcdev2.paas.fedex.com/cmac/v3/projects/,(java.lang.String) 10371]
at org.testng.internal.reflect.DataProviderMethodMatcher.getConformingArguments(DataProviderMethodMatcher.java:45)
at org.testng.internal.Parameters.injectParameters(Parameters.java:796)
at org.testng.internal.Invoker.invokeTestMethods(Invoker.java:954)
at org.testng.internal.TestMethodWorker.invokeTestMethods(TestMethodWorker.java:125)
at org.testng.internal.TestMethodWorker.run(TestMethodWorker.java:109)
at org.testng.TestRunner.privateRun(TestRunner.java:648)
at org.testng.TestRunner.run(TestRunner.java:505)
at org.testng.SuiteRunner.runTest(SuiteRunner.java:455)
at org.testng.SuiteRunner.runSequentially(SuiteRunner.java:450)
at org.testng.SuiteRunner.privateRun(SuiteRunner.java:415)
at org.testng.SuiteRunner.run(SuiteRunner.java:364)
at org.testng.SuiteRunnerWorker.runSuite(SuiteRunnerWorker.java:52)
at org.testng.SuiteRunnerWorker.run(SuiteRunnerWorker.java:84)
at org.testng.TestNG.runSuitesSequentially(TestNG.java:1208)
at org.testng.TestNG.runSuitesLocally(TestNG.java:1137)
at org.testng.TestNG.runSuites(TestNG.java:1049)
at org.testng.TestNG.run(TestNG.java:1017)
at org.testng.remote.AbstractRemoteTestNG.run(AbstractRemoteTestNG.java:114)
at org.testng.remote.RemoteTestNG.initAndRun(RemoteTestNG.java:251)
at org.testng.remote.RemoteTestNG.main(RemoteTestNG.java:77)
]]>
            </full-stacktrace>
          </exception> <!-- org.testng.internal.reflect.MethodMatcherException -->
          <reporter-output>
          </reporter-output>
        </test-method> <!-- DeleteResources -->
        <test-method status="PASS" signature="RetrieveProjectDetails(java.lang.String, java.lang.String, java.lang.String)[pri:1, instance:TestNG.CMAC@2344fc66]" name="RetrieveProjectDetails" duration-ms="472" started-at="2018-10-04T14:44:12Z" data-provider="dp" finished-at="2018-10-04T14:44:12Z">
          <params>
            <param index="0">
              <value>
                <![CDATA[https://cmac-dev.app.wtcdev2.paas.fedex.com/cmac/v3/projects/]]>
              </value>
            </param>
            <param index="1">
              <value>
                <![CDATA[fdx_login=ssoxdev1.9aab.78b29a35]]>
              </value>
            </param>
            <param index="2">
              <value>
                <![CDATA[10781]]>
              </value>
            </param>
          </params>
          <reporter-output>
          </reporter-output>
        </test-method> <!-- RetrieveProjectDetails -->
        <test-method status="PASS" signature="RetrieveProjectDetails(java.lang.String, java.lang.String, java.lang.String)[pri:1, instance:TestNG.CMAC@2344fc66]" name="RetrieveProjectDetails" duration-ms="534" started-at="2018-10-04T14:44:12Z" data-provider="dp" finished-at="2018-10-04T14:44:12Z">
          <params>
            <param index="0">
              <value>
                <![CDATA[https://cmac-dev.app.wtcdev2.paas.fedex.com/cmac/v3/projects/]]>
              </value>
            </param>
            <param index="1">
              <value>
                <![CDATA[fdx_login=ssoxdev1.9aab.78b29a35]]>
              </value>
            </param>
            <param index="2">
              <value>
                <![CDATA[10482]]>
              </value>
            </param>
          </params>
          <reporter-output>
          </reporter-output>
        </test-method> <!-- RetrieveProjectDetails -->
        <test-method status="PASS" signature="RetrieveProjectDetails(java.lang.String, java.lang.String, java.lang.String)[pri:1, instance:TestNG.CMAC@2344fc66]" name="RetrieveProjectDetails" duration-ms="185" started-at="2018-10-04T14:44:12Z" data-provider="dp" finished-at="2018-10-04T14:44:12Z">
          <params>
            <param index="0">
              <value>
                <![CDATA[https://cmac-dev.app.wtcdev2.paas.fedex.com/cmac/v3/projects/]]>
              </value>
            </param>
            <param index="1">
              <value>
                <![CDATA[fdx_login=ssoxdev1.8d9f.29298c12]]>
              </value>
            </param>
            <param index="2">
              <value>
                <![CDATA[10439]]>
              </value>
            </param>
          </params>
          <reporter-output>
          </reporter-output>
        </test-method> <!-- RetrieveProjectDetails -->
        <test-method status="PASS" signature="RetrieveProjectDetails(java.lang.String, java.lang.String, java.lang.String)[pri:1, instance:TestNG.CMAC@2344fc66]" name="RetrieveProjectDetails" duration-ms="310" started-at="2018-10-04T14:44:12Z" data-provider="dp" finished-at="2018-10-04T14:44:12Z">
          <params>
            <param index="0">
              <value>
                <![CDATA[https://cmac-dev.app.wtcdev2.paas.fedex.com/cmac/v3/projects/]]>
              </value>
            </param>
            <param index="1">
              <value>
                <![CDATA[fdx_login=ssoxdev1.8d9f.29298c12]]>
              </value>
            </param>
            <param index="2">
              <value>
                <![CDATA[10280]]>
              </value>
            </param>
          </params>
          <reporter-output>
          </reporter-output>
        </test-method> <!-- RetrieveProjectDetails -->
        <test-method status="PASS" signature="RetrieveProjectDetails(java.lang.String, java.lang.String, java.lang.String)[pri:1, instance:TestNG.CMAC@2344fc66]" name="RetrieveProjectDetails" duration-ms="247" started-at="2018-10-04T14:44:12Z" data-provider="dp" finished-at="2018-10-04T14:44:12Z">
          <params>
            <param index="0">
              <value>
                <![CDATA[https://cmac-dev.app.wtcdev2.paas.fedex.com/cmac/v3/projects/]]>
              </value>
            </param>
            <param index="1">
              <value>
                <![CDATA[fdx_login=ssoxdev1.d495.141328ac]]>
              </value>
            </param>
            <param index="2">
              <value>
                <![CDATA[10635]]>
              </value>
            </param>
          </params>
          <reporter-output>
          </reporter-output>
        </test-method> <!-- RetrieveProjectDetails -->
        <test-method status="PASS" signature="RetrieveProjectDetails(java.lang.String, java.lang.String, java.lang.String)[pri:1, instance:TestNG.CMAC@2344fc66]" name="RetrieveProjectDetails" duration-ms="366" started-at="2018-10-04T14:44:12Z" data-provider="dp" finished-at="2018-10-04T14:44:12Z">
          <params>
            <param index="0">
              <value>
                <![CDATA[https://cmac-dev.app.wtcdev2.paas.fedex.com/cmac/v3/projects/]]>
              </value>
            </param>
            <param index="1">
              <value>
                <![CDATA[fdx_login=ssoxdev1.9aab.78b29a35]]>
              </value>
            </param>
            <param index="2">
              <value>
                <![CDATA[10473]]>
              </value>
            </param>
          </params>
          <reporter-output>
          </reporter-output>
        </test-method> <!-- RetrieveProjectDetails -->
        <test-method status="PASS" signature="RetrieveProjectDetails(java.lang.String, java.lang.String, java.lang.String)[pri:1, instance:TestNG.CMAC@2344fc66]" name="RetrieveProjectDetails" duration-ms="417" started-at="2018-10-04T14:44:12Z" data-provider="dp" finished-at="2018-10-04T14:44:12Z">
          <params>
            <param index="0">
              <value>
                <![CDATA[https://cmac-dev.app.wtcdev2.paas.fedex.com/cmac/v3/projects/]]>
              </value>
            </param>
            <param index="1">
              <value>
                <![CDATA[fdx_login=ssoxdev1.d495.141328ac]]>
              </value>
            </param>
            <param index="2">
              <value>
                <![CDATA[10600]]>
              </value>
            </param>
          </params>
          <reporter-output>
          </reporter-output>
        </test-method> <!-- RetrieveProjectDetails -->
        <test-method status="PASS" signature="RetrieveProjectDetails(java.lang.String, java.lang.String, java.lang.String)[pri:1, instance:TestNG.CMAC@2344fc66]" name="RetrieveProjectDetails" duration-ms="120" started-at="2018-10-04T14:44:12Z" data-provider="dp" finished-at="2018-10-04T14:44:12Z">
          <params>
            <param index="0">
              <value>
                <![CDATA[https://cmac-dev.app.wtcdev2.paas.fedex.com/cmac/v3/projects/]]>
              </value>
            </param>
            <param index="1">
              <value>
                <![CDATA[fdx_login=ssoxdev1.d495.141328ac]]>
              </value>
            </param>
            <param index="2">
              <value>
                <![CDATA[10386]]>
              </value>
            </param>
          </params>
          <reporter-output>
          </reporter-output>
        </test-method> <!-- RetrieveProjectDetails -->
        <test-method status="PASS" signature="RetrieveProjectDetails(java.lang.String, java.lang.String, java.lang.String)[pri:1, instance:TestNG.CMAC@2344fc66]" name="RetrieveProjectDetails" duration-ms="62" started-at="2018-10-04T14:44:12Z" data-provider="dp" finished-at="2018-10-04T14:44:12Z">
          <params>
            <param index="0">
              <value>
                <![CDATA[https://cmac-dev.app.wtcdev2.paas.fedex.com/cmac/v3/projects/]]>
              </value>
            </param>
            <param index="1">
              <value>
                <![CDATA[fdx_login=ssoxdev1.d495.141328ac]]>
              </value>
            </param>
            <param index="2">
              <value>
                <![CDATA[10371]]>
              </value>
            </param>
          </params>
          <reporter-output>
          </reporter-output>
        </test-method> <!-- RetrieveProjectDetails -->
        <test-method status="PASS" signature="RetrieveProjectDetails(java.lang.String, java.lang.String, java.lang.String)[pri:1, instance:TestNG.CMAC@2344fc66]" name="RetrieveProjectDetails" duration-ms="592" started-at="2018-10-04T14:44:12Z" data-provider="dp" finished-at="2018-10-04T14:44:12Z">
          <params>
            <param index="0">
              <value>
                <![CDATA[https://cmac-dev.app.wtcdev2.paas.fedex.com/cmac/v3/projects/]]>
              </value>
            </param>
            <param index="1">
              <value>
                <![CDATA[fdx_login=ssoxdev1.8d9f.29298c12]]>
              </value>
            </param>
            <param index="2">
              <value>
                <![CDATA[10888]]>
              </value>
            </param>
          </params>
          <reporter-output>
          </reporter-output>
        </test-method> <!-- RetrieveProjectDetails -->
        <test-method status="PASS" signature="afterMethod(org.testng.ITestResult)[pri:0, instance:TestNG.CMAC@2344fc66]" name="afterMethod" is-config="true" duration-ms="0" started-at="2018-10-04T14:44:12Z" finished-at="2018-10-04T14:44:12Z">
          <params>
            <param index="0">
              <value>
                <![CDATA[[TestResult name=RetrieveProjectDetails status=SUCCESS method=CMAC.RetrieveProjectDetails(java.lang.String, java.lang.String, java.lang.String)[pri:1, instance:TestNG.CMAC@2344fc66] output={null}]]]>
              </value>
            </param>
          </params>
          <reporter-output>
          </reporter-output>
        </test-method> <!-- afterMethod -->
        <test-method status="PASS" signature="RetrieveProjectDetails(java.lang.String, java.lang.String, java.lang.String)[pri:1, instance:TestNG.CMAC@2344fc66]" name="RetrieveProjectDetails" duration-ms="585" started-at="2018-10-04T14:44:12Z" data-provider="dp" finished-at="2018-10-04T14:44:12Z">
          <params>
            <param index="0">
              <value>
                <![CDATA[https://cmac-dev.app.wtcdev2.paas.fedex.com/cmac/v3/projects/]]>
              </value>
            </param>
            <param index="1">
              <value>
                <![CDATA[fdx_login=ssoxdev1.8409.4eea83d5]]>
              </value>
            </param>
            <param index="2">
              <value>
                <![CDATA[10423]]>
              </value>
            </param>
          </params>
          <reporter-output>
          </reporter-output>
        </test-method> <!-- RetrieveProjectDetails -->
        <test-method status="PASS" signature="RetrieveProjectDetails(java.lang.String, java.lang.String, java.lang.String)[pri:1, instance:TestNG.CMAC@2344fc66]" name="RetrieveProjectDetails" duration-ms="589" started-at="2018-10-04T14:44:12Z" data-provider="dp" finished-at="2018-10-04T14:44:12Z">
          <params>
            <param index="0">
              <value>
                <![CDATA[https://cmac-dev.app.wtcdev2.paas.fedex.com/cmac/v3/projects/]]>
              </value>
            </param>
            <param index="1">
              <value>
                <![CDATA[fdx_login=ssoxdev1.8409.4eea83d5]]>
              </value>
            </param>
            <param index="2">
              <value>
                <![CDATA[10791]]>
              </value>
            </param>
          </params>
          <reporter-output>
          </reporter-output>
        </test-method> <!-- RetrieveProjectDetails -->
        <test-method status="PASS" signature="afterMethod(org.testng.ITestResult)[pri:0, instance:TestNG.CMAC@2344fc66]" name="afterMethod" is-config="true" duration-ms="0" started-at="2018-10-04T14:44:12Z" finished-at="2018-10-04T14:44:12Z">
          <params>
            <param index="0">
              <value>
                <![CDATA[[TestResult name=RetrieveProjectDetails status=SUCCESS method=CMAC.RetrieveProjectDetails(java.lang.String, java.lang.String, java.lang.String)[pri:1, instance:TestNG.CMAC@2344fc66] output={null}]]]>
              </value>
            </param>
          </params>
          <reporter-output>
          </reporter-output>
        </test-method> <!-- afterMethod -->
        <test-method status="PASS" signature="RetrieveProjectDetails(java.lang.String, java.lang.String, java.lang.String)[pri:1, instance:TestNG.CMAC@2344fc66]" name="RetrieveProjectDetails" duration-ms="587" started-at="2018-10-04T14:44:12Z" data-provider="dp" finished-at="2018-10-04T14:44:12Z">
          <params>
            <param index="0">
              <value>
                <![CDATA[https://cmac-dev.app.wtcdev2.paas.fedex.com/cmac/v3/projects/]]>
              </value>
            </param>
            <param index="1">
              <value>
                <![CDATA[fdx_login=ssoxdev1.8409.4eea83d5]]>
              </value>
            </param>
            <param index="2">
              <value>
                <![CDATA[10795]]>
              </value>
            </param>
          </params>
          <reporter-output>
          </reporter-output>
        </test-method> <!-- RetrieveProjectDetails -->
        <test-method status="PASS" signature="afterMethod(org.testng.ITestResult)[pri:0, instance:TestNG.CMAC@2344fc66]" name="afterMethod" is-config="true" duration-ms="0" started-at="2018-10-04T14:44:12Z" finished-at="2018-10-04T14:44:12Z">
          <params>
            <param index="0">
              <value>
                <![CDATA[[TestResult name=RetrieveProjectDetails status=SUCCESS method=CMAC.RetrieveProjectDetails(java.lang.String, java.lang.String, java.lang.String)[pri:1, instance:TestNG.CMAC@2344fc66] output={null}]]]>
              </value>
            </param>
          </params>
          <reporter-output>
          </reporter-output>
        </test-method> <!-- afterMethod -->
        <test-method status="PASS" signature="RetrieveProjectDetails(java.lang.String, java.lang.String, java.lang.String)[pri:1, instance:TestNG.CMAC@2344fc66]" name="RetrieveProjectDetails" duration-ms="574" started-at="2018-10-04T14:44:12Z" data-provider="dp" finished-at="2018-10-04T14:44:12Z">
          <params>
            <param index="0">
              <value>
                <![CDATA[https://cmac-dev.app.wtcdev2.paas.fedex.com/cmac/v3/projects/]]>
              </value>
            </param>
            <param index="1">
              <value>
                <![CDATA[fdx_login=ssoxdev1.c984.49b35863]]>
              </value>
            </param>
            <param index="2">
              <value>
                <![CDATA[10315]]>
              </value>
            </param>
          </params>
          <reporter-output>
          </reporter-output>
        </test-method> <!-- RetrieveProjectDetails -->
        <test-method status="PASS" signature="afterMethod(org.testng.ITestResult)[pri:0, instance:TestNG.CMAC@2344fc66]" name="afterMethod" is-config="true" duration-ms="0" started-at="2018-10-04T14:44:12Z" finished-at="2018-10-04T14:44:12Z">
          <params>
            <param index="0">
              <value>
                <![CDATA[[TestResult name=RetrieveProjectDetails status=SUCCESS method=CMAC.RetrieveProjectDetails(java.lang.String, java.lang.String, java.lang.String)[pri:1, instance:TestNG.CMAC@2344fc66] output={null}]]]>
              </value>
            </param>
          </params>
          <reporter-output>
          </reporter-output>
        </test-method> <!-- afterMethod -->
        <test-method status="PASS" signature="afterMethod(org.testng.ITestResult)[pri:0, instance:TestNG.CMAC@2344fc66]" name="afterMethod" is-config="true" duration-ms="0" started-at="2018-10-04T14:44:12Z" finished-at="2018-10-04T14:44:12Z">
          <params>
            <param index="0">
              <value>
                <![CDATA[[TestResult name=RetrieveProjectDetails status=SUCCESS method=CMAC.RetrieveProjectDetails(java.lang.String, java.lang.String, java.lang.String)[pri:1, instance:TestNG.CMAC@2344fc66] output={null}]]]>
              </value>
            </param>
          </params>
          <reporter-output>
          </reporter-output>
        </test-method> <!-- afterMethod -->
        <test-method status="PASS" signature="RetrieveProjectDetails(java.lang.String, java.lang.String, java.lang.String)[pri:1, instance:TestNG.CMAC@2344fc66]" name="RetrieveProjectDetails" duration-ms="565" started-at="2018-10-04T14:44:12Z" data-provider="dp" finished-at="2018-10-04T14:44:12Z">
          <params>
            <param index="0">
              <value>
                <![CDATA[https://cmac-dev.app.wtcdev2.paas.fedex.com/cmac/v3/projects/]]>
              </value>
            </param>
            <param index="1">
              <value>
                <![CDATA[fdx_login=ssoxdev1.c984.49b35863]]>
              </value>
            </param>
            <param index="2">
              <value>
                <![CDATA[10659]]>
              </value>
            </param>
          </params>
          <reporter-output>
          </reporter-output>
        </test-method> <!-- RetrieveProjectDetails -->
        <test-method status="PASS" signature="RetrieveProjectDetails(java.lang.String, java.lang.String, java.lang.String)[pri:1, instance:TestNG.CMAC@2344fc66]" name="RetrieveProjectDetails" duration-ms="571" started-at="2018-10-04T14:44:12Z" data-provider="dp" finished-at="2018-10-04T14:44:13Z">
          <params>
            <param index="0">
              <value>
                <![CDATA[https://cmac-dev.app.wtcdev2.paas.fedex.com/cmac/v3/projects/]]>
              </value>
            </param>
            <param index="1">
              <value>
                <![CDATA[fdx_login=ssoxdev1.c984.49b35863]]>
              </value>
            </param>
            <param index="2">
              <value>
                <![CDATA[10859]]>
              </value>
            </param>
          </params>
          <reporter-output>
          </reporter-output>
        </test-method> <!-- RetrieveProjectDetails -->
        <test-method status="PASS" signature="afterMethod(org.testng.ITestResult)[pri:0, instance:TestNG.CMAC@2344fc66]" name="afterMethod" is-config="true" duration-ms="0" started-at="2018-10-04T14:44:12Z" finished-at="2018-10-04T14:44:12Z">
          <params>
            <param index="0">
              <value>
                <![CDATA[[TestResult name=RetrieveProjectDetails status=SUCCESS method=CMAC.RetrieveProjectDetails(java.lang.String, java.lang.String, java.lang.String)[pri:1, instance:TestNG.CMAC@2344fc66] output={null}]]]>
              </value>
            </param>
          </params>
          <reporter-output>
          </reporter-output>
        </test-method> <!-- afterMethod -->
        <test-method status="PASS" signature="afterMethod(org.testng.ITestResult)[pri:0, instance:TestNG.CMAC@2344fc66]" name="afterMethod" is-config="true" duration-ms="0" started-at="2018-10-04T14:44:12Z" finished-at="2018-10-04T14:44:12Z">
          <params>
            <param index="0">
              <value>
                <![CDATA[[TestResult name=RetrieveProjectDetails status=SUCCESS method=CMAC.RetrieveProjectDetails(java.lang.String, java.lang.String, java.lang.String)[pri:1, instance:TestNG.CMAC@2344fc66] output={null}]]]>
              </value>
            </param>
          </params>
          <reporter-output>
          </reporter-output>
        </test-method> <!-- afterMethod -->
        <test-method status="PASS" signature="RetrieveProjectDetails(java.lang.String, java.lang.String, java.lang.String)[pri:1, instance:TestNG.CMAC@2344fc66]" name="RetrieveProjectDetails" duration-ms="565" started-at="2018-10-04T14:44:12Z" data-provider="dp" finished-at="2018-10-04T14:44:13Z">
          <params>
            <param index="0">
              <value>
                <![CDATA[https://cmac-dev.app.wtcdev2.paas.fedex.com/cmac/v3/projects/]]>
              </value>
            </param>
            <param index="1">
              <value>
                <![CDATA[fdx_login=ssoxdev1.8340.188de2cd]]>
              </value>
            </param>
            <param index="2">
              <value>
                <![CDATA[10084]]>
              </value>
            </param>
          </params>
          <reporter-output>
          </reporter-output>
        </test-method> <!-- RetrieveProjectDetails -->
        <test-method status="PASS" signature="RetrieveProjectDetails(java.lang.String, java.lang.String, java.lang.String)[pri:1, instance:TestNG.CMAC@2344fc66]" name="RetrieveProjectDetails" duration-ms="578" started-at="2018-10-04T14:44:12Z" data-provider="dp" finished-at="2018-10-04T14:44:13Z">
          <params>
            <param index="0">
              <value>
                <![CDATA[https://cmac-dev.app.wtcdev2.paas.fedex.com/cmac/v3/projects/]]>
              </value>
            </param>
            <param index="1">
              <value>
                <![CDATA[fdx_login=ssoxdev1.8340.188de2cd]]>
              </value>
            </param>
            <param index="2">
              <value>
                <![CDATA[10404]]>
              </value>
            </param>
          </params>
          <reporter-output>
          </reporter-output>
        </test-method> <!-- RetrieveProjectDetails -->
        <test-method status="PASS" signature="afterMethod(org.testng.ITestResult)[pri:0, instance:TestNG.CMAC@2344fc66]" name="afterMethod" is-config="true" duration-ms="0" started-at="2018-10-04T14:44:12Z" finished-at="2018-10-04T14:44:12Z">
          <params>
            <param index="0">
              <value>
                <![CDATA[[TestResult name=RetrieveProjectDetails status=SUCCESS method=CMAC.RetrieveProjectDetails(java.lang.String, java.lang.String, java.lang.String)[pri:1, instance:TestNG.CMAC@2344fc66] output={null}]]]>
              </value>
            </param>
          </params>
          <reporter-output>
          </reporter-output>
        </test-method> <!-- afterMethod -->
        <test-method status="PASS" signature="RetrieveProjectDetails(java.lang.String, java.lang.String, java.lang.String)[pri:1, instance:TestNG.CMAC@2344fc66]" name="RetrieveProjectDetails" duration-ms="570" started-at="2018-10-04T14:44:12Z" data-provider="dp" finished-at="2018-10-04T14:44:13Z">
          <params>
            <param index="0">
              <value>
                <![CDATA[https://cmac-dev.app.wtcdev2.paas.fedex.com/cmac/v3/projects/]]>
              </value>
            </param>
            <param index="1">
              <value>
                <![CDATA[fdx_login=ssoxdev1.8340.188de2cd]]>
              </value>
            </param>
            <param index="2">
              <value>
                <![CDATA[10648]]>
              </value>
            </param>
          </params>
          <reporter-output>
          </reporter-output>
        </test-method> <!-- RetrieveProjectDetails -->
        <test-method status="PASS" signature="afterMethod(org.testng.ITestResult)[pri:0, instance:TestNG.CMAC@2344fc66]" name="afterMethod" is-config="true" duration-ms="0" started-at="2018-10-04T14:44:12Z" finished-at="2018-10-04T14:44:12Z">
          <params>
            <param index="0">
              <value>
                <![CDATA[[TestResult name=RetrieveProjectDetails status=SUCCESS method=CMAC.RetrieveProjectDetails(java.lang.String, java.lang.String, java.lang.String)[pri:1, instance:TestNG.CMAC@2344fc66] output={null}]]]>
              </value>
            </param>
          </params>
          <reporter-output>
          </reporter-output>
        </test-method> <!-- afterMethod -->
        <test-method status="PASS" signature="RetrieveProjectDetails(java.lang.String, java.lang.String, java.lang.String)[pri:1, instance:TestNG.CMAC@2344fc66]" name="RetrieveProjectDetails" duration-ms="577" started-at="2018-10-04T14:44:12Z" data-provider="dp" finished-at="2018-10-04T14:44:13Z">
          <params>
            <param index="0">
              <value>
                <![CDATA[https://cmac-dev.app.wtcdev2.paas.fedex.com/cmac/v3/projects/]]>
              </value>
            </param>
            <param index="1">
              <value>
                <![CDATA[fdx_login=ssoxdev1.e10d.22868f76]]>
              </value>
            </param>
            <param index="2">
              <value>
                <![CDATA[10094]]>
              </value>
            </param>
          </params>
          <reporter-output>
          </reporter-output>
        </test-method> <!-- RetrieveProjectDetails -->
        <test-method status="PASS" signature="afterMethod(org.testng.ITestResult)[pri:0, instance:TestNG.CMAC@2344fc66]" name="afterMethod" is-config="true" duration-ms="0" started-at="2018-10-04T14:44:12Z" finished-at="2018-10-04T14:44:12Z">
          <params>
            <param index="0">
              <value>
                <![CDATA[[TestResult name=RetrieveProjectDetails status=SUCCESS method=CMAC.RetrieveProjectDetails(java.lang.String, java.lang.String, java.lang.String)[pri:1, instance:TestNG.CMAC@2344fc66] output={null}]]]>
              </value>
            </param>
          </params>
          <reporter-output>
          </reporter-output>
        </test-method> <!-- afterMethod -->
        <test-method status="PASS" signature="RetrieveProjectDetails(java.lang.String, java.lang.String, java.lang.String)[pri:1, instance:TestNG.CMAC@2344fc66]" name="RetrieveProjectDetails" duration-ms="592" started-at="2018-10-04T14:44:12Z" data-provider="dp" finished-at="2018-10-04T14:44:13Z">
          <params>
            <param index="0">
              <value>
                <![CDATA[https://cmac-dev.app.wtcdev2.paas.fedex.com/cmac/v3/projects/]]>
              </value>
            </param>
            <param index="1">
              <value>
                <![CDATA[fdx_login=ssoxdev1.e10d.22868f76]]>
              </value>
            </param>
            <param index="2">
              <value>
                <![CDATA[10432]]>
              </value>
            </param>
          </params>
          <reporter-output>
          </reporter-output>
        </test-method> <!-- RetrieveProjectDetails -->
        <test-method status="PASS" signature="afterMethod(org.testng.ITestResult)[pri:0, instance:TestNG.CMAC@2344fc66]" name="afterMethod" is-config="true" duration-ms="0" started-at="2018-10-04T14:44:12Z" finished-at="2018-10-04T14:44:12Z">
          <params>
            <param index="0">
              <value>
                <![CDATA[[TestResult name=RetrieveProjectDetails status=SUCCESS method=CMAC.RetrieveProjectDetails(java.lang.String, java.lang.String, java.lang.String)[pri:1, instance:TestNG.CMAC@2344fc66] output={null}]]]>
              </value>
            </param>
          </params>
          <reporter-output>
          </reporter-output>
        </test-method> <!-- afterMethod -->
        <test-method status="PASS" signature="afterMethod(org.testng.ITestResult)[pri:0, instance:TestNG.CMAC@2344fc66]" name="afterMethod" is-config="true" duration-ms="0" started-at="2018-10-04T14:44:12Z" finished-at="2018-10-04T14:44:12Z">
          <params>
            <param index="0">
              <value>
                <![CDATA[[TestResult name=RetrieveProjectDetails status=SUCCESS method=CMAC.RetrieveProjectDetails(java.lang.String, java.lang.String, java.lang.String)[pri:1, instance:TestNG.CMAC@2344fc66] output={null}]]]>
              </value>
            </param>
          </params>
          <reporter-output>
          </reporter-output>
        </test-method> <!-- afterMethod -->
        <test-method status="PASS" signature="RetrieveProjectDetails(java.lang.String, java.lang.String, java.lang.String)[pri:1, instance:TestNG.CMAC@2344fc66]" name="RetrieveProjectDetails" duration-ms="592" started-at="2018-10-04T14:44:12Z" data-provider="dp" finished-at="2018-10-04T14:44:13Z">
          <params>
            <param index="0">
              <value>
                <![CDATA[https://cmac-dev.app.wtcdev2.paas.fedex.com/cmac/v3/projects/]]>
              </value>
            </param>
            <param index="1">
              <value>
                <![CDATA[fdx_login=ssoxdev1.e10d.22868f76]]>
              </value>
            </param>
            <param index="2">
              <value>
                <![CDATA[10729]]>
              </value>
            </param>
          </params>
          <reporter-output>
          </reporter-output>
        </test-method> <!-- RetrieveProjectDetails -->
        <test-method status="PASS" signature="RetrieveProjectDetails(java.lang.String, java.lang.String, java.lang.String)[pri:1, instance:TestNG.CMAC@2344fc66]" name="RetrieveProjectDetails" duration-ms="581" started-at="2018-10-04T14:44:12Z" data-provider="dp" finished-at="2018-10-04T14:44:13Z">
          <params>
            <param index="0">
              <value>
                <![CDATA[https://cmac-dev.app.wtcdev2.paas.fedex.com/cmac/v3/projects/]]>
              </value>
            </param>
            <param index="1">
              <value>
                <![CDATA[fdx_login=ssoxdev1.91c8.5b9e1292]]>
              </value>
            </param>
            <param index="2">
              <value>
                <![CDATA[10007]]>
              </value>
            </param>
          </params>
          <reporter-output>
          </reporter-output>
        </test-method> <!-- RetrieveProjectDetails -->
        <test-method status="PASS" signature="afterMethod(org.testng.ITestResult)[pri:0, instance:TestNG.CMAC@2344fc66]" name="afterMethod" is-config="true" duration-ms="0" started-at="2018-10-04T14:44:12Z" finished-at="2018-10-04T14:44:12Z">
          <params>
            <param index="0">
              <value>
                <![CDATA[[TestResult name=RetrieveProjectDetails status=SUCCESS method=CMAC.RetrieveProjectDetails(java.lang.String, java.lang.String, java.lang.String)[pri:1, instance:TestNG.CMAC@2344fc66] output={null}]]]>
              </value>
            </param>
          </params>
          <reporter-output>
          </reporter-output>
        </test-method> <!-- afterMethod -->
        <test-method status="PASS" signature="afterMethod(org.testng.ITestResult)[pri:0, instance:TestNG.CMAC@2344fc66]" name="afterMethod" is-config="true" duration-ms="15" started-at="2018-10-04T14:44:12Z" finished-at="2018-10-04T14:44:12Z">
          <params>
            <param index="0">
              <value>
                <![CDATA[[TestResult name=RetrieveProjectDetails status=SUCCESS method=CMAC.RetrieveProjectDetails(java.lang.String, java.lang.String, java.lang.String)[pri:1, instance:TestNG.CMAC@2344fc66] output={null}]]]>
              </value>
            </param>
          </params>
          <reporter-output>
          </reporter-output>
        </test-method> <!-- afterMethod -->
        <test-method status="PASS" signature="RetrieveProjectDetails(java.lang.String, java.lang.String, java.lang.String)[pri:1, instance:TestNG.CMAC@2344fc66]" name="RetrieveProjectDetails" duration-ms="575" started-at="2018-10-04T14:44:12Z" data-provider="dp" finished-at="2018-10-04T14:44:13Z">
          <params>
            <param index="0">
              <value>
                <![CDATA[https://cmac-dev.app.wtcdev2.paas.fedex.com/cmac/v3/projects/]]>
              </value>
            </param>
            <param index="1">
              <value>
                <![CDATA[fdx_login=ssoxdev1.91c8.5b9e1292]]>
              </value>
            </param>
            <param index="2">
              <value>
                <![CDATA[10237]]>
              </value>
            </param>
          </params>
          <reporter-output>
          </reporter-output>
        </test-method> <!-- RetrieveProjectDetails -->
        <test-method status="PASS" signature="afterMethod(org.testng.ITestResult)[pri:0, instance:TestNG.CMAC@2344fc66]" name="afterMethod" is-config="true" duration-ms="0" started-at="2018-10-04T14:44:12Z" finished-at="2018-10-04T14:44:12Z">
          <params>
            <param index="0">
              <value>
                <![CDATA[[TestResult name=RetrieveProjectDetails status=SUCCESS method=CMAC.RetrieveProjectDetails(java.lang.String, java.lang.String, java.lang.String)[pri:1, instance:TestNG.CMAC@2344fc66] output={null}]]]>
              </value>
            </param>
          </params>
          <reporter-output>
          </reporter-output>
        </test-method> <!-- afterMethod -->
        <test-method status="PASS" signature="RetrieveProjectDetails(java.lang.String, java.lang.String, java.lang.String)[pri:1, instance:TestNG.CMAC@2344fc66]" name="RetrieveProjectDetails" duration-ms="602" started-at="2018-10-04T14:44:12Z" data-provider="dp" finished-at="2018-10-04T14:44:13Z">
          <params>
            <param index="0">
              <value>
                <![CDATA[https://cmac-dev.app.wtcdev2.paas.fedex.com/cmac/v3/projects/]]>
              </value>
            </param>
            <param index="1">
              <value>
                <![CDATA[fdx_login=ssoxdev1.91c8.5b9e1292]]>
              </value>
            </param>
            <param index="2">
              <value>
                <![CDATA[10810]]>
              </value>
            </param>
          </params>
          <reporter-output>
          </reporter-output>
        </test-method> <!-- RetrieveProjectDetails -->
        <test-method status="PASS" signature="afterMethod(org.testng.ITestResult)[pri:0, instance:TestNG.CMAC@2344fc66]" name="afterMethod" is-config="true" duration-ms="0" started-at="2018-10-04T14:44:13Z" finished-at="2018-10-04T14:44:13Z">
          <params>
            <param index="0">
              <value>
                <![CDATA[[TestResult name=RetrieveProjectDetails status=SUCCESS method=CMAC.RetrieveProjectDetails(java.lang.String, java.lang.String, java.lang.String)[pri:1, instance:TestNG.CMAC@2344fc66] output={null}]]]>
              </value>
            </param>
          </params>
          <reporter-output>
          </reporter-output>
        </test-method> <!-- afterMethod -->
        <test-method status="PASS" signature="afterMethod(org.testng.ITestResult)[pri:0, instance:TestNG.CMAC@2344fc66]" name="afterMethod" is-config="true" duration-ms="0" started-at="2018-10-04T14:44:13Z" finished-at="2018-10-04T14:44:13Z">
          <params>
            <param index="0">
              <value>
                <![CDATA[[TestResult name=RetrieveProjectDetails status=SUCCESS method=CMAC.RetrieveProjectDetails(java.lang.String, java.lang.String, java.lang.String)[pri:1, instance:TestNG.CMAC@2344fc66] output={null}]]]>
              </value>
            </param>
          </params>
          <reporter-output>
          </reporter-output>
        </test-method> <!-- afterMethod -->
        <test-method status="PASS" signature="afterMethod(org.testng.ITestResult)[pri:0, instance:TestNG.CMAC@2344fc66]" name="afterMethod" is-config="true" duration-ms="0" started-at="2018-10-04T14:44:13Z" finished-at="2018-10-04T14:44:13Z">
          <params>
            <param index="0">
              <value>
                <![CDATA[[TestResult name=RetrieveProjectDetails status=SUCCESS method=CMAC.RetrieveProjectDetails(java.lang.String, java.lang.String, java.lang.String)[pri:1, instance:TestNG.CMAC@2344fc66] output={null}]]]>
              </value>
            </param>
          </params>
          <reporter-output>
          </reporter-output>
        </test-method> <!-- afterMethod -->
        <test-method status="PASS" signature="afterMethod(org.testng.ITestResult)[pri:0, instance:TestNG.CMAC@2344fc66]" name="afterMethod" is-config="true" duration-ms="0" started-at="2018-10-04T14:44:13Z" finished-at="2018-10-04T14:44:13Z">
          <params>
            <param index="0">
              <value>
                <![CDATA[[TestResult name=RetrieveProjectDetails status=SUCCESS method=CMAC.RetrieveProjectDetails(java.lang.String, java.lang.String, java.lang.String)[pri:1, instance:TestNG.CMAC@2344fc66] output={null}]]]>
              </value>
            </param>
          </params>
          <reporter-output>
          </reporter-output>
        </test-method> <!-- afterMethod -->
        <test-method status="PASS" signature="afterMethod(org.testng.ITestResult)[pri:0, instance:TestNG.CMAC@2344fc66]" name="afterMethod" is-config="true" duration-ms="0" started-at="2018-10-04T14:44:13Z" finished-at="2018-10-04T14:44:13Z">
          <params>
            <param index="0">
              <value>
                <![CDATA[[TestResult name=RetrieveProjectDetails status=SUCCESS method=CMAC.RetrieveProjectDetails(java.lang.String, java.lang.String, java.lang.String)[pri:1, instance:TestNG.CMAC@2344fc66] output={null}]]]>
              </value>
            </param>
          </params>
          <reporter-output>
          </reporter-output>
        </test-method> <!-- afterMethod -->
        <test-method status="PASS" signature="afterMethod(org.testng.ITestResult)[pri:0, instance:TestNG.CMAC@2344fc66]" name="afterMethod" is-config="true" duration-ms="0" started-at="2018-10-04T14:44:13Z" finished-at="2018-10-04T14:44:13Z">
          <params>
            <param index="0">
              <value>
                <![CDATA[[TestResult name=RetrieveProjectDetails status=SUCCESS method=CMAC.RetrieveProjectDetails(java.lang.String, java.lang.String, java.lang.String)[pri:1, instance:TestNG.CMAC@2344fc66] output={null}]]]>
              </value>
            </param>
          </params>
          <reporter-output>
          </reporter-output>
        </test-method> <!-- afterMethod -->
        <test-method status="PASS" signature="afterMethod(org.testng.ITestResult)[pri:0, instance:TestNG.CMAC@2344fc66]" name="afterMethod" is-config="true" duration-ms="8" started-at="2018-10-04T14:44:13Z" finished-at="2018-10-04T14:44:13Z">
          <params>
            <param index="0">
              <value>
                <![CDATA[[TestResult name=RetrieveProjectDetails status=SUCCESS method=CMAC.RetrieveProjectDetails(java.lang.String, java.lang.String, java.lang.String)[pri:1, instance:TestNG.CMAC@2344fc66] output={null}]]]>
              </value>
            </param>
          </params>
          <reporter-output>
          </reporter-output>
        </test-method> <!-- afterMethod -->
        <test-method status="PASS" signature="afterMethod(org.testng.ITestResult)[pri:0, instance:TestNG.CMAC@2344fc66]" name="afterMethod" is-config="true" duration-ms="0" started-at="2018-10-04T14:44:13Z" finished-at="2018-10-04T14:44:13Z">
          <params>
            <param index="0">
              <value>
                <![CDATA[[TestResult name=RetrieveProjectDetails status=SUCCESS method=CMAC.RetrieveProjectDetails(java.lang.String, java.lang.String, java.lang.String)[pri:1, instance:TestNG.CMAC@2344fc66] output={null}]]]>
              </value>
            </param>
          </params>
          <reporter-output>
          </reporter-output>
        </test-method> <!-- afterMethod -->
        <test-method status="PASS" signature="afterMethod(org.testng.ITestResult)[pri:0, instance:TestNG.CMAC@2344fc66]" name="afterMethod" is-config="true" duration-ms="0" started-at="2018-10-04T14:44:13Z" finished-at="2018-10-04T14:44:13Z">
          <params>
            <param index="0">
              <value>
                <![CDATA[[TestResult name=RetrieveProjectDetails status=SUCCESS method=CMAC.RetrieveProjectDetails(java.lang.String, java.lang.String, java.lang.String)[pri:1, instance:TestNG.CMAC@2344fc66] output={null}]]]>
              </value>
            </param>
          </params>
          <reporter-output>
          </reporter-output>
        </test-method> <!-- afterMethod -->
        <test-method status="PASS" signature="afterMethod(org.testng.ITestResult)[pri:0, instance:TestNG.CMAC@2344fc66]" name="afterMethod" is-config="true" duration-ms="0" started-at="2018-10-04T14:44:13Z" finished-at="2018-10-04T14:44:13Z">
          <params>
            <param index="0">
              <value>
                <![CDATA[[TestResult name=RetrieveProjectDetails status=SUCCESS method=CMAC.RetrieveProjectDetails(java.lang.String, java.lang.String, java.lang.String)[pri:1, instance:TestNG.CMAC@2344fc66] output={null}]]]>
              </value>
            </param>
          </params>
          <reporter-output>
          </reporter-output>
        </test-method> <!-- afterMethod -->
        <test-method status="FAIL" signature="UpdateProjectName(java.lang.String, java.lang.String, java.lang.String, java.lang.String)[pri:1, instance:TestNG.CMAC@2344fc66]" name="UpdateProjectName" duration-ms="63" started-at="2018-10-04T14:44:13Z" data-provider="dp" finished-at="2018-10-04T14:44:13Z">
          <exception class="org.testng.internal.reflect.MethodMatcherException">
            <message>
              <![CDATA[
Data provider mismatch
Method: UpdateProjectName([Parameter{index=0, type=java.lang.String, declaredAnnotations=[]}, Parameter{index=1, type=java.lang.String, declaredAnnotations=[]}, Parameter{index=2, type=java.lang.String, declaredAnnotations=[]}, Parameter{index=3, type=java.lang.String, declaredAnnotations=[]}])
Arguments: [(java.lang.String) https://cmac-dev.app.wtcdev2.paas.fedex.com/cmac/v3/projects/,(java.lang.String) 10371,(java.lang.String) Proj Update 100418T094413]]]>
            </message>
            <full-stacktrace>
              <![CDATA[org.testng.internal.reflect.MethodMatcherException: 
Data provider mismatch
Method: UpdateProjectName([Parameter{index=0, type=java.lang.String, declaredAnnotations=[]}, Parameter{index=1, type=java.lang.String, declaredAnnotations=[]}, Parameter{index=2, type=java.lang.String, declaredAnnotations=[]}, Parameter{index=3, type=java.lang.String, declaredAnnotations=[]}])
Arguments: [(java.lang.String) https://cmac-dev.app.wtcdev2.paas.fedex.com/cmac/v3/projects/,(java.lang.String) 10371,(java.lang.String) Proj Update 100418T094413]
at org.testng.internal.reflect.DataProviderMethodMatcher.getConformingArguments(DataProviderMethodMatcher.java:45)
at org.testng.internal.Parameters.injectParameters(Parameters.java:796)
at org.testng.internal.Invoker.invokeTestMethods(Invoker.java:954)
at org.testng.internal.TestMethodWorker.invokeTestMethods(TestMethodWorker.java:125)
at org.testng.internal.TestMethodWorker.run(TestMethodWorker.java:109)
at org.testng.TestRunner.privateRun(TestRunner.java:648)
at org.testng.TestRunner.run(TestRunner.java:505)
at org.testng.SuiteRunner.runTest(SuiteRunner.java:455)
at org.testng.SuiteRunner.runSequentially(SuiteRunner.java:450)
at org.testng.SuiteRunner.privateRun(SuiteRunner.java:415)
at org.testng.SuiteRunner.run(SuiteRunner.java:364)
at org.testng.SuiteRunnerWorker.runSuite(SuiteRunnerWorker.java:52)
at org.testng.SuiteRunnerWorker.run(SuiteRunnerWorker.java:84)
at org.testng.TestNG.runSuitesSequentially(TestNG.java:1208)
at org.testng.TestNG.runSuitesLocally(TestNG.java:1137)
at org.testng.TestNG.runSuites(TestNG.java:1049)
at org.testng.TestNG.run(TestNG.java:1017)
at org.testng.remote.AbstractRemoteTestNG.run(AbstractRemoteTestNG.java:114)
at org.testng.remote.RemoteTestNG.initAndRun(RemoteTestNG.java:251)
at org.testng.remote.RemoteTestNG.main(RemoteTestNG.java:77)
]]>
            </full-stacktrace>
          </exception> <!-- org.testng.internal.reflect.MethodMatcherException -->
          <reporter-output>
          </reporter-output>
        </test-method> <!-- UpdateProjectName -->
        <test-method status="PASS" signature="AddResourcesToProject(java.lang.String, java.lang.String, [Ljava.lang.String;)[pri:1, instance:TestNG.CMAC@2344fc66]" name="AddResourcesToProject" duration-ms="37" started-at="2018-10-04T14:44:13Z" data-provider="dp" finished-at="2018-10-04T14:44:13Z">
          <params>
            <param index="0">
              <value>
                <![CDATA[https://cmac-dev.app.wtcdev2.paas.fedex.com/cmac/v3/projects/]]>
              </value>
            </param>
            <param index="1">
              <value>
                <![CDATA[10371]]>
              </value>
            </param>
            <param index="2">
              <value>
                <![CDATA[[Ljava.lang.String;@1cd37328]]>
              </value>
            </param>
          </params>
          <reporter-output>
          </reporter-output>
        </test-method> <!-- AddResourcesToProject -->
        <test-method status="PASS" signature="AddResourcesToProject(java.lang.String, java.lang.String, [Ljava.lang.String;)[pri:1, instance:TestNG.CMAC@2344fc66]" name="AddResourcesToProject" duration-ms="87" started-at="2018-10-04T14:44:13Z" data-provider="dp" finished-at="2018-10-04T14:44:13Z">
          <params>
            <param index="0">
              <value>
                <![CDATA[https://cmac-dev.app.wtcdev2.paas.fedex.com/cmac/v3/projects/]]>
              </value>
            </param>
            <param index="1">
              <value>
                <![CDATA[10371]]>
              </value>
            </param>
            <param index="2">
              <value>
                <![CDATA[[Ljava.lang.String;@1ed94c18]]>
              </value>
            </param>
          </params>
          <reporter-output>
          </reporter-output>
        </test-method> <!-- AddResourcesToProject -->
        <test-method status="PASS" signature="AddResourcesToProject(java.lang.String, java.lang.String, [Ljava.lang.String;)[pri:1, instance:TestNG.CMAC@2344fc66]" name="AddResourcesToProject" duration-ms="36" started-at="2018-10-04T14:44:13Z" data-provider="dp" finished-at="2018-10-04T14:44:13Z">
          <params>
            <param index="0">
              <value>
                <![CDATA[https://cmac-dev.app.wtcdev2.paas.fedex.com/cmac/v3/projects/]]>
              </value>
            </param>
            <param index="1">
              <value>
                <![CDATA[10371]]>
              </value>
            </param>
            <param index="2">
              <value>
                <![CDATA[[Ljava.lang.String;@34bccdde]]>
              </value>
            </param>
          </params>
          <reporter-output>
          </reporter-output>
        </test-method> <!-- AddResourcesToProject -->
        <test-method status="PASS" signature="AddResourcesToProject(java.lang.String, java.lang.String, [Ljava.lang.String;)[pri:1, instance:TestNG.CMAC@2344fc66]" name="AddResourcesToProject" duration-ms="182" started-at="2018-10-04T14:44:13Z" data-provider="dp" finished-at="2018-10-04T14:44:13Z">
          <params>
            <param index="0">
              <value>
                <![CDATA[https://cmac-dev.app.wtcdev2.paas.fedex.com/cmac/v3/projects/]]>
              </value>
            </param>
            <param index="1">
              <value>
                <![CDATA[10371]]>
              </value>
            </param>
            <param index="2">
              <value>
                <![CDATA[[Ljava.lang.String;@71a83033]]>
              </value>
            </param>
          </params>
          <reporter-output>
          </reporter-output>
        </test-method> <!-- AddResourcesToProject -->
        <test-method status="PASS" signature="AddResourcesToProject(java.lang.String, java.lang.String, [Ljava.lang.String;)[pri:1, instance:TestNG.CMAC@2344fc66]" name="AddResourcesToProject" duration-ms="120" started-at="2018-10-04T14:44:13Z" data-provider="dp" finished-at="2018-10-04T14:44:13Z">
          <params>
            <param index="0">
              <value>
                <![CDATA[https://cmac-dev.app.wtcdev2.paas.fedex.com/cmac/v3/projects/]]>
              </value>
            </param>
            <param index="1">
              <value>
                <![CDATA[10371]]>
              </value>
            </param>
            <param index="2">
              <value>
                <![CDATA[[Ljava.lang.String;@1224a58a]]>
              </value>
            </param>
          </params>
          <reporter-output>
          </reporter-output>
        </test-method> <!-- AddResourcesToProject -->
        <test-method status="PASS" signature="AddResourcesToProject(java.lang.String, java.lang.String, [Ljava.lang.String;)[pri:1, instance:TestNG.CMAC@2344fc66]" name="AddResourcesToProject" duration-ms="102" started-at="2018-10-04T14:44:13Z" data-provider="dp" finished-at="2018-10-04T14:44:13Z">
          <params>
            <param index="0">
              <value>
                <![CDATA[https://cmac-dev.app.wtcdev2.paas.fedex.com/cmac/v3/projects/]]>
              </value>
            </param>
            <param index="1">
              <value>
                <![CDATA[10371]]>
              </value>
            </param>
            <param index="2">
              <value>
                <![CDATA[[Ljava.lang.String;@7638d19f]]>
              </value>
            </param>
          </params>
          <reporter-output>
          </reporter-output>
        </test-method> <!-- AddResourcesToProject -->
        <test-method status="PASS" signature="AddResourcesToProject(java.lang.String, java.lang.String, [Ljava.lang.String;)[pri:1, instance:TestNG.CMAC@2344fc66]" name="AddResourcesToProject" duration-ms="167" started-at="2018-10-04T14:44:13Z" data-provider="dp" finished-at="2018-10-04T14:44:13Z">
          <params>
            <param index="0">
              <value>
                <![CDATA[https://cmac-dev.app.wtcdev2.paas.fedex.com/cmac/v3/projects/]]>
              </value>
            </param>
            <param index="1">
              <value>
                <![CDATA[10371]]>
              </value>
            </param>
            <param index="2">
              <value>
                <![CDATA[[Ljava.lang.String;@47206646]]>
              </value>
            </param>
          </params>
          <reporter-output>
          </reporter-output>
        </test-method> <!-- AddResourcesToProject -->
        <test-method status="PASS" signature="AddResourcesToProject(java.lang.String, java.lang.String, [Ljava.lang.String;)[pri:1, instance:TestNG.CMAC@2344fc66]" name="AddResourcesToProject" duration-ms="55" started-at="2018-10-04T14:44:13Z" data-provider="dp" finished-at="2018-10-04T14:44:13Z">
          <params>
            <param index="0">
              <value>
                <![CDATA[https://cmac-dev.app.wtcdev2.paas.fedex.com/cmac/v3/projects/]]>
              </value>
            </param>
            <param index="1">
              <value>
                <![CDATA[10371]]>
              </value>
            </param>
            <param index="2">
              <value>
                <![CDATA[[Ljava.lang.String;@7294dce0]]>
              </value>
            </param>
          </params>
          <reporter-output>
          </reporter-output>
        </test-method> <!-- AddResourcesToProject -->
        <test-method status="PASS" signature="afterMethod(org.testng.ITestResult)[pri:0, instance:TestNG.CMAC@2344fc66]" name="afterMethod" is-config="true" duration-ms="0" started-at="2018-10-04T14:44:13Z" finished-at="2018-10-04T14:44:13Z">
          <params>
            <param index="0">
              <value>
                <![CDATA[[TestResult name=AddResourcesToProject status=SUCCESS method=CMAC.AddResourcesToProject(java.lang.String, java.lang.String, [Ljava.lang.String;)[pri:1, instance:TestNG.CMAC@2344fc66] output={null}]]]>
              </value>
            </param>
          </params>
          <reporter-output>
          </reporter-output>
        </test-method> <!-- afterMethod -->
        <test-method status="PASS" signature="afterMethod(org.testng.ITestResult)[pri:0, instance:TestNG.CMAC@2344fc66]" name="afterMethod" is-config="true" duration-ms="0" started-at="2018-10-04T14:44:13Z" finished-at="2018-10-04T14:44:13Z">
          <params>
            <param index="0">
              <value>
                <![CDATA[[TestResult name=AddResourcesToProject status=SUCCESS method=CMAC.AddResourcesToProject(java.lang.String, java.lang.String, [Ljava.lang.String;)[pri:1, instance:TestNG.CMAC@2344fc66] output={null}]]]>
              </value>
            </param>
          </params>
          <reporter-output>
          </reporter-output>
        </test-method> <!-- afterMethod -->
        <test-method status="PASS" signature="afterMethod(org.testng.ITestResult)[pri:0, instance:TestNG.CMAC@2344fc66]" name="afterMethod" is-config="true" duration-ms="0" started-at="2018-10-04T14:44:13Z" finished-at="2018-10-04T14:44:13Z">
          <params>
            <param index="0">
              <value>
                <![CDATA[[TestResult name=AddResourcesToProject status=SUCCESS method=CMAC.AddResourcesToProject(java.lang.String, java.lang.String, [Ljava.lang.String;)[pri:1, instance:TestNG.CMAC@2344fc66] output={null}]]]>
              </value>
            </param>
          </params>
          <reporter-output>
          </reporter-output>
        </test-method> <!-- afterMethod -->
        <test-method status="PASS" signature="afterMethod(org.testng.ITestResult)[pri:0, instance:TestNG.CMAC@2344fc66]" name="afterMethod" is-config="true" duration-ms="0" started-at="2018-10-04T14:44:13Z" finished-at="2018-10-04T14:44:13Z">
          <params>
            <param index="0">
              <value>
                <![CDATA[[TestResult name=AddResourcesToProject status=SUCCESS method=CMAC.AddResourcesToProject(java.lang.String, java.lang.String, [Ljava.lang.String;)[pri:1, instance:TestNG.CMAC@2344fc66] output={null}]]]>
              </value>
            </param>
          </params>
          <reporter-output>
          </reporter-output>
        </test-method> <!-- afterMethod -->
        <test-method status="PASS" signature="afterMethod(org.testng.ITestResult)[pri:0, instance:TestNG.CMAC@2344fc66]" name="afterMethod" is-config="true" duration-ms="16" started-at="2018-10-04T14:44:13Z" finished-at="2018-10-04T14:44:13Z">
          <params>
            <param index="0">
              <value>
                <![CDATA[[TestResult name=AddResourcesToProject status=SUCCESS method=CMAC.AddResourcesToProject(java.lang.String, java.lang.String, [Ljava.lang.String;)[pri:1, instance:TestNG.CMAC@2344fc66] output={null}]]]>
              </value>
            </param>
          </params>
          <reporter-output>
          </reporter-output>
        </test-method> <!-- afterMethod -->
        <test-method status="PASS" signature="afterMethod(org.testng.ITestResult)[pri:0, instance:TestNG.CMAC@2344fc66]" name="afterMethod" is-config="true" duration-ms="0" started-at="2018-10-04T14:44:13Z" finished-at="2018-10-04T14:44:13Z">
          <params>
            <param index="0">
              <value>
                <![CDATA[[TestResult name=AddResourcesToProject status=SUCCESS method=CMAC.AddResourcesToProject(java.lang.String, java.lang.String, [Ljava.lang.String;)[pri:1, instance:TestNG.CMAC@2344fc66] output={null}]]]>
              </value>
            </param>
          </params>
          <reporter-output>
          </reporter-output>
        </test-method> <!-- afterMethod -->
        <test-method status="PASS" signature="afterMethod(org.testng.ITestResult)[pri:0, instance:TestNG.CMAC@2344fc66]" name="afterMethod" is-config="true" duration-ms="0" started-at="2018-10-04T14:44:13Z" finished-at="2018-10-04T14:44:13Z">
          <params>
            <param index="0">
              <value>
                <![CDATA[[TestResult name=AddResourcesToProject status=SUCCESS method=CMAC.AddResourcesToProject(java.lang.String, java.lang.String, [Ljava.lang.String;)[pri:1, instance:TestNG.CMAC@2344fc66] output={null}]]]>
              </value>
            </param>
          </params>
          <reporter-output>
          </reporter-output>
        </test-method> <!-- afterMethod -->
        <test-method status="PASS" signature="afterMethod(org.testng.ITestResult)[pri:0, instance:TestNG.CMAC@2344fc66]" name="afterMethod" is-config="true" duration-ms="0" started-at="2018-10-04T14:44:13Z" finished-at="2018-10-04T14:44:13Z">
          <params>
            <param index="0">
              <value>
                <![CDATA[[TestResult name=AddResourcesToProject status=SUCCESS method=CMAC.AddResourcesToProject(java.lang.String, java.lang.String, [Ljava.lang.String;)[pri:1, instance:TestNG.CMAC@2344fc66] output={null}]]]>
              </value>
            </param>
          </params>
          <reporter-output>
          </reporter-output>
        </test-method> <!-- afterMethod -->
        <test-method status="FAIL" signature="CreateProjectForTest(java.lang.String, java.lang.String, java.lang.String, [Ljava.lang.String;)[pri:1, instance:TestNG.CMAC@2344fc66]" name="CreateProjectForTest" duration-ms="621" started-at="2018-10-04T14:44:13Z" data-provider="TestData_dp" finished-at="2018-10-04T14:44:14Z">
          <params>
            <param index="0">
              <value>
                <![CDATA[https://cmac-dev.app.wtcdev2.paas.fedex.com/cmac/v3/projects]]>
              </value>
            </param>
            <param index="1">
              <value>
                <![CDATA[fdx_login=ssoxdev1.8d9f.29298c12]]>
              </value>
            </param>
            <param index="2">
              <value>
                <![CDATA[Proj L2USCC051118T114912]]>
              </value>
            </param>
            <param index="3">
              <value>
                <![CDATA[[Ljava.lang.String;@1cd37328]]>
              </value>
            </param>
          </params>
          <exception class="java.lang.AssertionError">
            <message>
              <![CDATA[
Expected: (a string containing "transactionId" and a string containing "pid" and a string containing "projectname" and a string containing "cid" and a string containing "accountNumber" and a string containing "creationtime")
     but: a string containing "pid" was "{"transactionId":"63827132-9f83-4747-9114-51135ae1c455","errors":[{"code":"SYSTEM.UNEXPECTED.ERROR","message":"GENERIC.ERROR"}]}"]]>
            </message>
            <full-stacktrace>
              <![CDATA[java.lang.AssertionError: 
Expected: (a string containing "transactionId" and a string containing "pid" and a string containing "projectname" and a string containing "cid" and a string containing "accountNumber" and a string containing "creationtime")
     but: a string containing "pid" was "{"transactionId":"63827132-9f83-4747-9114-51135ae1c455","errors":[{"code":"SYSTEM.UNEXPECTED.ERROR","message":"GENERIC.ERROR"}]}"
at org.hamcrest.MatcherAssert.assertThat(MatcherAssert.java:20)
at org.junit.Assert.assertThat(Assert.java:956)
at org.junit.Assert.assertThat(Assert.java:923)
at TestNG.CMAC.CreateProjectForTest(CMAC.java:507)
at sun.reflect.NativeMethodAccessorImpl.invoke0(Native Method)
at sun.reflect.NativeMethodAccessorImpl.invoke(Unknown Source)
at sun.reflect.DelegatingMethodAccessorImpl.invoke(Unknown Source)
at java.lang.reflect.Method.invoke(Unknown Source)
at org.testng.internal.MethodInvocationHelper.invokeMethod(MethodInvocationHelper.java:124)
at org.testng.internal.Invoker.invokeMethod(Invoker.java:580)
at org.testng.internal.Invoker.invokeTestMethod(Invoker.java:716)
at org.testng.internal.TestMethodWithDataProviderMethodWorker.call(TestMethodWithDataProviderMethodWorker.java:71)
at org.testng.internal.TestMethodWithDataProviderMethodWorker.call(TestMethodWithDataProviderMethodWorker.java:14)
at java.util.concurrent.FutureTask.run(Unknown Source)
at java.util.concurrent.Executors$RunnableAdapter.call(Unknown Source)
at java.util.concurrent.FutureTask.run(Unknown Source)
at java.util.concurrent.ThreadPoolExecutor.runWorker(Unknown Source)
at java.util.concurrent.ThreadPoolExecutor$Worker.run(Unknown Source)
at java.lang.Thread.run(Unknown Source)
]]>
            </full-stacktrace>
          </exception> <!-- java.lang.AssertionError -->
          <reporter-output>
          </reporter-output>
        </test-method> <!-- CreateProjectForTest -->
        <test-method status="FAIL" signature="CreateProjectForTest(java.lang.String, java.lang.String, java.lang.String, [Ljava.lang.String;)[pri:1, instance:TestNG.CMAC@2344fc66]" name="CreateProjectForTest" duration-ms="4031" started-at="2018-10-04T14:44:13Z" data-provider="TestData_dp" finished-at="2018-10-04T14:44:17Z">
          <params>
            <param index="0">
              <value>
                <![CDATA[https://cmac-dev.app.wtcdev2.paas.fedex.com/cmac/v3/projects]]>
              </value>
            </param>
            <param index="1">
              <value>
                <![CDATA[fdx_login=ssoxdev1.8409.4eea83d5]]>
              </value>
            </param>
            <param index="2">
              <value>
                <![CDATA[Proj L3TWNoRs]]>
              </value>
            </param>
            <param index="3">
              <value>
                <![CDATA[[Ljava.lang.String;@7294dce0]]>
              </value>
            </param>
          </params>
          <exception class="java.lang.AssertionError">
            <message>
              <![CDATA[
Expected: (a string containing "transactionId" and a string containing "pid" and a string containing "projectname" and a string containing "cid" and a string containing "accountNumber" and a string containing "creationtime")
     but: a string containing "pid" was "{"transactionId":"1d9942c6-1900-446b-8551-46dc71fae8de","errors":[{"code":"SYSTEM.UNEXPECTED.ERROR","message":"GENERIC.ERROR"}]}"]]>
            </message>
            <full-stacktrace>
              <![CDATA[java.lang.AssertionError: 
Expected: (a string containing "transactionId" and a string containing "pid" and a string containing "projectname" and a string containing "cid" and a string containing "accountNumber" and a string containing "creationtime")
     but: a string containing "pid" was "{"transactionId":"1d9942c6-1900-446b-8551-46dc71fae8de","errors":[{"code":"SYSTEM.UNEXPECTED.ERROR","message":"GENERIC.ERROR"}]}"
at org.hamcrest.MatcherAssert.assertThat(MatcherAssert.java:20)
at org.junit.Assert.assertThat(Assert.java:956)
at org.junit.Assert.assertThat(Assert.java:923)
at TestNG.CMAC.CreateProjectForTest(CMAC.java:507)
at sun.reflect.NativeMethodAccessorImpl.invoke0(Native Method)
at sun.reflect.NativeMethodAccessorImpl.invoke(Unknown Source)
at sun.reflect.DelegatingMethodAccessorImpl.invoke(Unknown Source)
at java.lang.reflect.Method.invoke(Unknown Source)
at org.testng.internal.MethodInvocationHelper.invokeMethod(MethodInvocationHelper.java:124)
at org.testng.internal.Invoker.invokeMethod(Invoker.java:580)
at org.testng.internal.Invoker.invokeTestMethod(Invoker.java:716)
at org.testng.internal.TestMethodWithDataProviderMethodWorker.call(TestMethodWithDataProviderMethodWorker.java:71)
at org.testng.internal.TestMethodWithDataProviderMethodWorker.call(TestMethodWithDataProviderMethodWorker.java:14)
at java.util.concurrent.FutureTask.run(Unknown Source)
at java.util.concurrent.Executors$RunnableAdapter.call(Unknown Source)
at java.util.concurrent.FutureTask.run(Unknown Source)
at java.util.concurrent.ThreadPoolExecutor.runWorker(Unknown Source)
at java.util.concurrent.ThreadPoolExecutor$Worker.run(Unknown Source)
at java.lang.Thread.run(Unknown Source)
]]>
            </full-stacktrace>
          </exception> <!-- java.lang.AssertionError -->
          <reporter-output>
          </reporter-output>
        </test-method> <!-- CreateProjectForTest -->
        <test-method status="FAIL" signature="CreateProjectForTest(java.lang.String, java.lang.String, java.lang.String, [Ljava.lang.String;)[pri:1, instance:TestNG.CMAC@2344fc66]" name="CreateProjectForTest" duration-ms="1237" started-at="2018-10-04T14:44:13Z" data-provider="TestData_dp" finished-at="2018-10-04T14:44:15Z">
          <params>
            <param index="0">
              <value>
                <![CDATA[https://cmac-dev.app.wtcdev2.paas.fedex.com/cmac/v3/projects]]>
              </value>
            </param>
            <param index="1">
              <value>
                <![CDATA[fdx_login=ssoxdev1.9aab.78b29a35]]>
              </value>
            </param>
            <param index="2">
              <value>
                <![CDATA[Proj L2USCC072418T142910]]>
              </value>
            </param>
            <param index="3">
              <value>
                <![CDATA[[Ljava.lang.String;@34bccdde]]>
              </value>
            </param>
          </params>
          <exception class="java.lang.AssertionError">
            <message>
              <![CDATA[
Expected: (a string containing "transactionId" and a string containing "pid" and a string containing "projectname" and a string containing "cid" and a string containing "accountNumber" and a string containing "creationtime")
     but: a string containing "pid" was "{"transactionId":"935d76d2-d37b-4699-a730-4a0b36e250fc","errors":[{"code":"SYSTEM.UNEXPECTED.ERROR","message":"GENERIC.ERROR"}]}"]]>
            </message>
            <full-stacktrace>
              <![CDATA[java.lang.AssertionError: 
Expected: (a string containing "transactionId" and a string containing "pid" and a string containing "projectname" and a string containing "cid" and a string containing "accountNumber" and a string containing "creationtime")
     but: a string containing "pid" was "{"transactionId":"935d76d2-d37b-4699-a730-4a0b36e250fc","errors":[{"code":"SYSTEM.UNEXPECTED.ERROR","message":"GENERIC.ERROR"}]}"
at org.hamcrest.MatcherAssert.assertThat(MatcherAssert.java:20)
at org.junit.Assert.assertThat(Assert.java:956)
at org.junit.Assert.assertThat(Assert.java:923)
at TestNG.CMAC.CreateProjectForTest(CMAC.java:507)
at sun.reflect.NativeMethodAccessorImpl.invoke0(Native Method)
at sun.reflect.NativeMethodAccessorImpl.invoke(Unknown Source)
at sun.reflect.DelegatingMethodAccessorImpl.invoke(Unknown Source)
at java.lang.reflect.Method.invoke(Unknown Source)
at org.testng.internal.MethodInvocationHelper.invokeMethod(MethodInvocationHelper.java:124)
at org.testng.internal.Invoker.invokeMethod(Invoker.java:580)
at org.testng.internal.Invoker.invokeTestMethod(Invoker.java:716)
at org.testng.internal.TestMethodWithDataProviderMethodWorker.call(TestMethodWithDataProviderMethodWorker.java:71)
at org.testng.internal.TestMethodWithDataProviderMethodWorker.call(TestMethodWithDataProviderMethodWorker.java:14)
at java.util.concurrent.FutureTask.run(Unknown Source)
at java.util.concurrent.Executors$RunnableAdapter.call(Unknown Source)
at java.util.concurrent.FutureTask.run(Unknown Source)
at java.util.concurrent.ThreadPoolExecutor.runWorker(Unknown Source)
at java.util.concurrent.ThreadPoolExecutor$Worker.run(Unknown Source)
at java.lang.Thread.run(Unknown Source)
]]>
            </full-stacktrace>
          </exception> <!-- java.lang.AssertionError -->
          <reporter-output>
          </reporter-output>
        </test-method> <!-- CreateProjectForTest -->
        <test-method status="FAIL" signature="CreateProjectForTest(java.lang.String, java.lang.String, java.lang.String, [Ljava.lang.String;)[pri:1, instance:TestNG.CMAC@2344fc66]" name="CreateProjectForTest" duration-ms="1836" started-at="2018-10-04T14:44:13Z" data-provider="TestData_dp" finished-at="2018-10-04T14:44:15Z">
          <params>
            <param index="0">
              <value>
                <![CDATA[https://cmac-dev.app.wtcdev2.paas.fedex.com/cmac/v3/projects]]>
              </value>
            </param>
            <param index="1">
              <value>
                <![CDATA[fdx_login=ssoxdev1.8340.188de2cd]]>
              </value>
            </param>
            <param index="2">
              <value>
                <![CDATA[Proj EMEAGRP140]]>
              </value>
            </param>
            <param index="3">
              <value>
                <![CDATA[[Ljava.lang.String;@1ed94c18]]>
              </value>
            </param>
          </params>
          <exception class="java.lang.AssertionError">
            <message>
              <![CDATA[
Expected: (a string containing "transactionId" and a string containing "pid" and a string containing "projectname" and a string containing "cid" and a string containing "accountNumber" and a string containing "creationtime")
     but: a string containing "pid" was "{"transactionId":"4d912a11-d40b-4b5b-832b-5102683a4038","errors":[{"code":"SYSTEM.UNEXPECTED.ERROR","message":"GENERIC.ERROR"}]}"]]>
            </message>
            <full-stacktrace>
              <![CDATA[java.lang.AssertionError: 
Expected: (a string containing "transactionId" and a string containing "pid" and a string containing "projectname" and a string containing "cid" and a string containing "accountNumber" and a string containing "creationtime")
     but: a string containing "pid" was "{"transactionId":"4d912a11-d40b-4b5b-832b-5102683a4038","errors":[{"code":"SYSTEM.UNEXPECTED.ERROR","message":"GENERIC.ERROR"}]}"
at org.hamcrest.MatcherAssert.assertThat(MatcherAssert.java:20)
at org.junit.Assert.assertThat(Assert.java:956)
at org.junit.Assert.assertThat(Assert.java:923)
at TestNG.CMAC.CreateProjectForTest(CMAC.java:507)
at sun.reflect.NativeMethodAccessorImpl.invoke0(Native Method)
at sun.reflect.NativeMethodAccessorImpl.invoke(Unknown Source)
at sun.reflect.DelegatingMethodAccessorImpl.invoke(Unknown Source)
at java.lang.reflect.Method.invoke(Unknown Source)
at org.testng.internal.MethodInvocationHelper.invokeMethod(MethodInvocationHelper.java:124)
at org.testng.internal.Invoker.invokeMethod(Invoker.java:580)
at org.testng.internal.Invoker.invokeTestMethod(Invoker.java:716)
at org.testng.internal.TestMethodWithDataProviderMethodWorker.call(TestMethodWithDataProviderMethodWorker.java:71)
at org.testng.internal.TestMethodWithDataProviderMethodWorker.call(TestMethodWithDataProviderMethodWorker.java:14)
at java.util.concurrent.FutureTask.run(Unknown Source)
at java.util.concurrent.Executors$RunnableAdapter.call(Unknown Source)
at java.util.concurrent.FutureTask.run(Unknown Source)
at java.util.concurrent.ThreadPoolExecutor.runWorker(Unknown Source)
at java.util.concurrent.ThreadPoolExecutor$Worker.run(Unknown Source)
at java.lang.Thread.run(Unknown Source)
]]>
            </full-stacktrace>
          </exception> <!-- java.lang.AssertionError -->
          <reporter-output>
          </reporter-output>
        </test-method> <!-- CreateProjectForTest -->
        <test-method status="FAIL" signature="CreateProjectForTest(java.lang.String, java.lang.String, java.lang.String, [Ljava.lang.String;)[pri:1, instance:TestNG.CMAC@2344fc66]" name="CreateProjectForTest" duration-ms="3590" started-at="2018-10-04T14:44:13Z" data-provider="TestData_dp" finished-at="2018-10-04T14:44:17Z">
          <params>
            <param index="0">
              <value>
                <![CDATA[https://cmac-dev.app.wtcdev2.paas.fedex.com/cmac/v3/projects]]>
              </value>
            </param>
            <param index="1">
              <value>
                <![CDATA[fdx_login=ssoxdev1.c984.49b35863]]>
              </value>
            </param>
            <param index="2">
              <value>
                <![CDATA[Proj CASTDC60]]>
              </value>
            </param>
            <param index="3">
              <value>
                <![CDATA[[Ljava.lang.String;@7638d19f]]>
              </value>
            </param>
          </params>
          <exception class="java.lang.AssertionError">
            <message>
              <![CDATA[
Expected: (a string containing "transactionId" and a string containing "pid" and a string containing "projectname" and a string containing "cid" and a string containing "accountNumber" and a string containing "creationtime")
     but: a string containing "pid" was "{"transactionId":"331ac2fe-ff87-41e1-b093-59fc22b40333","errors":[{"code":"SYSTEM.UNEXPECTED.ERROR","message":"GENERIC.ERROR"}]}"]]>
            </message>
            <full-stacktrace>
              <![CDATA[java.lang.AssertionError: 
Expected: (a string containing "transactionId" and a string containing "pid" and a string containing "projectname" and a string containing "cid" and a string containing "accountNumber" and a string containing "creationtime")
     but: a string containing "pid" was "{"transactionId":"331ac2fe-ff87-41e1-b093-59fc22b40333","errors":[{"code":"SYSTEM.UNEXPECTED.ERROR","message":"GENERIC.ERROR"}]}"
at org.hamcrest.MatcherAssert.assertThat(MatcherAssert.java:20)
at org.junit.Assert.assertThat(Assert.java:956)
at org.junit.Assert.assertThat(Assert.java:923)
at TestNG.CMAC.CreateProjectForTest(CMAC.java:507)
at sun.reflect.NativeMethodAccessorImpl.invoke0(Native Method)
at sun.reflect.NativeMethodAccessorImpl.invoke(Unknown Source)
at sun.reflect.DelegatingMethodAccessorImpl.invoke(Unknown Source)
at java.lang.reflect.Method.invoke(Unknown Source)
at org.testng.internal.MethodInvocationHelper.invokeMethod(MethodInvocationHelper.java:124)
at org.testng.internal.Invoker.invokeMethod(Invoker.java:580)
at org.testng.internal.Invoker.invokeTestMethod(Invoker.java:716)
at org.testng.internal.TestMethodWithDataProviderMethodWorker.call(TestMethodWithDataProviderMethodWorker.java:71)
at org.testng.internal.TestMethodWithDataProviderMethodWorker.call(TestMethodWithDataProviderMethodWorker.java:14)
at java.util.concurrent.FutureTask.run(Unknown Source)
at java.util.concurrent.Executors$RunnableAdapter.call(Unknown Source)
at java.util.concurrent.FutureTask.run(Unknown Source)
at java.util.concurrent.ThreadPoolExecutor.runWorker(Unknown Source)
at java.util.concurrent.ThreadPoolExecutor$Worker.run(Unknown Source)
at java.lang.Thread.run(Unknown Source)
]]>
            </full-stacktrace>
          </exception> <!-- java.lang.AssertionError -->
          <reporter-output>
          </reporter-output>
        </test-method> <!-- CreateProjectForTest -->
        <test-method status="FAIL" signature="CreateProjectForTest(java.lang.String, java.lang.String, java.lang.String, [Ljava.lang.String;)[pri:1, instance:TestNG.CMAC@2344fc66]" name="CreateProjectForTest" duration-ms="2398" started-at="2018-10-04T14:44:13Z" data-provider="TestData_dp" finished-at="2018-10-04T14:44:16Z">
          <params>
            <param index="0">
              <value>
                <![CDATA[https://cmac-dev.app.wtcdev2.paas.fedex.com/cmac/v3/projects]]>
              </value>
            </param>
            <param index="1">
              <value>
                <![CDATA[fdx_login=ssoxdev1.91c8.5b9e1292]]>
              </value>
            </param>
            <param index="2">
              <value>
                <![CDATA[Proj APACCOMY2]]>
              </value>
            </param>
            <param index="3">
              <value>
                <![CDATA[[Ljava.lang.String;@71a83033]]>
              </value>
            </param>
          </params>
          <exception class="java.lang.AssertionError">
            <message>
              <![CDATA[
Expected: (a string containing "transactionId" and a string containing "pid" and a string containing "projectname" and a string containing "cid" and a string containing "accountNumber" and a string containing "creationtime")
     but: a string containing "pid" was "{"transactionId":"cb1c0e21-66df-49a8-85fd-dc3998b9a82d","errors":[{"code":"SYSTEM.UNEXPECTED.ERROR","message":"GENERIC.ERROR"}]}"]]>
            </message>
            <full-stacktrace>
              <![CDATA[java.lang.AssertionError: 
Expected: (a string containing "transactionId" and a string containing "pid" and a string containing "projectname" and a string containing "cid" and a string containing "accountNumber" and a string containing "creationtime")
     but: a string containing "pid" was "{"transactionId":"cb1c0e21-66df-49a8-85fd-dc3998b9a82d","errors":[{"code":"SYSTEM.UNEXPECTED.ERROR","message":"GENERIC.ERROR"}]}"
at org.hamcrest.MatcherAssert.assertThat(MatcherAssert.java:20)
at org.junit.Assert.assertThat(Assert.java:956)
at org.junit.Assert.assertThat(Assert.java:923)
at TestNG.CMAC.CreateProjectForTest(CMAC.java:507)
at sun.reflect.NativeMethodAccessorImpl.invoke0(Native Method)
at sun.reflect.NativeMethodAccessorImpl.invoke(Unknown Source)
at sun.reflect.DelegatingMethodAccessorImpl.invoke(Unknown Source)
at java.lang.reflect.Method.invoke(Unknown Source)
at org.testng.internal.MethodInvocationHelper.invokeMethod(MethodInvocationHelper.java:124)
at org.testng.internal.Invoker.invokeMethod(Invoker.java:580)
at org.testng.internal.Invoker.invokeTestMethod(Invoker.java:716)
at org.testng.internal.TestMethodWithDataProviderMethodWorker.call(TestMethodWithDataProviderMethodWorker.java:71)
at org.testng.internal.TestMethodWithDataProviderMethodWorker.call(TestMethodWithDataProviderMethodWorker.java:14)
at java.util.concurrent.FutureTask.run(Unknown Source)
at java.util.concurrent.Executors$RunnableAdapter.call(Unknown Source)
at java.util.concurrent.FutureTask.run(Unknown Source)
at java.util.concurrent.ThreadPoolExecutor.runWorker(Unknown Source)
at java.util.concurrent.ThreadPoolExecutor$Worker.run(Unknown Source)
at java.lang.Thread.run(Unknown Source)
]]>
            </full-stacktrace>
          </exception> <!-- java.lang.AssertionError -->
          <reporter-output>
          </reporter-output>
        </test-method> <!-- CreateProjectForTest -->
        <test-method status="FAIL" signature="CreateProjectForTest(java.lang.String, java.lang.String, java.lang.String, [Ljava.lang.String;)[pri:1, instance:TestNG.CMAC@2344fc66]" name="CreateProjectForTest" duration-ms="2967" started-at="2018-10-04T14:44:13Z" data-provider="TestData_dp" finished-at="2018-10-04T14:44:16Z">
          <params>
            <param index="0">
              <value>
                <![CDATA[https://cmac-dev.app.wtcdev2.paas.fedex.com/cmac/v3/projects]]>
              </value>
            </param>
            <param index="1">
              <value>
                <![CDATA[fdx_login=ssoxdev1.e10d.22868f76]]>
              </value>
            </param>
            <param index="2">
              <value>
                <![CDATA[Proj L2AdminBR605083560]]>
              </value>
            </param>
            <param index="3">
              <value>
                <![CDATA[[Ljava.lang.String;@1224a58a]]>
              </value>
            </param>
          </params>
          <exception class="java.lang.AssertionError">
            <message>
              <![CDATA[
Expected: (a string containing "transactionId" and a string containing "pid" and a string containing "projectname" and a string containing "cid" and a string containing "accountNumber" and a string containing "creationtime")
     but: a string containing "pid" was "{"transactionId":"d017dcf5-1197-49ff-8bae-1e93404b4ce6","errors":[{"code":"SYSTEM.UNEXPECTED.ERROR","message":"GENERIC.ERROR"}]}"]]>
            </message>
            <full-stacktrace>
              <![CDATA[java.lang.AssertionError: 
Expected: (a string containing "transactionId" and a string containing "pid" and a string containing "projectname" and a string containing "cid" and a string containing "accountNumber" and a string containing "creationtime")
     but: a string containing "pid" was "{"transactionId":"d017dcf5-1197-49ff-8bae-1e93404b4ce6","errors":[{"code":"SYSTEM.UNEXPECTED.ERROR","message":"GENERIC.ERROR"}]}"
at org.hamcrest.MatcherAssert.assertThat(MatcherAssert.java:20)
at org.junit.Assert.assertThat(Assert.java:956)
at org.junit.Assert.assertThat(Assert.java:923)
at TestNG.CMAC.CreateProjectForTest(CMAC.java:507)
at sun.reflect.NativeMethodAccessorImpl.invoke0(Native Method)
at sun.reflect.NativeMethodAccessorImpl.invoke(Unknown Source)
at sun.reflect.DelegatingMethodAccessorImpl.invoke(Unknown Source)
at java.lang.reflect.Method.invoke(Unknown Source)
at org.testng.internal.MethodInvocationHelper.invokeMethod(MethodInvocationHelper.java:124)
at org.testng.internal.Invoker.invokeMethod(Invoker.java:580)
at org.testng.internal.Invoker.invokeTestMethod(Invoker.java:716)
at org.testng.internal.TestMethodWithDataProviderMethodWorker.call(TestMethodWithDataProviderMethodWorker.java:71)
at org.testng.internal.TestMethodWithDataProviderMethodWorker.call(TestMethodWithDataProviderMethodWorker.java:14)
at java.util.concurrent.FutureTask.run(Unknown Source)
at java.util.concurrent.Executors$RunnableAdapter.call(Unknown Source)
at java.util.concurrent.FutureTask.run(Unknown Source)
at java.util.concurrent.ThreadPoolExecutor.runWorker(Unknown Source)
at java.util.concurrent.ThreadPoolExecutor$Worker.run(Unknown Source)
at java.lang.Thread.run(Unknown Source)
]]>
            </full-stacktrace>
          </exception> <!-- java.lang.AssertionError -->
          <reporter-output>
          </reporter-output>
        </test-method> <!-- CreateProjectForTest -->
        <test-method status="PASS" signature="afterMethod(org.testng.ITestResult)[pri:0, instance:TestNG.CMAC@2344fc66]" name="afterMethod" is-config="true" duration-ms="0" started-at="2018-10-04T14:44:14Z" finished-at="2018-10-04T14:44:14Z">
          <params>
            <param index="0">
              <value>
                <![CDATA[[TestResult name=CreateProjectForTest status=FAILURE method=CMAC.CreateProjectForTest(java.lang.String, java.lang.String, java.lang.String, [Ljava.lang.String;)[pri:1, instance:TestNG.CMAC@2344fc66] output={null}]]]>
              </value>
            </param>
          </params>
          <reporter-output>
          </reporter-output>
        </test-method> <!-- afterMethod -->
        <test-method status="PASS" signature="afterMethod(org.testng.ITestResult)[pri:0, instance:TestNG.CMAC@2344fc66]" name="afterMethod" is-config="true" duration-ms="0" started-at="2018-10-04T14:44:15Z" finished-at="2018-10-04T14:44:15Z">
          <params>
            <param index="0">
              <value>
                <![CDATA[[TestResult name=CreateProjectForTest status=FAILURE method=CMAC.CreateProjectForTest(java.lang.String, java.lang.String, java.lang.String, [Ljava.lang.String;)[pri:1, instance:TestNG.CMAC@2344fc66] output={null}]]]>
              </value>
            </param>
          </params>
          <reporter-output>
          </reporter-output>
        </test-method> <!-- afterMethod -->
        <test-method status="PASS" signature="afterMethod(org.testng.ITestResult)[pri:0, instance:TestNG.CMAC@2344fc66]" name="afterMethod" is-config="true" duration-ms="0" started-at="2018-10-04T14:44:15Z" finished-at="2018-10-04T14:44:15Z">
          <params>
            <param index="0">
              <value>
                <![CDATA[[TestResult name=CreateProjectForTest status=FAILURE method=CMAC.CreateProjectForTest(java.lang.String, java.lang.String, java.lang.String, [Ljava.lang.String;)[pri:1, instance:TestNG.CMAC@2344fc66] output={null}]]]>
              </value>
            </param>
          </params>
          <reporter-output>
          </reporter-output>
        </test-method> <!-- afterMethod -->
        <test-method status="PASS" signature="afterMethod(org.testng.ITestResult)[pri:0, instance:TestNG.CMAC@2344fc66]" name="afterMethod" is-config="true" duration-ms="0" started-at="2018-10-04T14:44:16Z" finished-at="2018-10-04T14:44:16Z">
          <params>
            <param index="0">
              <value>
                <![CDATA[[TestResult name=CreateProjectForTest status=FAILURE method=CMAC.CreateProjectForTest(java.lang.String, java.lang.String, java.lang.String, [Ljava.lang.String;)[pri:1, instance:TestNG.CMAC@2344fc66] output={null}]]]>
              </value>
            </param>
          </params>
          <reporter-output>
          </reporter-output>
        </test-method> <!-- afterMethod -->
        <test-method status="PASS" signature="afterMethod(org.testng.ITestResult)[pri:0, instance:TestNG.CMAC@2344fc66]" name="afterMethod" is-config="true" duration-ms="0" started-at="2018-10-04T14:44:16Z" finished-at="2018-10-04T14:44:16Z">
          <params>
            <param index="0">
              <value>
                <![CDATA[[TestResult name=CreateProjectForTest status=FAILURE method=CMAC.CreateProjectForTest(java.lang.String, java.lang.String, java.lang.String, [Ljava.lang.String;)[pri:1, instance:TestNG.CMAC@2344fc66] output={null}]]]>
              </value>
            </param>
          </params>
          <reporter-output>
          </reporter-output>
        </test-method> <!-- afterMethod -->
        <test-method status="PASS" signature="afterMethod(org.testng.ITestResult)[pri:0, instance:TestNG.CMAC@2344fc66]" name="afterMethod" is-config="true" duration-ms="0" started-at="2018-10-04T14:44:17Z" finished-at="2018-10-04T14:44:17Z">
          <params>
            <param index="0">
              <value>
                <![CDATA[[TestResult name=CreateProjectForTest status=FAILURE method=CMAC.CreateProjectForTest(java.lang.String, java.lang.String, java.lang.String, [Ljava.lang.String;)[pri:1, instance:TestNG.CMAC@2344fc66] output={null}]]]>
              </value>
            </param>
          </params>
          <reporter-output>
          </reporter-output>
        </test-method> <!-- afterMethod -->
        <test-method status="PASS" signature="afterMethod(org.testng.ITestResult)[pri:0, instance:TestNG.CMAC@2344fc66]" name="afterMethod" is-config="true" duration-ms="0" started-at="2018-10-04T14:44:17Z" finished-at="2018-10-04T14:44:17Z">
          <params>
            <param index="0">
              <value>
                <![CDATA[[TestResult name=CreateProjectForTest status=FAILURE method=CMAC.CreateProjectForTest(java.lang.String, java.lang.String, java.lang.String, [Ljava.lang.String;)[pri:1, instance:TestNG.CMAC@2344fc66] output={null}]]]>
              </value>
            </param>
          </params>
          <reporter-output>
          </reporter-output>
        </test-method> <!-- afterMethod -->
        <test-method status="FAIL" signature="DeleteCredentials(java.lang.String, java.lang.String, java.lang.String, java.lang.String)[pri:1, instance:TestNG.CMAC@2344fc66]" name="DeleteCredentials" duration-ms="16" started-at="2018-10-04T14:44:17Z" data-provider="dp" finished-at="2018-10-04T14:44:17Z">
          <exception class="org.testng.internal.reflect.MethodMatcherException">
            <message>
              <![CDATA[
Data provider mismatch
Method: DeleteCredentials([Parameter{index=0, type=java.lang.String, declaredAnnotations=[]}, Parameter{index=1, type=java.lang.String, declaredAnnotations=[]}, Parameter{index=2, type=java.lang.String, declaredAnnotations=[]}, Parameter{index=3, type=java.lang.String, declaredAnnotations=[]}])
Arguments: [(java.lang.String) https://cmac-dev.app.wtcdev2.paas.fedex.com/cmac/v3/credentials/,(java.lang.String) 10371]]]>
            </message>
            <full-stacktrace>
              <![CDATA[org.testng.internal.reflect.MethodMatcherException: 
Data provider mismatch
Method: DeleteCredentials([Parameter{index=0, type=java.lang.String, declaredAnnotations=[]}, Parameter{index=1, type=java.lang.String, declaredAnnotations=[]}, Parameter{index=2, type=java.lang.String, declaredAnnotations=[]}, Parameter{index=3, type=java.lang.String, declaredAnnotations=[]}])
Arguments: [(java.lang.String) https://cmac-dev.app.wtcdev2.paas.fedex.com/cmac/v3/credentials/,(java.lang.String) 10371]
at org.testng.internal.reflect.DataProviderMethodMatcher.getConformingArguments(DataProviderMethodMatcher.java:45)
at org.testng.internal.Parameters.injectParameters(Parameters.java:796)
at org.testng.internal.Invoker.invokeTestMethods(Invoker.java:954)
at org.testng.internal.TestMethodWorker.invokeTestMethods(TestMethodWorker.java:125)
at org.testng.internal.TestMethodWorker.run(TestMethodWorker.java:109)
at org.testng.TestRunner.privateRun(TestRunner.java:648)
at org.testng.TestRunner.run(TestRunner.java:505)
at org.testng.SuiteRunner.runTest(SuiteRunner.java:455)
at org.testng.SuiteRunner.runSequentially(SuiteRunner.java:450)
at org.testng.SuiteRunner.privateRun(SuiteRunner.java:415)
at org.testng.SuiteRunner.run(SuiteRunner.java:364)
at org.testng.SuiteRunnerWorker.runSuite(SuiteRunnerWorker.java:52)
at org.testng.SuiteRunnerWorker.run(SuiteRunnerWorker.java:84)
at org.testng.TestNG.runSuitesSequentially(TestNG.java:1208)
at org.testng.TestNG.runSuitesLocally(TestNG.java:1137)
at org.testng.TestNG.runSuites(TestNG.java:1049)
at org.testng.TestNG.run(TestNG.java:1017)
at org.testng.remote.AbstractRemoteTestNG.run(AbstractRemoteTestNG.java:114)
at org.testng.remote.RemoteTestNG.initAndRun(RemoteTestNG.java:251)
at org.testng.remote.RemoteTestNG.main(RemoteTestNG.java:77)
]]>
            </full-stacktrace>
          </exception> <!-- org.testng.internal.reflect.MethodMatcherException -->
          <reporter-output>
          </reporter-output>
        </test-method> <!-- DeleteCredentials -->
        <test-method status="PASS" signature="RetrieveProjectSummary(java.lang.String, java.lang.String)[pri:1, instance:TestNG.CMAC@2344fc66]" name="RetrieveProjectSummary" duration-ms="136" started-at="2018-10-04T14:44:17Z" data-provider="dp" finished-at="2018-10-04T14:44:18Z">
          <params>
            <param index="0">
              <value>
                <![CDATA[https://cmac-dev.app.wtcdev2.paas.fedex.com/cmac/v3/projects/]]>
              </value>
            </param>
            <param index="1">
              <value>
                <![CDATA[fdx_login=ssoxdev1.8d9f.29298c12]]>
              </value>
            </param>
          </params>
          <reporter-output>
          </reporter-output>
        </test-method> <!-- RetrieveProjectSummary -->
        <test-method status="PASS" signature="RetrieveProjectSummary(java.lang.String, java.lang.String)[pri:1, instance:TestNG.CMAC@2344fc66]" name="RetrieveProjectSummary" duration-ms="73" started-at="2018-10-04T14:44:17Z" data-provider="dp" finished-at="2018-10-04T14:44:18Z">
          <params>
            <param index="0">
              <value>
                <![CDATA[https://cmac-dev.app.wtcdev2.paas.fedex.com/cmac/v3/projects/]]>
              </value>
            </param>
            <param index="1">
              <value>
                <![CDATA[fdx_login=ssoxdev1.d495.141328ac]]>
              </value>
            </param>
          </params>
          <reporter-output>
          </reporter-output>
        </test-method> <!-- RetrieveProjectSummary -->
        <test-method status="PASS" signature="RetrieveProjectSummary(java.lang.String, java.lang.String)[pri:1, instance:TestNG.CMAC@2344fc66]" name="RetrieveProjectSummary" duration-ms="246" started-at="2018-10-04T14:44:17Z" data-provider="dp" finished-at="2018-10-04T14:44:18Z">
          <params>
            <param index="0">
              <value>
                <![CDATA[https://cmac-dev.app.wtcdev2.paas.fedex.com/cmac/v3/projects/]]>
              </value>
            </param>
            <param index="1">
              <value>
                <![CDATA[fdx_login=ssoxdev1.8409.4eea83d5]]>
              </value>
            </param>
          </params>
          <reporter-output>
          </reporter-output>
        </test-method> <!-- RetrieveProjectSummary -->
        <test-method status="PASS" signature="RetrieveProjectSummary(java.lang.String, java.lang.String)[pri:1, instance:TestNG.CMAC@2344fc66]" name="RetrieveProjectSummary" duration-ms="183" started-at="2018-10-04T14:44:17Z" data-provider="dp" finished-at="2018-10-04T14:44:18Z">
          <params>
            <param index="0">
              <value>
                <![CDATA[https://cmac-dev.app.wtcdev2.paas.fedex.com/cmac/v3/projects/]]>
              </value>
            </param>
            <param index="1">
              <value>
                <![CDATA[fdx_login=ssoxdev1.9aab.78b29a35]]>
              </value>
            </param>
          </params>
          <reporter-output>
          </reporter-output>
        </test-method> <!-- RetrieveProjectSummary -->
        <test-method status="PASS" signature="RetrieveProjectSummary(java.lang.String, java.lang.String)[pri:1, instance:TestNG.CMAC@2344fc66]" name="RetrieveProjectSummary" duration-ms="426" started-at="2018-10-04T14:44:17Z" data-provider="dp" finished-at="2018-10-04T14:44:18Z">
          <params>
            <param index="0">
              <value>
                <![CDATA[https://cmac-dev.app.wtcdev2.paas.fedex.com/cmac/v3/projects/]]>
              </value>
            </param>
            <param index="1">
              <value>
                <![CDATA[fdx_login=ssoxdev1.e10d.22868f76]]>
              </value>
            </param>
          </params>
          <reporter-output>
          </reporter-output>
        </test-method> <!-- RetrieveProjectSummary -->
        <test-method status="PASS" signature="RetrieveProjectSummary(java.lang.String, java.lang.String)[pri:1, instance:TestNG.CMAC@2344fc66]" name="RetrieveProjectSummary" duration-ms="350" started-at="2018-10-04T14:44:17Z" data-provider="dp" finished-at="2018-10-04T14:44:18Z">
          <params>
            <param index="0">
              <value>
                <![CDATA[https://cmac-dev.app.wtcdev2.paas.fedex.com/cmac/v3/projects/]]>
              </value>
            </param>
            <param index="1">
              <value>
                <![CDATA[fdx_login=ssoxdev1.c984.49b35863]]>
              </value>
            </param>
          </params>
          <reporter-output>
          </reporter-output>
        </test-method> <!-- RetrieveProjectSummary -->
        <test-method status="PASS" signature="RetrieveProjectSummary(java.lang.String, java.lang.String)[pri:1, instance:TestNG.CMAC@2344fc66]" name="RetrieveProjectSummary" duration-ms="303" started-at="2018-10-04T14:44:17Z" data-provider="dp" finished-at="2018-10-04T14:44:18Z">
          <params>
            <param index="0">
              <value>
                <![CDATA[https://cmac-dev.app.wtcdev2.paas.fedex.com/cmac/v3/projects/]]>
              </value>
            </param>
            <param index="1">
              <value>
                <![CDATA[fdx_login=ssoxdev1.8340.188de2cd]]>
              </value>
            </param>
          </params>
          <reporter-output>
          </reporter-output>
        </test-method> <!-- RetrieveProjectSummary -->
        <test-method status="PASS" signature="RetrieveProjectSummary(java.lang.String, java.lang.String)[pri:1, instance:TestNG.CMAC@2344fc66]" name="RetrieveProjectSummary" duration-ms="473" started-at="2018-10-04T14:44:17Z" data-provider="dp" finished-at="2018-10-04T14:44:18Z">
          <params>
            <param index="0">
              <value>
                <![CDATA[https://cmac-dev.app.wtcdev2.paas.fedex.com/cmac/v3/projects/]]>
              </value>
            </param>
            <param index="1">
              <value>
                <![CDATA[fdx_login=ssoxdev1.91c8.5b9e1292]]>
              </value>
            </param>
          </params>
          <reporter-output>
          </reporter-output>
        </test-method> <!-- RetrieveProjectSummary -->
        <test-method status="PASS" signature="afterMethod(org.testng.ITestResult)[pri:0, instance:TestNG.CMAC@2344fc66]" name="afterMethod" is-config="true" duration-ms="0" started-at="2018-10-04T14:44:18Z" finished-at="2018-10-04T14:44:18Z">
          <params>
            <param index="0">
              <value>
                <![CDATA[[TestResult name=RetrieveProjectSummary status=SUCCESS method=CMAC.RetrieveProjectSummary(java.lang.String, java.lang.String)[pri:1, instance:TestNG.CMAC@2344fc66] output={null}]]]>
              </value>
            </param>
          </params>
          <reporter-output>
          </reporter-output>
        </test-method> <!-- afterMethod -->
        <test-method status="PASS" signature="afterMethod(org.testng.ITestResult)[pri:0, instance:TestNG.CMAC@2344fc66]" name="afterMethod" is-config="true" duration-ms="0" started-at="2018-10-04T14:44:18Z" finished-at="2018-10-04T14:44:18Z">
          <params>
            <param index="0">
              <value>
                <![CDATA[[TestResult name=RetrieveProjectSummary status=SUCCESS method=CMAC.RetrieveProjectSummary(java.lang.String, java.lang.String)[pri:1, instance:TestNG.CMAC@2344fc66] output={null}]]]>
              </value>
            </param>
          </params>
          <reporter-output>
          </reporter-output>
        </test-method> <!-- afterMethod -->
        <test-method status="PASS" signature="afterMethod(org.testng.ITestResult)[pri:0, instance:TestNG.CMAC@2344fc66]" name="afterMethod" is-config="true" duration-ms="0" started-at="2018-10-04T14:44:18Z" finished-at="2018-10-04T14:44:18Z">
          <params>
            <param index="0">
              <value>
                <![CDATA[[TestResult name=RetrieveProjectSummary status=SUCCESS method=CMAC.RetrieveProjectSummary(java.lang.String, java.lang.String)[pri:1, instance:TestNG.CMAC@2344fc66] output={null}]]]>
              </value>
            </param>
          </params>
          <reporter-output>
          </reporter-output>
        </test-method> <!-- afterMethod -->
        <test-method status="PASS" signature="afterMethod(org.testng.ITestResult)[pri:0, instance:TestNG.CMAC@2344fc66]" name="afterMethod" is-config="true" duration-ms="16" started-at="2018-10-04T14:44:18Z" finished-at="2018-10-04T14:44:18Z">
          <params>
            <param index="0">
              <value>
                <![CDATA[[TestResult name=RetrieveProjectSummary status=SUCCESS method=CMAC.RetrieveProjectSummary(java.lang.String, java.lang.String)[pri:1, instance:TestNG.CMAC@2344fc66] output={null}]]]>
              </value>
            </param>
          </params>
          <reporter-output>
          </reporter-output>
        </test-method> <!-- afterMethod -->
        <test-method status="PASS" signature="afterMethod(org.testng.ITestResult)[pri:0, instance:TestNG.CMAC@2344fc66]" name="afterMethod" is-config="true" duration-ms="0" started-at="2018-10-04T14:44:18Z" finished-at="2018-10-04T14:44:18Z">
          <params>
            <param index="0">
              <value>
                <![CDATA[[TestResult name=RetrieveProjectSummary status=SUCCESS method=CMAC.RetrieveProjectSummary(java.lang.String, java.lang.String)[pri:1, instance:TestNG.CMAC@2344fc66] output={null}]]]>
              </value>
            </param>
          </params>
          <reporter-output>
          </reporter-output>
        </test-method> <!-- afterMethod -->
        <test-method status="PASS" signature="afterMethod(org.testng.ITestResult)[pri:0, instance:TestNG.CMAC@2344fc66]" name="afterMethod" is-config="true" duration-ms="0" started-at="2018-10-04T14:44:18Z" finished-at="2018-10-04T14:44:18Z">
          <params>
            <param index="0">
              <value>
                <![CDATA[[TestResult name=RetrieveProjectSummary status=SUCCESS method=CMAC.RetrieveProjectSummary(java.lang.String, java.lang.String)[pri:1, instance:TestNG.CMAC@2344fc66] output={null}]]]>
              </value>
            </param>
          </params>
          <reporter-output>
          </reporter-output>
        </test-method> <!-- afterMethod -->
        <test-method status="PASS" signature="afterMethod(org.testng.ITestResult)[pri:0, instance:TestNG.CMAC@2344fc66]" name="afterMethod" is-config="true" duration-ms="0" started-at="2018-10-04T14:44:18Z" finished-at="2018-10-04T14:44:18Z">
          <params>
            <param index="0">
              <value>
                <![CDATA[[TestResult name=RetrieveProjectSummary status=SUCCESS method=CMAC.RetrieveProjectSummary(java.lang.String, java.lang.String)[pri:1, instance:TestNG.CMAC@2344fc66] output={null}]]]>
              </value>
            </param>
          </params>
          <reporter-output>
          </reporter-output>
        </test-method> <!-- afterMethod -->
        <test-method status="SKIP" signature="DeleteProject(java.lang.String, java.lang.String, java.lang.String)[pri:2, instance:TestNG.CMAC@2344fc66]" name="DeleteProject" duration-ms="0" started-at="2018-10-04T14:44:18Z" data-provider="dp" depends-on-methods="TestNG.CMAC.CreateProject" finished-at="2018-10-04T14:44:18Z">
          <exception class="java.lang.Throwable">
            <message>
              <![CDATA[Method CMAC.DeleteProject(java.lang.String, java.lang.String, java.lang.String)[pri:2, instance:TestNG.CMAC@2344fc66] depends on not successfully finished methods]]>
            </message>
            <full-stacktrace>
              <![CDATA[java.lang.Throwable: Method CMAC.DeleteProject(java.lang.String, java.lang.String, java.lang.String)[pri:2, instance:TestNG.CMAC@2344fc66] depends on not successfully finished methods
at org.testng.internal.Invoker.invokeTestMethods(Invoker.java:887)
at org.testng.internal.TestMethodWorker.invokeTestMethods(TestMethodWorker.java:125)
at org.testng.internal.TestMethodWorker.run(TestMethodWorker.java:109)
at org.testng.TestRunner.privateRun(TestRunner.java:648)
at org.testng.TestRunner.run(TestRunner.java:505)
at org.testng.SuiteRunner.runTest(SuiteRunner.java:455)
at org.testng.SuiteRunner.runSequentially(SuiteRunner.java:450)
at org.testng.SuiteRunner.privateRun(SuiteRunner.java:415)
at org.testng.SuiteRunner.run(SuiteRunner.java:364)
at org.testng.SuiteRunnerWorker.runSuite(SuiteRunnerWorker.java:52)
at org.testng.SuiteRunnerWorker.run(SuiteRunnerWorker.java:84)
at org.testng.TestNG.runSuitesSequentially(TestNG.java:1208)
at org.testng.TestNG.runSuitesLocally(TestNG.java:1137)
at org.testng.TestNG.runSuites(TestNG.java:1049)
at org.testng.TestNG.run(TestNG.java:1017)
at org.testng.remote.AbstractRemoteTestNG.run(AbstractRemoteTestNG.java:114)
at org.testng.remote.RemoteTestNG.initAndRun(RemoteTestNG.java:251)
at org.testng.remote.RemoteTestNG.main(RemoteTestNG.java:77)
]]>
            </full-stacktrace>
          </exception> <!-- java.lang.Throwable -->
          <reporter-output>
          </reporter-output>
        </test-method> <!-- DeleteProject -->
        <test-method status="PASS" signature="afterMethod(org.testng.ITestResult)[pri:0, instance:TestNG.CMAC@2344fc66]" name="afterMethod" is-config="true" duration-ms="0" started-at="2018-10-04T14:44:18Z" finished-at="2018-10-04T14:44:18Z">
          <params>
            <param index="0">
              <value>
                <![CDATA[[TestResult name=RetrieveProjectSummary status=SUCCESS method=CMAC.RetrieveProjectSummary(java.lang.String, java.lang.String)[pri:1, instance:TestNG.CMAC@2344fc66] output={null}]]]>
              </value>
            </param>
          </params>
          <reporter-output>
          </reporter-output>
        </test-method> <!-- afterMethod -->
        <test-method status="PASS" signature="afterClass()[pri:0, instance:TestNG.CMAC@2344fc66]" name="afterClass" is-config="true" duration-ms="363" started-at="2018-10-04T14:44:18Z" finished-at="2018-10-04T14:44:18Z">
          <reporter-output>
          </reporter-output>
        </test-method> <!-- afterClass -->
      </class> <!-- TestNG.CMAC -->
    </test> <!-- Default test -->
  </suite> <!-- Default suite -->
</testng-results>
